-r--r--r-- 3/4            1590 1994-03-02 17:03 ./usr/opt/OSC200/src/usr/s5/usr/include/termiox.h
-r--r--r-- 3/4            2333 1994-03-02 17:03 ./usr/opt/OSC200/src/usr/s5/usr/include/sys/termiox.h
-r--r--r-- 3/4            1703 1994-03-02 17:03 ./usr/opt/OSC200/src/usr/s5/usr/include/sys/Makefile
-r--r--r-- 3/4            1802 1994-03-02 17:03 ./usr/opt/OSC200/src/usr/s5/usr/include/Makefile
-r--r--r-- 3/4            1657 1994-03-02 17:03 ./usr/opt/OSC200/src/usr/s5/usr/Makefile
-r--r--r-- 3/4            8421 1994-03-02 17:03 ./usr/opt/OSC200/src/usr/s5/sbin/killall/killall.c
-r--r--r-- 3/4            2021 1994-03-02 17:03 ./usr/opt/OSC200/src/usr/s5/sbin/killall/Makefile
-r--r--r-- 3/4            1628 1994-03-02 17:03 ./usr/opt/OSC200/src/usr/s5/sbin/Makefile
-r--r--r-- 3/4            9525 1994-03-02 17:03 ./usr/opt/OSC200/src/usr/s5/bin/tr/tr.c
-r--r--r-- 3/4            1813 1994-03-02 17:03 ./usr/opt/OSC200/src/usr/s5/bin/tr/Makefile
-r--r--r-- 3/4            5365 1994-03-02 17:03 ./usr/opt/OSC200/src/usr/s5/bin/sum/sum.c
-r--r--r-- 3/4            1818 1994-03-02 17:03 ./usr/opt/OSC200/src/usr/s5/bin/sum/Makefile
-r--r--r-- 3/4           28522 1994-03-02 17:03 ./usr/opt/OSC200/src/usr/s5/bin/ls/ls.c
-r--r--r-- 3/4            1813 1994-03-02 17:03 ./usr/opt/OSC200/src/usr/s5/bin/ls/Makefile
-r--r--r-- 3/4            7111 1994-03-02 17:03 ./usr/opt/OSC200/src/usr/s5/bin/ln/ln.c
-r--r--r-- 3/4            1829 1994-03-02 17:03 ./usr/opt/OSC200/src/usr/s5/bin/ln/Makefile
-r--r--r-- 3/4            2256 1994-03-02 17:03 ./usr/opt/OSC200/src/usr/s5/bin/ld/ld.sh
-r--r--r-- 3/4            1615 1994-03-02 17:03 ./usr/opt/OSC200/src/usr/s5/bin/ld/Makefile
-r--r--r-- 3/4           13715 1994-03-02 17:03 ./usr/opt/OSC200/src/usr/s5/bin/df/df.c
-r--r--r-- 3/4            1914 1994-03-02 17:03 ./usr/opt/OSC200/src/usr/s5/bin/df/Makefile
-r--r--r-- 3/4            7900 1994-03-02 17:03 ./usr/opt/OSC200/src/usr/s5/bin/chmod/chmod.c
-r--r--r-- 3/4            1828 1994-03-02 17:03 ./usr/opt/OSC200/src/usr/s5/bin/chmod/Makefile
-r--r--r-- 3/4            2300 1994-03-02 17:03 ./usr/opt/OSC200/src/usr/s5/bin/cc/cc.sh
-r--r--r-- 3/4            1615 1994-03-02 17:03 ./usr/opt/OSC200/src/usr/s5/bin/cc/Makefile
-r--r--r-- 3/4            1621 1994-03-02 17:03 ./usr/opt/OSC200/src/usr/s5/bin/Makefile
-r--r--r-- 3/4            1660 1994-03-02 17:03 ./usr/opt/OSC200/src/usr/s5/Makefile
