-r--r--r-- 3/4            8831 1993-01-27 19:00 ./usr/opt/OSC200/src/usr/lib/units
-r--r--r-- 3/4           48651 1994-03-02 17:02 ./usr/opt/OSC200/src/usr/lib/tmac/tmac.ubr
-r--r--r-- 3/4           58846 1994-03-02 17:02 ./usr/opt/OSC200/src/usr/lib/tmac/tmac.u.dOATS
-r--r--r-- 3/4            2217 1993-01-26 03:21 ./usr/opt/OSC200/src/usr/lib/tmac/tmac.srefs
-r--r--r-- 3/4            1303 1993-01-26 03:21 ./usr/opt/OSC200/src/usr/lib/tmac/tmac.skeep
-r--r--r-- 3/4             922 1993-01-26 03:20 ./usr/opt/OSC200/src/usr/lib/tmac/tmac.sdisp
-r--r--r-- 3/4            4412 1993-01-26 03:20 ./usr/opt/OSC200/src/usr/lib/tmac/tmac.scover
-r--r--r-- 3/4           16681 1994-03-02 17:02 ./usr/opt/OSC200/src/usr/lib/tmac/tmac.s
-r--r--r-- 3/4           12954 1993-01-26 03:20 ./usr/opt/OSC200/src/usr/lib/tmac/tmac.mbr
-r--r--r-- 3/4           10194 1994-03-02 17:02 ./usr/opt/OSC200/src/usr/lib/tmac/tmac.anbr
-r--r--r-- 3/4            2411 1994-03-02 17:01 ./usr/opt/OSC200/src/usr/lib/tmac/Makefile
-r--r--r-- 3/4              98 1993-01-26 03:20 ./usr/opt/OSC200/src/usr/lib/tabset/zenith29
-r--r--r-- 3/4             224 1993-01-26 03:20 ./usr/opt/OSC200/src/usr/lib/tabset/xerox1730-lm
-r--r--r-- 3/4           21950 1993-01-26 03:20 ./usr/opt/OSC200/src/usr/lib/tmac/tmac.e
-r--r--r-- 3/4           22541 1994-03-02 17:02 ./usr/opt/OSC200/src/usr/lib/tmac/tmac.an.repro
-r--r--r-- 3/4           19976 1994-03-02 17:02 ./usr/opt/OSC200/src/usr/lib/tmac/tmac.an.page
-r--r--r-- 3/4           20110 1994-03-02 17:02 ./usr/opt/OSC200/src/usr/lib/tmac/tmac.an
-r--r--r-- 3/4            8097 1994-03-02 17:01 ./usr/opt/OSC200/src/usr/lib/tmac/sml
-r--r--r-- 3/4            7401 1994-03-02 17:01 ./usr/opt/OSC200/src/usr/lib/tmac/rsml
-r--r--r-- 3/4             222 1993-01-26 03:20 ./usr/opt/OSC200/src/usr/lib/tabset/xerox1730
-r--r--r-- 3/4             163 1993-01-26 03:20 ./usr/opt/OSC200/src/usr/lib/tabset/xerox1720
-r--r--r-- 3/4             259 1993-01-26 03:20 ./usr/opt/OSC200/src/usr/lib/tabset/wyse-adds
-r--r--r-- 3/4              64 1993-01-26 03:20 ./usr/opt/OSC200/src/usr/lib/tabset/vt300
-rw-r--r-- 3/4             167 1993-01-26 03:20 ./usr/opt/OSC200/src/usr/lib/tabset/vt100-w
-r--r--r-- 3/4              97 1993-01-26 03:20 ./usr/opt/OSC200/src/usr/lib/tabset/vt100
-r--r--r-- 3/4              57 1993-01-26 03:20 ./usr/opt/OSC200/src/usr/lib/tabset/teleray
-r--r--r-- 3/4              96 1993-01-26 03:20 ./usr/opt/OSC200/src/usr/lib/tabset/tandem653
-r--r--r-- 3/4              95 1993-01-26 03:20 ./usr/opt/OSC200/src/usr/lib/tabset/stdcrt
-r--r--r-- 3/4             135 1993-01-26 03:20 ./usr/opt/OSC200/src/usr/lib/tabset/std
-r--r--r-- 3/4              93 1993-01-26 03:20 ./usr/opt/OSC200/src/usr/lib/tabset/ibm3101
-r--r--r-- 3/4             164 1993-01-26 03:20 ./usr/opt/OSC200/src/usr/lib/tabset/dtc382
-r--r--r-- 3/4              88 1993-01-26 03:20 ./usr/opt/OSC200/src/usr/lib/tabset/diablo
-r--r--r-- 3/4             164 1993-01-26 03:20 ./usr/opt/OSC200/src/usr/lib/tabset/beehive
-r--r--r-- 3/4             587 1993-01-26 03:20 ./usr/opt/OSC200/src/usr/lib/tabset/aed512
-r--r--r-- 3/4             105 1993-01-26 03:20 ./usr/opt/OSC200/src/usr/lib/tabset/aa
-r--r--r-- 3/4            4914 1994-03-02 17:01 ./usr/opt/OSC200/src/usr/lib/tabset/README
-r--r--r-- 3/4            3061 1994-03-02 17:01 ./usr/opt/OSC200/src/usr/lib/tabset/Makefile
-r--r--r-- 3/4              93 1993-01-26 03:20 ./usr/opt/OSC200/src/usr/lib/tabset/3101
-r--r--r-- 3/4             234 1993-01-26 03:20 ./usr/opt/OSC200/src/usr/lib/paths
-r--r--r-- 3/4            5559 1994-03-02 17:01 ./usr/opt/OSC200/src/usr/lib/nls/msg/en_US.ISO8859-1/Makefile
-r--r--r-- 3/4            1665 1994-03-02 17:01 ./usr/opt/OSC200/src/usr/lib/nls/msg/Makefile
-r--r--r-- 3/4            2906 1994-03-02 17:01 ./usr/opt/OSC200/src/usr/lib/nls/loc/sv_SE.88591.en
-r--r--r-- 3/4            1270 1993-01-26 03:20 ./usr/opt/OSC200/src/usr/lib/nls/loc/sv_SE.88591.ctab
-r--r--r-- 3/4           18926 1994-03-02 17:01 ./usr/opt/OSC200/src/usr/lib/nls/loc/src/tr_TR.src
-r--r--r-- 3/4            1922 1994-03-02 17:01 ./usr/opt/OSC200/src/usr/lib/nls/loc/src/Makefile
-r--r--r-- 3/4            2939 1994-03-02 17:01 ./usr/opt/OSC200/src/usr/lib/nls/loc/pt_PT.88591.en
-r--r--r-- 3/4            1528 1993-01-26 03:20 ./usr/opt/OSC200/src/usr/lib/nls/loc/pt_PT.88591.ctab
-r--r--r-- 3/4            1186 1993-01-26 03:20 ./usr/opt/OSC200/src/usr/lib/nls/loc/no_NO.88591.ctab
-r--r--r-- 3/4             309 1993-01-26 03:18 ./usr/opt/OSC200/src/usr/lib/me/test.umlaut
-r--r--r-- 3/4           17456 1994-03-02 17:01 ./usr/opt/OSC200/src/usr/lib/nls/loc/src/sv_SE.src
-r--r--r-- 3/4           18154 1994-03-02 17:01 ./usr/opt/OSC200/src/usr/lib/nls/loc/src/pt_PT.src
-r--r--r-- 3/4           17167 1994-03-02 17:01 ./usr/opt/OSC200/src/usr/lib/nls/loc/src/no_NO.src
-r--r--r-- 3/4           20075 1994-03-02 17:01 ./usr/opt/OSC200/src/usr/lib/nls/loc/src/nl_NL.src
-r--r--r-- 3/4           20117 1994-03-02 17:01 ./usr/opt/OSC200/src/usr/lib/nls/loc/src/nl_BE.src
-r--r--r-- 3/4           17472 1994-03-02 17:01 ./usr/opt/OSC200/src/usr/lib/nls/loc/src/it_IT.src
-r--r--r-- 3/4           13709 1994-03-02 17:01 ./usr/opt/OSC200/src/usr/lib/nls/loc/src/is_IS.src
-r--r--r-- 3/4           18016 1994-03-02 17:01 ./usr/opt/OSC200/src/usr/lib/nls/loc/src/fr_FR.src
-r--r--r-- 3/4           18051 1994-03-02 17:01 ./usr/opt/OSC200/src/usr/lib/nls/loc/src/fr_CH.src
-r--r--r-- 3/4            2904 1994-03-02 17:01 ./usr/opt/OSC200/src/usr/lib/nls/loc/no_NO.88591.en
-r--r--r-- 3/4            2922 1994-03-02 17:01 ./usr/opt/OSC200/src/usr/lib/nls/loc/nl_NL.88591.en
-r--r--r-- 3/4            1965 1993-01-26 03:20 ./usr/opt/OSC200/src/usr/lib/nls/loc/nl_NL.88591.ctab
-r--r--r-- 3/4           18023 1994-03-02 17:01 ./usr/opt/OSC200/src/usr/lib/nls/loc/src/fr_CA.src
-r--r--r-- 3/4           18032 1994-03-02 17:01 ./usr/opt/OSC200/src/usr/lib/nls/loc/src/fr_BE.src
-r--r--r-- 3/4           18229 1994-03-02 17:01 ./usr/opt/OSC200/src/usr/lib/nls/loc/src/fi_FI.src
-r--r--r-- 3/4           20501 1994-03-02 17:01 ./usr/opt/OSC200/src/usr/lib/nls/loc/src/es_ES.src
-r--r--r-- 3/4           11981 1994-03-02 17:01 ./usr/opt/OSC200/src/usr/lib/nls/loc/src/en_US.src
-r--r--r-- 3/4           11927 1994-03-02 17:01 ./usr/opt/OSC200/src/usr/lib/nls/loc/src/en_GB.src
-r--r--r-- 3/4           12911 1994-03-02 17:01 ./usr/opt/OSC200/src/usr/lib/nls/loc/src/el_GR.src
-r--r--r-- 3/4           18868 1994-03-02 17:01 ./usr/opt/OSC200/src/usr/lib/nls/loc/src/de_DE.src
-r--r--r-- 3/4           18889 1994-03-02 17:01 ./usr/opt/OSC200/src/usr/lib/nls/loc/src/de_CH.src
-r--r--r-- 3/4           18523 1994-03-02 17:01 ./usr/opt/OSC200/src/usr/lib/nls/loc/src/da_DK.src
-r--r--r-- 3/4            1107 1993-01-26 03:19 ./usr/opt/OSC200/src/usr/lib/nls/loc/ja_JP.SJIS.ctab
-r--r--r-- 3/4            2910 1994-03-02 17:01 ./usr/opt/OSC200/src/usr/lib/nls/loc/nl_BE.88591.en
-r--r--r-- 3/4            2984 1994-03-02 17:01 ./usr/opt/OSC200/src/usr/lib/nls/loc/ja_JP.SJIS.en
-r--r--r-- 3/4            2920 1994-03-02 17:01 ./usr/opt/OSC200/src/usr/lib/nls/loc/it_IT.88591.en
-r--r--r-- 3/4            1276 1993-01-26 03:19 ./usr/opt/OSC200/src/usr/lib/nls/loc/it_IT.88591.ctab
-r--r--r-- 3/4            2159 1994-03-02 17:01 ./usr/opt/OSC200/src/usr/lib/nls/loc/iconv/fold_lower/fold_lower.h
-r--r--r-- 3/4            2797 1994-03-02 17:01 ./usr/opt/OSC200/src/usr/lib/nls/loc/iconv/fold_lower/Makefile
-r--r--r-- 3/4            3735 1994-03-02 17:01 ./usr/opt/OSC200/src/usr/lib/nls/loc/iconv/fold_lower/ISO8859-1_ISO8859-1-GL.h
-r--r--r-- 3/4            3789 1994-03-02 17:01 ./usr/opt/OSC200/src/usr/lib/nls/loc/iconv/fold_lower/ISO8859-1_ISO8859-1-GL.c
-r--r--r-- 3/4            3735 1994-03-02 17:01 ./usr/opt/OSC200/src/usr/lib/nls/loc/iconv/fold_lower/ISO8859-1-GR_ISO8859-1.h
-r--r--r-- 3/4            3789 1994-03-02 17:01 ./usr/opt/OSC200/src/usr/lib/nls/loc/iconv/fold_lower/ISO8859-1-GR_ISO8859-1.c
-r--r--r-- 3/4            3735 1994-03-02 17:01 ./usr/opt/OSC200/src/usr/lib/nls/loc/iconv/fold_lower/ISO8859-1-GL_ISO8859-1.h
-r--r--r-- 3/4            3789 1994-03-02 17:01 ./usr/opt/OSC200/src/usr/lib/nls/loc/iconv/fold_lower/ISO8859-1-GL_ISO8859-1.c
-r--r--r-- 3/4            2247 1994-03-02 17:01 ./usr/opt/OSC200/src/usr/lib/nls/loc/iconv/fold/fold.h
-r--r--r-- 3/4            6674 1994-03-02 17:01 ./usr/opt/OSC200/src/usr/lib/nls/loc/iconv/fold/ct_ISO8859-1.c
-r--r--r-- 3/4            2671 1994-03-02 17:01 ./usr/opt/OSC200/src/usr/lib/nls/loc/iconv/fold/Makefile
-r--r--r-- 3/4            6567 1994-03-02 17:01 ./usr/opt/OSC200/src/usr/lib/nls/loc/iconv/fold/ISO8859-1_ct.c
-r--r--r-- 3/4            1674 1994-03-02 17:01 ./usr/opt/OSC200/src/usr/lib/nls/loc/iconv/Makefile
-r--r--r-- 3/4            2906 1994-03-02 17:01 ./usr/opt/OSC200/src/usr/lib/nls/loc/fr_FR.88591.en
-r--r--r-- 3/4            1462 1993-01-26 03:19 ./usr/opt/OSC200/src/usr/lib/nls/loc/fr_FR.88591.ctab
-r--r--r-- 3/4            2912 1994-03-02 17:01 ./usr/opt/OSC200/src/usr/lib/nls/loc/fr_CH.88591.en
-r--r--r-- 3/4            2906 1994-03-02 17:01 ./usr/opt/OSC200/src/usr/lib/nls/loc/fr_CA.88591.en
-r--r--r-- 3/4            1472 1993-01-26 03:19 ./usr/opt/OSC200/src/usr/lib/nls/loc/fr_CA.88591.ctab
-r--r--r-- 3/4            2908 1994-03-02 17:01 ./usr/opt/OSC200/src/usr/lib/nls/loc/fr_BE.88591.en
-r--r--r-- 3/4            2922 1994-03-02 17:01 ./usr/opt/OSC200/src/usr/lib/nls/loc/fi_FI.88591.en
-r--r--r-- 3/4            1286 1993-01-26 03:19 ./usr/opt/OSC200/src/usr/lib/nls/loc/fi_FI.88591.ctab
-r--r--r-- 3/4            2919 1994-03-02 17:01 ./usr/opt/OSC200/src/usr/lib/nls/loc/es_ES.88591.en
-r--r--r-- 3/4            2002 1993-01-26 03:19 ./usr/opt/OSC200/src/usr/lib/nls/loc/es_ES.88591.ctab
-r--r--r-- 3/4            3086 1994-03-02 17:01 ./usr/opt/OSC200/src/usr/lib/nls/loc/en_US.88591.en
-r--r--r-- 3/4            1110 1993-01-26 03:19 ./usr/opt/OSC200/src/usr/lib/nls/loc/en_US.88591.ctab
-r--r--r-- 3/4            2913 1994-03-02 17:01 ./usr/opt/OSC200/src/usr/lib/nls/loc/en_GB.88591.en
-r--r--r-- 3/4            1108 1993-01-26 03:19 ./usr/opt/OSC200/src/usr/lib/nls/loc/en_GB.88591.ctab
-r--r--r-- 3/4            4093 1994-03-02 17:01 ./usr/opt/OSC200/src/usr/lib/nls/loc/de_DE.88591@DEC.ctab
-r--r--r-- 3/4            2907 1994-03-02 17:01 ./usr/opt/OSC200/src/usr/lib/nls/loc/de_DE.88591.en
-r--r--r-- 3/4            1970 1993-01-26 03:19 ./usr/opt/OSC200/src/usr/lib/nls/loc/de_DE.88591.ctab
-r--r--r-- 3/4            2911 1994-03-02 17:01 ./usr/opt/OSC200/src/usr/lib/nls/loc/de_CH.88591.en
-r--r--r-- 3/4            2905 1994-03-02 17:01 ./usr/opt/OSC200/src/usr/lib/nls/loc/da_DK.88591.en
-r--r--r-- 3/4            1774 1993-01-26 03:19 ./usr/opt/OSC200/src/usr/lib/nls/loc/da_DK.88591.ctab
-r--r--r-- 3/4            1672 1994-03-02 17:01 ./usr/opt/OSC200/src/usr/lib/nls/loc/charmaps/Makefile
-r--r--r-- 3/4            6522 1994-03-02 17:01 ./usr/opt/OSC200/src/usr/lib/nls/loc/charmaps/ISO8859-9.cm
-r--r--r-- 3/4            6344 1994-03-02 17:01 ./usr/opt/OSC200/src/usr/lib/nls/loc/charmaps/ISO8859-7.cm
-r--r--r-- 3/4            6521 1994-03-02 17:01 ./usr/opt/OSC200/src/usr/lib/nls/loc/charmaps/ISO8859-1.cm
-r--r--r-- 3/4            5507 1994-03-02 17:01 ./usr/opt/OSC200/src/usr/lib/nls/loc/Makefile
-r--r--r-- 3/4            3112 1994-03-02 17:01 ./usr/opt/OSC200/src/usr/lib/nls/loc/Cextend.en
-r--r--r-- 3/4            2510 1994-03-02 17:01 ./usr/opt/OSC200/src/usr/lib/nls/loc/Cextend.ctab
-r--r--r-- 3/4            3106 1994-03-02 17:01 ./usr/opt/OSC200/src/usr/lib/nls/loc/C.en
-r--r--r-- 3/4            2067 1993-01-26 03:19 ./usr/opt/OSC200/src/usr/lib/nls/loc/C.ctab
-r--r--r-- 3/4            1764 1994-03-02 17:01 ./usr/opt/OSC200/src/usr/lib/nls/Makefile
-r--r--r-- 3/4            2330 1994-03-02 17:01 ./usr/opt/OSC200/src/usr/lib/mu/u.toc
-r--r--r-- 3/4            1703 1994-03-02 17:01 ./usr/opt/OSC200/src/usr/lib/mu/u.ths
-r--r--r-- 3/4            3830 1994-03-02 17:01 ./usr/opt/OSC200/src/usr/lib/mu/u.ref
-r--r--r-- 3/4            2947 1994-03-02 17:01 ./usr/opt/OSC200/src/usr/lib/mu/u.eqn
-r--r--r-- 3/4            4349 1994-03-02 17:01 ./usr/opt/OSC200/src/usr/lib/mu/u.cov
-r--r--r-- 3/4            3725 1994-03-02 17:01 ./usr/opt/OSC200/src/usr/lib/mu/u.acc
-r--r--r-- 3/4            3112 1994-03-02 17:01 ./usr/opt/OSC200/src/usr/lib/mu/toc.mac
-r--r--r-- 3/4            3001 1994-03-02 17:01 ./usr/opt/OSC200/src/usr/lib/mu/ndx.mac
-r--r--r-- 3/4            7795 1994-03-02 17:01 ./usr/opt/OSC200/src/usr/lib/mu/ndx.hdr
-r--r--r-- 3/4            3736 1994-03-02 17:01 ./usr/opt/OSC200/src/usr/lib/mu/br.tbl
-r--r--r-- 3/4            2066 1994-03-02 17:01 ./usr/opt/OSC200/src/usr/lib/mu/Makefile
-r--r--r-- 3/4            3059 1994-03-02 17:01 ./usr/opt/OSC200/src/usr/lib/ms/toc.ms
-r--r--r-- 3/4            1879 1994-03-02 17:01 ./usr/opt/OSC200/src/usr/lib/ms/ths.ms
-r--r--r-- 3/4            2734 1994-03-02 17:01 ./usr/opt/OSC200/src/usr/lib/ms/tbl.ms
-r--r--r-- 3/4            4007 1994-03-02 17:01 ./usr/opt/OSC200/src/usr/lib/ms/ref.ms
-r--r--r-- 3/4            3124 1994-03-02 17:01 ./usr/opt/OSC200/src/usr/lib/ms/eqn.ms
-r--r--r-- 3/4            4526 1994-03-02 17:01 ./usr/opt/OSC200/src/usr/lib/ms/cov.ms
-r--r--r-- 3/4            3902 1994-03-02 17:01 ./usr/opt/OSC200/src/usr/lib/ms/acc.ms
-r--r--r-- 3/4            2142 1994-03-02 17:01 ./usr/opt/OSC200/src/usr/lib/ms/Makefile
-r--r--r-- 3/4            2644 1994-03-02 17:01 ./usr/opt/OSC200/src/usr/lib/me/thesis.me
-r--r--r-- 3/4              68 1993-01-26 03:18 ./usr/opt/OSC200/src/usr/lib/me/test.accent
-r--r--r-- 3/4            3196 1994-03-02 17:01 ./usr/opt/OSC200/src/usr/lib/me/tbl.me
-r--r--r-- 3/4            6493 1993-01-26 03:18 ./usr/opt/OSC200/src/usr/lib/me/summary.external
-r--r--r-- 3/4            2196 1994-03-02 17:01 ./usr/opt/OSC200/src/usr/lib/me/strip.sed
-r--r--r-- 3/4            3848 1994-03-02 17:01 ./usr/opt/OSC200/src/usr/lib/me/sh.me
-r--r--r-- 3/4            6607 1993-01-26 03:18 ./usr/opt/OSC200/src/usr/lib/me/revisions
-r--r--r-- 3/4            3744 1994-03-02 17:01 ./usr/opt/OSC200/src/usr/lib/me/refer.me
-r--r--r-- 3/4            2325 1994-03-02 17:01 ./usr/opt/OSC200/src/usr/lib/me/null.me
-r--r--r-- 3/4            2498 1994-03-02 17:01 ./usr/opt/OSC200/src/usr/lib/me/local.me
-r--r--r-- 3/4            3828 1994-03-02 17:01 ./usr/opt/OSC200/src/usr/lib/me/letterhead.me
-r--r--r-- 3/4            3171 1994-03-02 17:01 ./usr/opt/OSC200/src/usr/lib/me/index.me
-r--r--r-- 3/4            3422 1994-03-02 17:01 ./usr/opt/OSC200/src/usr/lib/me/footnote.me
-r--r--r-- 3/4            3322 1994-03-02 17:01 ./usr/opt/OSC200/src/usr/lib/me/float.me
-r--r--r-- 3/4            3221 1994-03-02 17:01 ./usr/opt/OSC200/src/usr/lib/me/eqn.me
-r--r--r-- 3/4            2410 1994-03-02 17:01 ./usr/opt/OSC200/src/usr/lib/me/deltext.me
-r--r--r-- 3/4            3765 1994-03-02 17:01 ./usr/opt/OSC200/src/usr/lib/me/chars.me
-r--r--r-- 3/4            2749 1994-03-02 17:01 ./usr/opt/OSC200/src/usr/lib/me/acm.me
-r--r--r-- 3/4            2205 1994-03-02 17:01 ./usr/opt/OSC200/src/usr/lib/me/Makefile
-r--r--r-- 3/4           11688 1994-03-02 17:01 ./usr/opt/OSC200/src/usr/lib/makefiles/template.mk
-r--r--r-- 3/4            2179 1994-03-02 17:01 ./usr/opt/OSC200/src/usr/lib/makefiles/subdirs.mk
-r--r--r-- 3/4            4085 1994-03-02 17:01 ./usr/opt/OSC200/src/usr/lib/makefiles/security.mk
-r--r--r-- 3/4           21748 1994-03-02 17:01 ./usr/opt/OSC200/src/usr/lib/makefiles/standard.mk
-r--r--r-- 3/4            2909 1994-03-02 17:01 ./usr/opt/OSC200/src/usr/lib/makefiles/scripts.mk
-r--r--r-- 3/4            1733 1994-03-02 17:01 ./usr/opt/OSC200/src/usr/lib/makefiles/rules.mk
-r--r--r-- 3/4            2731 1994-03-02 17:01 ./usr/opt/OSC200/src/usr/lib/makefiles/programs.mk
-r--r--r-- 3/4            9140 1994-03-02 17:01 ./usr/opt/OSC200/src/usr/lib/makefiles/passes.mk
-r--r--r-- 3/4            1583 1994-03-02 17:01 ./usr/opt/OSC200/src/usr/lib/makefiles/others.mk
-r--r--r-- 3/4            2991 1994-03-02 17:01 ./usr/opt/OSC200/src/usr/lib/makefiles/objects.mk
-r--r--r-- 3/4            2198 1994-03-02 17:01 ./usr/opt/OSC200/src/usr/lib/makefiles/manpages.mk
-r--r--r-- 3/4            2716 1994-03-02 17:01 ./usr/opt/OSC200/src/usr/lib/makefiles/locales.mk
-r--r--r-- 3/4            2394 1994-03-02 17:01 ./usr/opt/OSC200/src/usr/lib/makefiles/libs.mk
-r--r--r-- 3/4            3631 1994-03-02 17:01 ./usr/opt/OSC200/src/usr/lib/makefiles/documents.mk
-r--r--r-- 3/4            1783 1994-03-02 17:01 ./usr/opt/OSC200/src/usr/lib/makefiles/depend.mk
-r--r--r-- 3/4            1925 1994-03-02 17:01 ./usr/opt/OSC200/src/usr/lib/makefiles/datafiles.mk
-r--r--r-- 3/4               0 1993-01-26 03:17 ./usr/opt/OSC200/src/usr/lib/makefiles/binary.mk
-r--r--r-- 3/4            1560 1994-03-02 17:01 ./usr/opt/OSC200/src/usr/lib/makefiles/Makefile
-r--r--r-- 3/4            4204 1994-03-02 17:01 ./usr/opt/OSC200/src/usr/lib/lib.b
-r--r--r-- 3/4            6373 1993-01-26 03:17 ./usr/opt/OSC200/src/usr/lib/learn/vi/longtext
-r--r--r-- 3/4            1862 1994-03-02 17:01 ./usr/opt/OSC200/src/usr/lib/learn/vi/Makefile
-r--r--r-- 3/4             762 1993-01-26 03:17 ./usr/opt/OSC200/src/usr/lib/learn/vi/L6.4
-r--r--r-- 3/4            1884 1993-01-26 03:17 ./usr/opt/OSC200/src/usr/lib/learn/vi/L6.3
-r--r--r-- 3/4            4681 1993-01-26 03:17 ./usr/opt/OSC200/src/usr/lib/learn/vi/L6.2
-r--r--r-- 3/4            2039 1993-01-26 03:17 ./usr/opt/OSC200/src/usr/lib/learn/vi/L6.1
-r--r--r-- 3/4            4605 1993-01-26 03:17 ./usr/opt/OSC200/src/usr/lib/learn/vi/L5.4
-r--r--r-- 3/4            1264 1993-01-26 03:17 ./usr/opt/OSC200/src/usr/lib/learn/vi/L5.3
-r--r--r-- 3/4            1604 1993-01-26 03:17 ./usr/opt/OSC200/src/usr/lib/learn/vi/L5.2
-r--r--r-- 3/4            2600 1993-01-26 03:17 ./usr/opt/OSC200/src/usr/lib/learn/vi/L5.1
-r--r--r-- 3/4            1803 1993-01-26 03:17 ./usr/opt/OSC200/src/usr/lib/learn/vi/L4.3
-r--r--r-- 3/4            1754 1993-01-26 03:17 ./usr/opt/OSC200/src/usr/lib/learn/vi/L4.2
-r--r--r-- 3/4            1627 1993-01-26 03:17 ./usr/opt/OSC200/src/usr/lib/learn/vi/L4.1
-r--r--r-- 3/4             633 1993-01-26 03:17 ./usr/opt/OSC200/src/usr/lib/learn/vi/L4.0
-r--r--r-- 3/4            8704 1993-01-26 03:17 ./usr/opt/OSC200/src/usr/lib/learn/vi/L3.4
-r--r--r-- 3/4            1870 1993-01-26 03:17 ./usr/opt/OSC200/src/usr/lib/learn/vi/L3.3
-r--r--r-- 3/4            3243 1993-01-26 03:17 ./usr/opt/OSC200/src/usr/lib/learn/vi/L3.2
-r--r--r-- 3/4            2908 1993-01-26 03:17 ./usr/opt/OSC200/src/usr/lib/learn/vi/L3.1
-r--r--r-- 3/4            1443 1993-01-26 03:17 ./usr/opt/OSC200/src/usr/lib/learn/vi/L2.4
-r--r--r-- 3/4            1719 1993-01-26 03:17 ./usr/opt/OSC200/src/usr/lib/learn/vi/L2.3
-r--r--r-- 3/4            2127 1993-01-26 03:17 ./usr/opt/OSC200/src/usr/lib/learn/vi/L2.2
-r--r--r-- 3/4            1745 1993-01-26 03:17 ./usr/opt/OSC200/src/usr/lib/learn/vi/L2.1
-r--r--r-- 3/4            2084 1993-01-26 03:17 ./usr/opt/OSC200/src/usr/lib/learn/vi/L1.2
-r--r--r-- 3/4            2829 1993-01-26 03:17 ./usr/opt/OSC200/src/usr/lib/learn/vi/L1.1b
-r--r--r-- 3/4             968 1993-01-26 03:17 ./usr/opt/OSC200/src/usr/lib/learn/vi/L1.1a
-r--r--r-- 3/4              14 1993-01-26 03:17 ./usr/opt/OSC200/src/usr/lib/learn/vi/L0
-r--r--r-- 3/4             740 1993-01-26 03:17 ./usr/opt/OSC200/src/usr/lib/learn/vi/Init
-r--r--r-- 3/4            2030 1994-03-02 17:01 ./usr/opt/OSC200/src/usr/lib/learn/morefiles/Makefile
-r--r--r-- 3/4             127 1993-01-26 03:17 ./usr/opt/OSC200/src/usr/lib/learn/morefiles/L7.1a
-r--r--r-- 3/4            1199 1993-01-26 03:17 ./usr/opt/OSC200/src/usr/lib/learn/morefiles/L6.2e
-r--r--r-- 3/4            1606 1993-01-26 03:17 ./usr/opt/OSC200/src/usr/lib/learn/morefiles/L6.1e
-r--r--r-- 3/4            2581 1993-01-26 03:17 ./usr/opt/OSC200/src/usr/lib/learn/morefiles/L6.1d
-r--r--r-- 3/4             559 1993-01-26 03:17 ./usr/opt/OSC200/src/usr/lib/learn/morefiles/L6.1c
-r--r--r-- 3/4            1883 1993-01-26 03:17 ./usr/opt/OSC200/src/usr/lib/learn/morefiles/L6.1b
-r--r--r-- 3/4            1612 1993-01-26 03:17 ./usr/opt/OSC200/src/usr/lib/learn/morefiles/L6.1a
-r--r--r-- 3/4             331 1993-01-26 03:17 ./usr/opt/OSC200/src/usr/lib/learn/morefiles/L5.1e
-r--r--r-- 3/4             350 1993-01-26 03:17 ./usr/opt/OSC200/src/usr/lib/learn/morefiles/L5.1d
-r--r--r-- 3/4             714 1993-01-26 03:17 ./usr/opt/OSC200/src/usr/lib/learn/morefiles/L5.1c
-r--r--r-- 3/4             654 1993-01-26 03:17 ./usr/opt/OSC200/src/usr/lib/learn/morefiles/L5.1b
-r--r--r-- 3/4             591 1993-01-26 03:17 ./usr/opt/OSC200/src/usr/lib/learn/morefiles/L5.1a
-r--r--r-- 3/4             130 1993-01-26 03:16 ./usr/opt/OSC200/src/usr/lib/learn/morefiles/L4.2a
-r--r--r-- 3/4            2399 1993-01-26 03:16 ./usr/opt/OSC200/src/usr/lib/learn/morefiles/L4.1g
-r--r--r-- 3/4            2284 1993-01-26 03:16 ./usr/opt/OSC200/src/usr/lib/learn/morefiles/L4.1f
-r--r--r-- 3/4            1381 1993-01-26 03:16 ./usr/opt/OSC200/src/usr/lib/learn/morefiles/L4.1e
-r--r--r-- 3/4            6323 1993-01-26 03:16 ./usr/opt/OSC200/src/usr/lib/learn/morefiles/L4.1d
-r--r--r-- 3/4            1637 1993-01-26 03:16 ./usr/opt/OSC200/src/usr/lib/learn/morefiles/L4.1c
-r--r--r-- 3/4            1375 1993-01-26 03:16 ./usr/opt/OSC200/src/usr/lib/learn/morefiles/L4.1b
-r--r--r-- 3/4             621 1993-01-26 03:16 ./usr/opt/OSC200/src/usr/lib/learn/morefiles/L4.1a
-r--r--r-- 3/4            2060 1993-01-26 03:16 ./usr/opt/OSC200/src/usr/lib/learn/morefiles/L3.1g
-r--r--r-- 3/4             297 1993-01-26 03:16 ./usr/opt/OSC200/src/usr/lib/learn/morefiles/L3.1f
-r--r--r-- 3/4            1403 1993-01-26 03:16 ./usr/opt/OSC200/src/usr/lib/learn/morefiles/L3.1e
-r--r--r-- 3/4            1719 1993-01-26 03:16 ./usr/opt/OSC200/src/usr/lib/learn/morefiles/L3.1d
-r--r--r-- 3/4            1710 1993-01-26 03:16 ./usr/opt/OSC200/src/usr/lib/learn/morefiles/L3.1c
-r--r--r-- 3/4             377 1993-01-26 03:16 ./usr/opt/OSC200/src/usr/lib/learn/morefiles/L3.1b
-r--r--r-- 3/4             805 1993-01-26 03:16 ./usr/opt/OSC200/src/usr/lib/learn/morefiles/L3.1a
-r--r--r-- 3/4             299 1993-01-26 03:16 ./usr/opt/OSC200/src/usr/lib/learn/morefiles/L2.1f
-r--r--r-- 3/4             529 1993-01-26 03:16 ./usr/opt/OSC200/src/usr/lib/learn/morefiles/L2.1e
-r--r--r-- 3/4             177 1993-01-26 03:16 ./usr/opt/OSC200/src/usr/lib/learn/morefiles/L2.1d
-r--r--r-- 3/4             342 1993-01-26 03:16 ./usr/opt/OSC200/src/usr/lib/learn/morefiles/L2.1c
-r--r--r-- 3/4             267 1993-01-26 03:16 ./usr/opt/OSC200/src/usr/lib/learn/morefiles/L2.1b
-r--r--r-- 3/4             899 1993-01-26 03:16 ./usr/opt/OSC200/src/usr/lib/learn/morefiles/L2.1a
-r--r--r-- 3/4            3594 1993-01-26 03:16 ./usr/opt/OSC200/src/usr/lib/learn/morefiles/L1.1d
-r--r--r-- 3/4             450 1993-01-26 03:16 ./usr/opt/OSC200/src/usr/lib/learn/morefiles/L1.1c
-r--r--r-- 3/4           12697 1993-01-26 03:16 ./usr/opt/OSC200/src/usr/lib/learn/morefiles/L1.1b
-r--r--r-- 3/4           12648 1993-01-26 03:16 ./usr/opt/OSC200/src/usr/lib/learn/morefiles/L1.1a
-r--r--r-- 3/4             126 1993-01-26 03:16 ./usr/opt/OSC200/src/usr/lib/learn/morefiles/L0.1g
-r--r--r-- 3/4             230 1993-01-26 03:16 ./usr/opt/OSC200/src/usr/lib/learn/morefiles/L0.1f
-r--r--r-- 3/4             438 1993-01-26 03:16 ./usr/opt/OSC200/src/usr/lib/learn/morefiles/L0.1e
-r--r--r-- 3/4             201 1993-01-26 03:16 ./usr/opt/OSC200/src/usr/lib/learn/morefiles/L0.1d
-r--r--r-- 3/4             291 1993-01-26 03:16 ./usr/opt/OSC200/src/usr/lib/learn/morefiles/L0.1c
-r--r--r-- 3/4            1419 1993-01-26 03:16 ./usr/opt/OSC200/src/usr/lib/learn/morefiles/L0.1b
-r--r--r-- 3/4             699 1993-01-26 03:16 ./usr/opt/OSC200/src/usr/lib/learn/morefiles/L0.1a
-r--r--r-- 3/4              14 1993-01-26 03:16 ./usr/opt/OSC200/src/usr/lib/learn/morefiles/L0
-r--r--r-- 3/4            1831 1994-03-02 17:01 ./usr/opt/OSC200/src/usr/lib/learn/macros/Makefile
-r--r--r-- 3/4            2971 1993-01-26 03:16 ./usr/opt/OSC200/src/usr/lib/learn/macros/L9.1a
-r--r--r-- 3/4            3084 1993-01-26 03:16 ./usr/opt/OSC200/src/usr/lib/learn/macros/L8.1a
-r--r--r-- 3/4            2985 1993-01-26 03:16 ./usr/opt/OSC200/src/usr/lib/learn/macros/L7.1a
-r--r--r-- 3/4            2766 1993-01-26 03:16 ./usr/opt/OSC200/src/usr/lib/learn/macros/L6.1a
-r--r--r-- 3/4            2611 1993-01-26 03:16 ./usr/opt/OSC200/src/usr/lib/learn/macros/L5.1a
-r--r--r-- 3/4            2617 1993-01-26 03:16 ./usr/opt/OSC200/src/usr/lib/learn/macros/L4.1a
-r--r--r-- 3/4            3073 1993-01-26 03:16 ./usr/opt/OSC200/src/usr/lib/learn/macros/L3.1a
-r--r--r-- 3/4             781 1993-01-26 03:16 ./usr/opt/OSC200/src/usr/lib/learn/macros/L2.1a
-r--r--r-- 3/4           13222 1993-01-26 03:16 ./usr/opt/OSC200/src/usr/lib/learn/macros/L15.1a
-r--r--r-- 3/4            3428 1993-01-26 03:16 ./usr/opt/OSC200/src/usr/lib/learn/macros/L14.1a
-r--r--r-- 3/4            3745 1993-01-26 03:16 ./usr/opt/OSC200/src/usr/lib/learn/macros/L13.1a
-r--r--r-- 3/4            3981 1993-01-26 03:15 ./usr/opt/OSC200/src/usr/lib/learn/macros/L12.1a
-r--r--r-- 3/4            3405 1993-01-26 03:15 ./usr/opt/OSC200/src/usr/lib/learn/macros/L11.1a
-r--r--r-- 3/4            1836 1993-01-26 03:15 ./usr/opt/OSC200/src/usr/lib/learn/macros/L10.1a
-r--r--r-- 3/4             767 1993-01-26 03:15 ./usr/opt/OSC200/src/usr/lib/learn/macros/L1.1a
-r--r--r-- 3/4              13 1993-01-26 03:15 ./usr/opt/OSC200/src/usr/lib/learn/macros/L0
-r--r--r-- 3/4            2283 1994-03-02 17:01 ./usr/opt/OSC200/src/usr/lib/learn/files/Makefile
-r--r--r-- 3/4             356 1993-01-26 03:15 ./usr/opt/OSC200/src/usr/lib/learn/files/L9.2c
-r--r--r-- 3/4             500 1993-01-26 03:15 ./usr/opt/OSC200/src/usr/lib/learn/files/L9.2b
-r--r--r-- 3/4             595 1993-01-26 03:15 ./usr/opt/OSC200/src/usr/lib/learn/files/L9.2a
-r--r--r-- 3/4             851 1993-01-26 03:15 ./usr/opt/OSC200/src/usr/lib/learn/files/L9.1a
-r--r--r-- 3/4             421 1993-01-26 03:15 ./usr/opt/OSC200/src/usr/lib/learn/files/L8.2c
-r--r--r-- 3/4             346 1993-01-26 03:15 ./usr/opt/OSC200/src/usr/lib/learn/files/L8.2b
-r--r--r-- 3/4             186 1993-01-26 03:15 ./usr/opt/OSC200/src/usr/lib/learn/files/L8.2a
-r--r--r-- 3/4             429 1993-01-26 03:15 ./usr/opt/OSC200/src/usr/lib/learn/files/L8.1a
-r--r--r-- 3/4             459 1993-01-26 03:15 ./usr/opt/OSC200/src/usr/lib/learn/files/L7.3c
-r--r--r-- 3/4             314 1993-01-26 03:15 ./usr/opt/OSC200/src/usr/lib/learn/files/L7.3b
-r--r--r-- 3/4             737 1993-01-26 03:15 ./usr/opt/OSC200/src/usr/lib/learn/files/L7.3a
-r--r--r-- 3/4             511 1993-01-26 03:15 ./usr/opt/OSC200/src/usr/lib/learn/files/L6.2b
-r--r--r-- 3/4             727 1993-01-26 03:15 ./usr/opt/OSC200/src/usr/lib/learn/files/L7.2b
-r--r--r-- 3/4             677 1993-01-26 03:15 ./usr/opt/OSC200/src/usr/lib/learn/files/L7.2a
-r--r--r-- 3/4             876 1993-01-26 03:15 ./usr/opt/OSC200/src/usr/lib/learn/files/L7.1a
-r--r--r-- 3/4             709 1993-01-26 03:15 ./usr/opt/OSC200/src/usr/lib/learn/files/L6.2a
-r--r--r-- 3/4             262 1993-01-26 03:15 ./usr/opt/OSC200/src/usr/lib/learn/files/L6.1e
-r--r--r-- 3/4             291 1993-01-26 03:15 ./usr/opt/OSC200/src/usr/lib/learn/files/L6.1d
-r--r--r-- 3/4             246 1993-01-26 03:15 ./usr/opt/OSC200/src/usr/lib/learn/files/L6.1c
-r--r--r-- 3/4             222 1993-01-26 03:15 ./usr/opt/OSC200/src/usr/lib/learn/files/L6.1b
-r--r--r-- 3/4             875 1993-01-26 03:15 ./usr/opt/OSC200/src/usr/lib/learn/files/L6.1a
-r--r--r-- 3/4             664 1993-01-26 03:15 ./usr/opt/OSC200/src/usr/lib/learn/files/L5.1e
-r--r--r-- 3/4             159 1993-01-26 03:15 ./usr/opt/OSC200/src/usr/lib/learn/files/L5.1d
-r--r--r-- 3/4             523 1993-01-26 03:15 ./usr/opt/OSC200/src/usr/lib/learn/files/L5.1c
-r--r--r-- 3/4             363 1993-01-26 03:15 ./usr/opt/OSC200/src/usr/lib/learn/files/L5.1b
-r--r--r-- 3/4             918 1993-01-26 03:15 ./usr/opt/OSC200/src/usr/lib/learn/files/L5.1a
-r--r--r-- 3/4             385 1993-01-26 03:15 ./usr/opt/OSC200/src/usr/lib/learn/files/L4.3c
-r--r--r-- 3/4             359 1993-01-26 03:15 ./usr/opt/OSC200/src/usr/lib/learn/files/L4.3b
-r--r--r-- 3/4             584 1993-01-26 03:15 ./usr/opt/OSC200/src/usr/lib/learn/files/L4.3a
-r--r--r-- 3/4             493 1993-01-26 03:15 ./usr/opt/OSC200/src/usr/lib/learn/files/L4.2b
-r--r--r-- 3/4             429 1993-01-26 03:15 ./usr/opt/OSC200/src/usr/lib/learn/files/L4.2a
-r--r--r-- 3/4             345 1993-01-26 03:15 ./usr/opt/OSC200/src/usr/lib/learn/files/L4.1a
-r--r--r-- 3/4             547 1993-01-26 03:15 ./usr/opt/OSC200/src/usr/lib/learn/files/L3.3b
-r--r--r-- 3/4             360 1993-01-26 03:15 ./usr/opt/OSC200/src/usr/lib/learn/files/L3.3a
-r--r--r-- 3/4             749 1993-01-26 03:15 ./usr/opt/OSC200/src/usr/lib/learn/files/L3.2b
-r--r--r-- 3/4             616 1993-01-26 03:14 ./usr/opt/OSC200/src/usr/lib/learn/files/L3.2a
-r--r--r-- 3/4             706 1993-01-26 03:14 ./usr/opt/OSC200/src/usr/lib/learn/files/L3.1a
-r--r--r-- 3/4             640 1993-01-26 03:15 ./usr/opt/OSC200/src/usr/lib/learn/files/L2.2b
-r--r--r-- 3/4             420 1993-01-26 03:14 ./usr/opt/OSC200/src/usr/lib/learn/files/L2.2a
-r--r--r-- 3/4             504 1993-01-26 03:14 ./usr/opt/OSC200/src/usr/lib/learn/files/L2.1a
-r--r--r-- 3/4             639 1993-01-26 03:14 ./usr/opt/OSC200/src/usr/lib/learn/files/L13.1g
-r--r--r-- 3/4             527 1993-01-26 03:14 ./usr/opt/OSC200/src/usr/lib/learn/files/L13.1f
-r--r--r-- 3/4             256 1993-01-26 03:14 ./usr/opt/OSC200/src/usr/lib/learn/files/L13.1e
-r--r--r-- 3/4             250 1993-01-26 03:14 ./usr/opt/OSC200/src/usr/lib/learn/files/L13.1d
-r--r--r-- 3/4             559 1993-01-26 03:14 ./usr/opt/OSC200/src/usr/lib/learn/files/L13.1c
-r--r--r-- 3/4             285 1993-01-26 03:14 ./usr/opt/OSC200/src/usr/lib/learn/files/L13.1b
-r--r--r-- 3/4             264 1993-01-26 03:14 ./usr/opt/OSC200/src/usr/lib/learn/files/L13.1a
-r--r--r-- 3/4            1258 1993-01-26 03:14 ./usr/opt/OSC200/src/usr/lib/learn/files/L13.01a
-r--r--r-- 3/4             491 1993-01-26 03:14 ./usr/opt/OSC200/src/usr/lib/learn/files/L12.3c
-r--r--r-- 3/4             364 1993-01-26 03:14 ./usr/opt/OSC200/src/usr/lib/learn/files/L12.3b
-r--r--r-- 3/4             446 1993-01-26 03:14 ./usr/opt/OSC200/src/usr/lib/learn/files/L12.3a
-r--r--r-- 3/4             590 1993-01-26 03:14 ./usr/opt/OSC200/src/usr/lib/learn/files/L12.2c
-r--r--r-- 3/4             435 1993-01-26 03:14 ./usr/opt/OSC200/src/usr/lib/learn/files/L12.2b
-r--r--r-- 3/4             554 1993-01-26 03:14 ./usr/opt/OSC200/src/usr/lib/learn/files/L12.2a
-r--r--r-- 3/4            1179 1993-01-26 03:14 ./usr/opt/OSC200/src/usr/lib/learn/files/L12.1a
-r--r--r-- 3/4             396 1993-01-26 03:14 ./usr/opt/OSC200/src/usr/lib/learn/files/L11.3c
-r--r--r-- 3/4             194 1993-01-26 03:14 ./usr/opt/OSC200/src/usr/lib/learn/files/L11.3b
-r--r--r-- 3/4             412 1993-01-26 03:14 ./usr/opt/OSC200/src/usr/lib/learn/files/L11.3a
-r--r--r-- 3/4             469 1993-01-26 03:14 ./usr/opt/OSC200/src/usr/lib/learn/files/L11.2b
-r--r--r-- 3/4             317 1993-01-26 03:14 ./usr/opt/OSC200/src/usr/lib/learn/files/L11.2a
-r--r--r-- 3/4             942 1993-01-26 03:14 ./usr/opt/OSC200/src/usr/lib/learn/files/L11.1a
-r--r--r-- 3/4             404 1993-01-26 03:14 ./usr/opt/OSC200/src/usr/lib/learn/files/L10.3d
-r--r--r-- 3/4             333 1993-01-26 03:14 ./usr/opt/OSC200/src/usr/lib/learn/files/L10.3c
-r--r--r-- 3/4             267 1993-01-26 03:14 ./usr/opt/OSC200/src/usr/lib/learn/files/L10.3b
-r--r--r-- 3/4             397 1993-01-26 03:14 ./usr/opt/OSC200/src/usr/lib/learn/files/L10.3a
-r--r--r-- 3/4             474 1993-01-26 03:14 ./usr/opt/OSC200/src/usr/lib/learn/files/L10.2b
-r--r--r-- 3/4             299 1993-01-26 03:14 ./usr/opt/OSC200/src/usr/lib/learn/files/L10.2a
-r--r--r-- 3/4             554 1993-01-26 03:14 ./usr/opt/OSC200/src/usr/lib/learn/files/L10.1a
-r--r--r-- 3/4             543 1993-01-26 03:14 ./usr/opt/OSC200/src/usr/lib/learn/files/L1.2b
-r--r--r-- 3/4             296 1993-01-26 03:14 ./usr/opt/OSC200/src/usr/lib/learn/files/L1.2a
-r--r--r-- 3/4             214 1993-01-26 03:14 ./usr/opt/OSC200/src/usr/lib/learn/files/L1.1a
-r--r--r-- 3/4             635 1993-01-26 03:14 ./usr/opt/OSC200/src/usr/lib/learn/files/L0.1d
-r--r--r-- 3/4             603 1993-01-26 03:14 ./usr/opt/OSC200/src/usr/lib/learn/files/L0.1c
-r--r--r-- 3/4             837 1993-01-26 03:14 ./usr/opt/OSC200/src/usr/lib/learn/files/L0.1b
-r--r--r-- 3/4            1111 1993-01-26 03:14 ./usr/opt/OSC200/src/usr/lib/learn/files/L0.1a
-r--r--r-- 3/4             947 1993-01-26 03:14 ./usr/opt/OSC200/src/usr/lib/learn/files/L0.01a
-r--r--r-- 3/4              15 1993-01-26 03:14 ./usr/opt/OSC200/src/usr/lib/learn/files/L0
-r--r--r-- 3/4             205 1993-01-26 03:14 ./usr/opt/OSC200/src/usr/lib/learn/eqn/tinyms
-r--r--r-- 3/4            2273 1994-03-02 17:00 ./usr/opt/OSC200/src/usr/lib/learn/eqn/Makefile
-r--r--r-- 3/4             130 1993-01-26 03:14 ./usr/opt/OSC200/src/usr/lib/learn/eqn/L9.3b
-r--r--r-- 3/4             255 1993-01-26 03:14 ./usr/opt/OSC200/src/usr/lib/learn/eqn/L9.2b
-r--r--r-- 3/4             394 1993-01-26 03:14 ./usr/opt/OSC200/src/usr/lib/learn/eqn/L9.2a
-r--r--r-- 3/4             711 1993-01-26 03:14 ./usr/opt/OSC200/src/usr/lib/learn/eqn/L9.1b
-r--r--r-- 3/4            1553 1993-01-26 03:13 ./usr/opt/OSC200/src/usr/lib/learn/eqn/L9.1a
-r--r--r-- 3/4             188 1993-01-26 03:13 ./usr/opt/OSC200/src/usr/lib/learn/eqn/L8.2b
-r--r--r-- 3/4             535 1993-01-26 03:13 ./usr/opt/OSC200/src/usr/lib/learn/eqn/L8.1b
-r--r--r-- 3/4             866 1993-01-26 03:13 ./usr/opt/OSC200/src/usr/lib/learn/eqn/L8.1a
-r--r--r-- 3/4             371 1993-01-26 03:13 ./usr/opt/OSC200/src/usr/lib/learn/eqn/L7.2c
-r--r--r-- 3/4             188 1993-01-26 03:13 ./usr/opt/OSC200/src/usr/lib/learn/eqn/L7.2b
-r--r--r-- 3/4             697 1993-01-26 03:13 ./usr/opt/OSC200/src/usr/lib/learn/eqn/L7.1d
-r--r--r-- 3/4             562 1993-01-26 03:13 ./usr/opt/OSC200/src/usr/lib/learn/eqn/L7.1c
-r--r--r-- 3/4             889 1993-01-26 03:13 ./usr/opt/OSC200/src/usr/lib/learn/eqn/L7.1b
-r--r--r-- 3/4             912 1993-01-26 03:13 ./usr/opt/OSC200/src/usr/lib/learn/eqn/L7.1a
-r--r--r-- 3/4             214 1993-01-26 03:13 ./usr/opt/OSC200/src/usr/lib/learn/eqn/L6.1d
-r--r--r-- 3/4             536 1993-01-26 03:13 ./usr/opt/OSC200/src/usr/lib/learn/eqn/L6.1c
-r--r--r-- 3/4             841 1993-01-26 03:13 ./usr/opt/OSC200/src/usr/lib/learn/eqn/L6.1b
-r--r--r-- 3/4            1588 1993-01-26 03:13 ./usr/opt/OSC200/src/usr/lib/learn/eqn/L6.1a
-r--r--r-- 3/4             147 1993-01-26 03:13 ./usr/opt/OSC200/src/usr/lib/learn/eqn/L5.2g
-r--r--r-- 3/4             413 1993-01-26 03:13 ./usr/opt/OSC200/src/usr/lib/learn/eqn/L5.2d
-r--r--r-- 3/4             484 1993-01-26 03:13 ./usr/opt/OSC200/src/usr/lib/learn/eqn/L5.2b
-r--r--r-- 3/4             978 1993-01-26 03:13 ./usr/opt/OSC200/src/usr/lib/learn/eqn/L5.1h
-r--r--r-- 3/4             275 1993-01-26 03:13 ./usr/opt/OSC200/src/usr/lib/learn/eqn/L5.1g
-r--r--r-- 3/4             129 1993-01-26 03:13 ./usr/opt/OSC200/src/usr/lib/learn/eqn/L5.1f
-r--r--r-- 3/4            1032 1993-01-26 03:13 ./usr/opt/OSC200/src/usr/lib/learn/eqn/L5.1e
-r--r--r-- 3/4            1182 1993-01-26 03:13 ./usr/opt/OSC200/src/usr/lib/learn/eqn/L5.1d
-r--r--r-- 3/4             798 1993-01-26 03:13 ./usr/opt/OSC200/src/usr/lib/learn/eqn/L5.1c
-r--r--r-- 3/4             959 1993-01-26 03:13 ./usr/opt/OSC200/src/usr/lib/learn/eqn/L5.1b
-r--r--r-- 3/4             776 1993-01-26 03:13 ./usr/opt/OSC200/src/usr/lib/learn/eqn/L5.1a
-r--r--r-- 3/4             189 1993-01-26 03:13 ./usr/opt/OSC200/src/usr/lib/learn/eqn/L4.2c
-r--r--r-- 3/4             426 1993-01-26 03:13 ./usr/opt/OSC200/src/usr/lib/learn/eqn/L4.2a
-r--r--r-- 3/4             742 1993-01-26 03:13 ./usr/opt/OSC200/src/usr/lib/learn/eqn/L4.1d
-r--r--r-- 3/4             193 1993-01-26 03:13 ./usr/opt/OSC200/src/usr/lib/learn/eqn/L4.1c
-r--r--r-- 3/4             571 1993-01-26 03:13 ./usr/opt/OSC200/src/usr/lib/learn/eqn/L4.1b
-r--r--r-- 3/4             582 1993-01-26 03:13 ./usr/opt/OSC200/src/usr/lib/learn/eqn/L4.1a
-r--r--r-- 3/4             161 1993-01-26 03:13 ./usr/opt/OSC200/src/usr/lib/learn/eqn/L3.2d
-r--r--r-- 3/4             341 1993-01-26 03:13 ./usr/opt/OSC200/src/usr/lib/learn/eqn/L3.2c
-r--r--r-- 3/4             149 1993-01-26 03:13 ./usr/opt/OSC200/src/usr/lib/learn/eqn/L3.2a
-r--r--r-- 3/4             702 1993-01-26 03:13 ./usr/opt/OSC200/src/usr/lib/learn/eqn/L3.1e
-r--r--r-- 3/4             901 1993-01-26 03:13 ./usr/opt/OSC200/src/usr/lib/learn/eqn/L3.1d
-r--r--r-- 3/4             629 1993-01-26 03:13 ./usr/opt/OSC200/src/usr/lib/learn/eqn/L3.1c
-r--r--r-- 3/4             655 1993-01-26 03:13 ./usr/opt/OSC200/src/usr/lib/learn/eqn/L3.1b
-r--r--r-- 3/4             980 1993-01-26 03:13 ./usr/opt/OSC200/src/usr/lib/learn/eqn/L3.1a
-r--r--r-- 3/4             598 1993-01-26 03:12 ./usr/opt/OSC200/src/usr/lib/learn/eqn/L2.2e
-r--r--r-- 3/4             595 1993-01-26 03:12 ./usr/opt/OSC200/src/usr/lib/learn/eqn/L2.2b
-r--r--r-- 3/4             338 1993-01-26 03:12 ./usr/opt/OSC200/src/usr/lib/learn/eqn/L2.2a
-r--r--r-- 3/4             758 1993-01-26 03:12 ./usr/opt/OSC200/src/usr/lib/learn/eqn/L2.1f
-r--r--r-- 3/4             608 1993-01-26 03:12 ./usr/opt/OSC200/src/usr/lib/learn/eqn/L2.1e
-r--r--r-- 3/4             776 1993-01-26 03:12 ./usr/opt/OSC200/src/usr/lib/learn/eqn/L2.1d
-r--r--r-- 3/4            1031 1993-01-26 03:12 ./usr/opt/OSC200/src/usr/lib/learn/eqn/L2.1c
-r--r--r-- 3/4             920 1993-01-26 03:12 ./usr/opt/OSC200/src/usr/lib/learn/eqn/L2.1b
-r--r--r-- 3/4             687 1993-01-26 03:12 ./usr/opt/OSC200/src/usr/lib/learn/eqn/L2.1a
-r--r--r-- 3/4             865 1993-01-26 03:12 ./usr/opt/OSC200/src/usr/lib/learn/eqn/L12.1e
-r--r--r-- 3/4             522 1993-01-26 03:12 ./usr/opt/OSC200/src/usr/lib/learn/eqn/L12.1d
-r--r--r-- 3/4             699 1993-01-26 03:12 ./usr/opt/OSC200/src/usr/lib/learn/eqn/L12.1c
-r--r--r-- 3/4             738 1993-01-26 03:12 ./usr/opt/OSC200/src/usr/lib/learn/eqn/L12.1b
-r--r--r-- 3/4            1052 1993-01-26 03:12 ./usr/opt/OSC200/src/usr/lib/learn/eqn/L12.1a
-r--r--r-- 3/4             410 1993-01-26 03:12 ./usr/opt/OSC200/src/usr/lib/learn/eqn/L11.1g
-r--r--r-- 3/4             966 1993-01-26 03:12 ./usr/opt/OSC200/src/usr/lib/learn/eqn/L11.1f
-r--r--r-- 3/4             459 1993-01-26 03:12 ./usr/opt/OSC200/src/usr/lib/learn/eqn/L11.1e
-r--r--r-- 3/4             387 1993-01-26 03:12 ./usr/opt/OSC200/src/usr/lib/learn/eqn/L11.1d
-r--r--r-- 3/4             471 1993-01-26 03:12 ./usr/opt/OSC200/src/usr/lib/learn/eqn/L11.1c
-r--r--r-- 3/4             575 1993-01-26 03:12 ./usr/opt/OSC200/src/usr/lib/learn/eqn/L11.1b
-r--r--r-- 3/4             838 1993-01-26 03:12 ./usr/opt/OSC200/src/usr/lib/learn/eqn/L11.1a
-r--r--r-- 3/4             201 1993-01-26 03:12 ./usr/opt/OSC200/src/usr/lib/learn/eqn/L10.2c
-r--r--r-- 3/4             484 1993-01-26 03:12 ./usr/opt/OSC200/src/usr/lib/learn/eqn/L10.1c
-r--r--r-- 3/4             577 1993-01-26 03:12 ./usr/opt/OSC200/src/usr/lib/learn/eqn/L10.1b
-r--r--r-- 3/4            1470 1993-01-26 03:12 ./usr/opt/OSC200/src/usr/lib/learn/eqn/L10.1a
-r--r--r-- 3/4            2050 1993-01-26 03:12 ./usr/opt/OSC200/src/usr/lib/learn/eqn/L1.1f
-r--r--r-- 3/4             811 1993-01-26 03:12 ./usr/opt/OSC200/src/usr/lib/learn/eqn/L1.1e
-r--r--r-- 3/4             805 1993-01-26 03:12 ./usr/opt/OSC200/src/usr/lib/learn/eqn/L1.1d
-r--r--r-- 3/4            1101 1993-01-26 03:12 ./usr/opt/OSC200/src/usr/lib/learn/eqn/L1.1c
-r--r--r-- 3/4            1110 1993-01-26 03:12 ./usr/opt/OSC200/src/usr/lib/learn/eqn/L1.1b
-r--r--r-- 3/4             830 1993-01-26 03:12 ./usr/opt/OSC200/src/usr/lib/learn/eqn/L1.1a
-r--r--r-- 3/4            1208 1993-01-26 03:12 ./usr/opt/OSC200/src/usr/lib/learn/eqn/L0.1a
-r--r--r-- 3/4              11 1993-01-26 03:12 ./usr/opt/OSC200/src/usr/lib/learn/eqn/L0
-r--r--r-- 3/4             644 1993-01-26 03:12 ./usr/opt/OSC200/src/usr/lib/learn/eqn/Init
-r--r--r-- 3/4            3705 1994-03-02 17:00 ./usr/opt/OSC200/src/usr/lib/learn/editor/Makefile
-r--r--r-- 3/4             638 1993-01-26 03:12 ./usr/opt/OSC200/src/usr/lib/learn/editor/L9.3c
-r--r--r-- 3/4             428 1993-01-26 03:12 ./usr/opt/OSC200/src/usr/lib/learn/editor/L9.2e
-r--r--r-- 3/4             794 1993-01-26 03:12 ./usr/opt/OSC200/src/usr/lib/learn/editor/L9.2d
-r--r--r-- 3/4             494 1993-01-26 03:12 ./usr/opt/OSC200/src/usr/lib/learn/editor/L9.2b
-r--r--r-- 3/4             574 1993-01-26 03:11 ./usr/opt/OSC200/src/usr/lib/learn/editor/L9.2a
-r--r--r-- 3/4             598 1993-01-26 03:11 ./usr/opt/OSC200/src/usr/lib/learn/editor/L9.1a
-r--r--r-- 3/4             580 1993-01-26 03:11 ./usr/opt/OSC200/src/usr/lib/learn/editor/L8.2c
-r--r--r-- 3/4             416 1993-01-26 03:11 ./usr/opt/OSC200/src/usr/lib/learn/editor/L8.2b
-r--r--r-- 3/4             783 1993-01-26 03:11 ./usr/opt/OSC200/src/usr/lib/learn/editor/L8.2a
-r--r--r-- 3/4             398 1993-01-26 03:11 ./usr/opt/OSC200/src/usr/lib/learn/editor/L8.1b
-r--r--r-- 3/4             755 1993-01-26 03:11 ./usr/opt/OSC200/src/usr/lib/learn/editor/L8.1a
-r--r--r-- 3/4            2447 1993-01-26 03:11 ./usr/opt/OSC200/src/usr/lib/learn/editor/L74.1a
-r--r--r-- 3/4             806 1993-01-26 03:11 ./usr/opt/OSC200/src/usr/lib/learn/editor/L73.1a
-r--r--r-- 3/4             739 1993-01-26 03:11 ./usr/opt/OSC200/src/usr/lib/learn/editor/L72.2d
-r--r--r-- 3/4             758 1993-01-26 03:11 ./usr/opt/OSC200/src/usr/lib/learn/editor/L72.2c
-r--r--r-- 3/4             963 1993-01-26 03:11 ./usr/opt/OSC200/src/usr/lib/learn/editor/L72.2b
-r--r--r-- 3/4            1220 1993-01-26 03:11 ./usr/opt/OSC200/src/usr/lib/learn/editor/L72.2a
-r--r--r-- 3/4            1068 1993-01-26 03:11 ./usr/opt/OSC200/src/usr/lib/learn/editor/L72.1a
-r--r--r-- 3/4            4658 1993-01-26 03:11 ./usr/opt/OSC200/src/usr/lib/learn/editor/L71.1a
-r--r--r-- 3/4             788 1993-01-26 03:11 ./usr/opt/OSC200/src/usr/lib/learn/editor/L70.2g
-r--r--r-- 3/4            1579 1993-01-26 03:11 ./usr/opt/OSC200/src/usr/lib/learn/editor/L70.2f
-r--r--r-- 3/4            2066 1993-01-26 03:11 ./usr/opt/OSC200/src/usr/lib/learn/editor/L70.2e
-r--r--r-- 3/4            1961 1993-01-26 03:11 ./usr/opt/OSC200/src/usr/lib/learn/editor/L70.2d
-r--r--r-- 3/4            1577 1993-01-26 03:11 ./usr/opt/OSC200/src/usr/lib/learn/editor/L70.2c
-r--r--r-- 3/4            1703 1993-01-26 03:11 ./usr/opt/OSC200/src/usr/lib/learn/editor/L70.2b
-r--r--r-- 3/4            1225 1993-01-26 03:11 ./usr/opt/OSC200/src/usr/lib/learn/editor/L70.2a
-r--r--r-- 3/4            1043 1993-01-26 03:11 ./usr/opt/OSC200/src/usr/lib/learn/editor/L70.1a
-r--r--r-- 3/4             430 1993-01-26 03:11 ./usr/opt/OSC200/src/usr/lib/learn/editor/L7.2c
-r--r--r-- 3/4             541 1993-01-26 03:11 ./usr/opt/OSC200/src/usr/lib/learn/editor/L7.1b
-r--r--r-- 3/4             743 1993-01-26 03:11 ./usr/opt/OSC200/src/usr/lib/learn/editor/L7.1a
-r--r--r-- 3/4            4279 1993-01-26 03:11 ./usr/opt/OSC200/src/usr/lib/learn/editor/L66.1a
-r--r--r-- 3/4            1313 1993-01-26 03:11 ./usr/opt/OSC200/src/usr/lib/learn/editor/L65.1a
-r--r--r-- 3/4             271 1993-01-26 03:11 ./usr/opt/OSC200/src/usr/lib/learn/editor/L64.1b
-r--r--r-- 3/4             757 1993-01-26 03:11 ./usr/opt/OSC200/src/usr/lib/learn/editor/L64.1a
-r--r--r-- 3/4             159 1993-01-26 03:11 ./usr/opt/OSC200/src/usr/lib/learn/editor/L63.1e
-r--r--r-- 3/4             135 1993-01-26 03:11 ./usr/opt/OSC200/src/usr/lib/learn/editor/L63.1d
-r--r--r-- 3/4             207 1993-01-26 03:11 ./usr/opt/OSC200/src/usr/lib/learn/editor/L63.1c
-r--r--r-- 3/4             213 1993-01-26 03:11 ./usr/opt/OSC200/src/usr/lib/learn/editor/L63.1b
-r--r--r-- 3/4             881 1993-01-26 03:11 ./usr/opt/OSC200/src/usr/lib/learn/editor/L63.1a
-r--r--r-- 3/4             486 1993-01-26 03:11 ./usr/opt/OSC200/src/usr/lib/learn/editor/L62.2c
-r--r--r-- 3/4            1638 1993-01-26 03:11 ./usr/opt/OSC200/src/usr/lib/learn/editor/L62.2b
-r--r--r-- 3/4             673 1993-01-26 03:11 ./usr/opt/OSC200/src/usr/lib/learn/editor/L62.2a
-r--r--r-- 3/4             849 1993-01-26 03:10 ./usr/opt/OSC200/src/usr/lib/learn/editor/L62.1a
-r--r--r-- 3/4             618 1993-01-26 03:10 ./usr/opt/OSC200/src/usr/lib/learn/editor/L61.1a
-r--r--r-- 3/4            2734 1993-01-26 03:10 ./usr/opt/OSC200/src/usr/lib/learn/editor/L60.2d
-r--r--r-- 3/4            2933 1993-01-26 03:10 ./usr/opt/OSC200/src/usr/lib/learn/editor/L60.2c
-r--r--r-- 3/4            5425 1993-01-26 03:10 ./usr/opt/OSC200/src/usr/lib/learn/editor/L60.2b
-r--r--r-- 3/4            2843 1993-01-26 03:10 ./usr/opt/OSC200/src/usr/lib/learn/editor/L60.2a
-r--r--r-- 3/4            1864 1993-01-26 03:10 ./usr/opt/OSC200/src/usr/lib/learn/editor/L60.1b
-r--r--r-- 3/4            1217 1993-01-26 03:10 ./usr/opt/OSC200/src/usr/lib/learn/editor/L60.1a
-r--r--r-- 3/4             376 1993-01-26 03:10 ./usr/opt/OSC200/src/usr/lib/learn/editor/L6.2b
-r--r--r-- 3/4             760 1993-01-26 03:10 ./usr/opt/OSC200/src/usr/lib/learn/editor/L6.2a
-r--r--r-- 3/4             871 1993-01-26 03:10 ./usr/opt/OSC200/src/usr/lib/learn/editor/L6.1a
-r--r--r-- 3/4             827 1993-01-26 03:10 ./usr/opt/OSC200/src/usr/lib/learn/editor/L57.1a
-r--r--r-- 3/4             692 1993-01-26 03:10 ./usr/opt/OSC200/src/usr/lib/learn/editor/L56.1a
-r--r--r-- 3/4             744 1993-01-26 03:10 ./usr/opt/OSC200/src/usr/lib/learn/editor/L55.1a
-r--r--r-- 3/4            2145 1993-01-26 03:10 ./usr/opt/OSC200/src/usr/lib/learn/editor/L54.1b
-r--r--r-- 3/4            1012 1993-01-26 03:10 ./usr/opt/OSC200/src/usr/lib/learn/editor/L54.1a
-r--r--r-- 3/4           18913 1993-01-26 03:10 ./usr/opt/OSC200/src/usr/lib/learn/editor/L53.2b
-r--r--r-- 3/4             528 1993-01-26 03:10 ./usr/opt/OSC200/src/usr/lib/learn/editor/L53.1a
-r--r--r-- 3/4            1350 1993-01-26 03:10 ./usr/opt/OSC200/src/usr/lib/learn/editor/L52.2c
-r--r--r-- 3/4            1588 1993-01-26 03:10 ./usr/opt/OSC200/src/usr/lib/learn/editor/L52.2b
-r--r--r-- 3/4             702 1993-01-26 03:10 ./usr/opt/OSC200/src/usr/lib/learn/editor/L52.2a
-r--r--r-- 3/4            1447 1993-01-26 03:10 ./usr/opt/OSC200/src/usr/lib/learn/editor/L52.1b
-r--r--r-- 3/4            1768 1993-01-26 03:10 ./usr/opt/OSC200/src/usr/lib/learn/editor/L52.1a
-r--r--r-- 3/4             353 1993-01-26 03:10 ./usr/opt/OSC200/src/usr/lib/learn/editor/L51.2b
-r--r--r-- 3/4             567 1993-01-26 03:10 ./usr/opt/OSC200/src/usr/lib/learn/editor/L51.1a
-r--r--r-- 3/4             747 1993-01-26 03:10 ./usr/opt/OSC200/src/usr/lib/learn/editor/L50.2e
-r--r--r-- 3/4            4264 1993-01-26 03:10 ./usr/opt/OSC200/src/usr/lib/learn/editor/L51.2c
-r--r--r-- 3/4            3783 1993-01-26 03:10 ./usr/opt/OSC200/src/usr/lib/learn/editor/L51.2a
-r--r--r-- 3/4            2144 1993-01-26 03:10 ./usr/opt/OSC200/src/usr/lib/learn/editor/L50.2g
-r--r--r-- 3/4            2071 1993-01-26 03:10 ./usr/opt/OSC200/src/usr/lib/learn/editor/L50.2f
-r--r--r-- 3/4            1368 1993-01-26 03:10 ./usr/opt/OSC200/src/usr/lib/learn/editor/L50.2d
-r--r--r-- 3/4             384 1993-01-26 03:10 ./usr/opt/OSC200/src/usr/lib/learn/editor/L50.2c
-r--r--r-- 3/4             875 1993-01-26 03:10 ./usr/opt/OSC200/src/usr/lib/learn/editor/L50.1c
-r--r--r-- 3/4             634 1993-01-26 03:10 ./usr/opt/OSC200/src/usr/lib/learn/editor/L50.1b
-r--r--r-- 3/4             888 1993-01-26 03:10 ./usr/opt/OSC200/src/usr/lib/learn/editor/L50.1a
-r--r--r-- 3/4             496 1993-01-26 03:10 ./usr/opt/OSC200/src/usr/lib/learn/editor/L5.1a
-r--r--r-- 3/4             970 1993-01-26 03:10 ./usr/opt/OSC200/src/usr/lib/learn/editor/L45.1b
-r--r--r-- 3/4             847 1993-01-26 03:10 ./usr/opt/OSC200/src/usr/lib/learn/editor/L45.1a
-r--r--r-- 3/4             383 1993-01-26 03:09 ./usr/opt/OSC200/src/usr/lib/learn/editor/L44.1i
-r--r--r-- 3/4             483 1993-01-26 03:09 ./usr/opt/OSC200/src/usr/lib/learn/editor/L44.1h
-r--r--r-- 3/4            2441 1993-01-26 03:09 ./usr/opt/OSC200/src/usr/lib/learn/editor/L44.1g
-r--r--r-- 3/4             754 1993-01-26 03:09 ./usr/opt/OSC200/src/usr/lib/learn/editor/L44.1f
-r--r--r-- 3/4             751 1993-01-26 03:09 ./usr/opt/OSC200/src/usr/lib/learn/editor/L44.1e
-r--r--r-- 3/4             703 1993-01-26 03:09 ./usr/opt/OSC200/src/usr/lib/learn/editor/L44.1d
-r--r--r-- 3/4             901 1993-01-26 03:09 ./usr/opt/OSC200/src/usr/lib/learn/editor/L44.1c
-r--r--r-- 3/4            1563 1993-01-26 03:09 ./usr/opt/OSC200/src/usr/lib/learn/editor/L44.1b
-r--r--r-- 3/4            1242 1993-01-26 03:09 ./usr/opt/OSC200/src/usr/lib/learn/editor/L44.1a
-r--r--r-- 3/4             285 1993-01-26 03:09 ./usr/opt/OSC200/src/usr/lib/learn/editor/L43.2d
-r--r--r-- 3/4             393 1993-01-26 03:09 ./usr/opt/OSC200/src/usr/lib/learn/editor/L43.2c
-r--r--r-- 3/4             203 1993-01-26 03:09 ./usr/opt/OSC200/src/usr/lib/learn/editor/L43.2b
-r--r--r-- 3/4             580 1993-01-26 03:09 ./usr/opt/OSC200/src/usr/lib/learn/editor/L43.2a
-r--r--r-- 3/4             605 1993-01-26 03:09 ./usr/opt/OSC200/src/usr/lib/learn/editor/L43.1a
-r--r--r-- 3/4             899 1993-01-26 03:09 ./usr/opt/OSC200/src/usr/lib/learn/editor/L42.2c
-r--r--r-- 3/4             410 1993-01-26 03:09 ./usr/opt/OSC200/src/usr/lib/learn/editor/L42.2b
-r--r--r-- 3/4             537 1993-01-26 03:09 ./usr/opt/OSC200/src/usr/lib/learn/editor/L42.2a
-r--r--r-- 3/4             749 1993-01-26 03:09 ./usr/opt/OSC200/src/usr/lib/learn/editor/L42.1a
-r--r--r-- 3/4             482 1993-01-26 03:09 ./usr/opt/OSC200/src/usr/lib/learn/editor/L41.1b
-r--r--r-- 3/4            1371 1993-01-26 03:09 ./usr/opt/OSC200/src/usr/lib/learn/editor/L41.1a
-r--r--r-- 3/4             717 1993-01-26 03:09 ./usr/opt/OSC200/src/usr/lib/learn/editor/L40.2d
-r--r--r-- 3/4             525 1993-01-26 03:09 ./usr/opt/OSC200/src/usr/lib/learn/editor/L40.2c
-r--r--r-- 3/4             622 1993-01-26 03:09 ./usr/opt/OSC200/src/usr/lib/learn/editor/L40.2b
-r--r--r-- 3/4             972 1993-01-26 03:09 ./usr/opt/OSC200/src/usr/lib/learn/editor/L40.1b
-r--r--r-- 3/4             651 1993-01-26 03:09 ./usr/opt/OSC200/src/usr/lib/learn/editor/L40.1a
-r--r--r-- 3/4             135 1993-01-26 03:09 ./usr/opt/OSC200/src/usr/lib/learn/editor/L4.2b
-r--r--r-- 3/4             361 1993-01-26 03:09 ./usr/opt/OSC200/src/usr/lib/learn/editor/L4.2a
-r--r--r-- 3/4             160 1993-01-26 03:09 ./usr/opt/OSC200/src/usr/lib/learn/editor/L4.1b
-r--r--r-- 3/4             618 1993-01-26 03:09 ./usr/opt/OSC200/src/usr/lib/learn/editor/L4.1a
-r--r--r-- 3/4             427 1993-01-26 03:09 ./usr/opt/OSC200/src/usr/lib/learn/editor/L39.1a
-r--r--r-- 3/4             425 1993-01-26 03:09 ./usr/opt/OSC200/src/usr/lib/learn/editor/L38.2b
-r--r--r-- 3/4             403 1993-01-26 03:09 ./usr/opt/OSC200/src/usr/lib/learn/editor/L38.2a
-r--r--r-- 3/4             764 1993-01-26 03:09 ./usr/opt/OSC200/src/usr/lib/learn/editor/L38.1a
-r--r--r-- 3/4             607 1993-01-26 03:09 ./usr/opt/OSC200/src/usr/lib/learn/editor/L37.2f
-r--r--r-- 3/4            1245 1993-01-26 03:09 ./usr/opt/OSC200/src/usr/lib/learn/editor/L37.2e
-r--r--r-- 3/4             379 1993-01-26 03:09 ./usr/opt/OSC200/src/usr/lib/learn/editor/L37.2d
-r--r--r-- 3/4             585 1993-01-26 03:09 ./usr/opt/OSC200/src/usr/lib/learn/editor/L37.2c
-r--r--r-- 3/4             300 1993-01-26 03:09 ./usr/opt/OSC200/src/usr/lib/learn/editor/L37.2b
-r--r--r-- 3/4             688 1993-01-26 03:08 ./usr/opt/OSC200/src/usr/lib/learn/editor/L37.2a
-r--r--r-- 3/4             516 1993-01-26 03:08 ./usr/opt/OSC200/src/usr/lib/learn/editor/L37.1a
-r--r--r-- 3/4             454 1993-01-26 03:08 ./usr/opt/OSC200/src/usr/lib/learn/editor/L36.2d
-r--r--r-- 3/4             910 1993-01-26 03:08 ./usr/opt/OSC200/src/usr/lib/learn/editor/L36.2c
-r--r--r-- 3/4             239 1993-01-26 03:08 ./usr/opt/OSC200/src/usr/lib/learn/editor/L36.2b
-r--r--r-- 3/4             552 1993-01-26 03:08 ./usr/opt/OSC200/src/usr/lib/learn/editor/L36.2a
-r--r--r-- 3/4             831 1993-01-26 03:08 ./usr/opt/OSC200/src/usr/lib/learn/editor/L36.1a
-r--r--r-- 3/4             724 1993-01-26 03:08 ./usr/opt/OSC200/src/usr/lib/learn/editor/L35.2e
-r--r--r-- 3/4             603 1993-01-26 03:08 ./usr/opt/OSC200/src/usr/lib/learn/editor/L35.2d
-r--r--r-- 3/4             570 1993-01-26 03:08 ./usr/opt/OSC200/src/usr/lib/learn/editor/L35.2c
-r--r--r-- 3/4             323 1993-01-26 03:08 ./usr/opt/OSC200/src/usr/lib/learn/editor/L35.2b
-r--r--r-- 3/4             626 1993-01-26 03:08 ./usr/opt/OSC200/src/usr/lib/learn/editor/L35.2a
-r--r--r-- 3/4             894 1993-01-26 03:08 ./usr/opt/OSC200/src/usr/lib/learn/editor/L35.1a
-r--r--r-- 3/4             176 1993-01-26 03:08 ./usr/opt/OSC200/src/usr/lib/learn/editor/L34.2f
-r--r--r-- 3/4             286 1993-01-26 03:08 ./usr/opt/OSC200/src/usr/lib/learn/editor/L34.2e
-r--r--r-- 3/4             118 1993-01-26 03:08 ./usr/opt/OSC200/src/usr/lib/learn/editor/L34.2d
-r--r--r-- 3/4             105 1993-01-26 03:08 ./usr/opt/OSC200/src/usr/lib/learn/editor/L34.2c
-r--r--r-- 3/4             120 1993-01-26 03:08 ./usr/opt/OSC200/src/usr/lib/learn/editor/L34.2b
-r--r--r-- 3/4             308 1993-01-26 03:08 ./usr/opt/OSC200/src/usr/lib/learn/editor/L34.2a
-r--r--r-- 3/4             307 1993-01-26 03:08 ./usr/opt/OSC200/src/usr/lib/learn/editor/L34.1b
-r--r--r-- 3/4             272 1993-01-26 03:08 ./usr/opt/OSC200/src/usr/lib/learn/editor/L34.1a
-r--r--r-- 3/4             271 1993-01-26 03:08 ./usr/opt/OSC200/src/usr/lib/learn/editor/L33.2c
-r--r--r-- 3/4             677 1993-01-26 03:08 ./usr/opt/OSC200/src/usr/lib/learn/editor/L33.2b
-r--r--r-- 3/4             443 1993-01-26 03:08 ./usr/opt/OSC200/src/usr/lib/learn/editor/L33.2a
-r--r--r-- 3/4             639 1993-01-26 03:08 ./usr/opt/OSC200/src/usr/lib/learn/editor/L33.1b
-r--r--r-- 3/4             521 1993-01-26 03:08 ./usr/opt/OSC200/src/usr/lib/learn/editor/L33.1a
-r--r--r-- 3/4             548 1993-01-26 03:08 ./usr/opt/OSC200/src/usr/lib/learn/editor/L32.2g
-r--r--r-- 3/4             135 1993-01-26 03:08 ./usr/opt/OSC200/src/usr/lib/learn/editor/L32.2f
-r--r--r-- 3/4             143 1993-01-26 03:08 ./usr/opt/OSC200/src/usr/lib/learn/editor/L32.2e
-r--r--r-- 3/4             135 1993-01-26 03:08 ./usr/opt/OSC200/src/usr/lib/learn/editor/L32.2d
-r--r--r-- 3/4             205 1993-01-26 03:08 ./usr/opt/OSC200/src/usr/lib/learn/editor/L32.2c
-r--r--r-- 3/4             311 1993-01-26 03:08 ./usr/opt/OSC200/src/usr/lib/learn/editor/L32.2b
-r--r--r-- 3/4             730 1993-01-26 03:08 ./usr/opt/OSC200/src/usr/lib/learn/editor/L32.2a
-r--r--r-- 3/4             282 1993-01-26 03:08 ./usr/opt/OSC200/src/usr/lib/learn/editor/L32.1c
-r--r--r-- 3/4             380 1993-01-26 03:08 ./usr/opt/OSC200/src/usr/lib/learn/editor/L32.1b
-r--r--r-- 3/4             771 1993-01-26 03:08 ./usr/opt/OSC200/src/usr/lib/learn/editor/L32.1a
-r--r--r-- 3/4            1419 1993-01-26 03:08 ./usr/opt/OSC200/src/usr/lib/learn/editor/L31.2c
-r--r--r-- 3/4             348 1993-01-26 03:08 ./usr/opt/OSC200/src/usr/lib/learn/editor/L31.2b
-r--r--r-- 3/4             527 1993-01-26 03:08 ./usr/opt/OSC200/src/usr/lib/learn/editor/L31.1a
-r--r--r-- 3/4             394 1993-01-26 03:08 ./usr/opt/OSC200/src/usr/lib/learn/editor/L30.2h
-r--r--r-- 3/4             344 1993-01-26 03:08 ./usr/opt/OSC200/src/usr/lib/learn/editor/L30.2g
-r--r--r-- 3/4             327 1993-01-26 03:08 ./usr/opt/OSC200/src/usr/lib/learn/editor/L30.2f
-r--r--r-- 3/4             335 1993-01-26 03:07 ./usr/opt/OSC200/src/usr/lib/learn/editor/L30.2e
-r--r--r-- 3/4             307 1993-01-26 03:07 ./usr/opt/OSC200/src/usr/lib/learn/editor/L30.2d
-r--r--r-- 3/4             520 1993-01-26 03:07 ./usr/opt/OSC200/src/usr/lib/learn/editor/L30.2c
-r--r--r-- 3/4             426 1993-01-26 03:07 ./usr/opt/OSC200/src/usr/lib/learn/editor/L30.2b
-r--r--r-- 3/4             649 1993-01-26 03:07 ./usr/opt/OSC200/src/usr/lib/learn/editor/L30.2a
-r--r--r-- 3/4             486 1993-01-26 03:07 ./usr/opt/OSC200/src/usr/lib/learn/editor/L30.1b
-r--r--r-- 3/4             816 1993-01-26 03:07 ./usr/opt/OSC200/src/usr/lib/learn/editor/L30.1a
-r--r--r-- 3/4             696 1993-01-26 03:07 ./usr/opt/OSC200/src/usr/lib/learn/editor/L3.1c
-r--r--r-- 3/4             926 1993-01-26 03:07 ./usr/opt/OSC200/src/usr/lib/learn/editor/L3.1b
-r--r--r-- 3/4             714 1993-01-26 03:07 ./usr/opt/OSC200/src/usr/lib/learn/editor/L3.1a
-r--r--r-- 3/4            1206 1993-01-26 03:07 ./usr/opt/OSC200/src/usr/lib/learn/editor/L21.1e
-r--r--r-- 3/4            3468 1993-01-26 03:07 ./usr/opt/OSC200/src/usr/lib/learn/editor/L21.1d
-r--r--r-- 3/4             707 1993-01-26 03:07 ./usr/opt/OSC200/src/usr/lib/learn/editor/L21.1c
-r--r--r-- 3/4             596 1993-01-26 03:07 ./usr/opt/OSC200/src/usr/lib/learn/editor/L21.1b
-r--r--r-- 3/4             300 1993-01-26 03:07 ./usr/opt/OSC200/src/usr/lib/learn/editor/L21.1a
-r--r--r-- 3/4            1332 1993-01-26 03:07 ./usr/opt/OSC200/src/usr/lib/learn/editor/L20.2c
-r--r--r-- 3/4             730 1993-01-26 03:07 ./usr/opt/OSC200/src/usr/lib/learn/editor/L20.2b
-r--r--r-- 3/4             506 1993-01-26 03:07 ./usr/opt/OSC200/src/usr/lib/learn/editor/L20.2a
-r--r--r-- 3/4             969 1993-01-26 03:07 ./usr/opt/OSC200/src/usr/lib/learn/editor/L20.1a
-r--r--r-- 3/4           10509 1993-01-26 03:07 ./usr/opt/OSC200/src/usr/lib/learn/editor/L20.01c
-r--r--r-- 3/4             963 1993-01-26 03:07 ./usr/opt/OSC200/src/usr/lib/learn/editor/L20.01b
-r--r--r-- 3/4             748 1993-01-26 03:07 ./usr/opt/OSC200/src/usr/lib/learn/editor/L20.01a
-r--r--r-- 3/4             237 1993-01-26 03:07 ./usr/opt/OSC200/src/usr/lib/learn/editor/L2.2a
-r--r--r-- 3/4             300 1993-01-26 03:07 ./usr/opt/OSC200/src/usr/lib/learn/editor/L2.1a
-r--r--r-- 3/4             448 1993-01-26 03:07 ./usr/opt/OSC200/src/usr/lib/learn/editor/L19.3b
-r--r--r-- 3/4             306 1993-01-26 03:07 ./usr/opt/OSC200/src/usr/lib/learn/editor/L19.2f
-r--r--r-- 3/4             557 1993-01-26 03:07 ./usr/opt/OSC200/src/usr/lib/learn/editor/L19.2e
-r--r--r-- 3/4             700 1993-01-26 03:07 ./usr/opt/OSC200/src/usr/lib/learn/editor/L19.2d
-r--r--r-- 3/4             621 1993-01-26 03:07 ./usr/opt/OSC200/src/usr/lib/learn/editor/L19.2c
-r--r--r-- 3/4             658 1993-01-26 03:07 ./usr/opt/OSC200/src/usr/lib/learn/editor/L19.2a
-r--r--r-- 3/4             713 1993-01-26 03:07 ./usr/opt/OSC200/src/usr/lib/learn/editor/L19.1b
-r--r--r-- 3/4             752 1993-01-26 03:07 ./usr/opt/OSC200/src/usr/lib/learn/editor/L19.1a
-r--r--r-- 3/4             340 1993-01-26 03:07 ./usr/opt/OSC200/src/usr/lib/learn/editor/L18.3b
-r--r--r-- 3/4             266 1993-01-26 03:07 ./usr/opt/OSC200/src/usr/lib/learn/editor/L18.3a
-r--r--r-- 3/4             361 1993-01-26 03:07 ./usr/opt/OSC200/src/usr/lib/learn/editor/L18.2e
-r--r--r-- 3/4             200 1993-01-26 03:07 ./usr/opt/OSC200/src/usr/lib/learn/editor/L18.2d
-r--r--r-- 3/4             223 1993-01-26 03:07 ./usr/opt/OSC200/src/usr/lib/learn/editor/L18.2c
-r--r--r-- 3/4             613 1993-01-26 03:07 ./usr/opt/OSC200/src/usr/lib/learn/editor/L18.2a
-r--r--r-- 3/4             630 1993-01-26 03:07 ./usr/opt/OSC200/src/usr/lib/learn/editor/L18.1a
-r--r--r-- 3/4             200 1993-01-26 03:07 ./usr/opt/OSC200/src/usr/lib/learn/editor/L17.2d
-r--r--r-- 3/4             169 1993-01-26 03:07 ./usr/opt/OSC200/src/usr/lib/learn/editor/L17.2c
-r--r--r-- 3/4             207 1993-01-26 03:07 ./usr/opt/OSC200/src/usr/lib/learn/editor/L17.2b
-r--r--r-- 3/4             355 1993-01-26 03:07 ./usr/opt/OSC200/src/usr/lib/learn/editor/L17.2a
-r--r--r-- 3/4             281 1993-01-26 03:07 ./usr/opt/OSC200/src/usr/lib/learn/editor/L16.2c
-r--r--r-- 3/4             711 1993-01-26 03:07 ./usr/opt/OSC200/src/usr/lib/learn/editor/L16.2a
-r--r--r-- 3/4             537 1993-01-26 03:07 ./usr/opt/OSC200/src/usr/lib/learn/editor/L16.1c
-r--r--r-- 3/4             466 1993-01-26 03:06 ./usr/opt/OSC200/src/usr/lib/learn/editor/L16.1b
-r--r--r-- 3/4             696 1993-01-26 03:06 ./usr/opt/OSC200/src/usr/lib/learn/editor/L16.1a
-r--r--r-- 3/4             261 1993-01-26 03:06 ./usr/opt/OSC200/src/usr/lib/learn/editor/L15.3f
-r--r--r-- 3/4             350 1993-01-26 03:06 ./usr/opt/OSC200/src/usr/lib/learn/editor/L15.3e
-r--r--r-- 3/4             209 1993-01-26 03:06 ./usr/opt/OSC200/src/usr/lib/learn/editor/L15.3d
-r--r--r-- 3/4             484 1993-01-26 03:06 ./usr/opt/OSC200/src/usr/lib/learn/editor/L15.3b
-r--r--r-- 3/4             308 1993-01-26 03:06 ./usr/opt/OSC200/src/usr/lib/learn/editor/L15.2d
-r--r--r-- 3/4             599 1993-01-26 03:06 ./usr/opt/OSC200/src/usr/lib/learn/editor/L15.2c
-r--r--r-- 3/4             189 1993-01-26 03:06 ./usr/opt/OSC200/src/usr/lib/learn/editor/L15.2b
-r--r--r-- 3/4             639 1993-01-26 03:06 ./usr/opt/OSC200/src/usr/lib/learn/editor/L15.2a
-r--r--r-- 3/4             314 1993-01-26 03:06 ./usr/opt/OSC200/src/usr/lib/learn/editor/L15.1b
-r--r--r-- 3/4             894 1993-01-26 03:06 ./usr/opt/OSC200/src/usr/lib/learn/editor/L15.1a
-r--r--r-- 3/4             479 1993-01-26 03:06 ./usr/opt/OSC200/src/usr/lib/learn/editor/L14.2b
-r--r--r-- 3/4             741 1993-01-26 03:06 ./usr/opt/OSC200/src/usr/lib/learn/editor/L14.2a
-r--r--r-- 3/4             716 1993-01-26 03:06 ./usr/opt/OSC200/src/usr/lib/learn/editor/L14.1a
-r--r--r-- 3/4             568 1993-01-26 03:06 ./usr/opt/OSC200/src/usr/lib/learn/editor/L13.3a
-r--r--r-- 3/4             289 1993-01-26 03:06 ./usr/opt/OSC200/src/usr/lib/learn/editor/L13.2b
-r--r--r-- 3/4             650 1993-01-26 03:06 ./usr/opt/OSC200/src/usr/lib/learn/editor/L13.2a
-r--r--r-- 3/4             947 1993-01-26 03:06 ./usr/opt/OSC200/src/usr/lib/learn/editor/L13.1a
-r--r--r-- 3/4             523 1993-01-26 03:06 ./usr/opt/OSC200/src/usr/lib/learn/editor/L12.3a
-r--r--r-- 3/4             428 1993-01-26 03:06 ./usr/opt/OSC200/src/usr/lib/learn/editor/L12.2c
-r--r--r-- 3/4             313 1993-01-26 03:06 ./usr/opt/OSC200/src/usr/lib/learn/editor/L12.2b
-r--r--r-- 3/4            1065 1993-01-26 03:06 ./usr/opt/OSC200/src/usr/lib/learn/editor/L12.2a
-r--r--r-- 3/4             746 1993-01-26 03:06 ./usr/opt/OSC200/src/usr/lib/learn/editor/L12.1b
-r--r--r-- 3/4             862 1993-01-26 03:06 ./usr/opt/OSC200/src/usr/lib/learn/editor/L12.1a
-r--r--r-- 3/4             667 1993-01-26 03:06 ./usr/opt/OSC200/src/usr/lib/learn/editor/L11.2c
-r--r--r-- 3/4             437 1993-01-26 03:06 ./usr/opt/OSC200/src/usr/lib/learn/editor/L11.2b
-r--r--r-- 3/4             781 1993-01-26 03:06 ./usr/opt/OSC200/src/usr/lib/learn/editor/L11.2a
-r--r--r-- 3/4             956 1993-01-26 03:06 ./usr/opt/OSC200/src/usr/lib/learn/editor/L11.1a
-r--r--r-- 3/4             555 1993-01-26 03:06 ./usr/opt/OSC200/src/usr/lib/learn/editor/L10.3f
-r--r--r-- 3/4             301 1993-01-26 03:06 ./usr/opt/OSC200/src/usr/lib/learn/editor/L10.3e
-r--r--r-- 3/4             262 1993-01-26 03:06 ./usr/opt/OSC200/src/usr/lib/learn/editor/L10.3d
-r--r--r-- 3/4             461 1993-01-26 03:06 ./usr/opt/OSC200/src/usr/lib/learn/editor/L10.3c
-r--r--r-- 3/4             555 1993-01-26 03:06 ./usr/opt/OSC200/src/usr/lib/learn/editor/L10.3b
-r--r--r-- 3/4             640 1993-01-26 03:06 ./usr/opt/OSC200/src/usr/lib/learn/editor/L10.3a
-r--r--r-- 3/4             366 1993-01-26 03:06 ./usr/opt/OSC200/src/usr/lib/learn/editor/L10.2c
-r--r--r-- 3/4             491 1993-01-26 03:06 ./usr/opt/OSC200/src/usr/lib/learn/editor/L10.2b
-r--r--r-- 3/4             638 1993-01-26 03:06 ./usr/opt/OSC200/src/usr/lib/learn/editor/L10.2a
-r--r--r-- 3/4             768 1993-01-26 03:06 ./usr/opt/OSC200/src/usr/lib/learn/editor/L10.1b
-r--r--r-- 3/4             591 1993-01-26 03:06 ./usr/opt/OSC200/src/usr/lib/learn/editor/L10.1a
-r--r--r-- 3/4             569 1993-01-26 03:06 ./usr/opt/OSC200/src/usr/lib/learn/editor/L1.1a
-r--r--r-- 3/4              14 1993-01-26 03:05 ./usr/opt/OSC200/src/usr/lib/learn/editor/L0
-r--r--r-- 3/4            2026 1994-03-02 16:59 ./usr/opt/OSC200/src/usr/lib/learn/bin/lrntee.c
-r--r--r-- 3/4            1844 1994-03-02 16:59 ./usr/opt/OSC200/src/usr/lib/learn/bin/lcount.c
-r--r--r-- 3/4            1749 1994-03-02 16:59 ./usr/opt/OSC200/src/usr/lib/learn/bin/Makefile
-r--r--r-- 3/4            1037 1993-01-26 03:05 ./usr/opt/OSC200/src/usr/lib/learn/Xinfo
-r--r--r-- 3/4            1812 1994-03-02 16:59 ./usr/opt/OSC200/src/usr/lib/learn/Makefile
-r--r--r-- 3/4              53 1993-01-26 03:05 ./usr/opt/OSC200/src/usr/lib/learn/Linfo
-r--r--r-- 3/4            1838 1994-03-02 16:59 ./usr/opt/OSC200/src/usr/lib/learn/C/getnum.c
-r--r--r-- 3/4            1923 1994-03-02 16:59 ./usr/opt/OSC200/src/usr/lib/learn/C/getline.c
-r--r--r-- 3/4            2291 1994-03-02 16:59 ./usr/opt/OSC200/src/usr/lib/learn/C/Makefile
-r--r--r-- 3/4             587 1993-01-26 03:05 ./usr/opt/OSC200/src/usr/lib/learn/C/L9.1a
-r--r--r-- 3/4            4556 1993-01-26 03:05 ./usr/opt/OSC200/src/usr/lib/learn/C/L50.1a
-r--r--r-- 3/4             663 1993-01-26 03:05 ./usr/opt/OSC200/src/usr/lib/learn/C/L5.3e
-r--r--r-- 3/4            1579 1993-01-26 03:05 ./usr/opt/OSC200/src/usr/lib/learn/C/L5.2e
-r--r--r-- 3/4             581 1993-01-26 03:05 ./usr/opt/OSC200/src/usr/lib/learn/C/L5.2b
-r--r--r-- 3/4             543 1993-01-26 03:05 ./usr/opt/OSC200/src/usr/lib/learn/C/L5.2a
-r--r--r-- 3/4             622 1993-01-26 03:05 ./usr/opt/OSC200/src/usr/lib/learn/C/L5.1g
-r--r--r-- 3/4             428 1993-01-26 03:05 ./usr/opt/OSC200/src/usr/lib/learn/C/L5.1f
-r--r--r-- 3/4             639 1993-01-26 03:05 ./usr/opt/OSC200/src/usr/lib/learn/C/L5.1e
-r--r--r-- 3/4             852 1993-01-26 03:05 ./usr/opt/OSC200/src/usr/lib/learn/C/L5.1d
-r--r--r-- 3/4             608 1993-01-26 03:05 ./usr/opt/OSC200/src/usr/lib/learn/C/L5.1c
-r--r--r-- 3/4             474 1993-01-26 03:05 ./usr/opt/OSC200/src/usr/lib/learn/C/L5.1b
-r--r--r-- 3/4             377 1993-01-26 03:05 ./usr/opt/OSC200/src/usr/lib/learn/C/L5.1a
-r--r--r-- 3/4            1212 1993-01-26 03:05 ./usr/opt/OSC200/src/usr/lib/learn/C/L43.1b
-r--r--r-- 3/4            1061 1993-01-26 03:05 ./usr/opt/OSC200/src/usr/lib/learn/C/L43.1a
-r--r--r-- 3/4            1018 1993-01-26 03:05 ./usr/opt/OSC200/src/usr/lib/learn/C/L42.1a
-r--r--r-- 3/4            1266 1993-01-26 03:05 ./usr/opt/OSC200/src/usr/lib/learn/C/L41.1a
-r--r--r-- 3/4             862 1993-01-26 03:05 ./usr/opt/OSC200/src/usr/lib/learn/C/L40.1a
-r--r--r-- 3/4             151 1993-01-26 03:05 ./usr/opt/OSC200/src/usr/lib/learn/C/L4.1a
-r--r--r-- 3/4            1064 1993-01-26 03:05 ./usr/opt/OSC200/src/usr/lib/learn/C/L37.1a
-r--r--r-- 3/4             775 1993-01-26 03:05 ./usr/opt/OSC200/src/usr/lib/learn/C/L35.1a
-r--r--r-- 3/4             442 1993-01-26 03:05 ./usr/opt/OSC200/src/usr/lib/learn/C/L33.1a
-r--r--r-- 3/4             736 1993-01-26 03:05 ./usr/opt/OSC200/src/usr/lib/learn/C/L32.1a
-r--r--r-- 3/4             642 1993-01-26 03:05 ./usr/opt/OSC200/src/usr/lib/learn/C/L31.1a
-r--r--r-- 3/4             946 1993-01-26 03:04 ./usr/opt/OSC200/src/usr/lib/learn/C/L30.1a
-r--r--r-- 3/4             211 1993-01-26 03:04 ./usr/opt/OSC200/src/usr/lib/learn/C/L3.1b
-r--r--r-- 3/4            1123 1993-01-26 03:04 ./usr/opt/OSC200/src/usr/lib/learn/C/L3.1a
-r--r--r-- 3/4            1840 1993-01-26 03:04 ./usr/opt/OSC200/src/usr/lib/learn/C/L20.1a
-r--r--r-- 3/4             211 1993-01-26 03:04 ./usr/opt/OSC200/src/usr/lib/learn/C/L2.1e
-r--r--r-- 3/4             215 1993-01-26 03:04 ./usr/opt/OSC200/src/usr/lib/learn/C/L2.1d
-r--r--r-- 3/4             231 1993-01-26 03:04 ./usr/opt/OSC200/src/usr/lib/learn/C/L2.1c
-r--r--r-- 3/4             445 1993-01-26 03:04 ./usr/opt/OSC200/src/usr/lib/learn/C/L2.1b
-r--r--r-- 3/4             957 1993-01-26 03:04 ./usr/opt/OSC200/src/usr/lib/learn/C/L2.1a
-r--r--r-- 3/4             498 1993-01-26 03:04 ./usr/opt/OSC200/src/usr/lib/learn/C/L19.1a
-r--r--r-- 3/4             933 1993-01-26 03:04 ./usr/opt/OSC200/src/usr/lib/learn/C/L18.1a
-r--r--r-- 3/4             707 1993-01-26 03:04 ./usr/opt/OSC200/src/usr/lib/learn/C/L17.1c
-r--r--r-- 3/4            2951 1993-01-26 03:04 ./usr/opt/OSC200/src/usr/lib/learn/C/L17.1a
-r--r--r-- 3/4            1947 1993-01-26 03:04 ./usr/opt/OSC200/src/usr/lib/learn/C/L16.2c
-r--r--r-- 3/4             999 1993-01-26 03:04 ./usr/opt/OSC200/src/usr/lib/learn/C/L16.2b
-r--r--r-- 3/4            1680 1993-01-26 03:04 ./usr/opt/OSC200/src/usr/lib/learn/C/L16.2a
-r--r--r-- 3/4             605 1993-01-26 03:04 ./usr/opt/OSC200/src/usr/lib/learn/C/L15.1b
-r--r--r-- 3/4             698 1993-01-26 03:04 ./usr/opt/OSC200/src/usr/lib/learn/C/L15.1a
-r--r--r-- 3/4             992 1993-01-26 03:04 ./usr/opt/OSC200/src/usr/lib/learn/C/L14.2b
-r--r--r-- 3/4             520 1993-01-26 03:04 ./usr/opt/OSC200/src/usr/lib/learn/C/L14.2a
-r--r--r-- 3/4             644 1993-01-26 03:04 ./usr/opt/OSC200/src/usr/lib/learn/C/L14.1a
-r--r--r-- 3/4             959 1993-01-26 03:04 ./usr/opt/OSC200/src/usr/lib/learn/C/L13.1a
-r--r--r-- 3/4            1063 1993-01-26 03:04 ./usr/opt/OSC200/src/usr/lib/learn/C/L12.1b
-r--r--r-- 3/4             579 1993-01-26 03:04 ./usr/opt/OSC200/src/usr/lib/learn/C/L12.1a
-r--r--r-- 3/4             681 1993-01-26 03:04 ./usr/opt/OSC200/src/usr/lib/learn/C/L11.2a
-r--r--r-- 3/4             770 1993-01-26 03:04 ./usr/opt/OSC200/src/usr/lib/learn/C/L11.1a
-r--r--r-- 3/4             375 1993-01-26 03:04 ./usr/opt/OSC200/src/usr/lib/learn/C/L10
-r--r--r-- 3/4             254 1993-01-26 03:04 ./usr/opt/OSC200/src/usr/lib/learn/C/L1.1f
-r--r--r-- 3/4             215 1993-01-26 03:04 ./usr/opt/OSC200/src/usr/lib/learn/C/L1.1e
-r--r--r-- 3/4             510 1993-01-26 03:04 ./usr/opt/OSC200/src/usr/lib/learn/C/L1.1d
-r--r--r-- 3/4             227 1993-01-26 03:04 ./usr/opt/OSC200/src/usr/lib/learn/C/L1.1c
-r--r--r-- 3/4             555 1993-01-26 03:04 ./usr/opt/OSC200/src/usr/lib/learn/C/L1.1b
-r--r--r-- 3/4             412 1993-01-26 03:04 ./usr/opt/OSC200/src/usr/lib/learn/C/L1.1a
-r--r--r-- 3/4             418 1993-01-26 03:04 ./usr/opt/OSC200/src/usr/lib/learn/C/L0.1a
-r--r--r-- 3/4              14 1993-01-26 03:04 ./usr/opt/OSC200/src/usr/lib/learn/C/L0
-r--r--r-- 3/4            1607 1994-03-02 16:59 ./usr/opt/OSC200/src/usr/lib/fontinfo/Makefile
-r--r--r-- 3/4           15522 1993-01-26 03:04 ./usr/opt/OSC200/src/usr/lib/font/metrics/times_roman_isolatin1.afm
-r--r--r-- 3/4           15491 1993-01-26 03:04 ./usr/opt/OSC200/src/usr/lib/font/metrics/times_roman.afm
-r--r--r-- 3/4           15667 1993-01-26 03:04 ./usr/opt/OSC200/src/usr/lib/font/metrics/times_italic_isolatin1.afm
-r--r--r-- 3/4           15636 1993-01-26 03:04 ./usr/opt/OSC200/src/usr/lib/font/metrics/times_italic.afm
-r--r--r-- 3/4           15561 1993-01-26 03:04 ./usr/opt/OSC200/src/usr/lib/font/metrics/times_bolditalic_isolatin1.afm
-r--r--r-- 3/4           15536 1993-01-26 03:04 ./usr/opt/OSC200/src/usr/lib/font/metrics/times_bolditalic.afm
-r--r--r-- 3/4           15654 1993-01-26 03:04 ./usr/opt/OSC200/src/usr/lib/font/metrics/times_bold_isolatin1.afm
-r--r--r-- 3/4           15623 1993-01-26 03:04 ./usr/opt/OSC200/src/usr/lib/font/metrics/times_bold.afm
-r--r--r-- 3/4            9597 1993-01-26 03:03 ./usr/opt/OSC200/src/usr/lib/font/metrics/symbol.afm
-r--r--r-- 3/4            3118 1993-01-26 03:03 ./usr/opt/OSC200/src/usr/lib/font/metrics/present_bullets.afm
-r--r--r-- 3/4             593 1993-01-26 03:03 ./usr/opt/OSC200/src/usr/lib/font/metrics/encodefont.ps
-r--r--r-- 3/4            3685 1994-03-02 16:59 ./usr/opt/OSC200/src/usr/lib/font/metrics/Makefile
-r--r--r-- 3/4           15186 1993-01-26 03:03 ./usr/opt/OSC200/src/usr/lib/font/metrics/souvenir_lightitalic_isolatin1.afm
-r--r--r-- 3/4           15155 1993-01-26 03:03 ./usr/opt/OSC200/src/usr/lib/font/metrics/souvenir_lightitalic.afm
-r--r--r-- 3/4           15110 1993-01-26 03:03 ./usr/opt/OSC200/src/usr/lib/font/metrics/souvenir_light_isolatin1.afm
-r--r--r-- 3/4           15079 1993-01-26 03:03 ./usr/opt/OSC200/src/usr/lib/font/metrics/souvenir_light.afm
-r--r--r-- 3/4           15266 1993-01-26 03:03 ./usr/opt/OSC200/src/usr/lib/font/metrics/souvenir_demiitalic_isolatin1.afm
-r--r--r-- 3/4           15235 1993-01-26 03:03 ./usr/opt/OSC200/src/usr/lib/font/metrics/souvenir_demiitalic.afm
-r--r--r-- 3/4           15130 1993-01-26 03:03 ./usr/opt/OSC200/src/usr/lib/font/metrics/souvenir_demi_isolatin1.afm
-r--r--r-- 3/4           15099 1993-01-26 03:03 ./usr/opt/OSC200/src/usr/lib/font/metrics/souvenir_demi.afm
-r--r--r-- 3/4           26925 1993-01-26 03:03 ./usr/opt/OSC200/src/usr/lib/font/metrics/present_bullets.ps
-r--r--r-- 3/4           15528 1993-01-26 03:03 ./usr/opt/OSC200/src/usr/lib/font/metrics/newcenturyschlbk_roman_isolatin1.afm
-r--r--r-- 3/4            1383 1993-01-26 03:02 ./usr/opt/OSC200/src/usr/lib/font/devbr/NX.out.uu
-r--r--r-- 3/4            2425 1993-01-26 03:02 ./usr/opt/OSC200/src/usr/lib/font/devbr/NX
-r--r--r-- 3/4             694 1993-01-26 03:01 ./usr/opt/OSC200/src/usr/lib/Mail.tildehelp
-r--r--r-- 3/4           15498 1993-01-26 03:03 ./usr/opt/OSC200/src/usr/lib/font/metrics/newcenturyschlbk_roman.afm
-r--r--r-- 3/4           15534 1993-01-26 03:03 ./usr/opt/OSC200/src/usr/lib/font/metrics/newcenturyschlbk_italic_isolatin1.afm
-r--r--r-- 3/4           15503 1993-01-26 03:03 ./usr/opt/OSC200/src/usr/lib/font/metrics/newcenturyschlbk_italic.afm
-r--r--r-- 3/4           15584 1993-01-26 03:03 ./usr/opt/OSC200/src/usr/lib/font/metrics/newcenturyschlbk_bolditalic_isolatin1.afm
-r--r--r-- 3/4           15553 1993-01-26 03:03 ./usr/opt/OSC200/src/usr/lib/font/metrics/newcenturyschlbk_bolditalic.afm
-r--r--r-- 3/4           15508 1993-01-26 03:03 ./usr/opt/OSC200/src/usr/lib/font/metrics/newcenturyschlbk_bold_isolatin1.afm
-r--r--r-- 3/4           15478 1993-01-26 03:03 ./usr/opt/OSC200/src/usr/lib/font/metrics/newcenturyschlbk_bold.afm
-r--r--r-- 3/4           15172 1993-01-26 03:03 ./usr/opt/OSC200/src/usr/lib/font/metrics/lubalingraph_demioblique_isolatin1.afm
-r--r--r-- 3/4           15141 1993-01-26 03:03 ./usr/opt/OSC200/src/usr/lib/font/metrics/lubalingraph_demioblique.afm
-r--r--r-- 3/4           15100 1993-01-26 03:03 ./usr/opt/OSC200/src/usr/lib/font/metrics/lubalingraph_demi_isolatin1.afm
-r--r--r-- 3/4           15069 1993-01-26 03:03 ./usr/opt/OSC200/src/usr/lib/font/metrics/lubalingraph_demi.afm
-r--r--r-- 3/4           15181 1993-01-26 03:03 ./usr/opt/OSC200/src/usr/lib/font/metrics/lubalingraph_bookoblique_isolatin1.afm
-r--r--r-- 3/4           15150 1993-01-26 03:03 ./usr/opt/OSC200/src/usr/lib/font/metrics/lubalingraph_bookoblique.afm
-r--r--r-- 3/4           15090 1993-01-26 03:03 ./usr/opt/OSC200/src/usr/lib/font/metrics/lubalingraph_book_isolatin1.afm
-r--r--r-- 3/4           15059 1993-01-26 03:03 ./usr/opt/OSC200/src/usr/lib/font/metrics/lubalingraph_book.afm
-r--r--r-- 3/4           15428 1993-01-26 03:03 ./usr/opt/OSC200/src/usr/lib/font/metrics/helvetica_oblique_isolatin1.afm
-r--r--r-- 3/4           15397 1993-01-26 03:03 ./usr/opt/OSC200/src/usr/lib/font/metrics/helvetica_oblique.afm
-r--r--r-- 3/4           15441 1993-01-26 03:03 ./usr/opt/OSC200/src/usr/lib/font/metrics/helvetica_isolatin1.afm
-r--r--r-- 3/4           15452 1993-01-26 03:03 ./usr/opt/OSC200/src/usr/lib/font/metrics/helvetica_boldoblique_isolatin1.afm
-r--r--r-- 3/4           15421 1993-01-26 03:03 ./usr/opt/OSC200/src/usr/lib/font/metrics/helvetica_boldoblique.afm
-r--r--r-- 3/4           15384 1993-01-26 03:03 ./usr/opt/OSC200/src/usr/lib/font/metrics/helvetica_bold_isolatin1.afm
-r--r--r-- 3/4           15353 1993-01-26 03:03 ./usr/opt/OSC200/src/usr/lib/font/metrics/helvetica_bold.afm
-r--r--r-- 3/4           15410 1993-01-26 03:03 ./usr/opt/OSC200/src/usr/lib/font/metrics/helvetica.afm
-r--r--r-- 3/4           15444 1993-01-26 03:03 ./usr/opt/OSC200/src/usr/lib/font/metrics/courier_oblique_isolatin1.afm
-r--r--r-- 3/4           15407 1993-01-26 03:03 ./usr/opt/OSC200/src/usr/lib/font/metrics/courier_oblique.afm
-r--r--r-- 3/4           15399 1993-01-26 03:03 ./usr/opt/OSC200/src/usr/lib/font/metrics/courier_isolatin1.afm
-r--r--r-- 3/4           15480 1993-01-26 03:03 ./usr/opt/OSC200/src/usr/lib/font/metrics/courier_boldoblique_isolatin1.afm
-r--r--r-- 3/4           15441 1993-01-26 03:02 ./usr/opt/OSC200/src/usr/lib/font/metrics/courier_boldoblique.afm
-r--r--r-- 3/4           15489 1993-01-26 03:02 ./usr/opt/OSC200/src/usr/lib/font/metrics/courier_bold_isolatin1.afm
-r--r--r-- 3/4           15450 1993-01-26 03:02 ./usr/opt/OSC200/src/usr/lib/font/metrics/courier_bold.afm
-r--r--r-- 3/4           15362 1993-01-26 03:02 ./usr/opt/OSC200/src/usr/lib/font/metrics/courier.afm
-r--r--r-- 3/4           15300 1993-01-26 03:02 ./usr/opt/OSC200/src/usr/lib/font/metrics/avantgarde_demioblique_isolatin1.afm
-r--r--r-- 3/4            2425 1993-01-26 03:02 ./usr/opt/OSC200/src/usr/lib/font/devbm/AB
-r--r--r-- 3/4            1734 1994-03-02 16:59 ./usr/opt/OSC200/src/usr/lib/font/Makefile
-r--r--r-- 3/4            3108 1994-03-02 16:59 ./usr/opt/OSC200/src/usr/lib/diction/suggest.sh
-r--r--r-- 3/4            2922 1994-03-02 16:59 ./usr/opt/OSC200/src/usr/lib/diction/style.h
-r--r--r-- 3/4              98 1993-01-26 03:01 ./usr/opt/OSC200/src/usr/lib/Mail.rc
-r--r--r-- 3/4           15269 1993-01-26 03:02 ./usr/opt/OSC200/src/usr/lib/font/metrics/avantgarde_demioblique.afm
-r--r--r-- 3/4           15207 1993-01-26 03:02 ./usr/opt/OSC200/src/usr/lib/font/metrics/avantgarde_demi_isolatin1.afm
-r--r--r-- 3/4           15177 1993-01-26 03:02 ./usr/opt/OSC200/src/usr/lib/font/metrics/avantgarde_demi.afm
-r--r--r-- 3/4           15215 1993-01-26 03:02 ./usr/opt/OSC200/src/usr/lib/font/metrics/avantgarde_bookoblique_isolatin1.afm
-r--r--r-- 3/4           15184 1993-01-26 03:02 ./usr/opt/OSC200/src/usr/lib/font/metrics/avantgarde_bookoblique.afm
-r--r--r-- 3/4           15116 1993-01-26 03:02 ./usr/opt/OSC200/src/usr/lib/font/metrics/avantgarde_book_isolatin1.afm
-r--r--r-- 3/4           15085 1993-01-26 03:02 ./usr/opt/OSC200/src/usr/lib/font/metrics/avantgarde_book.afm
-r--r--r-- 3/4           16422 1994-03-02 16:59 ./usr/opt/OSC200/src/usr/lib/diction/ydict.c
-r--r--r-- 3/4            2124 1994-03-02 16:59 ./usr/opt/OSC200/src/usr/lib/diction/struct.h
-r--r--r-- 3/4           21953 1994-03-02 16:59 ./usr/opt/OSC200/src/usr/lib/diction/pscan.c
-r--r--r-- 3/4           11663 1994-03-02 16:59 ./usr/opt/OSC200/src/usr/lib/diction/part.l
-r--r--r-- 3/4           10035 1994-03-02 16:59 ./usr/opt/OSC200/src/usr/lib/diction/outp.c
-r--r--r-- 3/4            4129 1994-03-02 16:59 ./usr/opt/OSC200/src/usr/lib/diction/nwords.msg
-r--r--r-- 3/4           10122 1994-03-02 16:59 ./usr/opt/OSC200/src/usr/lib/diction/nwords.l
-r--r--r-- 3/4            7476 1994-03-02 16:59 ./usr/opt/OSC200/src/usr/lib/diction/nhash.c
-r--r--r-- 3/4            2852 1994-03-02 16:59 ./usr/opt/OSC200/src/usr/lib/diction/names.h
-r--r--r-- 3/4           14220 1993-01-26 03:02 ./usr/opt/OSC200/src/usr/lib/diction/explain.d
-r--r--r-- 3/4            5141 1994-03-02 16:59 ./usr/opt/OSC200/src/usr/lib/diction/end.l
-r--r--r-- 3/4           14436 1994-03-02 16:59 ./usr/opt/OSC200/src/usr/lib/diction/ehash.c
-r--r--r-- 3/4           29196 1994-03-02 16:59 ./usr/opt/OSC200/src/usr/lib/diction/edict.c
-r--r--r-- 3/4            2643 1994-03-02 16:59 ./usr/opt/OSC200/src/usr/lib/diction/dprog.msg
-r--r--r-- 3/4           21129 1994-03-02 16:59 ./usr/opt/OSC200/src/usr/lib/diction/dprog.c
-r--r--r-- 3/4            8344 1993-01-26 03:02 ./usr/opt/OSC200/src/usr/lib/diction/dict.d
-r--r--r-- 3/4           10638 1994-03-02 16:59 ./usr/opt/OSC200/src/usr/lib/diction/dict.c
-r--r--r-- 3/4            2481 1994-03-02 16:59 ./usr/opt/OSC200/src/usr/lib/diction/conp.h
-r--r--r-- 3/4            3337 1994-03-02 16:59 ./usr/opt/OSC200/src/usr/lib/diction/abbrev.c
-r--r--r-- 3/4            2432 1994-03-02 16:59 ./usr/opt/OSC200/src/usr/lib/diction/Makefile
-r--r--r-- 3/4            4232 1994-03-02 16:59 ./usr/opt/OSC200/src/usr/lib/cda/defstyle.ddif.uu
-r--r--r-- 3/4            3066 1994-03-02 16:59 ./usr/opt/OSC200/src/usr/lib/cda/cda_file_type.dat
-r--r--r-- 3/4            1941 1994-03-02 16:59 ./usr/opt/OSC200/src/usr/lib/cda/Makefile
-r--r--r-- 3/4            1767 1994-03-02 16:59 ./usr/opt/OSC200/src/usr/lib/br/book3/Makefile
-r--r--r-- 3/4            1767 1994-03-02 16:59 ./usr/opt/OSC200/src/usr/lib/br/book2/Makefile
-r--r--r-- 3/4            1764 1994-03-02 16:59 ./usr/opt/OSC200/src/usr/lib/br/book1/Makefile
-r--r--r-- 3/4            2196 1994-03-02 16:59 ./usr/opt/OSC200/src/usr/lib/Makefile
-r--r--r-- 3/4             947 1993-01-26 03:01 ./usr/opt/OSC200/src/usr/lib/Mail.help
-r--r--r-- 3/4         1429789 1993-01-26 03:02 ./usr/opt/OSC200/src/usr/lib/br/cookbook.decw_book.uu
