-r--r--r-- 3/4            4541 1994-03-02 16:56 ./usr/opt/OSC200/src/usr/examples/packetfilter/pfsamp.c
-r--r--r-- 3/4            3409 1994-03-02 16:56 ./usr/opt/OSC200/src/usr/examples/packetfilter/pfopen.c
-r--r--r-- 3/4            1646 1994-03-02 16:56 ./usr/opt/OSC200/src/usr/examples/packetfilter/Makefile
-r--r--r-- 3/4           79011 1994-01-03 15:04 ./usr/opt/OSC200/src/usr/examples/network_configuration/worksheet.ps
-r--r--r-- 3/4            1674 1994-03-02 16:56 ./usr/opt/OSC200/src/usr/examples/network_configuration/Makefile
-r--r--r-- 3/4            4055 1993-01-26 02:48 ./usr/opt/OSC200/src/usr/examples/lat/latdlogin.c
-r--r--r-- 3/4            2507 1993-01-26 02:48 ./usr/opt/OSC200/src/usr/examples/lat/latdate.c
-r--r--r-- 3/4           12695 1993-01-26 02:48 ./usr/opt/OSC200/src/usr/examples/lat/dial.c
-r--r--r-- 3/4            1649 1994-03-02 16:56 ./usr/opt/OSC200/src/usr/examples/lat/Makefile
-r--r--r-- 3/4            4378 1994-03-02 16:56 ./usr/opt/OSC200/src/usr/examples/i18n/xpg4demo/xpg4demo_ja_JP.msg
-r--r--r-- 3/4            4393 1994-03-02 16:56 ./usr/opt/OSC200/src/usr/examples/i18n/xpg4demo/xpg4demo_ja_JP.SJIS.msg
-r--r--r-- 3/4            4701 1994-03-02 16:56 ./usr/opt/OSC200/src/usr/examples/i18n/xpg4demo/xpg4demo_en_US.msg
-r--r--r-- 3/4            4704 1994-03-02 16:56 ./usr/opt/OSC200/src/usr/examples/i18n/xpg4demo/xpg4demo.msg
-r--r--r-- 3/4            6614 1994-03-02 16:56 ./usr/opt/OSC200/src/usr/examples/i18n/xpg4demo/xpg4demo.h
-r--r--r-- 3/4            4419 1994-03-02 16:56 ./usr/opt/OSC200/src/usr/examples/i18n/xpg4demo/xpg4demo.c
-r--r--r-- 3/4            3669 1994-03-02 16:56 ./usr/opt/OSC200/src/usr/examples/i18n/xpg4demo/util.c
-r--r--r-- 3/4            3643 1994-03-02 16:56 ./usr/opt/OSC200/src/usr/examples/i18n/xpg4demo/screen.h
-r--r--r-- 3/4           13865 1994-03-02 16:56 ./usr/opt/OSC200/src/usr/examples/i18n/xpg4demo/screen.c
-r--r--r-- 3/4            1758 1994-03-02 16:56 ./usr/opt/OSC200/src/usr/examples/i18n/xpg4demo/commands.h
-r--r--r-- 3/4            4005 1994-03-02 16:56 ./usr/opt/OSC200/src/usr/examples/i18n/xpg4demo/message.c
-r--r--r-- 3/4            5668 1994-03-02 16:56 ./usr/opt/OSC200/src/usr/examples/i18n/xpg4demo/database.c
-r--r--r-- 3/4           11049 1994-03-02 16:56 ./usr/opt/OSC200/src/usr/examples/i18n/xpg4demo/commands.c
-r--r--r-- 3/4           12799 1994-03-02 16:56 ./usr/opt/OSC200/src/usr/examples/i18n/xpg4demo/README.src
-r--r--r-- 3/4           17287 1994-03-02 16:56 ./usr/opt/OSC200/src/usr/examples/i18n/xpg4demo/README
-r--r--r-- 3/4            2908 1994-03-02 16:56 ./usr/opt/OSC200/src/usr/examples/i18n/xpg4demo/Mkf.native
-r--r--r-- 3/4            2100 1994-03-02 16:56 ./usr/opt/OSC200/src/usr/examples/i18n/xpg4demo/Makefile
-r--r--r-- 3/4            1558 1994-03-02 16:56 ./usr/opt/OSC200/src/usr/examples/i18n/Makefile
-r--r--r-- 3/4            7267 1994-03-02 16:56 ./usr/opt/OSC200/src/usr/examples/dli/dli_ethd.c
-r--r--r-- 3/4            7063 1994-03-02 16:56 ./usr/opt/OSC200/src/usr/examples/dli/dli_eth.c
-r--r--r-- 3/4            9852 1994-03-02 16:56 ./usr/opt/OSC200/src/usr/examples/dli/dli_802d.c
-r--r--r-- 3/4            9297 1994-03-02 16:56 ./usr/opt/OSC200/src/usr/examples/dli/dli_802.c
-r--r--r-- 3/4            1662 1994-03-02 16:56 ./usr/opt/OSC200/src/usr/examples/dli/Makefile
-r--r--r-- 3/4            1597 1994-03-02 16:56 ./usr/opt/OSC200/src/usr/examples/Makefile
