-r--r--r-- 3/4             125 1993-01-25 23:38 ./usr/opt/OSC200/src/sbin/xdm.init
-r--r--r-- 3/4            1909 1994-03-02 16:10 ./usr/opt/OSC200/src/sbin/who/Makefile
-r--r--r-- 3/4            1818 1994-03-02 16:10 ./usr/opt/OSC200/src/sbin/update/Makefile
-r--r--r-- 3/4            2052 1994-03-02 16:10 ./usr/opt/OSC200/src/sbin/umount/Makefile
-r--r--r-- 3/4            2468 1994-03-02 16:10 ./usr/opt/OSC200/src/sbin/ufs_fsck/Makefile
-r--r--r-- 3/4            1782 1994-03-02 16:10 ./usr/opt/OSC200/src/sbin/tunefs/Makefile
-r--r--r-- 3/4            2176 1994-03-02 16:10 ./usr/opt/OSC200/src/sbin/tar/Makefile
-r--r--r-- 3/4            1989 1994-03-02 16:10 ./usr/opt/OSC200/src/sbin/syslogd/Makefile
-r--r--r-- 3/4            1812 1994-03-02 16:10 ./usr/opt/OSC200/src/sbin/sync/Makefile
-r--r--r-- 3/4            2016 1994-03-02 16:10 ./usr/opt/OSC200/src/sbin/swapon/Makefile
-r--r--r-- 3/4            1915 1994-03-02 16:10 ./usr/opt/OSC200/src/sbin/stty/Makefile
-r--r--r-- 3/4            1810 1994-03-02 16:10 ./usr/opt/OSC200/src/sbin/sort/Makefile
-r--r--r-- 3/4            1459 1994-03-02 16:10 ./usr/opt/OSC200/src/sbin/snooze
-r--r--r-- 3/4            1921 1994-03-02 16:10 ./usr/opt/OSC200/src/sbin/sleep/Makefile
-r--r--r-- 3/4            1989 1994-03-02 16:10 ./usr/opt/OSC200/src/sbin/shutdown/Makefile
-r--r--r-- 3/4            2696 1994-03-02 16:10 ./usr/opt/OSC200/src/sbin/sh/Makefile
-r--r--r-- 3/4           13528 1994-03-02 16:10 ./usr/opt/OSC200/src/sbin/scu/unknown_page.c
-r--r--r-- 3/4           16256 1994-03-02 16:10 ./usr/opt/OSC200/src/sbin/scu/tokens.h
-r--r--r-- 3/4            5896 1994-03-02 16:10 ./usr/opt/OSC200/src/sbin/scu/strcasecmp.c
-r--r--r-- 3/4           38613 1994-03-02 16:10 ./usr/opt/OSC200/src/sbin/scu/scu_xzadiag.c
-r--r--r-- 3/4           16255 1994-03-02 16:10 ./usr/opt/OSC200/src/sbin/scu/scu_write.c
-r--r--r-- 3/4           17292 1994-03-02 16:10 ./usr/opt/OSC200/src/sbin/scu/scu_verify.c
-r--r--r-- 3/4           10296 1994-03-02 16:09 ./usr/opt/OSC200/src/sbin/scu/scu_tape.c
-r--r--r-- 3/4            4613 1994-03-02 16:09 ./usr/opt/OSC200/src/sbin/scu/scu_show.c
-r--r--r-- 3/4            5944 1994-03-02 16:09 ./usr/opt/OSC200/src/sbin/scu/scu_setaudio.c
-r--r--r-- 3/4             282 1993-01-25 23:31 ./usr/opt/OSC200/src/sbin/loader/tests/MMAX/ltest3.ld
-r--r--r-- 3/4           26135 1994-03-02 16:10 ./usr/opt/OSC200/src/sbin/scu/scu_utils.c
-r--r--r-- 3/4           51500 1994-03-02 16:10 ./usr/opt/OSC200/src/sbin/scu/scu_tests.c
-r--r--r-- 3/4           80729 1994-03-02 16:09 ./usr/opt/OSC200/src/sbin/scu/scu_special.c
-r--r--r-- 3/4            6380 1994-03-02 16:09 ./usr/opt/OSC200/src/sbin/scu/scu_set.c
-r--r--r-- 3/4            8108 1994-03-02 16:09 ./usr/opt/OSC200/src/sbin/scu/scu_scan.c
-r--r--r-- 3/4             281 1993-01-25 23:31 ./usr/opt/OSC200/src/sbin/loader/tests/MMAX/ltest2.ld
-r--r--r-- 3/4          159145 1994-03-02 16:09 ./usr/opt/OSC200/src/sbin/scu/scu_tables.c
-r--r--r-- 3/4           13654 1994-03-02 16:09 ./usr/opt/OSC200/src/sbin/scu/scu_sense.c
-r--r--r-- 3/4            1942 1994-03-02 16:09 ./usr/opt/OSC200/src/sbin/savecore/Makefile
-r--r--r-- 3/4             281 1993-01-25 23:31 ./usr/opt/OSC200/src/sbin/loader/tests/MMAX/ltest1.ld
-r--r--r-- 3/4           31263 1994-03-02 16:09 ./usr/opt/OSC200/src/sbin/scu/scu_showaudio.c
-r--r--r-- 3/4           19560 1994-03-02 16:09 ./usr/opt/OSC200/src/sbin/scu/scu_read.c
-r--r--r-- 3/4           11335 1994-03-02 16:09 ./usr/opt/OSC200/src/sbin/scu/scu_playaudio.c
-r--r--r-- 3/4            4533 1994-03-02 16:09 ./usr/opt/OSC200/src/sbin/scu/scu_pages.h
-r--r--r-- 3/4           34951 1994-03-02 16:09 ./usr/opt/OSC200/src/sbin/scu/scu_pages.c
-r--r--r-- 3/4           31742 1994-03-02 16:09 ./usr/opt/OSC200/src/sbin/scu/scu_misc.c
-r--r--r-- 3/4            8125 1994-03-02 16:09 ./usr/opt/OSC200/src/sbin/scu/scu_malloc.c
-r--r--r-- 3/4            9312 1994-03-02 16:09 ./usr/opt/OSC200/src/sbin/scu/scu_inquiry.c
-r--r--r-- 3/4            4574 1994-03-02 16:09 ./usr/opt/OSC200/src/sbin/scu/scu_help.c
-r--r--r-- 3/4            6051 1994-03-02 16:09 ./usr/opt/OSC200/src/sbin/scu/scu_global.h
-r--r--r-- 3/4            5614 1994-03-02 16:09 ./usr/opt/OSC200/src/sbin/scu/scu_capacity.c
-r--r--r-- 3/4            1819 1994-03-02 16:09 ./usr/opt/OSC200/src/sbin/s5mkfs/Makefile
-r--r--r-- 3/4           13090 1994-03-02 16:09 ./usr/opt/OSC200/src/sbin/scu/scu_global.c
-r--r--r-- 3/4            9737 1994-03-02 16:09 ./usr/opt/OSC200/src/sbin/scu/scu_fsck.c
-r--r--r-- 3/4           12591 1994-03-02 16:09 ./usr/opt/OSC200/src/sbin/scu/scu_format.c
-r--r--r-- 3/4           12039 1994-03-02 16:09 ./usr/opt/OSC200/src/sbin/scu/scu_device.h
-r--r--r-- 3/4            9740 1994-03-02 16:09 ./usr/opt/OSC200/src/sbin/scu/scu_defects.c
-r--r--r-- 3/4           36929 1994-03-02 16:09 ./usr/opt/OSC200/src/sbin/scu/scu_cam.c
-r--r--r-- 3/4           18766 1994-03-02 16:09 ./usr/opt/OSC200/src/sbin/scu/scu_audio.c
-r--r--r-- 3/4            7997 1994-03-02 16:09 ./usr/opt/OSC200/src/sbin/scu/scu.h
-r--r--r-- 3/4           15430 1994-03-02 16:09 ./usr/opt/OSC200/src/sbin/scu/scu.c
-r--r--r-- 3/4           20776 1994-03-02 16:09 ./usr/opt/OSC200/src/sbin/scu/scsipages.h
-r--r--r-- 3/4           11640 1994-03-02 16:09 ./usr/opt/OSC200/src/sbin/scu/parser.h
-r--r--r-- 3/4           97160 1993-12-15 20:57 ./usr/opt/OSC200/src/sbin/scu/scu.hlp
-r--r--r-- 3/4           21646 1994-03-02 16:09 ./usr/opt/OSC200/src/sbin/scu/reco_page.c
-r--r--r-- 3/4           20613 1994-03-02 16:09 ./usr/opt/OSC200/src/sbin/scu/readahead_page.c
-r--r--r-- 3/4           15254 1994-03-02 16:09 ./usr/opt/OSC200/src/sbin/scu/partition_page.c
-r--r--r-- 3/4           11096 1994-03-02 16:09 ./usr/opt/OSC200/src/sbin/scu/istring.c
-r--r--r-- 3/4            3723 1994-03-02 16:09 ./usr/opt/OSC200/src/sbin/scu/Makefile
-r--r--r-- 3/4            1819 1994-03-02 16:09 ./usr/opt/OSC200/src/sbin/s5fsck/Makefile
-r--r--r-- 3/4             280 1993-01-25 23:31 ./usr/opt/OSC200/src/sbin/loader/tests/MMAX/kmod1.ld
-r--r--r-- 3/4           35504 1994-03-02 16:09 ./usr/opt/OSC200/src/sbin/scu/parser.c
-r--r--r-- 3/4           57165 1994-03-02 16:09 ./usr/opt/OSC200/src/sbin/scu/help.c
-r--r--r-- 3/4           28316 1994-03-02 16:09 ./usr/opt/OSC200/src/sbin/scu/geometry_page.c
-r--r--r-- 3/4           29530 1994-03-02 16:09 ./usr/opt/OSC200/src/sbin/scu/flexible_page.c
-r--r--r-- 3/4           13529 1994-03-02 16:09 ./usr/opt/OSC200/src/sbin/scu/dec_page.c
-r--r--r-- 3/4            1900 1994-03-02 16:09 ./usr/opt/OSC200/src/sbin/route/Makefile
-r--r--r-- 3/4            1941 1994-03-02 16:09 ./usr/opt/OSC200/src/sbin/rm/Makefile
-r--r--r-- 3/4            2107 1994-03-02 16:09 ./usr/opt/OSC200/src/sbin/restore/Makefile
-r--r--r-- 3/4            1455 1993-01-25 23:28 ./usr/opt/OSC200/src/sbin/loader/build/lib_admin.msg
-r--r--r-- 3/4           35198 1994-03-02 16:09 ./usr/opt/OSC200/src/sbin/scu/error_page.c
-r--r--r-- 3/4           32616 1994-03-02 16:09 ./usr/opt/OSC200/src/sbin/scu/direct_page.c
-r--r--r-- 3/4           22510 1994-03-02 16:09 ./usr/opt/OSC200/src/sbin/scu/config_page.c
-r--r--r-- 3/4           15427 1994-03-02 16:09 ./usr/opt/OSC200/src/sbin/scu/cdrom_page.c
-r--r--r-- 3/4           18589 1994-03-02 16:09 ./usr/opt/OSC200/src/sbin/scu/cache_page.c
-r--r--r-- 3/4           23724 1994-03-02 16:09 ./usr/opt/OSC200/src/sbin/scu/audio_page.c
-r--r--r-- 3/4            2048 1994-03-02 16:09 ./usr/opt/OSC200/src/sbin/reboot/Makefile
-r--r--r-- 3/4            2454 1994-03-02 16:09 ./usr/opt/OSC200/src/sbin/rc3
-r--r--r-- 3/4            2542 1994-03-02 16:09 ./usr/opt/OSC200/src/sbin/rc2
-r--r--r-- 3/4            2587 1994-03-02 16:09 ./usr/opt/OSC200/src/sbin/rc0
-r--r--r-- 3/4            1704 1994-03-02 16:09 ./usr/opt/OSC200/src/sbin/radisk/Makefile
-r--r--r-- 3/4            2102 1994-03-02 16:09 ./usr/opt/OSC200/src/sbin/quotacheck/Makefile
-r--r--r-- 3/4            2121 1994-03-02 16:09 ./usr/opt/OSC200/src/sbin/ps/Makefile
-r--r--r-- 3/4            2044 1994-03-02 16:09 ./usr/opt/OSC200/src/sbin/ping/Makefile
-r--r--r-- 3/4              67 1993-01-25 23:28 ./usr/opt/OSC200/src/sbin/it.d/data/options.mask
-r--r--r-- 3/4           34527 1994-03-02 16:09 ./usr/opt/OSC200/src/sbin/savecore/savecore.c
-r--r--r-- 3/4           14855 1994-03-02 16:09 ./usr/opt/OSC200/src/sbin/radisk/radisk.c
-r--r--r-- 3/4            2079 1994-03-02 16:09 ./usr/opt/OSC200/src/sbin/newfs/Makefile
-r--r--r-- 3/4            2671 1994-03-02 16:08 ./usr/opt/OSC200/src/sbin/named/Makefile
-r--r--r-- 3/4            1903 1994-03-02 16:08 ./usr/opt/OSC200/src/sbin/mv/Makefile
-r--r--r-- 3/4            4043 1994-03-02 16:08 ./usr/opt/OSC200/src/sbin/mount_fdfs/mount_fdfs.c
-r--r--r-- 3/4            1609 1994-03-02 16:08 ./usr/opt/OSC200/src/sbin/mount_fdfs/Makefile
-r--r--r-- 3/4            2106 1994-03-02 16:08 ./usr/opt/OSC200/src/sbin/mount/Makefile
-r--r--r-- 3/4            2008 1994-03-02 16:08 ./usr/opt/OSC200/src/sbin/mknod/Makefile
-r--r--r-- 3/4            1925 1994-03-02 16:08 ./usr/opt/OSC200/src/sbin/mkdir/Makefile
-r--r--r-- 3/4            4965 1994-03-02 16:08 ./usr/opt/OSC200/src/sbin/memlog/translate.c
-r--r--r-- 3/4            3558 1994-03-02 16:08 ./usr/opt/OSC200/src/sbin/memlog/memlog.c
-r--r--r-- 3/4            1858 1994-03-02 16:08 ./usr/opt/OSC200/src/sbin/memlog/Makefile
-r--r--r-- 3/4            2295 1994-03-02 16:08 ./usr/opt/OSC200/src/sbin/make/Makefile
-r--r--r-- 3/4           12581 1994-03-02 16:08 ./usr/opt/OSC200/src/sbin/mach_init/service.c
-r--r--r-- 3/4            6680 1994-03-02 16:08 ./usr/opt/OSC200/src/sbin/mach_init/main.c
-r--r--r-- 3/4            2415 1994-03-02 16:08 ./usr/opt/OSC200/src/sbin/mach_init/Makefile
-r--r--r-- 3/4            5624 1994-03-02 16:08 ./usr/opt/OSC200/src/sbin/lvm/vgsync.c
-r--r--r-- 3/4            8011 1994-03-02 16:08 ./usr/opt/OSC200/src/sbin/lvm/vgremove.c
-r--r--r-- 3/4            8149 1994-03-02 16:08 ./usr/opt/OSC200/src/sbin/lvm/vgreduce.c
-r--r--r-- 3/4            6457 1994-03-02 16:08 ./usr/opt/OSC200/src/sbin/lvm/vgextend.c
-r--r--r-- 3/4            4972 1994-03-02 16:08 ./usr/opt/OSC200/src/sbin/lvm/vgdump.c
-r--r--r-- 3/4            5008 1994-03-02 16:08 ./usr/opt/OSC200/src/sbin/lvm/vgdisplay.c
-r--r--r-- 3/4           12520 1994-03-02 16:08 ./usr/opt/OSC200/src/sbin/lvm/vgcreate.c
-r--r--r-- 3/4            4582 1994-03-02 16:08 ./usr/opt/OSC200/src/sbin/lvm/pvdump.c
-r--r--r-- 3/4            2037 1994-03-02 16:08 ./usr/opt/OSC200/src/sbin/lvm/lvmcmdlib/Makefile
-r--r--r-- 3/4           10568 1994-03-02 16:08 ./usr/opt/OSC200/src/sbin/lvm/vgchange.c
-r--r--r-- 3/4           33269 1994-03-02 16:08 ./usr/opt/OSC200/src/sbin/lvm/pvmove.c
-r--r--r-- 3/4            4591 1994-03-02 16:08 ./usr/opt/OSC200/src/sbin/lvm/pvdisplay.c
-r--r--r-- 3/4           23903 1994-03-02 16:08 ./usr/opt/OSC200/src/sbin/lvm/pvcreate.c
-r--r--r-- 3/4            6860 1994-03-02 16:08 ./usr/opt/OSC200/src/sbin/lvm/pvchange.c
-r--r--r-- 3/4            5865 1994-03-02 16:08 ./usr/opt/OSC200/src/sbin/lvm/lvsync.c
-r--r--r-- 3/4            7236 1994-03-02 16:08 ./usr/opt/OSC200/src/sbin/lvm/lvremove.c
-r--r--r-- 3/4            9718 1994-03-02 16:08 ./usr/opt/OSC200/src/sbin/lvm/lvreduce.c
-r--r--r-- 3/4           30195 1994-03-02 16:08 ./usr/opt/OSC200/src/sbin/lvm/lvmcmdlib/utilities.c
-r--r--r-- 3/4           10005 1994-03-02 16:08 ./usr/opt/OSC200/src/sbin/lvm/lvmcmdlib/user_interf.c
-r--r--r-- 3/4           19205 1994-03-02 16:08 ./usr/opt/OSC200/src/sbin/lvm/lvmcmdlib/options.c
-r--r--r-- 3/4            2970 1994-03-02 16:08 ./usr/opt/OSC200/src/sbin/lvm/lvmcmdhdr/utilities.h
-r--r--r-- 3/4            1892 1994-03-02 16:08 ./usr/opt/OSC200/src/sbin/lvm/lvmcmdhdr/user_interf.h
-r--r--r-- 3/4            2547 1994-03-02 16:08 ./usr/opt/OSC200/src/sbin/lvm/lvmcmdhdr/options.h
-r--r--r-- 3/4           23693 1994-03-02 16:08 ./usr/opt/OSC200/src/sbin/lvm/lvmcmdlib/maps.c
-r--r--r-- 3/4           35824 1994-03-02 16:08 ./usr/opt/OSC200/src/sbin/lvm/lvmcmdlib/lvmtab.c
-r--r--r-- 3/4           31759 1994-03-02 16:08 ./usr/opt/OSC200/src/sbin/lvm/lvmcmdlib/logvol.c
-r--r--r-- 3/4           46297 1994-03-02 16:08 ./usr/opt/OSC200/src/sbin/lvm/lvmcmdlib/dump.c
-r--r--r-- 3/4           18704 1994-03-02 16:08 ./usr/opt/OSC200/src/sbin/lvm/lvmcmdlib/debug.c
-r--r--r-- 3/4            3676 1994-03-02 16:08 ./usr/opt/OSC200/src/sbin/lvm/lvmcmdhdr/maps.h
-r--r--r-- 3/4            2635 1994-03-02 16:08 ./usr/opt/OSC200/src/sbin/lvm/lvmcmdhdr/lvmtab.h
-r--r--r-- 3/4            5784 1994-03-02 16:08 ./usr/opt/OSC200/src/sbin/lvm/lvmcmdhdr/lvmcmds.h
-r--r--r-- 3/4            2096 1994-03-02 16:08 ./usr/opt/OSC200/src/sbin/lvm/lvmcmdhdr/dump.h
-r--r--r-- 3/4           32291 1994-03-02 16:08 ./usr/opt/OSC200/src/sbin/lvm/lvmcmdhdr/lvmdefmsg.h
-r--r--r-- 3/4            2837 1994-03-02 16:08 ./usr/opt/OSC200/src/sbin/lvm/lvmcmdhdr/logvol.h
-r--r--r-- 3/4            2975 1994-03-02 16:08 ./usr/opt/OSC200/src/sbin/lvm/lvmcmdhdr/debug.h
-r--r--r-- 3/4           18325 1993-01-25 23:35 ./usr/opt/OSC200/src/sbin/lvm/lvm.msg
-r--r--r-- 3/4           10486 1994-03-02 16:08 ./usr/opt/OSC200/src/sbin/lvm/lvextend.c
-r--r--r-- 3/4            4538 1994-03-02 16:08 ./usr/opt/OSC200/src/sbin/lvm/lvdump.c
-r--r--r-- 3/4            4564 1994-03-02 16:08 ./usr/opt/OSC200/src/sbin/lvm/lvdisplay.c
-r--r--r-- 3/4           12979 1994-03-02 16:08 ./usr/opt/OSC200/src/sbin/lvm/lvcreate.c
-r--r--r-- 3/4            7352 1994-03-02 16:08 ./usr/opt/OSC200/src/sbin/lvm/lvchange.c
-r--r--r-- 3/4            2304 1994-03-02 16:08 ./usr/opt/OSC200/src/sbin/lvm/Makefile
-r--r--r-- 3/4            1922 1994-03-02 16:08 ./usr/opt/OSC200/src/sbin/ls/Makefile
-r--r--r-- 3/4            5506 1994-03-02 16:08 ./usr/opt/OSC200/src/sbin/loader/utils/squeue.c
-r--r--r-- 3/4           10320 1994-03-02 16:08 ./usr/opt/OSC200/src/sbin/loader/utils/open_hash.c
-r--r--r-- 3/4            3666 1994-03-02 16:08 ./usr/opt/OSC200/src/sbin/loader/utils/oh_nelem.c
-r--r--r-- 3/4           15428 1994-03-02 16:08 ./usr/opt/OSC200/src/sbin/loader/utils/ldr_windows.c
-r--r--r-- 3/4            8673 1994-03-02 16:08 ./usr/opt/OSC200/src/sbin/loader/utils/ldr_sys_int.c
-r--r--r-- 3/4            3991 1994-03-02 16:08 ./usr/opt/OSC200/src/sbin/loader/utils/ldr_auxv.c
-r--r--r-- 3/4            2345 1994-03-02 16:08 ./usr/opt/OSC200/src/sbin/loader/utils/hash_string.c
-r--r--r-- 3/4            2475 1994-03-02 16:08 ./usr/opt/OSC200/src/sbin/loader/utils/dqueue.c
-r--r--r-- 3/4            7377 1994-03-02 16:08 ./usr/opt/OSC200/src/sbin/loader/utils/chain_hash.c
-r--r--r-- 3/4            1562 1994-03-02 16:08 ./usr/opt/OSC200/src/sbin/loader/utils/PMAX/machdep.mk
-r--r--r-- 3/4           17454 1994-03-02 16:08 ./usr/opt/OSC200/src/sbin/loader/utils/ldr_alloc.c
-r--r--r-- 3/4            2389 1994-03-02 16:08 ./usr/opt/OSC200/src/sbin/loader/utils/Makefile
-r--r--r-- 3/4            1584 1994-03-02 16:08 ./usr/opt/OSC200/src/sbin/loader/utils/MMAX/machdep.mk
-r--r--r-- 3/4            2175 1994-03-02 16:08 ./usr/opt/OSC200/src/sbin/loader/tests/xproc/programs/ldr_region.c
-r--r--r-- 3/4            3776 1994-03-02 16:08 ./usr/opt/OSC200/src/sbin/loader/tests/xproc/programs/info.c
-r--r--r-- 3/4            3546 1994-03-02 16:07 ./usr/opt/OSC200/src/sbin/loader/tests/xproc/programs/dbg.c
-r--r--r-- 3/4            3923 1994-03-02 16:07 ./usr/opt/OSC200/src/sbin/loader/tests/xproc/programs/Makefile
-r--r--r-- 3/4           23683 1994-03-02 16:07 ./usr/opt/OSC200/src/sbin/loader/tests/xproc/libxproc/ldr_xproc.c
-r--r--r-- 3/4            8602 1994-03-02 16:07 ./usr/opt/OSC200/src/sbin/loader/tests/xproc/libxproc/ldr_xcalls.c
-r--r--r-- 3/4            3738 1994-03-02 16:07 ./usr/opt/OSC200/src/sbin/loader/tests/xproc/libxproc/Makefile
-r--r--r-- 3/4            1607 1994-03-02 16:07 ./usr/opt/OSC200/src/sbin/loader/tests/xproc/libxproc/MMAX/machdep.mk
-r--r--r-- 3/4            1689 1994-03-02 16:07 ./usr/opt/OSC200/src/sbin/loader/tests/xproc/Makefile
-r--r--r-- 3/4            3124 1994-03-02 16:08 ./usr/opt/OSC200/src/sbin/loader/tests/vm_region.c
-r--r--r-- 3/4            7334 1994-03-02 16:08 ./usr/opt/OSC200/src/sbin/loader/tests/tralloc.c
-r--r--r-- 3/4            8979 1994-03-02 16:08 ./usr/opt/OSC200/src/sbin/loader/tests/tohash.c
-r--r--r-- 3/4           25046 1994-03-02 16:08 ./usr/opt/OSC200/src/sbin/loader/tests/tnmmap.c
-r--r--r-- 3/4           18571 1994-03-02 16:08 ./usr/opt/OSC200/src/sbin/loader/tests/tload2.c
-r--r--r-- 3/4            3375 1994-03-02 16:08 ./usr/opt/OSC200/src/sbin/loader/tests/tload1.c
-r--r--r-- 3/4            9173 1994-03-02 16:08 ./usr/opt/OSC200/src/sbin/loader/tests/texport.c
-r--r--r-- 3/4            3725 1994-03-02 16:08 ./usr/opt/OSC200/src/sbin/loader/tests/testsq2.c
-r--r--r-- 3/4            3623 1994-03-02 16:08 ./usr/opt/OSC200/src/sbin/loader/tests/testsq1.c
-r--r--r-- 3/4            2338 1994-03-02 16:08 ./usr/opt/OSC200/src/sbin/loader/tests/terrno.c
-r--r--r-- 3/4            3774 1994-03-02 16:08 ./usr/opt/OSC200/src/sbin/loader/tests/testdq.c
-r--r--r-- 3/4            8238 1994-03-02 16:08 ./usr/opt/OSC200/src/sbin/loader/tests/tchash.c
-r--r--r-- 3/4            8107 1994-03-02 16:08 ./usr/opt/OSC200/src/sbin/loader/tests/symlookup.c
-r--r--r-- 3/4            1826 1994-03-02 16:08 ./usr/opt/OSC200/src/sbin/loader/tests/ltest3.c
-r--r--r-- 3/4            1902 1994-03-02 16:08 ./usr/opt/OSC200/src/sbin/loader/tests/ltest2.c
-r--r--r-- 3/4            2100 1994-03-02 16:08 ./usr/opt/OSC200/src/sbin/loader/tests/ltest1.c
-r--r--r-- 3/4            2894 1994-03-02 16:07 ./usr/opt/OSC200/src/sbin/loader/tests/liblt/ltprintf.c
-r--r--r-- 3/4            1886 1994-03-02 16:07 ./usr/opt/OSC200/src/sbin/loader/tests/liblt/ltperror.c
-r--r--r-- 3/4            2159 1994-03-02 16:07 ./usr/opt/OSC200/src/sbin/loader/tests/liblt/ltnprintf.c
-r--r--r-- 3/4            2524 1994-03-02 16:07 ./usr/opt/OSC200/src/sbin/loader/tests/liblt/ltgetopt.c
-r--r--r-- 3/4            2065 1994-03-02 16:07 ./usr/opt/OSC200/src/sbin/loader/tests/liblt/ltexit.c
-r--r--r-- 3/4            1759 1994-03-02 16:07 ./usr/opt/OSC200/src/sbin/loader/tests/liblt/Makefile
-r--r--r-- 3/4            1866 1994-03-02 16:07 ./usr/opt/OSC200/src/sbin/loader/tests/kmod1.c
-r--r--r-- 3/4            9179 1994-03-02 16:07 ./usr/opt/OSC200/src/sbin/loader/tests/kloadcall.c
-r--r--r-- 3/4            1867 1994-03-02 16:07 ./usr/opt/OSC200/src/sbin/loader/tests/execwl/user_loader.c
-r--r--r-- 3/4            4160 1994-03-02 16:07 ./usr/opt/OSC200/src/sbin/loader/tests/execwl/test32.sh
-r--r--r-- 3/4            4158 1994-03-02 16:07 ./usr/opt/OSC200/src/sbin/loader/tests/execwl/test31.sh
-r--r--r-- 3/4            3451 1994-03-02 16:07 ./usr/opt/OSC200/src/sbin/loader/tests/execwl/test30.sh
-r--r--r-- 3/4            3363 1994-03-02 16:07 ./usr/opt/OSC200/src/sbin/loader/tests/execwl/test29.sh
-r--r--r-- 3/4            3577 1994-03-02 16:07 ./usr/opt/OSC200/src/sbin/loader/tests/execwl/test28.sh
-r--r--r-- 3/4            3563 1994-03-02 16:07 ./usr/opt/OSC200/src/sbin/loader/tests/execwl/test27.sh
-r--r--r-- 3/4            3471 1994-03-02 16:07 ./usr/opt/OSC200/src/sbin/loader/tests/execwl/test26.sh
-r--r--r-- 3/4            3439 1994-03-02 16:07 ./usr/opt/OSC200/src/sbin/loader/tests/execwl/test25.sh
-r--r--r-- 3/4            3854 1994-03-02 16:07 ./usr/opt/OSC200/src/sbin/loader/tests/execwl/test24.sh
-r--r--r-- 3/4            3779 1994-03-02 16:07 ./usr/opt/OSC200/src/sbin/loader/tests/execwl/test23.sh
-r--r--r-- 3/4            3840 1994-03-02 16:07 ./usr/opt/OSC200/src/sbin/loader/tests/execwl/test22.sh
-r--r--r-- 3/4            3768 1994-03-02 16:07 ./usr/opt/OSC200/src/sbin/loader/tests/execwl/test21.sh
-r--r--r-- 3/4            3722 1994-03-02 16:07 ./usr/opt/OSC200/src/sbin/loader/tests/execwl/test20.sh
-r--r--r-- 3/4            2534 1994-03-02 16:07 ./usr/opt/OSC200/src/sbin/loader/tests/execwl/test19.c
-r--r--r-- 3/4            2473 1994-03-02 16:07 ./usr/opt/OSC200/src/sbin/loader/tests/execwl/test18.c
-r--r--r-- 3/4            3366 1994-03-02 16:07 ./usr/opt/OSC200/src/sbin/loader/tests/execwl/test17.sh
-r--r--r-- 3/4            3349 1994-03-02 16:07 ./usr/opt/OSC200/src/sbin/loader/tests/execwl/test16.sh
-r--r--r-- 3/4            3550 1994-03-02 16:07 ./usr/opt/OSC200/src/sbin/loader/tests/execwl/test15.sh
-r--r--r-- 3/4            3585 1994-03-02 16:07 ./usr/opt/OSC200/src/sbin/loader/tests/execwl/test14.sh
-r--r--r-- 3/4            2474 1994-03-02 16:07 ./usr/opt/OSC200/src/sbin/loader/tests/execwl/test13.c
-r--r--r-- 3/4            2427 1994-03-02 16:07 ./usr/opt/OSC200/src/sbin/loader/tests/execwl/test12.c
-r--r--r-- 3/4            2434 1994-03-02 16:07 ./usr/opt/OSC200/src/sbin/loader/tests/execwl/test11.c
-r--r--r-- 3/4            3686 1994-03-02 16:07 ./usr/opt/OSC200/src/sbin/loader/tests/execwl/test10.sh
-r--r--r-- 3/4            3378 1994-03-02 16:07 ./usr/opt/OSC200/src/sbin/loader/tests/execwl/test09.sh
-r--r--r-- 3/4            3382 1994-03-02 16:07 ./usr/opt/OSC200/src/sbin/loader/tests/execwl/test08.sh
-r--r--r-- 3/4            3535 1994-03-02 16:07 ./usr/opt/OSC200/src/sbin/loader/tests/execwl/test07.sh
-r--r--r-- 3/4            2460 1994-03-02 16:07 ./usr/opt/OSC200/src/sbin/loader/tests/execwl/test06.c
-r--r--r-- 3/4            2413 1994-03-02 16:07 ./usr/opt/OSC200/src/sbin/loader/tests/execwl/test05.c
-r--r--r-- 3/4            2432 1994-03-02 16:07 ./usr/opt/OSC200/src/sbin/loader/tests/execwl/test04.c
-r--r--r-- 3/4            3360 1994-03-02 16:07 ./usr/opt/OSC200/src/sbin/loader/tests/execwl/test03.sh
-r--r--r-- 3/4            3421 1994-03-02 16:07 ./usr/opt/OSC200/src/sbin/loader/tests/execwl/test02.sh
-r--r--r-- 3/4            3477 1994-03-02 16:07 ./usr/opt/OSC200/src/sbin/loader/tests/execwl/test01.sh
-r--r--r-- 3/4            1668 1994-03-02 16:07 ./usr/opt/OSC200/src/sbin/loader/tests/execwl/setuidprogram.c
-r--r--r-- 3/4            1668 1994-03-02 16:07 ./usr/opt/OSC200/src/sbin/loader/tests/execwl/setgidprogram.c
-r--r--r-- 3/4            1869 1994-03-02 16:07 ./usr/opt/OSC200/src/sbin/loader/tests/execwl/random.c
-r--r--r-- 3/4            2961 1994-03-02 16:07 ./usr/opt/OSC200/src/sbin/loader/tests/execwl/prog.sh
-r--r--r-- 3/4            2147 1994-03-02 16:07 ./usr/opt/OSC200/src/sbin/loader/tests/execwl/print_loader_loader.c
-r--r--r-- 3/4            2146 1994-03-02 16:07 ./usr/opt/OSC200/src/sbin/loader/tests/execwl/print_flags_loader.c
-r--r--r-- 3/4            2103 1994-03-02 16:07 ./usr/opt/OSC200/src/sbin/loader/tests/execwl/print_file_loader.c
-r--r--r-- 3/4            1878 1994-03-02 16:07 ./usr/opt/OSC200/src/sbin/loader/tests/execwl/print_env_loader.c
-r--r--r-- 3/4            1854 1994-03-02 16:07 ./usr/opt/OSC200/src/sbin/loader/tests/execwl/print_argv_loader.c
-r--r--r-- 3/4            1808 1994-03-02 16:07 ./usr/opt/OSC200/src/sbin/loader/tests/execwl/print_argc_loader.c
-r--r--r-- 3/4            3029 1994-03-02 16:07 ./usr/opt/OSC200/src/sbin/loader/tests/execwl/loop.sh
-r--r--r-- 3/4            1704 1994-03-02 16:07 ./usr/opt/OSC200/src/sbin/loader/tests/execwl/getuid.c
-r--r--r-- 3/4            2391 1994-03-02 16:07 ./usr/opt/OSC200/src/sbin/loader/tests/execwl/getsetid.c
-r--r--r-- 3/4            1706 1994-03-02 16:07 ./usr/opt/OSC200/src/sbin/loader/tests/execwl/geteuid.c
-r--r--r-- 3/4            1886 1994-03-02 16:07 ./usr/opt/OSC200/src/sbin/loader/tests/execwl/failure_loader.c
-r--r--r-- 3/4            2366 1994-03-02 16:07 ./usr/opt/OSC200/src/sbin/loader/tests/execwl/execve.c
-r--r--r-- 3/4            3682 1994-03-02 16:07 ./usr/opt/OSC200/src/sbin/loader/tests/execwl/exec_with_loader.c
-r--r--r-- 3/4            3263 1994-03-02 16:07 ./usr/opt/OSC200/src/sbin/loader/tests/execwl/env.c
-r--r--r-- 3/4            3498 1994-03-02 16:07 ./usr/opt/OSC200/src/sbin/loader/tests/execwl/echo_loader.c
-r--r--r-- 3/4            2504 1994-03-02 16:07 ./usr/opt/OSC200/src/sbin/loader/tests/execwl/cprog25.c
-r--r--r-- 3/4            5031 1994-03-02 16:07 ./usr/opt/OSC200/src/sbin/loader/tests/execwl/auxv.c
-r--r--r-- 3/4            3027 1993-01-25 23:32 ./usr/opt/OSC200/src/sbin/loader/tests/execwl/TESTPLAN
-r--r--r-- 3/4            4684 1994-03-02 16:07 ./usr/opt/OSC200/src/sbin/loader/tests/execwl/Makefile
-r--r--r-- 3/4            3475 1994-03-02 16:07 ./usr/opt/OSC200/src/sbin/loader/tests/PMAX/machdep.mk
-r--r--r-- 3/4            3661 1994-03-02 16:07 ./usr/opt/OSC200/src/sbin/loader/tests/Makefile
-r--r--r-- 3/4            2868 1994-03-02 16:07 ./usr/opt/OSC200/src/sbin/loader/tests/MMAX/machdep.mk
-r--r--r-- 3/4           41578 1994-03-02 16:07 ./usr/opt/OSC200/src/sbin/loader/rcoff/rcoff_ldr.c
-r--r--r-- 3/4            3419 1994-03-02 16:07 ./usr/opt/OSC200/src/sbin/loader/rcoff/include/rcoff_ldr.h
-r--r--r-- 3/4            2213 1994-03-02 16:07 ./usr/opt/OSC200/src/sbin/loader/rcoff/include/PMAX/rcoff_relocate.h
-r--r--r-- 3/4            3979 1994-03-02 16:07 ./usr/opt/OSC200/src/sbin/loader/rcoff/include/PMAX/rcoff_machdep.h
-r--r--r-- 3/4            1760 1994-03-02 16:07 ./usr/opt/OSC200/src/sbin/loader/rcoff/include/Makefile
-r--r--r-- 3/4            5701 1994-03-02 16:07 ./usr/opt/OSC200/src/sbin/loader/rcoff/PMAX/rcoff_standard.c
-r--r--r-- 3/4            1566 1994-03-02 16:07 ./usr/opt/OSC200/src/sbin/loader/rcoff/PMAX/machdep.mk
-r--r--r-- 3/4            2064 1994-03-02 16:07 ./usr/opt/OSC200/src/sbin/loader/rcoff/Makefile
-r--r--r-- 3/4            1693 1994-03-02 16:07 ./usr/opt/OSC200/src/sbin/loader/macho/include/Makefile
-r--r--r-- 3/4            1562 1994-03-02 16:07 ./usr/opt/OSC200/src/sbin/loader/macho/PMAX/machdep.mk
-r--r--r-- 3/4           10291 1994-03-02 16:07 ./usr/opt/OSC200/src/sbin/loader/rcoff/PMAX/rcoff_relocate.c
-r--r--r-- 3/4           75905 1994-03-02 16:07 ./usr/opt/OSC200/src/sbin/loader/macho/mo_ldr.c
-r--r--r-- 3/4            7166 1994-03-02 16:07 ./usr/opt/OSC200/src/sbin/loader/macho/include/mo_ldr.h
-r--r--r-- 3/4           12863 1994-03-02 16:07 ./usr/opt/OSC200/src/sbin/loader/macho/PMAX/standard.c
-r--r--r-- 3/4           10685 1994-03-02 16:07 ./usr/opt/OSC200/src/sbin/loader/macho/PMAX/relocate.c
-r--r--r-- 3/4            2090 1994-03-02 16:06 ./usr/opt/OSC200/src/sbin/loader/macho/PMAX/include/relocate.h
-r--r--r-- 3/4            2019 1994-03-02 16:07 ./usr/opt/OSC200/src/sbin/loader/macho/Makefile
-r--r--r-- 3/4           12719 1994-03-02 16:06 ./usr/opt/OSC200/src/sbin/loader/macho/MMAX/standard.c
-r--r--r-- 3/4            8486 1994-03-02 16:06 ./usr/opt/OSC200/src/sbin/loader/macho/MMAX/relocate.c
-r--r--r-- 3/4            1584 1994-03-02 16:06 ./usr/opt/OSC200/src/sbin/loader/macho/MMAX/machdep.mk
-r--r--r-- 3/4            1895 1994-03-02 16:06 ./usr/opt/OSC200/src/sbin/loader/macho/MMAX/include/relocate.h
-r--r--r-- 3/4            1822 1993-01-25 23:30 ./usr/opt/OSC200/src/sbin/loader/loader/ldr_bootstrap_exports.exp
-r--r--r-- 3/4            1606 1994-03-02 16:06 ./usr/opt/OSC200/src/sbin/loader/loader/PMAX/machdep.mk
-r--r--r-- 3/4            1648 1994-03-02 16:06 ./usr/opt/OSC200/src/sbin/loader/loader/MMAX/machdep.mk
-r--r--r-- 3/4            3029 1994-03-02 16:06 ./usr/opt/OSC200/src/sbin/loader/ldr_include/open_hash_pvt.h
-r--r--r-- 3/4            7632 1994-03-02 16:06 ./usr/opt/OSC200/src/sbin/loader/ldr_include/ldr_symres.h
-r--r--r-- 3/4            3451 1994-03-02 16:06 ./usr/opt/OSC200/src/sbin/loader/ldr_include/ldr_preload_mgr.h
-r--r--r-- 3/4            7284 1994-03-02 16:06 ./usr/opt/OSC200/src/sbin/loader/ldr_include/ldr_preload.h
-r--r--r-- 3/4           19081 1994-03-02 16:06 ./usr/opt/OSC200/src/sbin/loader/ldr_include/ldr_module.h
-r--r--r-- 3/4            3321 1994-03-02 16:06 ./usr/opt/OSC200/src/sbin/loader/ldr_include/ldr_lock.h
-r--r--r-- 3/4            7043 1994-03-02 16:06 ./usr/opt/OSC200/src/sbin/loader/ldr_include/ldr_known_pkg.h
-r--r--r-- 3/4            5728 1994-03-02 16:06 ./usr/opt/OSC200/src/sbin/loader/ldr_include/ldr_global_file.h
-r--r--r-- 3/4           16152 1994-03-02 16:06 ./usr/opt/OSC200/src/sbin/loader/ldr_include/hash_rbytes.h
-r--r--r-- 3/4            2477 1994-03-02 16:06 ./usr/opt/OSC200/src/sbin/loader/ldr_include/chain_hash_pvt.h
-r--r--r-- 3/4            1860 1994-03-02 16:06 ./usr/opt/OSC200/src/sbin/loader/ldr_include/Makefile
-r--r--r-- 3/4            8479 1994-03-02 16:06 ./usr/opt/OSC200/src/sbin/loader/kload/ldr_kernel_syscalls.c
-r--r--r-- 3/4            2878 1994-03-02 16:06 ./usr/opt/OSC200/src/sbin/loader/kload/ldr_kernel_main.h
-r--r--r-- 3/4            2279 1994-03-02 16:06 ./usr/opt/OSC200/src/sbin/loader/kload/ldr_kernel_main.c
-r--r--r-- 3/4            5035 1994-03-02 16:06 ./usr/opt/OSC200/src/sbin/loader/kload/ldr_kernel_bootstrap.c
-r--r--r-- 3/4            3364 1994-03-02 16:06 ./usr/opt/OSC200/src/sbin/loader/kload/kls_vm.h
-r--r--r-- 3/4            6553 1994-03-02 16:06 ./usr/opt/OSC200/src/sbin/loader/kload/kls_vm.c
-r--r--r-- 3/4            3068 1994-03-02 16:06 ./usr/opt/OSC200/src/sbin/loader/kload/kls_switch.c
-r--r--r-- 3/4            1825 1994-03-02 16:06 ./usr/opt/OSC200/src/sbin/loader/kload/kls_subr.h
-r--r--r-- 3/4            3730 1994-03-02 16:06 ./usr/opt/OSC200/src/sbin/loader/kload/kls_subr.c
-r--r--r-- 3/4            2356 1994-03-02 16:06 ./usr/opt/OSC200/src/sbin/loader/kload/kls_message.h
-r--r--r-- 3/4            6315 1994-03-02 16:06 ./usr/opt/OSC200/src/sbin/loader/kload/kls_message.c
-r--r--r-- 3/4           34025 1994-03-02 16:06 ./usr/opt/OSC200/src/sbin/loader/kload/kls_macho.c
-r--r--r-- 3/4            6338 1994-03-02 16:06 ./usr/opt/OSC200/src/sbin/loader/kload/kls_ipc_sysV_msg.c
-r--r--r-- 3/4            5891 1994-03-02 16:06 ./usr/opt/OSC200/src/sbin/loader/kload/kls_ipc_sock_dgram.c
-r--r--r-- 3/4            2142 1994-03-02 16:06 ./usr/opt/OSC200/src/sbin/loader/kload/kls_ipc.h
-r--r--r-- 3/4            2356 1994-03-02 16:06 ./usr/opt/OSC200/src/sbin/loader/kload/kernel_loader.h
-r--r--r-- 3/4            9240 1994-03-02 16:06 ./usr/opt/OSC200/src/sbin/loader/kload/kls_coff.c
-r--r--r-- 3/4           13632 1994-03-02 16:06 ./usr/opt/OSC200/src/sbin/loader/kload/kloadsrv.c
-r--r--r-- 3/4           10196 1994-03-02 16:06 ./usr/opt/OSC200/src/sbin/loader/kload/kernel_region_alloc.c
-r--r--r-- 3/4            1595 1994-03-02 16:06 ./usr/opt/OSC200/src/sbin/loader/kload/include/PMAX/machdep.mk
-r--r--r-- 3/4            4500 1994-03-02 16:06 ./usr/opt/OSC200/src/sbin/loader/kload/include/PMAX/ldr_kernel_machdep.h
-r--r--r-- 3/4            1641 1994-03-02 16:06 ./usr/opt/OSC200/src/sbin/loader/kload/include/PMAX/coff_machdep.h
-r--r--r-- 3/4            1802 1994-03-02 16:06 ./usr/opt/OSC200/src/sbin/loader/kload/include/Makefile
-r--r--r-- 3/4            1596 1994-03-02 16:06 ./usr/opt/OSC200/src/sbin/loader/kload/include/MMAX/machdep.mk
-r--r--r-- 3/4            4390 1994-03-02 16:06 ./usr/opt/OSC200/src/sbin/loader/kload/include/MMAX/ldr_kernel_machdep.h
-r--r--r-- 3/4            1641 1994-03-02 16:06 ./usr/opt/OSC200/src/sbin/loader/kload/include/MMAX/coff_machdep.h
-r--r--r-- 3/4            3425 1994-03-02 16:06 ./usr/opt/OSC200/src/sbin/loader/kload/alpha/machdep.mk
-r--r--r-- 3/4            3548 1994-03-02 16:06 ./usr/opt/OSC200/src/sbin/loader/kload/PMAX/machdep.mk
-r--r--r-- 3/4            5493 1994-03-02 16:06 ./usr/opt/OSC200/src/sbin/loader/kload/PMAX/kls_coff_machdep.c
-r--r--r-- 3/4            2998 1994-03-02 16:06 ./usr/opt/OSC200/src/sbin/loader/kload/Makefile
-r--r--r-- 3/4            2679 1994-03-02 16:06 ./usr/opt/OSC200/src/sbin/loader/kload/MMAX/machdep.mk
-r--r--r-- 3/4            7641 1994-03-02 16:06 ./usr/opt/OSC200/src/sbin/loader/kload/MMAX/kls_coff_machdep.c
-r--r--r-- 3/4            7662 1994-03-02 16:06 ./usr/opt/OSC200/src/sbin/loader/include/squeue.h
-r--r--r-- 3/4            6503 1994-03-02 16:06 ./usr/opt/OSC200/src/sbin/loader/include/open_hash.h
-r--r--r-- 3/4            2703 1994-03-02 16:06 ./usr/opt/OSC200/src/sbin/loader/include/ldr_windows.h
-r--r--r-- 3/4            2428 1994-03-02 16:06 ./usr/opt/OSC200/src/sbin/loader/include/ldr_types.h
-r--r--r-- 3/4            6564 1994-03-02 16:06 ./usr/opt/OSC200/src/sbin/loader/include/ldr_sys_int.h
-r--r--r-- 3/4            7565 1994-03-02 16:06 ./usr/opt/OSC200/src/sbin/loader/include/ldr_symval_std.h
-r--r--r-- 3/4            3420 1994-03-02 16:06 ./usr/opt/OSC200/src/sbin/loader/include/ldr_symbol.h
-r--r--r-- 3/4           13740 1994-03-02 16:06 ./usr/opt/OSC200/src/sbin/loader/include/ldr_switch.h
-r--r--r-- 3/4            3572 1994-03-02 16:06 ./usr/opt/OSC200/src/sbin/loader/include/ldr_region.h
-r--r--r-- 3/4            3670 1994-03-02 16:06 ./usr/opt/OSC200/src/sbin/loader/include/ldr_package.h
-r--r--r-- 3/4            5402 1994-03-02 16:06 ./usr/opt/OSC200/src/sbin/loader/include/ldr_malloc.h
-r--r--r-- 3/4            2017 1994-03-02 16:06 ./usr/opt/OSC200/src/sbin/loader/include/ldr_macro_help.h
-r--r--r-- 3/4            3565 1994-03-02 16:06 ./usr/opt/OSC200/src/sbin/loader/include/ldr_hash.h
-r--r--r-- 3/4            6439 1994-03-02 16:06 ./usr/opt/OSC200/src/sbin/loader/include/ldr_errno.h
-r--r--r-- 3/4            2086 1994-03-02 16:06 ./usr/opt/OSC200/src/sbin/loader/include/ldr_auxv.h
-r--r--r-- 3/4            1853 1994-03-02 16:06 ./usr/opt/OSC200/src/sbin/loader/include/alpha/ldr_machdep.h
-r--r--r-- 3/4            5605 1994-03-02 16:06 ./usr/opt/OSC200/src/sbin/loader/include/dqueue.h
-r--r--r-- 3/4            6299 1994-03-02 16:06 ./usr/opt/OSC200/src/sbin/loader/include/chain_hash.h
-r--r--r-- 3/4            1955 1994-03-02 16:06 ./usr/opt/OSC200/src/sbin/loader/include/PMAX/ldr_machdep.h
-r--r--r-- 3/4            1984 1994-03-02 16:06 ./usr/opt/OSC200/src/sbin/loader/include/Makefile
-r--r--r-- 3/4            1959 1994-03-02 16:06 ./usr/opt/OSC200/src/sbin/loader/include/MMAX/ldr_machdep.h
-r--r--r-- 3/4            3036 1994-03-02 16:06 ./usr/opt/OSC200/src/sbin/loader/dummy/dummy_switch.c
-r--r--r-- 3/4           27618 1994-03-02 16:06 ./usr/opt/OSC200/src/sbin/loader/dummy/dummy.c
-r--r--r-- 3/4            1735 1994-03-02 16:06 ./usr/opt/OSC200/src/sbin/loader/dummy/PMAX/machdep.mk
-r--r--r-- 3/4            1824 1994-03-02 16:06 ./usr/opt/OSC200/src/sbin/loader/dummy/Makefile
-r--r--r-- 3/4            1680 1994-03-02 16:05 ./usr/opt/OSC200/src/sbin/loader/dummy/MMAX/machdep.mk
-r--r--r-- 3/4            4910 1994-03-02 16:05 ./usr/opt/OSC200/src/sbin/loader/coff/include/coff_ldr.h
-r--r--r-- 3/4            3421 1994-03-02 16:05 ./usr/opt/OSC200/src/sbin/loader/coff/include/PMAX/coff_machdep.h
-r--r--r-- 3/4            1737 1994-03-02 16:05 ./usr/opt/OSC200/src/sbin/loader/coff/include/Makefile
-r--r--r-- 3/4            3739 1994-03-02 16:05 ./usr/opt/OSC200/src/sbin/loader/coff/include/MMAX/coff_machdep.h
-r--r--r-- 3/4           50574 1994-03-02 16:05 ./usr/opt/OSC200/src/sbin/loader/coff/coff_ldr.c
-r--r--r-- 3/4            1562 1994-03-02 16:05 ./usr/opt/OSC200/src/sbin/loader/coff/PMAX/machdep.mk
-r--r--r-- 3/4           12828 1994-03-02 16:05 ./usr/opt/OSC200/src/sbin/loader/coff/PMAX/coff_relocate.c
-r--r--r-- 3/4            1993 1994-03-02 16:05 ./usr/opt/OSC200/src/sbin/loader/coff/Makefile
-r--r--r-- 3/4            1584 1994-03-02 16:05 ./usr/opt/OSC200/src/sbin/loader/coff/MMAX/machdep.mk
-r--r--r-- 3/4            2996 1994-03-02 16:05 ./usr/opt/OSC200/src/sbin/loader/build/switch.c
-r--r--r-- 3/4            8529 1994-03-02 16:05 ./usr/opt/OSC200/src/sbin/loader/build/main.c
-r--r--r-- 3/4            2837 1994-03-02 16:05 ./usr/opt/OSC200/src/sbin/loader/build/alpha/machdep.mk
-r--r--r-- 3/4            2921 1994-03-02 16:05 ./usr/opt/OSC200/src/sbin/loader/build/PMAX/machdep.mk
-r--r--r-- 3/4            4462 1994-03-02 16:05 ./usr/opt/OSC200/src/sbin/loader/build/Makefile
-r--r--r-- 3/4            1081 1993-01-25 23:28 ./usr/opt/OSC200/src/sbin/loader/build/MMAX/loader.ld
-r--r--r-- 3/4           15211 1994-03-02 16:05 ./usr/opt/OSC200/src/sbin/loader/build/lib_admin.c
-r--r--r-- 3/4            2621 1994-03-02 16:05 ./usr/opt/OSC200/src/sbin/loader/build/MMAX/machdep.mk
-r--r--r-- 3/4            1428 1994-03-02 16:05 ./usr/opt/OSC200/src/sbin/loader/alpha/machdep.mk
-r--r--r-- 3/4            1606 1994-03-02 16:05 ./usr/opt/OSC200/src/sbin/loader/PMAX/machdep.mk
-r--r--r-- 3/4            1790 1994-03-02 16:05 ./usr/opt/OSC200/src/sbin/loader/Makefile
-r--r--r-- 3/4            1590 1994-03-02 16:05 ./usr/opt/OSC200/src/sbin/loader/MMAX/machdep.mk
-r--r--r-- 3/4            1903 1994-03-02 16:05 ./usr/opt/OSC200/src/sbin/ln/Makefile
-r--r--r-- 3/4            6328 1994-03-02 16:05 ./usr/opt/OSC200/src/sbin/kreg/kreg
-r--r--r-- 3/4            1589 1994-03-02 16:05 ./usr/opt/OSC200/src/sbin/kreg/Makefile
-r--r--r-- 3/4            7428 1994-03-02 16:05 ./usr/opt/OSC200/src/sbin/kmknod/kmknod.c
-r--r--r-- 3/4            1762 1994-03-02 16:05 ./usr/opt/OSC200/src/sbin/kmknod/Makefile
-r--r--r-- 3/4            2069 1994-03-02 16:05 ./usr/opt/OSC200/src/sbin/killall/Makefile
-r--r--r-- 3/4            2078 1994-03-02 16:05 ./usr/opt/OSC200/src/sbin/kill/Makefile
-r--r--r-- 3/4            4983 1994-03-02 16:05 ./usr/opt/OSC200/src/sbin/itruns/itruns
-r--r--r-- 3/4            1753 1994-03-02 16:05 ./usr/opt/OSC200/src/sbin/itruns/Makefile
-r--r--r-- 3/4            6535 1994-03-02 16:05 ./usr/opt/OSC200/src/sbin/it/it.sh
-r--r--r-- 3/4            1582 1994-03-02 16:05 ./usr/opt/OSC200/src/sbin/it/Makefile
-r--r--r-- 3/4            3371 1994-03-02 16:05 ./usr/opt/OSC200/src/sbin/it.d/data/getpass.c
-r--r--r-- 3/4            1749 1994-03-02 16:05 ./usr/opt/OSC200/src/sbin/it.d/data/Makefile
-r--r--r-- 3/4            2317 1994-03-02 16:05 ./usr/opt/OSC200/src/sbin/it.d/bin/gitout.sh
-r--r--r-- 3/4            9740 1994-03-02 16:05 ./usr/opt/OSC200/src/sbin/it.d/bin/gettimezone.sh
-r--r--r-- 3/4            2748 1994-03-02 16:05 ./usr/opt/OSC200/src/sbin/it.d/bin/getsysname.sh
-r--r--r-- 3/4            1858 1994-03-02 16:05 ./usr/opt/OSC200/src/sbin/it.d/bin/getpasswd.sh
-r--r--r-- 3/4            2700 1994-03-02 16:05 ./usr/opt/OSC200/src/sbin/it.d/bin/getdate.sh
-r--r--r-- 3/4            2397 1994-03-02 16:05 ./usr/opt/OSC200/src/sbin/it.d/bin/c_install.sh
-r--r--r-- 3/4            2079 1994-03-02 16:05 ./usr/opt/OSC200/src/sbin/it.d/bin/Makefile
-r--r--r-- 3/4            1595 1994-03-02 16:05 ./usr/opt/OSC200/src/sbin/it.d/Makefile
-r--r--r-- 3/4           13724 1994-03-02 16:05 ./usr/opt/OSC200/src/sbin/installupdate/installupdate.sh
-r--r--r-- 3/4            1604 1994-03-02 16:05 ./usr/opt/OSC200/src/sbin/installupdate/Makefile
-r--r--r-- 3/4            7868 1994-03-02 16:05 ./usr/opt/OSC200/src/sbin/init/signals.c
-r--r--r-- 3/4            8138 1994-03-02 16:05 ./usr/opt/OSC200/src/sbin/init/output.c
-r--r--r-- 3/4           10836 1994-03-02 16:05 ./usr/opt/OSC200/src/sbin/init/init_sec.c
-r--r--r-- 3/4            3292 1994-03-02 16:05 ./usr/opt/OSC200/src/sbin/init/init.msg
-r--r--r-- 3/4           12206 1994-03-02 16:05 ./usr/opt/OSC200/src/sbin/init/init.h
-r--r--r-- 3/4           67681 1994-03-02 16:05 ./usr/opt/OSC200/src/sbin/init/init.c
-r--r--r-- 3/4           11176 1994-03-02 16:05 ./usr/opt/OSC200/src/sbin/init/getcmd.c
-r--r--r-- 3/4            1990 1994-03-02 16:05 ./usr/opt/OSC200/src/sbin/init/Makefile
-r--r--r-- 3/4            3954 1994-03-02 16:05 ./usr/opt/OSC200/src/sbin/init.d/xntpd
-r--r--r-- 3/4            2909 1994-03-02 16:05 ./usr/opt/OSC200/src/sbin/init.d/xdm
-r--r--r-- 3/4            2714 1994-03-02 16:05 ./usr/opt/OSC200/src/sbin/init.d/write
-r--r--r-- 3/4            1632 1994-03-02 16:05 ./usr/opt/OSC200/src/sbin/init.d/uucp
-r--r--r-- 3/4            2230 1994-03-02 16:05 ./usr/opt/OSC200/src/sbin/init.d/syslog
-r--r--r-- 3/4            1932 1994-03-02 16:04 ./usr/opt/OSC200/src/sbin/init.d/streams
-r--r--r-- 3/4            1925 1994-03-02 16:04 ./usr/opt/OSC200/src/sbin/init.d/startlmf
-r--r--r-- 3/4            1868 1994-03-02 16:04 ./usr/opt/OSC200/src/sbin/init.d/sia
-r--r--r-- 3/4            2497 1994-03-02 16:04 ./usr/opt/OSC200/src/sbin/init.d/settime
-r--r--r-- 3/4            2858 1994-03-02 16:04 ./usr/opt/OSC200/src/sbin/init.d/sendmail
-r--r--r-- 3/4            2679 1994-03-02 16:04 ./usr/opt/OSC200/src/sbin/init.d/security.sh
-r--r--r-- 3/4            2744 1994-03-02 16:04 ./usr/opt/OSC200/src/sbin/init.d/savecore
-r--r--r-- 3/4            2525 1994-03-02 16:04 ./usr/opt/OSC200/src/sbin/init.d/rwho
-r--r--r-- 3/4            2808 1994-03-02 16:04 ./usr/opt/OSC200/src/sbin/init.d/route
-r--r--r-- 3/4            2136 1994-03-02 16:04 ./usr/opt/OSC200/src/sbin/init.d/rmtmpfiles
-r--r--r-- 3/4            1989 1994-03-02 16:04 ./usr/opt/OSC200/src/sbin/init.d/recpasswd
-r--r--r-- 3/4            3198 1994-03-02 16:04 ./usr/opt/OSC200/src/sbin/init.d/rcinet
-r--r--r-- 3/4            2300 1994-03-02 16:04 ./usr/opt/OSC200/src/sbin/init.d/quota
-r--r--r-- 3/4            4639 1994-03-02 16:04 ./usr/opt/OSC200/src/sbin/init.d/presto
-r--r--r-- 3/4            1690 1994-03-02 16:04 ./usr/opt/OSC200/src/sbin/init.d/preserve
-r--r--r-- 3/4            2788 1994-03-02 16:04 ./usr/opt/OSC200/src/sbin/init.d/paging
-r--r--r-- 3/4           11116 1994-03-02 16:04 ./usr/opt/OSC200/src/sbin/init.d/nis
-r--r--r-- 3/4            1796 1994-03-02 16:04 ./usr/opt/OSC200/src/sbin/init.d/nfsmount
-r--r--r-- 3/4            6083 1994-03-02 16:04 ./usr/opt/OSC200/src/sbin/init.d/nfs
-r--r--r-- 3/4            1896 1994-03-02 16:04 ./usr/opt/OSC200/src/sbin/init.d/motd
-r--r--r-- 3/4            5197 1994-03-02 16:04 ./usr/opt/OSC200/src/sbin/init.d/named
-r--r--r-- 3/4            1998 1994-03-02 16:04 ./usr/opt/OSC200/src/sbin/init.d/lpd
-r--r--r-- 3/4            3458 1994-03-02 16:04 ./usr/opt/OSC200/src/sbin/init.d/loader
-r--r--r-- 3/4            4148 1994-03-02 16:04 ./usr/opt/OSC200/src/sbin/init.d/lat
-r--r--r-- 3/4            1941 1994-03-02 16:04 ./usr/opt/OSC200/src/sbin/init.d/kmod
-r--r--r-- 3/4            2919 1994-03-02 16:04 ./usr/opt/OSC200/src/sbin/init.d/kloadsrv
-r--r--r-- 3/4            2072 1994-03-02 16:04 ./usr/opt/OSC200/src/sbin/init.d/inetd
-r--r--r-- 3/4            4610 1994-03-02 16:04 ./usr/opt/OSC200/src/sbin/init.d/inet
-r--r--r-- 3/4            2575 1994-03-02 16:04 ./usr/opt/OSC200/src/sbin/init.d/gateway
-r--r--r-- 3/4            1947 1994-03-02 16:04 ./usr/opt/OSC200/src/sbin/init.d/enlogin
-r--r--r-- 3/4            2074 1994-03-02 16:04 ./usr/opt/OSC200/src/sbin/init.d/cron
-r--r--r-- 3/4            2584 1994-03-02 16:04 ./usr/opt/OSC200/src/sbin/init.d/crashdc
-r--r--r-- 3/4            4482 1994-03-02 16:04 ./usr/opt/OSC200/src/sbin/init.d/common_agent
-r--r--r-- 3/4            2495 1994-03-02 16:04 ./usr/opt/OSC200/src/sbin/init.d/audit
-r--r--r-- 3/4            1867 1994-03-02 16:04 ./usr/opt/OSC200/src/sbin/init.d/acct
-r--r--r-- 3/4            4268 1994-03-02 16:04 ./usr/opt/OSC200/src/sbin/init.d/Makefile
-r--r--r-- 3/4            1915 1994-03-02 16:04 ./usr/opt/OSC200/src/sbin/ifconfig/Makefile
-r--r--r-- 3/4            2030 1994-03-02 16:04 ./usr/opt/OSC200/src/sbin/hostname/Makefile
-r--r--r-- 3/4            2016 1994-03-02 16:04 ./usr/opt/OSC200/src/sbin/hostid/Makefile
-r--r--r-- 3/4            2032 1994-03-02 16:04 ./usr/opt/OSC200/src/sbin/halt/Makefile
-r--r--r-- 3/4            1826 1994-03-02 16:04 ./usr/opt/OSC200/src/sbin/grep/Makefile
-r--r--r-- 3/4            1955 1994-03-02 16:04 ./usr/opt/OSC200/src/sbin/fsdb/Makefile
-r--r--r-- 3/4            1812 1994-03-02 16:04 ./usr/opt/OSC200/src/sbin/fsck/Makefile
-r--r--r-- 3/4            1850 1994-03-02 16:04 ./usr/opt/OSC200/src/sbin/find/Makefile
-r--r--r-- 3/4           42721 1994-03-02 16:04 ./usr/opt/OSC200/src/sbin/fddisk/fddisk.c
-r--r--r-- 3/4            1806 1994-03-02 16:04 ./usr/opt/OSC200/src/sbin/fddisk/Makefile
-r--r--r-- 3/4            1915 1994-03-02 16:04 ./usr/opt/OSC200/src/sbin/expr/Makefile
-r--r--r-- 3/4            1962 1994-03-02 16:04 ./usr/opt/OSC200/src/sbin/ed/Makefile
-r--r--r-- 3/4            2099 1994-03-02 16:04 ./usr/opt/OSC200/src/sbin/dump/Makefile
-r--r--r-- 3/4            1927 1994-03-02 16:04 ./usr/opt/OSC200/src/sbin/disklabel/Makefile
-r--r--r-- 3/4            2118 1994-03-02 16:04 ./usr/opt/OSC200/src/sbin/diff/Makefile
-r--r--r-- 3/4            2004 1994-03-02 16:04 ./usr/opt/OSC200/src/sbin/df/Makefile
-r--r--r-- 3/4            1996 1994-03-02 16:04 ./usr/opt/OSC200/src/sbin/dd/Makefile
-r--r--r-- 3/4            2054 1994-03-02 16:04 ./usr/opt/OSC200/src/sbin/date/Makefile
-r--r--r-- 3/4            1908 1994-03-02 16:04 ./usr/opt/OSC200/src/sbin/cpio/Makefile
-r--r--r-- 3/4            1903 1994-03-02 16:04 ./usr/opt/OSC200/src/sbin/cp/Makefile
-r--r--r-- 3/4            1895 1994-03-02 16:04 ./usr/opt/OSC200/src/sbin/clri/Makefile
-r--r--r-- 3/4            2006 1994-03-02 16:03 ./usr/opt/OSC200/src/sbin/chown/Makefile
-r--r--r-- 3/4            1921 1994-03-02 16:03 ./usr/opt/OSC200/src/sbin/chmod/Makefile
-r--r--r-- 3/4            2852 1994-03-02 16:03 ./usr/opt/OSC200/src/sbin/cfgmgr/sysconfigtab
-r--r--r-- 3/4            6969 1994-03-02 16:03 ./usr/opt/OSC200/src/sbin/cfgmgr/sysconfig.c
-r--r--r-- 3/4            1849 1994-03-02 16:03 ./usr/opt/OSC200/src/sbin/cfgmgr/mk_cm_msgstr.sh
-r--r--r-- 3/4           17262 1994-03-02 16:03 ./usr/opt/OSC200/src/sbin/cfgmgr/sysconfigdb.c
-r--r--r-- 3/4            1727 1994-03-02 16:03 ./usr/opt/OSC200/src/sbin/cfgmgr/mips/machdep.mk
-r--r--r-- 3/4            2640 1994-03-02 16:03 ./usr/opt/OSC200/src/sbin/cfgmgr/mips/cm_method_defs.c
-r--r--r-- 3/4           12742 1994-03-02 16:03 ./usr/opt/OSC200/src/sbin/cfgmgr/methods/method_xti.c
-r--r--r-- 3/4            4147 1994-03-02 16:03 ./usr/opt/OSC200/src/sbin/cfgmgr/methods/method_xns.c
-r--r--r-- 3/4            9737 1994-03-02 16:03 ./usr/opt/OSC200/src/sbin/cfgmgr/methods/method_streams.c
-r--r--r-- 3/4            3906 1994-03-02 16:03 ./usr/opt/OSC200/src/sbin/cfgmgr/methods/method_s5fs.c
-r--r--r-- 3/4            3861 1994-03-02 16:03 ./usr/opt/OSC200/src/sbin/cfgmgr/methods/method_nfs.c
-r--r--r-- 3/4            8343 1994-03-02 16:03 ./usr/opt/OSC200/src/sbin/cfgmgr/methods/method_inet.c
-r--r--r-- 3/4            6237 1994-03-02 16:03 ./usr/opt/OSC200/src/sbin/cfgmgr/methods/method_filsys.c
-r--r--r-- 3/4           34655 1994-03-02 16:03 ./usr/opt/OSC200/src/sbin/cfgmgr/methods/method_dev.c
-r--r--r-- 3/4           17675 1994-03-02 16:03 ./usr/opt/OSC200/src/sbin/cfgmgr/methods/method_bin_compat.c
-r--r--r-- 3/4            5362 1994-03-02 16:03 ./usr/opt/OSC200/src/sbin/cfgmgr/cm_startup_mode.c
-r--r--r-- 3/4            8022 1994-03-02 16:03 ./usr/opt/OSC200/src/sbin/cfgmgr/cm_request_mode.c
-r--r--r-- 3/4            6687 1994-03-02 16:03 ./usr/opt/OSC200/src/sbin/cfgmgr/cm_msgstr.h
-r--r--r-- 3/4            2301 1994-03-02 16:03 ./usr/opt/OSC200/src/sbin/cfgmgr/cm_msg.c
-r--r--r-- 3/4            9682 1994-03-02 16:03 ./usr/opt/OSC200/src/sbin/cfgmgr/cm_mknods.c
-r--r--r-- 3/4            1712 1994-03-02 16:03 ./usr/opt/OSC200/src/sbin/cfgmgr/cm_method.h
-r--r--r-- 3/4            4231 1994-03-02 16:03 ./usr/opt/OSC200/src/sbin/cfgmgr/cm_kls.c
-r--r--r-- 3/4           10789 1994-03-02 16:03 ./usr/opt/OSC200/src/sbin/cfgmgr/cm_method.c
-r--r--r-- 3/4            7160 1994-03-02 16:03 ./usr/opt/OSC200/src/sbin/cfgmgr/cm_expr.c
-r--r--r-- 3/4            2634 1994-03-02 16:03 ./usr/opt/OSC200/src/sbin/cfgmgr/cm_db_defs.h
-r--r--r-- 3/4            8424 1994-03-02 16:03 ./usr/opt/OSC200/src/sbin/cfgmgr/cm_db.c
-r--r--r-- 3/4           40393 1994-03-02 16:03 ./usr/opt/OSC200/src/sbin/cfgmgr/cm_config_parser.c
-r--r--r-- 3/4            2064 1994-03-02 16:03 ./usr/opt/OSC200/src/sbin/cfgmgr/cm_cmdpkt.h
-r--r--r-- 3/4            8416 1994-03-02 16:03 ./usr/opt/OSC200/src/sbin/cfgmgr/cm.h
-r--r--r-- 3/4            9515 1994-03-02 16:03 ./usr/opt/OSC200/src/sbin/cfgmgr/cfgmgr.msg
-r--r--r-- 3/4            2327 1994-03-02 16:03 ./usr/opt/OSC200/src/sbin/cfgmgr/cfgmgr.h
-r--r--r-- 3/4            8325 1994-03-02 16:03 ./usr/opt/OSC200/src/sbin/cfgmgr/cfgmgr.c
-r--r--r-- 3/4            1775 1994-03-02 16:03 ./usr/opt/OSC200/src/sbin/cfgmgr/alpha/machdep.mk
-r--r--r-- 3/4            2584 1994-03-02 16:03 ./usr/opt/OSC200/src/sbin/cfgmgr/alpha/cm_method_defs.c
-r--r--r-- 3/4            1693 1994-03-02 16:03 ./usr/opt/OSC200/src/sbin/cfgmgr/PMAX/machdep.mk
-r--r--r-- 3/4            2699 1994-03-02 16:03 ./usr/opt/OSC200/src/sbin/cfgmgr/PMAX/cm_method_defs.c
-r--r--r-- 3/4            2493 1994-03-02 16:03 ./usr/opt/OSC200/src/sbin/cfgmgr/Makefile
-r--r--r-- 3/4            8466 1994-03-02 16:03 ./usr/opt/OSC200/src/sbin/cfgmgr/MMAX/method_mst.c
-r--r--r-- 3/4            1821 1994-03-02 16:03 ./usr/opt/OSC200/src/sbin/cfgmgr/MMAX/machdep.mk
-r--r--r-- 3/4            2367 1994-03-02 16:03 ./usr/opt/OSC200/src/sbin/cfgmgr/MMAX/cm_method_defs.c
-r--r--r-- 3/4            1909 1994-03-02 16:03 ./usr/opt/OSC200/src/sbin/cat/Makefile
-r--r--r-- 3/4            1886 1994-03-02 16:03 ./usr/opt/OSC200/src/sbin/binlogd/Makefile
-r--r--r-- 3/4            2406 1994-03-02 16:03 ./usr/opt/OSC200/src/sbin/bcheckrc
-r--r--r-- 3/4            1925 1994-03-02 16:03 ./usr/opt/OSC200/src/sbin/arp/Makefile
-r--r--r-- 3/4            2695 1994-03-02 16:03 ./usr/opt/OSC200/src/sbin/Makefile
-r--r--r-- 3/4          267733 1994-03-02 16:04 ./usr/opt/OSC200/src/sbin/fddisk/fd_fsdef.h
