-r--r--r-- 3/4            6214 1994-03-02 16:59 ./usr/opt/OSC200/src/usr/lbin/zeero/zeero.c
-r--r--r-- 3/4            1633 1994-03-02 16:59 ./usr/opt/OSC200/src/usr/lbin/zeero/Makefile
-r--r--r-- 3/4            6360 1994-03-02 16:59 ./usr/opt/OSC200/src/usr/lbin/usync/usync.c
-r--r--r-- 3/4            1647 1994-03-02 16:59 ./usr/opt/OSC200/src/usr/lbin/usync/Makefile
-r--r--r-- 3/4            4872 1994-03-02 16:59 ./usr/opt/OSC200/src/usr/lbin/udetect/udetect.c
-r--r--r-- 3/4            1652 1994-03-02 16:59 ./usr/opt/OSC200/src/usr/lbin/udetect/Makefile
-r--r--r-- 3/4            6085 1994-03-02 16:59 ./usr/opt/OSC200/src/usr/lbin/udelta/udelta.c
-r--r--r-- 3/4            1631 1994-03-02 16:59 ./usr/opt/OSC200/src/usr/lbin/udelta/Makefile
-r--r--r-- 3/4            3940 1994-03-02 16:58 ./usr/opt/OSC200/src/usr/lbin/tclear/tclear.c
-r--r--r-- 3/4             442 1993-01-26 03:01 ./usr/opt/OSC200/src/usr/lbin/tclear/PROPRIETARY_NOTICE
-r--r--r-- 3/4            1650 1994-03-02 16:58 ./usr/opt/OSC200/src/usr/lbin/tclear/Makefile
-r--r--r-- 3/4           14512 1994-03-02 16:58 ./usr/opt/OSC200/src/usr/lbin/tarsets/tarsets.c
-r--r--r-- 3/4             442 1993-01-26 03:01 ./usr/opt/OSC200/src/usr/lbin/tarsets/PROPRIETARY_NOTICE
-r--r--r-- 3/4            1650 1994-03-02 16:58 ./usr/opt/OSC200/src/usr/lbin/tarsets/Makefile
-r--r--r-- 3/4           31511 1994-03-02 16:58 ./usr/opt/OSC200/src/usr/lbin/stlmenu/stlmenu.c
-r--r--r-- 3/4            1659 1994-03-02 16:58 ./usr/opt/OSC200/src/usr/lbin/stlmenu/Makefile
-r--r--r-- 3/4           12623 1993-01-26 03:01 ./usr/opt/OSC200/src/usr/lbin/spell/stop
-r--r--r-- 3/4           18691 1994-03-02 16:58 ./usr/opt/OSC200/src/usr/lbin/spell/spellprog.c
-r--r--r-- 3/4            2310 1994-03-02 16:58 ./usr/opt/OSC200/src/usr/lbin/spell/spellout.msg
-r--r--r-- 3/4            3403 1994-03-02 16:58 ./usr/opt/OSC200/src/usr/lbin/spell/spellout.c
-r--r--r-- 3/4            6156 1994-03-02 16:58 ./usr/opt/OSC200/src/usr/lbin/spell/spellinprg.c
-r--r--r-- 3/4             625 1993-01-26 03:01 ./usr/opt/OSC200/src/usr/lbin/spell/spellhist
-r--r--r-- 3/4            3691 1994-03-02 16:58 ./usr/opt/OSC200/src/usr/lbin/spell/spell.msg
-r--r--r-- 3/4            3367 1994-03-02 16:58 ./usr/opt/OSC200/src/usr/lbin/spell/spell.h
-r--r--r-- 3/4            9954 1994-03-02 16:58 ./usr/opt/OSC200/src/usr/lbin/spell/spell.c
-r--r--r-- 3/4             248 1993-01-26 03:01 ./usr/opt/OSC200/src/usr/lbin/spell/local
-r--r--r-- 3/4            2266 1994-03-02 16:58 ./usr/opt/OSC200/src/usr/lbin/spell/huff.h
-r--r--r-- 3/4            2565 1994-03-02 16:58 ./usr/opt/OSC200/src/usr/lbin/spell/hashmake.c
-r--r--r-- 3/4            2275 1994-03-02 16:58 ./usr/opt/OSC200/src/usr/lbin/spell/hash.h
-r--r--r-- 3/4            6906 1994-03-02 16:58 ./usr/opt/OSC200/src/usr/lbin/spell/huff.c
-r--r--r-- 3/4            5205 1994-03-02 16:58 ./usr/opt/OSC200/src/usr/lbin/spell/hashlook.c
-r--r--r-- 3/4            4192 1994-03-02 16:58 ./usr/opt/OSC200/src/usr/lbin/spell/hashcheck.c
-r--r--r-- 3/4            3961 1994-03-02 16:58 ./usr/opt/OSC200/src/usr/lbin/spell/hash.c
-r--r--r-- 3/4           49098 1993-01-26 03:00 ./usr/opt/OSC200/src/usr/lbin/spell/extra
-r--r--r-- 3/4            3589 1994-03-02 16:58 ./usr/opt/OSC200/src/usr/lbin/spell/compress.sh
-r--r--r-- 3/4            3193 1993-01-26 03:00 ./usr/opt/OSC200/src/usr/lbin/spell/british
-r--r--r-- 3/4            2978 1993-01-26 03:00 ./usr/opt/OSC200/src/usr/lbin/spell/american
-r--r--r-- 3/4            2753 1994-03-02 16:58 ./usr/opt/OSC200/src/usr/lbin/spell/Mkf.native
-r--r--r-- 3/4            2419 1994-03-02 16:58 ./usr/opt/OSC200/src/usr/lbin/spell/Makefile
-r--r--r-- 3/4            2734 1994-03-02 16:58 ./usr/opt/OSC200/src/usr/lbin/slvmod/slvmod.c
-r--r--r-- 3/4            1685 1994-03-02 16:58 ./usr/opt/OSC200/src/usr/lbin/slvmod/Makefile
-r--r--r-- 3/4            8096 1994-03-02 16:58 ./usr/opt/OSC200/src/usr/lbin/mkwhatis/mkwhatis.sh
-r--r--r-- 3/4            1694 1994-03-02 16:58 ./usr/opt/OSC200/src/usr/lbin/mkwhatis/Makefile
-r--r--r-- 3/4            2270 1994-03-02 16:58 ./usr/opt/OSC200/src/usr/lbin/makekey/makekey.c
-r--r--r-- 3/4            1728 1994-03-02 16:58 ./usr/opt/OSC200/src/usr/lbin/makekey/Makefile
-r--r--r-- 3/4            9158 1994-03-02 16:58 ./usr/opt/OSC200/src/usr/lbin/invcutter/invcutter.c
-r--r--r-- 3/4             442 1993-01-26 03:00 ./usr/opt/OSC200/src/usr/lbin/invcutter/PROPRIETARY_NOTICE
-r--r--r-- 3/4            1654 1994-03-02 16:58 ./usr/opt/OSC200/src/usr/lbin/invcutter/Makefile
-r--r--r-- 3/4            4458 1994-03-02 16:58 ./usr/opt/OSC200/src/usr/lbin/ils/ils.c
-r--r--r-- 3/4            1644 1994-03-02 16:58 ./usr/opt/OSC200/src/usr/lbin/ils/Makefile
-r--r--r-- 3/4            9608 1994-03-02 16:58 ./usr/opt/OSC200/src/usr/lbin/getNAME/getNAME.c
-r--r--r-- 3/4            1728 1994-03-02 16:58 ./usr/opt/OSC200/src/usr/lbin/getNAME/Makefile
-r--r--r-- 3/4           14530 1994-03-02 16:58 ./usr/opt/OSC200/src/usr/lbin/fverify/fverify.c
-r--r--r-- 3/4             442 1993-01-26 03:00 ./usr/opt/OSC200/src/usr/lbin/fverify/PROPRIETARY_NOTICE
-r--r--r-- 3/4            1652 1994-03-02 16:58 ./usr/opt/OSC200/src/usr/lbin/fverify/Makefile
-r--r--r-- 3/4            8330 1994-03-02 16:58 ./usr/opt/OSC200/src/usr/lbin/fsmount/fsmount.c
-r--r--r-- 3/4             442 1993-01-26 03:00 ./usr/opt/OSC200/src/usr/lbin/fitset/PROPRIETARY_NOTICE
-r--r--r-- 3/4            1695 1994-03-02 16:58 ./usr/opt/OSC200/src/usr/lbin/fsmount/Makefile
-r--r--r-- 3/4            4953 1994-03-02 16:58 ./usr/opt/OSC200/src/usr/lbin/frm/frm.c
-r--r--r-- 3/4            1642 1994-03-02 16:58 ./usr/opt/OSC200/src/usr/lbin/frm/Makefile
-r--r--r-- 3/4           42302 1994-03-02 16:58 ./usr/opt/OSC200/src/usr/lbin/fitset/fitset.c
-r--r--r-- 3/4            1657 1994-03-02 16:58 ./usr/opt/OSC200/src/usr/lbin/fitset/Makefile
-r--r--r-- 3/4           13112 1994-03-02 16:58 ./usr/opt/OSC200/src/usr/lbin/diff3prog/diff3prog.c
-r--r--r-- 3/4            1554 1993-01-26 03:00 ./usr/opt/OSC200/src/usr/lbin/diff3prog/diff3.msg
-r--r--r-- 3/4            1804 1994-03-02 16:58 ./usr/opt/OSC200/src/usr/lbin/diff3prog/Makefile
-r--r--r-- 3/4            5838 1994-03-02 16:58 ./usr/opt/OSC200/src/usr/lbin/depord/depord.c
-r--r--r-- 3/4             442 1993-01-26 03:00 ./usr/opt/OSC200/src/usr/lbin/depord/PROPRIETARY_NOTICE
-r--r--r-- 3/4            1650 1994-03-02 16:58 ./usr/opt/OSC200/src/usr/lbin/depord/Makefile
-r--r--r-- 3/4            3312 1994-03-02 16:58 ./usr/opt/OSC200/src/usr/lbin/chgpt/chgpt.c
-r--r--r-- 3/4            1800 1994-03-02 16:58 ./usr/opt/OSC200/src/usr/lbin/chgpt/Makefile
-r--r--r-- 3/4            6870 1994-03-02 16:58 ./usr/opt/OSC200/src/usr/lbin/calprog/calprog.c
-r--r--r-- 3/4            1754 1994-03-02 16:58 ./usr/opt/OSC200/src/usr/lbin/calprog/Makefile
-r--r--r-- 3/4            1913 1994-03-02 16:58 ./usr/opt/OSC200/src/usr/lbin/Makefile
-r--r--r-- 3/4          194186 1993-01-26 03:01 ./usr/opt/OSC200/src/usr/lbin/spell/list
