-r--r--r-- 3/4           34477 1994-03-02 15:38 ./usr/opt/OSC200/src/etc/zoneinfo/zic.c
-r--r--r-- 3/4            6297 1994-03-02 15:38 ./usr/opt/OSC200/src/etc/zoneinfo/zdump.c
-r--r--r-- 3/4            1767 1994-03-02 15:38 ./usr/opt/OSC200/src/etc/zoneinfo/yearistype.sh
-r--r--r-- 3/4            1320 1993-01-25 22:21 ./usr/opt/OSC200/src/etc/zoneinfo/systemv
-r--r--r-- 3/4            4101 1993-01-25 22:21 ./usr/opt/OSC200/src/etc/zoneinfo/southamerica
-r--r--r-- 3/4            2489 1994-03-02 15:38 ./usr/opt/OSC200/src/etc/zoneinfo/scheck.c
-r--r--r-- 3/4           12720 1993-01-25 22:21 ./usr/opt/OSC200/src/etc/zoneinfo/northamerica
-r--r--r-- 3/4            2884 1994-03-02 15:38 ./usr/opt/OSC200/src/etc/zoneinfo/ialloc.c
-r--r--r-- 3/4             318 1993-01-25 22:21 ./usr/opt/OSC200/src/etc/zoneinfo/factory
-r--r--r-- 3/4           12064 1993-01-25 22:21 ./usr/opt/OSC200/src/etc/zoneinfo/europe
-r--r--r-- 3/4            1289 1993-01-25 22:21 ./usr/opt/OSC200/src/etc/zoneinfo/etcetera
-r--r--r-- 3/4           16701 1993-01-25 22:21 ./usr/opt/OSC200/src/etc/zoneinfo/australasia
-r--r--r-- 3/4            9165 1993-01-25 22:21 ./usr/opt/OSC200/src/etc/zoneinfo/asia
-r--r--r-- 3/4            1416 1993-01-25 22:21 ./usr/opt/OSC200/src/etc/zoneinfo/africa
-r--r--r-- 3/4            2337 1994-03-02 15:38 ./usr/opt/OSC200/src/etc/zoneinfo/Makefile
-r--r--r-- 3/4            3111 1994-03-02 15:38 ./usr/opt/OSC200/src/etc/yp/ypxfr_2perday.sh
-r--r--r-- 3/4            3033 1994-03-02 15:38 ./usr/opt/OSC200/src/etc/yp/ypxfr_1perhour.sh
-r--r--r-- 3/4            3156 1994-03-02 15:38 ./usr/opt/OSC200/src/etc/yp/ypxfr_1perday.sh
-r--r--r-- 3/4            6045 1994-03-02 15:38 ./usr/opt/OSC200/src/etc/yp/ypxfr/ypxfrd_client.c
-r--r--r-- 3/4            4318 1994-03-02 15:38 ./usr/opt/OSC200/src/etc/yp/ypxfr/ypxfrd.c
-r--r--r-- 3/4            1786 1994-03-02 15:37 ./usr/opt/OSC200/src/etc/yp/ypxfr/Makefile
-r--r--r-- 3/4           25839 1994-03-02 15:37 ./usr/opt/OSC200/src/etc/yp/yppush/yppush.c
-r--r--r-- 3/4            1779 1994-03-02 15:37 ./usr/opt/OSC200/src/etc/yp/yppush/Makefile
-r--r--r-- 3/4            1725 1994-03-02 15:37 ./usr/opt/OSC200/src/etc/yp/yppoll/Makefile
-r--r--r-- 3/4           50705 1994-03-02 15:38 ./usr/opt/OSC200/src/etc/yp/ypxfr/ypxfr.c
-r--r--r-- 3/4            8954 1994-03-02 15:37 ./usr/opt/OSC200/src/etc/yp/yppush/yp_get_master.c
-r--r--r-- 3/4           14842 1994-03-02 15:37 ./usr/opt/OSC200/src/etc/yp/yppush/yp_enum_master.c
-r--r--r-- 3/4           12142 1994-03-02 15:37 ./usr/opt/OSC200/src/etc/yp/yppoll/yppoll.c
-r--r--r-- 3/4            2848 1994-03-02 15:37 ./usr/opt/OSC200/src/etc/yp/stdhosts/stdhosts.c
-r--r--r-- 3/4            1728 1994-03-02 15:37 ./usr/opt/OSC200/src/etc/yp/stdhosts/Makefile
-r--r--r-- 3/4              46 1993-01-25 22:21 ./usr/opt/OSC200/src/etc/yp/src/README
-r--r--r-- 3/4            1724 1994-03-02 15:37 ./usr/opt/OSC200/src/etc/yp/src/Makefile
-r--r--r-- 3/4            1984 1994-03-02 15:37 ./usr/opt/OSC200/src/etc/yp/revnetgroup/util.h
-r--r--r-- 3/4            2148 1994-03-02 15:37 ./usr/opt/OSC200/src/etc/yp/revnetgroup/util.c
-r--r--r-- 3/4            1839 1994-03-02 15:37 ./usr/opt/OSC200/src/etc/yp/revnetgroup/table.h
-r--r--r-- 3/4            2699 1994-03-02 15:37 ./usr/opt/OSC200/src/etc/yp/revnetgroup/table.c
-r--r--r-- 3/4            6764 1994-03-02 15:37 ./usr/opt/OSC200/src/etc/yp/revnetgroup/revnetgroup.c
-r--r--r-- 3/4            1709 1994-03-02 15:37 ./usr/opt/OSC200/src/etc/yp/revnetgroup/getgroup.h
-r--r--r-- 3/4            5370 1994-03-02 15:37 ./usr/opt/OSC200/src/etc/yp/revnetgroup/getgroup.c
-r--r--r-- 3/4            1815 1994-03-02 15:37 ./usr/opt/OSC200/src/etc/yp/revnetgroup/Makefile
-r--r--r-- 3/4            1974 1994-03-02 15:37 ./usr/opt/OSC200/src/etc/yp/makefile
-r--r--r-- 3/4            7827 1994-03-02 15:37 ./usr/opt/OSC200/src/etc/yp/makedbm/makedbm.c
-r--r--r-- 3/4            1742 1994-03-02 15:37 ./usr/opt/OSC200/src/etc/yp/makedbm/Makefile
-r--r--r-- 3/4            9298 1994-03-02 15:37 ./usr/opt/OSC200/src/etc/yp/Makefile
-r--r--r-- 3/4            2676 1994-03-02 15:37 ./usr/opt/OSC200/src/etc/yp/.mrg..Makefile
-r--r--r-- 3/4            1669 1994-03-02 15:38 ./usr/opt/OSC200/src/etc/ultrix_profile
-r--r--r-- 3/4              16 1993-01-25 22:20 ./usr/opt/OSC200/src/etc/ultrix_path
-r--r--r-- 3/4            1642 1994-03-02 15:38 ./usr/opt/OSC200/src/etc/ultrix_login
-r--r--r-- 3/4            1841 1993-01-25 22:20 ./usr/opt/OSC200/src/etc/termcap/termcap.y_Teleray.src
-r--r--r-- 3/4            3183 1993-01-25 22:20 ./usr/opt/OSC200/src/etc/termcap/termcap.w_WYSE.src
-r--r--r-- 3/4             433 1993-01-25 22:20 ./usr/opt/OSC200/src/etc/termcap/termcap.v_MIT_Unsupported.src
-r--r--r-- 3/4             852 1993-01-25 22:20 ./usr/opt/OSC200/src/etc/termcap/termcap.v_MIT_Supported.src
-r--r--r-- 3/4             461 1993-01-25 22:20 ./usr/opt/OSC200/src/etc/termcap/termcap.t_TI.src
-r--r--r-- 3/4             779 1993-01-25 22:20 ./usr/opt/OSC200/src/etc/termcap/termcap.s_Specials.src
-r--r--r-- 3/4            1508 1993-01-25 22:20 ./usr/opt/OSC200/src/etc/termcap/termcap.q_HomeMade.src
-r--r--r-- 3/4           16884 1993-01-25 22:20 ./usr/opt/OSC200/src/etc/termcap/termcap.z_Misc.src
-r--r--r-- 3/4            9877 1993-01-25 22:20 ./usr/opt/OSC200/src/etc/termcap/termcap.v_Televideo.src
-r--r--r-- 3/4          144049 1993-01-25 22:20 ./usr/opt/OSC200/src/etc/termcap/termcap.src
-r--r--r-- 3/4             738 1993-01-25 22:20 ./usr/opt/OSC200/src/etc/termcap/termcap.p_PerkinElmer.src
-r--r--r-- 3/4            2207 1993-01-25 22:20 ./usr/opt/OSC200/src/etc/termcap/termcap.m_Microterm.src
-r--r--r-- 3/4            2736 1993-01-25 22:20 ./usr/opt/OSC200/src/etc/termcap/termcap.l_LearSiegler_ADM.src
-r--r--r-- 3/4            4936 1993-01-25 22:20 ./usr/opt/OSC200/src/etc/termcap/termcap.k_Heathkit.src
-r--r--r-- 3/4             805 1993-01-25 22:20 ./usr/opt/OSC200/src/etc/termcap/termcap.i_Infoton.src
-r--r--r-- 3/4            3219 1993-01-25 22:20 ./usr/opt/OSC200/src/etc/termcap/termcap.header
-r--r--r-- 3/4            5074 1993-01-25 22:20 ./usr/opt/OSC200/src/etc/termcap/termcap.h_HP.src
-r--r--r-- 3/4            4096 1993-01-25 22:20 ./usr/opt/OSC200/src/etc/termcap/termcap.d_Digital_Unsupported.src
-r--r--r-- 3/4           15559 1993-08-03 21:53 ./usr/opt/OSC200/src/etc/termcap/termcap.d_Digital.src
-r--r--r-- 3/4            1778 1993-03-23 14:55 ./usr/opt/OSC200/src/etc/termcap/termcap.copyright
-r--r--r-- 3/4            7359 1993-01-25 22:20 ./usr/opt/OSC200/src/etc/termcap/termcap.c_Concept.src
-r--r--r-- 3/4            3036 1993-01-25 22:20 ./usr/opt/OSC200/src/etc/termcap/termcap.b_Beehive.src
-r--r--r-- 3/4            2627 1993-01-25 22:20 ./usr/opt/OSC200/src/etc/termcap/termcap.a_ADDS.src
-r--r--r-- 3/4             968 1993-01-25 22:20 ./usr/opt/OSC200/src/etc/termcap/termcap.Z_Misc.src
-r--r--r-- 3/4            7336 1993-01-25 22:20 ./usr/opt/OSC200/src/etc/termcap/termcap.X_Tektronix.src
-r--r--r-- 3/4            1962 1993-01-25 22:20 ./usr/opt/OSC200/src/etc/termcap/termcap.V_Visual.src
-r--r--r-- 3/4            2081 1993-01-25 22:20 ./usr/opt/OSC200/src/etc/termcap/termcap.T_Teletype.src
-r--r--r-- 3/4            2449 1993-01-25 22:20 ./usr/opt/OSC200/src/etc/termcap/termcap.P_PCkermit.src
-r--r--r-- 3/4           18877 1993-01-25 22:19 ./usr/opt/OSC200/src/etc/termcap/termcap.N_AnnArbor.src
-r--r--r-- 3/4           20712 1993-01-25 22:19 ./usr/opt/OSC200/src/etc/termcap/termcap.M_Misc.src
-r--r--r-- 3/4            2048 1993-01-25 22:19 ./usr/opt/OSC200/src/etc/termcap/termcap.I_IBM.src
-r--r--r-- 3/4            2073 1993-01-25 22:19 ./usr/opt/OSC200/src/etc/termcap/termcap.H_Hazeltine.src
-r--r--r-- 3/4              47 1993-01-25 22:19 ./usr/opt/OSC200/src/etc/termcap/termcap.END
-r--r--r-- 3/4            1681 1993-01-25 22:19 ./usr/opt/OSC200/src/etc/termcap/termcap.D_Datamedia.src
-r--r--r-- 3/4             253 1993-01-25 22:19 ./usr/opt/OSC200/src/etc/termcap/termcap.C_ControlData.src
-r--r--r-- 3/4            2788 1993-01-25 22:19 ./usr/opt/OSC200/src/etc/termcap/termcap.B_ATT.src
-r--r--r-- 3/4            4557 1993-01-25 22:19 ./usr/opt/OSC200/src/etc/termcap/termcap.A_Daisy.src
-r--r--r-- 3/4             318 1993-01-25 22:19 ./usr/opt/OSC200/src/etc/termcap/reorder
-r--r--r-- 3/4            2164 1994-03-02 15:37 ./usr/opt/OSC200/src/etc/termcap/README_TOO
-r--r--r-- 3/4            3845 1994-03-02 15:37 ./usr/opt/OSC200/src/etc/termcap/README
-r--r--r-- 3/4            3913 1994-03-02 15:37 ./usr/opt/OSC200/src/etc/termcap/Makefile
-r--r--r-- 3/4             827 1993-08-12 21:27 ./usr/opt/OSC200/src/etc/termcap/.mrg..termcap
-r--r--r-- 3/4            2038 1994-03-02 15:38 ./usr/opt/OSC200/src/etc/syslog.conf
-r--r--r-- 3/4            1660 1994-03-02 15:38 ./usr/opt/OSC200/src/etc/svid3_profile
-r--r--r-- 3/4              12 1993-01-25 22:19 ./usr/opt/OSC200/src/etc/svid3_path
-r--r--r-- 3/4            1526 1994-03-02 15:38 ./usr/opt/OSC200/src/etc/svid3_login
-r--r--r-- 3/4            1854 1994-03-02 15:38 ./usr/opt/OSC200/src/etc/svid2_profile
-r--r--r-- 3/4              12 1993-01-25 22:19 ./usr/opt/OSC200/src/etc/svid2_path
-r--r--r-- 3/4            1894 1994-03-02 15:38 ./usr/opt/OSC200/src/etc/svid2_login
-r--r--r-- 3/4            2040 1994-03-02 15:37 ./usr/opt/OSC200/src/etc/svc.conf
-r--r--r-- 3/4            5015 1994-03-02 15:37 ./usr/opt/OSC200/src/etc/strsetup.conf
-r--r--r-- 3/4               0 1993-01-25 22:19 ./usr/opt/OSC200/src/etc/sia/siainitgood
-r--r--r-- 3/4              64 1993-01-25 22:19 ./usr/opt/OSC200/src/etc/shells
-r--r--r-- 3/4            2187 1994-03-02 15:37 ./usr/opt/OSC200/src/etc/sia/matrix.conf
-r--r--r-- 3/4            2191 1994-03-02 15:37 ./usr/opt/OSC200/src/etc/sia/bsd_matrix.conf
-r--r--r-- 3/4            2254 1994-03-02 15:37 ./usr/opt/OSC200/src/etc/sia/OSFC2_matrix.conf
-r--r--r-- 3/4            1731 1994-03-02 15:37 ./usr/opt/OSC200/src/etc/sia/Makefile
-r--r--r-- 3/4            3913 1994-03-02 15:37 ./usr/opt/OSC200/src/etc/services
-r--r--r-- 3/4            2159 1994-03-02 15:37 ./usr/opt/OSC200/src/etc/securettys
-r--r--r-- 3/4            1462 1993-07-13 02:13 ./usr/opt/OSC200/src/etc/sec/event_aliases
-r--r--r-- 3/4            4908 1993-06-29 14:49 ./usr/opt/OSC200/src/etc/sec/audit_events
-r--r--r-- 3/4            1709 1994-03-02 15:37 ./usr/opt/OSC200/src/etc/sec/Makefile
-r--r--r-- 3/4             773 1993-01-25 22:19 ./usr/opt/OSC200/src/etc/rpc
-r--r--r-- 3/4            3393 1994-03-02 15:37 ./usr/opt/OSC200/src/etc/rc.config
-r--r--r-- 3/4            2155 1994-03-02 15:37 ./usr/opt/OSC200/src/etc/protocols
-r--r--r-- 3/4             402 1993-01-25 22:19 ./usr/opt/OSC200/src/etc/profile
-r--r--r-- 3/4             192 1993-01-25 22:19 ./usr/opt/OSC200/src/etc/policy/mac/synonyms
-r--r--r-- 3/4             297 1993-01-25 22:19 ./usr/opt/OSC200/src/etc/policy/mac/config
-r--r--r-- 3/4              64 1993-01-25 22:19 ./usr/opt/OSC200/src/etc/policy/mac/classes
-r--r--r-- 3/4              80 1993-01-25 22:19 ./usr/opt/OSC200/src/etc/policy/mac/categories
-r--r--r-- 3/4            1804 1994-03-02 15:37 ./usr/opt/OSC200/src/etc/policy/mac/Makefile
-r--r--r-- 3/4            1941 1994-03-02 15:37 ./usr/opt/OSC200/src/etc/policy/acl/pconfig
-r--r--r-- 3/4             168 1993-01-25 22:19 ./usr/opt/OSC200/src/etc/policy/acl/config
-r--r--r-- 3/4            1838 1994-03-02 15:37 ./usr/opt/OSC200/src/etc/policy/acl/Makefile
-r--r--r-- 3/4            1753 1994-03-02 15:37 ./usr/opt/OSC200/src/etc/policy/Makefile
-r--r--r-- 3/4             694 1993-01-25 22:19 ./usr/opt/OSC200/src/etc/passwd.C2
-r--r--r-- 3/4             602 1993-01-25 22:19 ./usr/opt/OSC200/src/etc/passwd.B1
-r--r--r-- 3/4             674 1993-01-25 22:19 ./usr/opt/OSC200/src/etc/passwd
-r--r--r-- 3/4             763 1993-01-25 22:18 ./usr/opt/OSC200/src/etc/ntp.conf
-r--r--r-- 3/4            1604 1994-03-02 15:37 ./usr/opt/OSC200/src/etc/nls/native_locale.conf
-r--r--r-- 3/4            2001 1994-03-02 15:37 ./usr/opt/OSC200/src/etc/nls/loc/Makefile
-r--r--r-- 3/4            1746 1994-03-02 15:37 ./usr/opt/OSC200/src/etc/nls/Makefile
-r--r--r-- 3/4            1912 1994-03-02 15:37 ./usr/opt/OSC200/src/etc/networks
-r--r--r-- 3/4            1470 1994-03-02 15:37 ./usr/opt/OSC200/src/etc/namedb/src/README
-r--r--r-- 3/4            1710 1994-03-02 15:37 ./usr/opt/OSC200/src/etc/namedb/src/Makefile
-r--r--r-- 3/4            1766 1994-03-02 15:37 ./usr/opt/OSC200/src/etc/namedb/makefile
-r--r--r-- 3/4           10587 1994-03-02 15:37 ./usr/opt/OSC200/src/etc/namedb/bin/make_hosts.sh
-r--r--r-- 3/4            1709 1994-03-02 15:37 ./usr/opt/OSC200/src/etc/namedb/bin/Makefile
-r--r--r-- 3/4            2507 1994-03-02 15:37 ./usr/opt/OSC200/src/etc/namedb/Makefile
-r--r--r-- 3/4               1 1993-01-25 22:18 ./usr/opt/OSC200/src/etc/motd
-rw-r--r-- 3/4            5201 1993-01-26 04:31 ./usr/opt/OSC200/src/etc/magic/magic.ns32000
-r--r--r-- 3/4            8180 1994-03-02 15:37 ./usr/opt/OSC200/src/etc/magic/magic.mips
-r--r--r-- 3/4             161 1993-01-25 22:18 ./usr/opt/OSC200/src/etc/magic/magic.i386
-r--r--r-- 3/4            3196 1993-01-25 22:18 ./usr/opt/OSC200/src/etc/magic/magic.common
-r--r--r-- 3/4            1863 1994-03-02 15:37 ./usr/opt/OSC200/src/etc/magic/Makefile
-r--r--r-- 3/4            2290 1994-03-02 15:37 ./usr/opt/OSC200/src/etc/magic/.mrg..magic
-r--r--r-- 3/4            2265 1994-03-02 15:37 ./usr/opt/OSC200/src/etc/inittab
-r--r--r-- 3/4            4763 1994-03-02 15:37 ./usr/opt/OSC200/src/etc/inetd.conf
-r--r--r-- 3/4            2370 1994-03-02 15:37 ./usr/opt/OSC200/src/etc/hosts.equiv
-r--r--r-- 3/4            1918 1994-03-02 15:37 ./usr/opt/OSC200/src/etc/hosts
-r--r--r-- 3/4             320 1993-01-25 22:18 ./usr/opt/OSC200/src/etc/group.C2
-r--r--r-- 3/4             282 1993-01-25 22:18 ./usr/opt/OSC200/src/etc/group.B1
-r--r--r-- 3/4             308 1993-01-25 22:18 ./usr/opt/OSC200/src/etc/group
-r--r--r-- 3/4            2748 1994-03-02 15:37 ./usr/opt/OSC200/src/etc/gettydefs
-r--r--r-- 3/4              10 1993-01-25 22:18 ./usr/opt/OSC200/src/etc/ftpusers
-r--r--r-- 3/4              23 1993-01-25 22:18 ./usr/opt/OSC200/src/etc/fstab
-r--r--r-- 3/4            2936 1994-03-02 15:37 ./usr/opt/OSC200/src/etc/exports
-r--r--r-- 3/4            1526 1994-03-02 15:37 ./usr/opt/OSC200/src/etc/eca/snmp_pe.conf
-r--r--r-- 3/4            1871 1994-03-02 15:37 ./usr/opt/OSC200/src/etc/eca/internet_mom.conf
-r--r--r-- 3/4            2134 1994-03-02 15:37 ./usr/opt/OSC200/src/etc/eca/Makefile
-r--r--r-- 3/4            1448 1994-03-02 15:37 ./usr/opt/OSC200/src/etc/csh.login
-r--r--r-- 3/4             376 1993-01-25 22:18 ./usr/opt/OSC200/src/etc/binlog.conf
-r--r--r-- 3/4            1632 1994-03-02 15:37 ./usr/opt/OSC200/src/etc/autopush.conf
-r--r--r-- 3/4            1273 1993-08-31 15:33 ./usr/opt/OSC200/src/etc/auth/system/ttys.C2
-r--r--r-- 3/4             514 1993-01-25 22:18 ./usr/opt/OSC200/src/etc/auth/system/ttys.B1
-r--r--r-- 3/4             490 1993-01-25 22:18 ./usr/opt/OSC200/src/etc/auth/system/subsystems.C2
-r--r--r-- 3/4             490 1993-01-25 22:18 ./usr/opt/OSC200/src/etc/auth/system/subsystems.B1
-r--r--r-- 3/4             738 1993-01-25 22:18 ./usr/opt/OSC200/src/etc/auth/system/lps.C2
-r--r--r-- 3/4             738 1993-01-25 22:18 ./usr/opt/OSC200/src/etc/auth/system/lps.B1
-r--r--r-- 3/4            1830 1993-08-31 15:33 ./usr/opt/OSC200/src/etc/auth/system/devassign.C2
-r--r--r-- 3/4             820 1993-01-25 22:17 ./usr/opt/OSC200/src/etc/auth/system/devassign.B1
-r--r--r-- 3/4             587 1993-04-01 20:35 ./usr/opt/OSC200/src/etc/auth/system/default.C2
-r--r--r-- 3/4             578 1993-01-25 22:17 ./usr/opt/OSC200/src/etc/auth/system/default.B1
-r--r--r-- 3/4           34430 1994-03-02 15:37 ./usr/opt/OSC200/src/etc/eca/builtin_types.proto
-r--r--r-- 3/4           26701 1994-03-02 15:37 ./usr/opt/OSC200/src/etc/disktab
-r--r--r-- 3/4           18983 1994-03-02 15:36 ./usr/opt/OSC200/src/etc/auth/system/files.C2
-r--r--r-- 3/4           36233 1993-01-25 22:18 ./usr/opt/OSC200/src/etc/auth/system/files.B1
-r--r--r-- 3/4             553 1993-01-25 22:17 ./usr/opt/OSC200/src/etc/auth/system/authorize.C2
-r--r--r-- 3/4             687 1993-01-25 22:17 ./usr/opt/OSC200/src/etc/auth/system/authorize.B1
-r--r--r-- 3/4            2167 1994-03-02 15:36 ./usr/opt/OSC200/src/etc/auth/system/Makefile
-r--r--r-- 3/4             360 1993-01-25 22:17 ./usr/opt/OSC200/src/etc/auth/subsystems/users
-r--r--r-- 3/4            1780 1994-03-02 15:36 ./usr/opt/OSC200/src/etc/auth/subsystems/Makefile
-r--r--r-- 3/4            3194 1994-03-02 15:36 ./usr/opt/OSC200/src/etc/auth/Makefile
-r--r--r-- 3/4               1 1993-01-25 22:17 ./usr/opt/OSC200/src/etc/TIMEZONE
-r--r--r-- 3/4            2959 1994-03-02 15:36 ./usr/opt/OSC200/src/etc/Makefile
-r--r--r-- 3/4            2874 1994-03-02 15:36 ./usr/opt/OSC200/src/etc/.mrg..setup.conf
-r--r--r-- 3/4            5015 1994-03-02 15:36 ./usr/opt/OSC200/src/etc/.mrg..services
-r--r--r-- 3/4            3178 1994-03-02 15:36 ./usr/opt/OSC200/src/etc/.mrg..securettys
-r--r--r-- 3/4            2333 1994-03-02 15:36 ./usr/opt/OSC200/src/etc/.mrg..protocols
-r--r--r-- 3/4            4307 1994-03-02 15:36 ./usr/opt/OSC200/src/etc/.mrg..inetd.conf
-r--r--r-- 3/4            2702 1994-03-02 15:36 ./usr/opt/OSC200/src/etc/.mrg..hosts.equiv
-r--r--r-- 3/4            2527 1994-03-02 15:36 ./usr/opt/OSC200/src/etc/.mrg..gettydefs
-r--r--r-- 3/4            2543 1994-03-02 15:36 ./usr/opt/OSC200/src/etc/.mrg..fstab
-r--r--r-- 3/4            4711 1994-03-02 15:36 ./usr/opt/OSC200/src/etc/.mrg..exports
-r--r--r-- 3/4            9576 1994-03-02 15:36 ./usr/opt/OSC200/src/etc/.mrg..disktab
