-r--r--r-- 3/4            2099 1994-03-02 16:56 ./usr/opt/OSC200/src/usr/field/tapex/Makefile
-r--r--r-- 3/4            5610 1994-03-02 16:56 ./usr/opt/OSC200/src/usr/field/shmxb/shmxb.c
-r--r--r-- 3/4            2051 1994-03-02 16:56 ./usr/opt/OSC200/src/usr/field/shmxb/Makefile
-r--r--r-- 3/4           11862 1994-03-02 16:56 ./usr/opt/OSC200/src/usr/field/shmx/shmx.c
-r--r--r-- 3/4            2064 1994-03-02 16:56 ./usr/opt/OSC200/src/usr/field/shmx/Makefile
-r--r--r-- 3/4           11590 1994-03-02 16:56 ./usr/opt/OSC200/src/usr/field/rt/rt.c
-r--r--r-- 3/4            1913 1994-03-02 16:56 ./usr/opt/OSC200/src/usr/field/rt/Makefile
-r--r--r-- 3/4           14154 1994-03-02 16:56 ./usr/opt/OSC200/src/usr/field/mtx/mtx.c
-r--r--r-- 3/4            1949 1994-03-02 16:56 ./usr/opt/OSC200/src/usr/field/mtx/Makefile
-r--r--r-- 3/4            5900 1994-03-02 16:56 ./usr/opt/OSC200/src/usr/field/memxr/memxr.c
-r--r--r-- 3/4            2080 1994-03-02 16:56 ./usr/opt/OSC200/src/usr/field/memxr/Makefile
-r--r--r-- 3/4            9779 1994-03-02 16:56 ./usr/opt/OSC200/src/usr/field/memx/memx.c
-r--r--r-- 3/4            2090 1994-03-02 16:56 ./usr/opt/OSC200/src/usr/field/memx/Makefile
-r--r--r-- 3/4            6361 1994-03-02 16:56 ./usr/opt/OSC200/src/usr/field/fsxr/fsxr.c
-r--r--r-- 3/4            2075 1994-03-02 16:56 ./usr/opt/OSC200/src/usr/field/fsxr/Makefile
-r--r--r-- 3/4            7615 1994-03-02 16:56 ./usr/opt/OSC200/src/usr/field/fsx/fsx.c
-r--r--r-- 3/4            2070 1994-03-02 16:56 ./usr/opt/OSC200/src/usr/field/fsx/Makefile
-r--r--r-- 3/4           26854 1994-03-02 16:56 ./usr/opt/OSC200/src/usr/field/dskx/dskx.c
-r--r--r-- 3/4            1956 1994-03-02 16:56 ./usr/opt/OSC200/src/usr/field/dskx/Makefile
-r--r--r-- 3/4            2099 1994-03-02 16:56 ./usr/opt/OSC200/src/usr/field/diskx/Makefile
-r--r--r-- 3/4            7445 1994-03-02 16:56 ./usr/opt/OSC200/src/usr/field/diaglib/diaglib.c
-r--r--r-- 3/4            9048 1994-03-02 16:56 ./usr/opt/OSC200/src/usr/field/diaglib/diag.h
-r--r--r-- 3/4           19469 1994-03-02 16:56 ./usr/opt/OSC200/src/usr/field/cmx/cmx.c
-r--r--r-- 3/4          159746 1994-03-02 16:56 ./usr/opt/OSC200/src/usr/field/diskx/diskx.c
-r--r--r-- 3/4            2054 1994-03-02 16:56 ./usr/opt/OSC200/src/usr/field/cmx/Makefile
-r--r--r-- 3/4            1493 1993-01-26 02:48 ./usr/opt/OSC200/src/usr/field/canasta/README
-r--r--r-- 3/4            2064 1994-03-02 16:56 ./usr/opt/OSC200/src/usr/field/Makefile
-r--r--r-- 3/4          244552 1994-03-02 16:56 ./usr/opt/OSC200/src/usr/field/tapex/tapex.c
