-r--r--r-- 3/4            3441 1994-03-02 17:11 ./usr/opt/OSC200/src/usr/share/mk/posix.mk
-r--r--r-- 3/4            1585 1994-03-02 17:11 ./usr/opt/OSC200/src/usr/share/mk/Makefile
-r--r--r-- 3/4           39883 1994-03-02 17:03 ./usr/opt/OSC200/src/usr/opt/posix/usr/bin/make/var.c
-r--r--r-- 3/4           19953 1994-03-02 17:03 ./usr/opt/OSC200/src/usr/opt/posix/usr/bin/make/targ.c
-r--r--r-- 3/4           64714 1994-03-02 17:03 ./usr/opt/OSC200/src/usr/opt/posix/usr/bin/make/suff.c
-r--r--r-- 3/4            6988 1994-03-02 17:03 ./usr/opt/OSC200/src/usr/opt/posix/usr/bin/make/str.c
-r--r--r-- 3/4            8102 1994-03-02 17:03 ./usr/opt/OSC200/src/usr/opt/posix/usr/bin/make/pmake.msg
-r--r--r-- 3/4            2763 1994-03-02 17:03 ./usr/opt/OSC200/src/usr/opt/posix/usr/bin/make/pathnames.h
-r--r--r-- 3/4            5102 1994-03-02 17:03 ./usr/opt/OSC200/src/usr/opt/posix/usr/bin/make/nonints.h
-r--r--r-- 3/4            8101 1994-03-02 17:03 ./usr/opt/OSC200/src/usr/opt/posix/usr/bin/make/make.msg
-r--r--r-- 3/4            3311 1994-03-02 17:03 ./usr/opt/OSC200/src/usr/opt/posix/usr/bin/make/lst.lib/lstSucc.c
-r--r--r-- 3/4            3287 1994-03-02 17:03 ./usr/opt/OSC200/src/usr/opt/posix/usr/bin/make/lst.lib/lstReplace.c
-r--r--r-- 3/4            1581 1994-03-02 17:03 ./usr/opt/OSC200/src/usr/opt/posix/usr/bin/Makefile
-r--r--r-- 3/4           49002 1994-03-02 17:03 ./usr/opt/OSC200/src/usr/opt/posix/usr/bin/make/parse.c
-r--r--r-- 3/4           15392 1994-03-02 17:03 ./usr/opt/OSC200/src/usr/opt/posix/usr/bin/make/make.h
-r--r--r-- 3/4           13291 1994-03-02 17:03 ./usr/opt/OSC200/src/usr/opt/posix/usr/bin/make/make.c
-r--r--r-- 3/4           21473 1994-03-02 17:03 ./usr/opt/OSC200/src/usr/opt/posix/usr/bin/make/main.c
-r--r--r-- 3/4            4961 1994-03-02 17:03 ./usr/opt/OSC200/src/usr/opt/posix/usr/bin/make/lst.lib/lstRemove.c
-r--r--r-- 3/4            3787 1994-03-02 17:03 ./usr/opt/OSC200/src/usr/opt/posix/usr/bin/make/lst.lib/lstOpen.c
-r--r--r-- 3/4            4480 1994-03-02 17:03 ./usr/opt/OSC200/src/usr/opt/posix/usr/bin/make/lst.lib/lstNext.c
-r--r--r-- 3/4            3153 1994-03-02 17:03 ./usr/opt/OSC200/src/usr/opt/posix/usr/bin/make/lst.lib/lstMember.c
-r--r--r-- 3/4            3223 1994-03-02 17:03 ./usr/opt/OSC200/src/usr/opt/posix/usr/bin/make/lst.lib/lstLast.c
-r--r--r-- 3/4            3249 1994-03-02 17:03 ./usr/opt/OSC200/src/usr/opt/posix/usr/bin/make/lst.lib/lstIsEmpty.c
-r--r--r-- 3/4            3378 1994-03-02 17:03 ./usr/opt/OSC200/src/usr/opt/posix/usr/bin/make/lst.lib/lstInt.h
-r--r--r-- 3/4            4296 1994-03-02 17:03 ./usr/opt/OSC200/src/usr/opt/posix/usr/bin/make/lst.lib/lstInsert.c
-r--r--r-- 3/4            3492 1994-03-02 17:03 ./usr/opt/OSC200/src/usr/opt/posix/usr/bin/make/lst.lib/lstInit.c
-r--r--r-- 3/4            4306 1994-03-02 17:03 ./usr/opt/OSC200/src/usr/opt/posix/usr/bin/make/lst.lib/lstForEachFrom.c
-r--r--r-- 3/4            3381 1994-03-02 17:03 ./usr/opt/OSC200/src/usr/opt/posix/usr/bin/make/lst.lib/lstForEach.c
-r--r--r-- 3/4            3206 1994-03-02 17:03 ./usr/opt/OSC200/src/usr/opt/posix/usr/bin/make/lst.lib/lstFirst.c
-r--r--r-- 3/4            3812 1994-03-02 17:03 ./usr/opt/OSC200/src/usr/opt/posix/usr/bin/make/lst.lib/lstFindFrom.c
-r--r--r-- 3/4            3265 1994-03-02 17:03 ./usr/opt/OSC200/src/usr/opt/posix/usr/bin/make/lst.lib/lstFind.c
-r--r--r-- 3/4            3905 1994-03-02 17:03 ./usr/opt/OSC200/src/usr/opt/posix/usr/bin/make/lst.lib/lstDestroy.c
-r--r--r-- 3/4            3497 1994-03-02 17:03 ./usr/opt/OSC200/src/usr/opt/posix/usr/bin/make/lst.lib/lstDeQueue.c
-r--r--r-- 3/4            3218 1994-03-02 17:03 ./usr/opt/OSC200/src/usr/opt/posix/usr/bin/make/lst.lib/lstDatum.c
-r--r--r-- 3/4            7334 1994-03-02 17:03 ./usr/opt/OSC200/src/usr/opt/posix/usr/bin/make/lst.lib/lstConcat.c
-r--r--r-- 3/4            3553 1994-03-02 17:03 ./usr/opt/OSC200/src/usr/opt/posix/usr/bin/make/lst.lib/lstClose.c
-r--r--r-- 3/4            3336 1994-03-02 17:03 ./usr/opt/OSC200/src/usr/opt/posix/usr/bin/make/lst.lib/lstAtFront.c
-r--r--r-- 3/4            3292 1994-03-02 17:03 ./usr/opt/OSC200/src/usr/opt/posix/usr/bin/make/lst.lib/lstAtEnd.c
-r--r--r-- 3/4            4431 1994-03-02 17:03 ./usr/opt/OSC200/src/usr/opt/posix/usr/bin/make/lst.lib/lstAppend.c
-r--r--r-- 3/4            5033 1994-03-02 17:03 ./usr/opt/OSC200/src/usr/opt/posix/usr/bin/make/lst.lib/lstAlloc.c
-r--r--r-- 3/4            7386 1994-03-02 17:03 ./usr/opt/OSC200/src/usr/opt/posix/usr/bin/make/lst.h
-r--r--r-- 3/4            9764 1994-03-02 17:03 ./usr/opt/OSC200/src/usr/opt/posix/usr/bin/make/job.h
-r--r--r-- 3/4            7725 1994-03-02 17:03 ./usr/opt/OSC200/src/usr/opt/posix/usr/bin/make/job.c
-r--r--r-- 3/4            4815 1994-03-02 17:03 ./usr/opt/OSC200/src/usr/opt/posix/usr/bin/make/hash.h
-r--r--r-- 3/4           10395 1994-03-02 17:03 ./usr/opt/OSC200/src/usr/opt/posix/usr/bin/make/hash.c
-r--r--r-- 3/4           28057 1994-03-02 17:03 ./usr/opt/OSC200/src/usr/opt/posix/usr/bin/make/dir.c
-r--r--r-- 3/4           19560 1994-03-02 17:03 ./usr/opt/OSC200/src/usr/opt/posix/usr/bin/make/compat.c
-r--r--r-- 3/4            3412 1994-03-02 17:03 ./usr/opt/OSC200/src/usr/opt/posix/usr/bin/make/buf.h
-r--r--r-- 3/4            7983 1994-03-02 17:03 ./usr/opt/OSC200/src/usr/opt/posix/usr/bin/make/buf.c
-r--r--r-- 3/4            4151 1994-03-02 17:03 ./usr/opt/OSC200/src/usr/opt/posix/usr/bin/make/bit.h
-r--r--r-- 3/4           27304 1994-03-02 17:03 ./usr/opt/OSC200/src/usr/opt/posix/usr/bin/make/arch.c
-r--r--r-- 3/4            4290 1994-03-02 17:03 ./usr/opt/OSC200/src/usr/opt/posix/usr/bin/make/alphaosf.h
-r--r--r-- 3/4            1511 1994-03-02 17:03 ./usr/opt/OSC200/src/usr/opt/posix/usr/Makefile
-r--r--r-- 3/4            2430 1994-03-02 17:03 ./usr/opt/OSC200/src/usr/opt/posix/usr/bin/make/Makefile
-r--r--r-- 3/4            1511 1994-03-02 17:03 ./usr/opt/OSC200/src/usr/opt/posix/Makefile
-r--r--r-- 3/4            1513 1994-03-02 17:03 ./usr/opt/OSC200/src/usr/opt/Makefile
