-r--r--r-- 3/4            1831 1993-01-26 00:10 ./usr/opt/OSC200/src/tcb/files/ttys
-r--r--r-- 3/4            2060 1994-03-02 16:20 ./usr/opt/OSC200/src/tcb/files/subsys/Makefile
-r--r--r-- 3/4            1892 1994-03-02 16:20 ./usr/opt/OSC200/src/tcb/files/spdinitrc
-r--r--r-- 3/4            1396 1994-03-02 16:20 ./usr/opt/OSC200/src/tcb/files/sp_config.C2
-r--r--r-- 3/4             129 1993-01-26 00:10 ./usr/opt/OSC200/src/tcb/files/sp_config.B1
-r--r--r-- 3/4            1636 1994-03-02 16:20 ./usr/opt/OSC200/src/tcb/files/skel/Makefile
-r--r--r-- 3/4             665 1993-01-26 00:10 ./usr/opt/OSC200/src/tcb/files/inittab
-r--r--r-- 3/4              60 1993-07-20 16:51 ./usr/opt/OSC200/src/tcb/files/auth.C2/u/uucpa
-r--r--r-- 3/4              58 1993-01-26 00:10 ./usr/opt/OSC200/src/tcb/files/auth.C2/u/uucp
-r--r--r-- 3/4            1753 1994-03-02 16:20 ./usr/opt/OSC200/src/tcb/files/auth.C2/u/Makefile
-r--r--r-- 3/4              56 1993-07-20 16:50 ./usr/opt/OSC200/src/tcb/files/auth.C2/t/tcb
-r--r--r-- 3/4            1745 1994-03-02 16:20 ./usr/opt/OSC200/src/tcb/files/auth.C2/t/Makefile
-r--r--r-- 3/4             627 1993-04-01 20:50 ./usr/opt/OSC200/src/tcb/files/auth.C2/r/root
-r--r--r-- 3/4              75 1993-07-20 16:50 ./usr/opt/OSC200/src/tcb/files/auth.C2/r/ris
-r--r--r-- 3/4            1751 1994-03-02 16:20 ./usr/opt/OSC200/src/tcb/files/auth.C2/r/Makefile
-r--r--r-- 3/4              86 1993-07-20 16:49 ./usr/opt/OSC200/src/tcb/files/auth.C2/n/nobodyV
-r--r--r-- 3/4              84 1993-07-20 16:49 ./usr/opt/OSC200/src/tcb/files/auth.C2/n/nobody
-r--r--r-- 3/4              54 1993-01-26 00:10 ./usr/opt/OSC200/src/tcb/files/auth.C2/n/news
-r--r--r-- 3/4            1762 1994-03-02 16:20 ./usr/opt/OSC200/src/tcb/files/auth.C2/n/Makefile
-r--r--r-- 3/4              67 1993-01-26 00:10 ./usr/opt/OSC200/src/tcb/files/auth.C2/l/lp
-r--r--r-- 3/4            1744 1994-03-02 16:20 ./usr/opt/OSC200/src/tcb/files/auth.C2/l/Makefile
-r--r--r-- 3/4              62 1993-01-26 00:10 ./usr/opt/OSC200/src/tcb/files/auth.C2/d/daemon
-r--r--r-- 3/4            1752 1994-03-02 16:20 ./usr/opt/OSC200/src/tcb/files/auth.C2/d/Makefile
-r--r--r-- 3/4              58 1993-01-26 00:09 ./usr/opt/OSC200/src/tcb/files/auth.C2/c/cron
-r--r--r-- 3/4            1748 1994-03-02 16:20 ./usr/opt/OSC200/src/tcb/files/auth.C2/c/Makefile
-r--r--r-- 3/4              56 1993-01-26 00:09 ./usr/opt/OSC200/src/tcb/files/auth.C2/b/bin
-r--r--r-- 3/4            1666 1994-03-02 16:20 ./usr/opt/OSC200/src/tcb/files/auth.C2/b/Makefile
-r--r--r-- 3/4              58 1993-01-26 00:09 ./usr/opt/OSC200/src/tcb/files/auth.C2/a/auth
-r--r--r-- 3/4              57 1993-01-26 00:09 ./usr/opt/OSC200/src/tcb/files/auth.C2/a/adm
-r--r--r-- 3/4            1810 1994-03-02 16:20 ./usr/opt/OSC200/src/tcb/files/auth.C2/a/Makefile
-r--r--r-- 3/4            1833 1994-03-02 16:20 ./usr/opt/OSC200/src/tcb/files/auth.C2/Makefile
-r--r--r-- 3/4              58 1993-01-26 00:09 ./usr/opt/OSC200/src/tcb/files/auth.B1/u/uucp
-r--r--r-- 3/4            1744 1994-03-02 16:20 ./usr/opt/OSC200/src/tcb/files/auth.B1/u/Makefile
-r--r--r-- 3/4              56 1993-01-26 00:09 ./usr/opt/OSC200/src/tcb/files/auth.B1/t/tcb.entry
-r--r--r-- 3/4            1803 1994-03-02 16:20 ./usr/opt/OSC200/src/tcb/files/auth.B1/t/Makefile
-r--r--r-- 3/4              56 1993-01-26 00:09 ./usr/opt/OSC200/src/tcb/files/auth.B1/s/sys
-r--r--r-- 3/4            1742 1994-03-02 16:20 ./usr/opt/OSC200/src/tcb/files/auth.B1/s/Makefile
-r--r--r-- 3/4             756 1993-01-26 00:09 ./usr/opt/OSC200/src/tcb/files/auth.B1/r/root
-r--r--r-- 3/4            1745 1994-03-02 16:20 ./usr/opt/OSC200/src/tcb/files/auth.B1/r/Makefile
-r--r--r-- 3/4              67 1993-01-26 00:09 ./usr/opt/OSC200/src/tcb/files/auth.B1/l/lp
-r--r--r-- 3/4            1740 1994-03-02 16:20 ./usr/opt/OSC200/src/tcb/files/auth.B1/l/Makefile
-r--r--r-- 3/4              62 1993-01-26 00:09 ./usr/opt/OSC200/src/tcb/files/auth.B1/d/daemon
-r--r--r-- 3/4            1748 1994-03-02 16:19 ./usr/opt/OSC200/src/tcb/files/auth.B1/d/Makefile
-r--r--r-- 3/4              58 1993-01-26 00:09 ./usr/opt/OSC200/src/tcb/files/auth.B1/c/cron
-r--r--r-- 3/4            1744 1994-03-02 16:19 ./usr/opt/OSC200/src/tcb/files/auth.B1/c/Makefile
-r--r--r-- 3/4              56 1993-01-26 00:09 ./usr/opt/OSC200/src/tcb/files/auth.B1/b/bin
-r--r--r-- 3/4            1742 1994-03-02 16:19 ./usr/opt/OSC200/src/tcb/files/auth.B1/b/Makefile
-r--r--r-- 3/4              58 1993-01-26 00:09 ./usr/opt/OSC200/src/tcb/files/auth.B1/a/auth
-r--r--r-- 3/4              60 1993-01-26 00:09 ./usr/opt/OSC200/src/tcb/files/auth.B1/a/audit
-r--r--r-- 3/4              57 1993-01-26 00:09 ./usr/opt/OSC200/src/tcb/files/auth.B1/a/adm
-r--r--r-- 3/4            1765 1994-03-02 16:19 ./usr/opt/OSC200/src/tcb/files/auth.B1/a/Makefile
-r--r--r-- 3/4            1692 1994-03-02 16:19 ./usr/opt/OSC200/src/tcb/files/auth.B1/Makefile
-r--r--r-- 3/4            1637 1994-03-02 16:19 ./usr/opt/OSC200/src/tcb/files/audit/Makefile
-r--r--r-- 3/4            2919 1994-03-02 16:19 ./usr/opt/OSC200/src/tcb/files/Makefile
-r--r--r-- 3/4            1868 1994-03-02 16:20 ./usr/opt/OSC200/src/tcb/Makefile
