-r--r--r-- 3/4           19657 1994-03-02 16:15 ./usr/opt/OSC200/src/setup/postinstall.sh
-r--r--r-- 3/4            1915 1994-03-02 16:15 ./usr/opt/OSC200/src/setup/osf1_idlist
-r--r--r-- 3/4            2921 1994-03-02 16:15 ./usr/opt/OSC200/src/setup/alpha/ultrix.sh
-r--r--r-- 3/4            7384 1994-03-02 16:15 ./usr/opt/OSC200/src/setup/alpha/tools.sh
-r--r--r-- 3/4            5746 1994-03-02 16:15 ./usr/opt/OSC200/src/setup/alpha/stand.sh
-r--r--r-- 3/4            9635 1994-03-02 16:15 ./usr/opt/OSC200/src/setup/alpha/setup.sh
-r--r--r-- 3/4            2341 1994-03-02 16:15 ./usr/opt/OSC200/src/setup/alpha/osf1.sh
-r--r--r-- 3/4            3857 1994-03-02 16:15 ./usr/opt/OSC200/src/setup/alpha/onetool.sh
-r--r--r-- 3/4            4002 1994-03-02 16:15 ./usr/opt/OSC200/src/setup/alpha/oneinstall.sh
-r--r--r-- 3/4            4659 1994-03-02 16:15 ./usr/opt/OSC200/src/setup/alpha/onecmd.sh
-r--r--r-- 3/4            7880 1994-03-02 16:15 ./usr/opt/OSC200/src/setup/alpha/kernel.sh
-r--r--r-- 3/4            6866 1994-03-02 16:15 ./usr/opt/OSC200/src/setup/alpha/installsec.sh
-r--r--r-- 3/4            4839 1994-03-02 16:15 ./usr/opt/OSC200/src/setup/alpha/installk.sh
-r--r--r-- 3/4            4783 1994-03-02 16:15 ./usr/opt/OSC200/src/setup/alpha/install.sh
-r--r--r-- 3/4            1696 1994-03-02 16:15 ./usr/opt/OSC200/src/setup/alpha/inst.sh
-r--r--r-- 3/4            2258 1994-03-02 16:15 ./usr/opt/OSC200/src/setup/alpha/inst.all
-r--r--r-- 3/4            2637 1994-03-02 16:15 ./usr/opt/OSC200/src/setup/alpha/cross-devel.sh
-r--r--r-- 3/4            4796 1994-03-02 16:15 ./usr/opt/OSC200/src/setup/alpha/cmds.sh
-r--r--r-- 3/4            1935 1994-03-02 16:15 ./usr/opt/OSC200/src/setup/alpha/all.sh
-r--r--r-- 3/4            2903 1993-01-25 23:49 ./usr/opt/OSC200/src/setup/README
-r--r--r-- 3/4            2891 1994-03-02 16:15 ./usr/opt/OSC200/src/setup/PMAX/ultrix.sh
-r--r--r-- 3/4            7324 1994-03-02 16:15 ./usr/opt/OSC200/src/setup/PMAX/tools.sh
-r--r--r-- 3/4            7110 1994-03-02 16:15 ./usr/opt/OSC200/src/setup/PMAX/stand.sh
-r--r--r-- 3/4           11111 1994-03-02 16:15 ./usr/opt/OSC200/src/setup/PMAX/setup.sh
-r--r--r-- 3/4            2448 1994-03-02 16:15 ./usr/opt/OSC200/src/setup/PMAX/osf1.sh
-r--r--r-- 3/4            3823 1994-03-02 16:15 ./usr/opt/OSC200/src/setup/PMAX/onetool.sh
-r--r--r-- 3/4            5439 1994-03-02 16:15 ./usr/opt/OSC200/src/setup/PMAX/oneinstall.sh
-r--r--r-- 3/4            6177 1994-03-02 16:15 ./usr/opt/OSC200/src/setup/PMAX/onecmd.sh
-r--r--r-- 3/4            2987 1994-03-02 16:15 ./usr/opt/OSC200/src/setup/PMAX/mipsc_rel.sh
-r--r--r-- 3/4            1827 1994-03-02 16:15 ./usr/opt/OSC200/src/setup/PMAX/inst.sh
-r--r--r-- 3/4            9202 1994-03-02 16:15 ./usr/opt/OSC200/src/setup/PMAX/kernel.sh
-r--r--r-- 3/4            5092 1994-03-02 16:15 ./usr/opt/OSC200/src/setup/PMAX/kdebug.sh
-r--r--r-- 3/4            8243 1994-03-02 16:15 ./usr/opt/OSC200/src/setup/PMAX/installsec.sh
-r--r--r-- 3/4            4929 1994-03-02 16:15 ./usr/opt/OSC200/src/setup/PMAX/installk.sh
-r--r--r-- 3/4            4903 1994-03-02 16:15 ./usr/opt/OSC200/src/setup/PMAX/install.sh
-r--r--r-- 3/4            7219 1994-03-02 16:15 ./usr/opt/OSC200/src/setup/PMAX/dbgmon.sh
-r--r--r-- 3/4            6497 1994-03-02 16:15 ./usr/opt/OSC200/src/setup/PMAX/cmplrs.sh
-r--r--r-- 3/4            7767 1994-03-02 16:15 ./usr/opt/OSC200/src/setup/PMAX/cmplrs.boot.sh
-r--r--r-- 3/4            6371 1994-03-02 16:15 ./usr/opt/OSC200/src/setup/PMAX/cmds.sh
-r--r--r-- 3/4            3558 1994-03-02 16:15 ./usr/opt/OSC200/src/setup/PMAX/all.sh
