-r--r--r-- 3/4           26036 1993-01-26 02:48 ./usr/opt/OSC200/src/usr/doc/osf/project/loader/overview.notes
-r--r--r-- 3/4            7644 1993-01-26 02:48 ./usr/opt/OSC200/src/usr/doc/osf/project/loader/loader_switch.notes
-r--r--r-- 3/4           19597 1993-01-26 02:48 ./usr/opt/OSC200/src/usr/doc/osf/project/loader/loader_api.notes
-r--r--r-- 3/4           36084 1993-01-26 02:48 ./usr/opt/OSC200/src/usr/doc/osf/project/loader/kload.notes
-r--r--r-- 3/4           25816 1993-01-26 02:48 ./usr/opt/OSC200/src/usr/doc/osf/project/loader/exec.notes
-r--r--r-- 3/4           14620 1993-01-26 02:48 ./usr/opt/OSC200/src/usr/doc/osf/project/loader/address_space.notes
-r--r--r-- 3/4           16156 1993-01-26 02:48 ./usr/opt/OSC200/src/usr/doc/osf/lvm/vgda.t
-r--r--r-- 3/4            4549 1993-01-26 02:48 ./usr/opt/OSC200/src/usr/doc/osf/lvm/terminology.t
-r--r--r-- 3/4             982 1993-01-26 02:48 ./usr/opt/OSC200/src/usr/doc/osf/lvm/picmacros.m
-r--r--r-- 3/4           11282 1993-01-26 02:48 ./usr/opt/OSC200/src/usr/doc/osf/lvm/physvol.t
-r--r--r-- 3/4            2706 1993-01-26 02:48 ./usr/opt/OSC200/src/usr/doc/osf/lvm/physvol.lem
-r--r--r-- 3/4             249 1993-01-26 02:48 ./usr/opt/OSC200/src/usr/doc/osf/lvm/mirror_recovery.t
-r--r--r-- 3/4             792 1993-01-26 02:48 ./usr/opt/OSC200/src/usr/doc/osf/lvm/lvm_layering.lem
-r--r--r-- 3/4            1087 1993-01-26 02:48 ./usr/opt/OSC200/src/usr/doc/osf/lvm/lvm.t
-r--r--r-- 3/4           46967 1993-01-26 02:48 ./usr/opt/OSC200/src/usr/doc/osf/lvm/prog_interface.t
-r--r--r-- 3/4           10894 1993-01-26 02:48 ./usr/opt/OSC200/src/usr/doc/osf/lvm/phys_driver_intfc.t
-r--r--r-- 3/4            9241 1993-01-26 02:48 ./usr/opt/OSC200/src/usr/doc/osf/lvm/overview.t
-r--r--r-- 3/4           16082 1993-01-26 02:48 ./usr/opt/OSC200/src/usr/doc/osf/lvm/operations.t
-r--r--r-- 3/4            4378 1993-01-26 02:48 ./usr/opt/OSC200/src/usr/doc/osf/lvm/limits.t
-r--r--r-- 3/4            1360 1993-01-26 02:48 ./usr/opt/OSC200/src/usr/doc/osf/lvm/ioflow.lem
-r--r--r-- 3/4           59667 1993-01-26 02:47 ./usr/opt/OSC200/src/usr/doc/osf/lvm/implementation.t
-r--r--r-- 3/4            1847 1993-01-26 02:47 ./usr/opt/OSC200/src/usr/doc/osf/lvm/fontmacros.m
-r--r--r-- 3/4            1311 1993-01-26 02:47 ./usr/opt/OSC200/src/usr/doc/osf/lvm/exemodel.lem
-r--r--r-- 3/4            1200 1993-01-26 02:47 ./usr/opt/OSC200/src/usr/doc/osf/lvm/datastruct.lem
-r--r--r-- 3/4            2705 1993-01-26 02:47 ./usr/opt/OSC200/src/usr/doc/osf/lvm/copyright.m
-r--r--r-- 3/4             614 1993-01-26 02:47 ./usr/opt/OSC200/src/usr/doc/osf/lvm/bytes.lem
-r--r--r-- 3/4            1065 1993-01-26 02:47 ./usr/opt/OSC200/src/usr/doc/osf/lvm/VG_trailer.lem
-r--r--r-- 3/4            1051 1993-01-26 02:47 ./usr/opt/OSC200/src/usr/doc/osf/lvm/VG_header.lem
-r--r--r-- 3/4            1055 1993-01-26 02:47 ./usr/opt/OSC200/src/usr/doc/osf/lvm/VGSA.lem
-r--r--r-- 3/4            2676 1993-01-26 02:47 ./usr/opt/OSC200/src/usr/doc/osf/lvm/VGDA.lem
-r--r--r-- 3/4             657 1993-01-26 02:47 ./usr/opt/OSC200/src/usr/doc/osf/lvm/PV_header.lem
-r--r--r-- 3/4             368 1993-01-26 02:47 ./usr/opt/OSC200/src/usr/doc/osf/lvm/PP_map_entry.lem
-r--r--r-- 3/4           47220 1993-01-26 02:47 ./usr/opt/OSC200/src/usr/doc/osf/lvm/execution_model.t
-r--r--r-- 3/4            4584 1994-03-02 16:56 ./usr/opt/OSC200/src/usr/doc/osf/lvm/Makefile
-r--r--r-- 3/4            1514 1994-03-02 16:56 ./usr/opt/OSC200/src/usr/doc/osf/lvm/Makeconf.local
-r--r--r-- 3/4            1456 1993-01-26 02:47 ./usr/opt/OSC200/src/usr/doc/osf/lvm/MWC.lem
-r--r--r-- 3/4             804 1993-01-26 02:47 ./usr/opt/OSC200/src/usr/doc/osf/lvm/LV_entry.lem
-r--r--r-- 3/4            2280 1993-01-26 02:47 ./usr/opt/OSC200/src/usr/doc/osf/lvm/LVM_rec.lem
-r--r--r-- 3/4             514 1993-01-26 02:47 ./usr/opt/OSC200/src/usr/doc/osf/lvm/BB_entry.lem
