-r--r--r-- 3/4               0 1993-01-25 23:49 ./usr/opt/OSC200/src/seccmd/xxx.c
-r--r--r-- 3/4           83918 1994-03-02 16:15 ./usr/opt/OSC200/src/seccmd/xif_uu/sysadmin.msg.uu
-r--r--r-- 3/4           83902 1994-03-02 16:15 ./usr/opt/OSC200/src/seccmd/xif_uu/isso.msg.uu
-r--r--r-- 3/4            2499 1994-03-02 16:15 ./usr/opt/OSC200/src/seccmd/xif_uu/Makefile
-r--r--r-- 3/4            1820 1994-03-02 16:15 ./usr/opt/OSC200/src/seccmd/xif/tools/Makefile
-r--r--r-- 3/4             124 1993-01-25 23:48 ./usr/opt/OSC200/src/seccmd/xif/sysadmin/main.msg.sr
-r--r--r-- 3/4             195 1993-01-25 23:48 ./usr/opt/OSC200/src/seccmd/xif/isso/main.msg.sr
-r--r--r-- 3/4          126880 1994-03-02 16:15 ./usr/opt/OSC200/src/seccmd/xif_uu/redirect.uu
-r--r--r-- 3/4            6869 1994-03-02 16:15 ./usr/opt/OSC200/src/seccmd/xif/tools/redirect.c
-r--r--r-- 3/4           11875 1994-03-02 16:15 ./usr/opt/OSC200/src/seccmd/xif/tools/msgprep.c
-r--r--r-- 3/4            1675 1993-01-25 23:48 ./usr/opt/OSC200/src/seccmd/xif/sysadmin/XSysAdmin.res
-r--r--r-- 3/4           12607 1994-03-02 16:15 ./usr/opt/OSC200/src/seccmd/xif/sysadmin/XSysAdmin.c
-r--r--r-- 3/4            2871 1994-03-02 16:15 ./usr/opt/OSC200/src/seccmd/xif/sysadmin/Makefile
-r--r--r-- 3/4            8114 1993-01-25 23:48 ./usr/opt/OSC200/src/seccmd/xif/isso/devices/dev.msg.sr
-r--r--r-- 3/4             803 1993-01-25 23:44 ./usr/opt/OSC200/src/seccmd/rmmultdir.msg
-r--r--r-- 3/4          125662 1994-03-02 16:15 ./usr/opt/OSC200/src/seccmd/xif_uu/XSysAdmin.uid.uu
-r--r--r-- 3/4           16935 1994-03-02 16:14 ./usr/opt/OSC200/src/seccmd/xif/isso/devices/XMenu.c
-r--r--r-- 3/4            8342 1994-03-02 16:15 ./usr/opt/OSC200/src/seccmd/xif/isso/devices/XDevUnlock.c
-r--r--r-- 3/4            8268 1994-03-02 16:15 ./usr/opt/OSC200/src/seccmd/xif/isso/devices/XDevRemove.c
-r--r--r-- 3/4            6234 1994-03-02 16:15 ./usr/opt/OSC200/src/seccmd/xif/isso/devices/XDevModxsl.c
-r--r--r-- 3/4            6204 1994-03-02 16:15 ./usr/opt/OSC200/src/seccmd/xif/isso/devices/XDevModssl.c
-r--r--r-- 3/4             227 1993-01-25 23:43 ./usr/opt/OSC200/src/seccmd/ismultdir.msg
-r--r--r-- 3/4            6641 1994-03-02 16:15 ./usr/opt/OSC200/src/seccmd/xif/isso/devices/XDevModsil.c
-r--r--r-- 3/4            6234 1994-03-02 16:15 ./usr/opt/OSC200/src/seccmd/xif/isso/devices/XDevModnsl.c
-r--r--r-- 3/4           15047 1994-03-02 16:15 ./usr/opt/OSC200/src/seccmd/xif/isso/devices/XDevModTer.c
-r--r--r-- 3/4            6832 1994-03-02 16:15 ./usr/opt/OSC200/src/seccmd/xif/isso/devices/XDevModSel.c
-r--r--r-- 3/4           10585 1994-03-02 16:15 ./usr/opt/OSC200/src/seccmd/xif/isso/devices/XDevModRem.c
-r--r--r-- 3/4            7558 1994-03-02 16:15 ./usr/opt/OSC200/src/seccmd/xif/isso/devices/XDevModPri.c
-r--r--r-- 3/4            3030 1994-03-02 16:15 ./usr/opt/OSC200/src/seccmd/xif/isso/devices/XDevModLog.c
-r--r--r-- 3/4            1760 1994-03-02 16:14 ./usr/opt/OSC200/src/seccmd/xif/isso/devices/XDevModHos.c
-r--r--r-- 3/4           16572 1993-01-25 23:48 ./usr/opt/OSC200/src/seccmd/xif/isso/devices/XDevModHos.C
-r--r--r-- 3/4            7956 1994-03-02 16:14 ./usr/opt/OSC200/src/seccmd/xif/isso/devices/XDevLock.c
-r--r--r-- 3/4            1760 1994-03-02 16:14 ./usr/opt/OSC200/src/seccmd/xif/isso/devices/XDevHosUlk.c
-r--r--r-- 3/4            1760 1994-03-02 16:14 ./usr/opt/OSC200/src/seccmd/xif/isso/devices/XDevHosRem.c
-r--r--r-- 3/4            8119 1994-03-02 16:14 ./usr/opt/OSC200/src/seccmd/xif/isso/devices/XDevHosLck.c
-r--r--r-- 3/4            5284 1994-03-02 16:14 ./usr/opt/OSC200/src/seccmd/xif/isso/devices/XDevDefxsl.c
-r--r--r-- 3/4            5270 1994-03-02 16:14 ./usr/opt/OSC200/src/seccmd/xif/isso/devices/XDevDefssl.c
-r--r--r-- 3/4            5691 1994-03-02 16:14 ./usr/opt/OSC200/src/seccmd/xif/isso/devices/XDevDefsil.c
-r--r--r-- 3/4            5353 1994-03-02 16:14 ./usr/opt/OSC200/src/seccmd/xif/isso/devices/XDevDefnsl.c
-r--r--r-- 3/4            9910 1994-03-02 16:14 ./usr/opt/OSC200/src/seccmd/xif/isso/devices/XDevDefUse.c
-r--r--r-- 3/4           10083 1994-03-02 16:14 ./usr/opt/OSC200/src/seccmd/xif/isso/devices/XDevDefLog.c
-r--r--r-- 3/4           14237 1994-03-02 16:14 ./usr/opt/OSC200/src/seccmd/xif/isso/devices/XDevAddTer.c
-r--r--r-- 3/4           11399 1994-03-02 16:14 ./usr/opt/OSC200/src/seccmd/xif/isso/devices/XDevAddRem.c
-r--r--r-- 3/4               0 1993-01-25 23:43 ./usr/opt/OSC200/src/seccmd/common/common_if.msg
-r--r--r-- 3/4            7892 1994-03-02 16:14 ./usr/opt/OSC200/src/seccmd/xif/isso/devices/XDevAddPri.c
-r--r--r-- 3/4            8997 1993-01-25 23:47 ./usr/opt/OSC200/src/seccmd/xif/isso/devices/XDevAddPri.C
-r--r--r-- 3/4           13746 1994-03-02 16:14 ./usr/opt/OSC200/src/seccmd/xif/isso/devices/XDevAddHos.c
-r--r--r-- 3/4           16912 1993-01-25 23:47 ./usr/opt/OSC200/src/seccmd/xif/isso/devices/XDevAddHos.C
-r--r--r-- 3/4            2169 1994-03-02 16:14 ./usr/opt/OSC200/src/seccmd/xif/isso/devices/Makefile
-r--r--r-- 3/4           26150 1993-01-25 23:47 ./usr/opt/OSC200/src/seccmd/xif/isso/audit/audit.msg.sr
-r--r--r-- 3/4           21532 1994-03-02 16:14 ./usr/opt/OSC200/src/seccmd/xif/isso/audit/XUsrGrp.c
-r--r--r-- 3/4           21168 1994-03-02 16:14 ./usr/opt/OSC200/src/seccmd/xif/isso/audit/XShowRep.c
-r--r--r-- 3/4           39804 1994-03-02 16:14 ./usr/opt/OSC200/src/seccmd/xif/isso/audit/XSelection.c
-r--r--r-- 3/4            5269 1994-03-02 16:14 ./usr/opt/OSC200/src/seccmd/xif/isso/audit/XAuditStat.c
-r--r--r-- 3/4            3278 1994-03-02 16:14 ./usr/opt/OSC200/src/seccmd/xif/isso/audit/XAudit.c
-r--r--r-- 3/4             744 1993-01-25 23:44 ./usr/opt/OSC200/src/seccmd/privs.msg
-r--r--r-- 3/4           22910 1994-03-02 16:14 ./usr/opt/OSC200/src/seccmd/xif/isso/audit/XSelectFil.c
-r--r--r-- 3/4           12858 1994-03-02 16:14 ./usr/opt/OSC200/src/seccmd/xif/isso/audit/XRestore.c
-r--r--r-- 3/4           20285 1994-03-02 16:14 ./usr/opt/OSC200/src/seccmd/xif/isso/audit/XReduce.c
-r--r--r-- 3/4           31187 1994-03-02 16:14 ./usr/opt/OSC200/src/seccmd/xif/isso/audit/XParameter.c
-r--r--r-- 3/4           14114 1994-03-02 16:14 ./usr/opt/OSC200/src/seccmd/xif/isso/audit/XOptions.c
-r--r--r-- 3/4           15947 1994-03-02 16:14 ./usr/opt/OSC200/src/seccmd/xif/isso/audit/XMaint.c
-r--r--r-- 3/4           23242 1994-03-02 16:14 ./usr/opt/OSC200/src/seccmd/xif/isso/audit/XEvents.c
-r--r--r-- 3/4           14752 1994-03-02 16:14 ./usr/opt/OSC200/src/seccmd/xif/isso/audit/XDirLst.c
-r--r--r-- 3/4            8947 1994-03-02 16:14 ./usr/opt/OSC200/src/seccmd/xif/isso/audit/XAudUtils.c
-r--r--r-- 3/4            5537 1994-03-02 16:14 ./usr/opt/OSC200/src/seccmd/xif/isso/audit/XAudSelxss.c
-r--r--r-- 3/4               0 1993-01-25 23:43 ./usr/opt/OSC200/src/seccmd/common/aif.msg
-r--r--r-- 3/4           27157 1994-03-02 16:14 ./usr/opt/OSC200/src/seccmd/xif/isso/audit/XBackupDel.c
-r--r--r-- 3/4            5540 1994-03-02 16:14 ./usr/opt/OSC200/src/seccmd/xif/isso/audit/XAudSelxos.c
-r--r--r-- 3/4            5537 1994-03-02 16:14 ./usr/opt/OSC200/src/seccmd/xif/isso/audit/XAudSelnss.c
-r--r--r-- 3/4            5536 1994-03-02 16:14 ./usr/opt/OSC200/src/seccmd/xif/isso/audit/XAudSelnos.c
-r--r--r-- 3/4            5491 1994-03-02 16:14 ./usr/opt/OSC200/src/seccmd/xif/isso/audit/XAudColxsl.c
-r--r--r-- 3/4            5491 1994-03-02 16:14 ./usr/opt/OSC200/src/seccmd/xif/isso/audit/XAudColnsl.c
-r--r--r-- 3/4            8979 1994-03-02 16:14 ./usr/opt/OSC200/src/seccmd/xif/isso/audit/UsrGrp.c
-r--r--r-- 3/4           26030 1994-03-02 16:14 ./usr/opt/OSC200/src/seccmd/xif/isso/audit/Selection.c
-r--r--r-- 3/4            7085 1994-03-02 16:14 ./usr/opt/OSC200/src/seccmd/xif/isso/audit/Parameters.c
-r--r--r-- 3/4            3815 1994-03-02 16:14 ./usr/opt/OSC200/src/seccmd/xif/isso/audit/PFiles.c
-r--r--r-- 3/4            2142 1994-03-02 16:14 ./usr/opt/OSC200/src/seccmd/xif/isso/audit/Makefile
-r--r--r-- 3/4            6341 1994-03-02 16:14 ./usr/opt/OSC200/src/seccmd/xif/isso/audit/ListSess.c
-r--r--r-- 3/4            5113 1994-03-02 16:14 ./usr/opt/OSC200/src/seccmd/xif/isso/audit/EvMask.c
-r--r--r-- 3/4           11452 1994-03-02 16:14 ./usr/opt/OSC200/src/seccmd/xif/isso/audit/DirLst.c
-r--r--r-- 3/4           16725 1993-01-25 23:46 ./usr/opt/OSC200/src/seccmd/xif/isso/accounts/accts.msg.sr
-r--r--r-- 3/4           17592 1994-03-02 16:14 ./usr/opt/OSC200/src/seccmd/xif/isso/accounts/XUserPass.c
-r--r--r-- 3/4            6102 1994-03-02 16:14 ./usr/opt/OSC200/src/seccmd/xif/isso/accounts/XUserClear.c
-r--r--r-- 3/4           17577 1994-03-02 16:14 ./usr/opt/OSC200/src/seccmd/xif/isso/accounts/XUserGroup.c
-r--r--r-- 3/4           11636 1994-03-02 16:14 ./usr/opt/OSC200/src/seccmd/xif/isso/accounts/XUserElse.c
-r--r--r-- 3/4           12264 1994-03-02 16:14 ./usr/opt/OSC200/src/seccmd/xif/isso/accounts/XUserCom.c
-r--r--r-- 3/4           17537 1994-03-02 16:14 ./usr/opt/OSC200/src/seccmd/xif/isso/accounts/XUserAuth.c
-r--r--r-- 3/4           10849 1994-03-02 16:14 ./usr/opt/OSC200/src/seccmd/xif/isso/accounts/XUserAudit.c
-r--r--r-- 3/4            9695 1994-03-02 16:14 ./usr/opt/OSC200/src/seccmd/xif/isso/accounts/XUnlock.c
-r--r--r-- 3/4           10125 1994-03-02 16:14 ./usr/opt/OSC200/src/seccmd/xif/isso/accounts/XSysMenu.c
-r--r--r-- 3/4            5372 1994-03-02 16:14 ./usr/opt/OSC200/src/seccmd/xif/isso/accounts/XSinUserCl.c
-r--r--r-- 3/4            8091 1994-03-02 16:14 ./usr/opt/OSC200/src/seccmd/xif/isso/accounts/XRetire.c
-r--r--r-- 3/4           13710 1994-03-02 16:14 ./usr/opt/OSC200/src/seccmd/xif/isso/accounts/XMenu.c
-r--r--r-- 3/4           16208 1994-03-02 16:14 ./usr/opt/OSC200/src/seccmd/xif/isso/accounts/XMakeUser.c
-r--r--r-- 3/4            8630 1994-03-02 16:14 ./usr/opt/OSC200/src/seccmd/xif/isso/accounts/XMakeGroup.c
-r--r--r-- 3/4            8006 1994-03-02 16:14 ./usr/opt/OSC200/src/seccmd/xif/isso/accounts/XLock.c
-r--r--r-- 3/4            7423 1994-03-02 16:14 ./usr/opt/OSC200/src/seccmd/xif/isso/accounts/XGetUser.c
-r--r--r-- 3/4            9784 1994-03-02 16:14 ./usr/opt/OSC200/src/seccmd/xif/isso/accounts/XDefElse.c
-r--r--r-- 3/4           12466 1994-03-02 16:14 ./usr/opt/OSC200/src/seccmd/xif/isso/accounts/XDefPass.c
-r--r--r-- 3/4           10145 1994-03-02 16:14 ./usr/opt/OSC200/src/seccmd/xif/isso/accounts/XDefCom.c
-r--r--r-- 3/4            5133 1994-03-02 16:14 ./usr/opt/OSC200/src/seccmd/xif/isso/accounts/XDefClear.c
-r--r--r-- 3/4           12211 1994-03-02 16:14 ./usr/opt/OSC200/src/seccmd/xif/isso/accounts/XDefAuth.c
-r--r--r-- 3/4           52020 1994-03-02 16:14 ./usr/opt/OSC200/src/seccmd/xif/isso/accounts/XAuthUtils.c
-r--r--r-- 3/4            2083 1994-03-02 16:14 ./usr/opt/OSC200/src/seccmd/xif/isso/accounts/Makefile
-r--r--r-- 3/4            9635 1994-03-02 16:14 ./usr/opt/OSC200/src/seccmd/xif/isso/accounts/AuthUtils.c
-r--r--r-- 3/4            6859 1993-01-25 23:46 ./usr/opt/OSC200/src/seccmd/xif/isso/XIsso.res
-r--r--r-- 3/4           13333 1994-03-02 16:14 ./usr/opt/OSC200/src/seccmd/xif/isso/XIsso.c
-r--r--r-- 3/4            2892 1994-03-02 16:14 ./usr/opt/OSC200/src/seccmd/xif/isso/Makefile
-r--r--r-- 3/4           23198 1994-03-02 16:14 ./usr/opt/OSC200/src/seccmd/xif/common/ostd_labels.h
-r--r--r-- 3/4           15534 1994-03-02 16:14 ./usr/opt/OSC200/src/seccmd/xif/common/omandlib.c
-r--r--r-- 3/4            2030 1994-03-02 16:13 ./usr/opt/OSC200/src/seccmd/xif/common/XDevices.h
-r--r--r-- 3/4           63270 1994-03-02 16:14 ./usr/opt/OSC200/src/seccmd/xif/common/ostd_labels.c
-r--r--r-- 3/4            2723 1993-01-25 23:45 ./usr/opt/OSC200/src/seccmd/xif/common/com.msg.sr
-r--r--r-- 3/4           57621 1994-03-02 16:14 ./usr/opt/OSC200/src/seccmd/xif/common/XUtils.c
-r--r--r-- 3/4            4388 1994-03-02 16:14 ./usr/opt/OSC200/src/seccmd/xif/common/XQuit.c
-r--r--r-- 3/4            2803 1994-03-02 16:14 ./usr/opt/OSC200/src/seccmd/xif/common/XMain.h
-r--r--r-- 3/4            6344 1994-03-02 16:14 ./usr/opt/OSC200/src/seccmd/xif/common/XMacros.h
-r--r--r-- 3/4            4487 1994-03-02 16:14 ./usr/opt/OSC200/src/seccmd/xif/common/XHelpDisp.c
-r--r--r-- 3/4            5668 1994-03-02 16:14 ./usr/opt/OSC200/src/seccmd/xif/common/XHelp.c
-r--r--r-- 3/4           12332 1994-03-02 16:14 ./usr/opt/OSC200/src/seccmd/xif/common/XFileDisp.c
-r--r--r-- 3/4            6866 1994-03-02 16:13 ./usr/opt/OSC200/src/seccmd/xif/common/XAudit.h
-r--r--r-- 3/4            1962 1994-03-02 16:13 ./usr/opt/OSC200/src/seccmd/xif/common/Makefile
-r--r--r-- 3/4               0 1993-01-25 23:42 ./usr/opt/OSC200/src/seccmd/common/IfOSDep.h
-r--r--r-- 3/4          125931 1994-03-02 16:14 ./usr/opt/OSC200/src/seccmd/xif/common/XSL.c
-r--r--r-- 3/4           20326 1994-03-02 16:14 ./usr/opt/OSC200/src/seccmd/xif/common/XErrors.c
-r--r--r-- 3/4            7722 1994-03-02 16:13 ./usr/opt/OSC200/src/seccmd/xif/common/XAccounts.h
-r--r--r-- 3/4           18309 1994-03-02 16:13 ./usr/opt/OSC200/src/seccmd/xif/common/Utils.c
-r--r--r-- 3/4            2067 1994-03-02 16:14 ./usr/opt/OSC200/src/seccmd/xif/Makefile
-r--r--r-- 3/4            8866 1994-03-02 16:13 ./usr/opt/OSC200/src/seccmd/xif/common/Message.c
-r--r--r-- 3/4            4478 1994-03-02 16:14 ./usr/opt/OSC200/src/seccmd/xif/README
-r--r--r-- 3/4            1755 1993-01-25 23:45 ./usr/opt/OSC200/src/seccmd/setfstag.msg
-r--r--r-- 3/4           15058 1994-03-02 16:15 ./usr/opt/OSC200/src/seccmd/setfstag.c
-r--r--r-- 3/4            2642 1994-03-02 16:15 ./usr/opt/OSC200/src/seccmd/setfiles.msg
-r--r--r-- 3/4           20471 1994-03-02 16:15 ./usr/opt/OSC200/src/seccmd/setfiles.c
-r--r--r-- 3/4            5142 1994-03-02 16:15 ./usr/opt/OSC200/src/seccmd/secswitch.c
-r--r--r-- 3/4            6287 1994-03-02 16:13 ./usr/opt/OSC200/src/seccmd/secpolicy/spdinit.c
-r--r--r-- 3/4           10751 1994-03-02 16:13 ./usr/opt/OSC200/src/seccmd/secpolicy/spdbm.h
-r--r--r-- 3/4           78261 1994-03-02 16:13 ./usr/opt/OSC200/src/seccmd/secpolicy/spdbm.c
-r--r--r-- 3/4           13021 1994-03-02 16:13 ./usr/opt/OSC200/src/seccmd/secpolicy/secpolicy.msg
-r--r--r-- 3/4            1744 1994-03-02 16:13 ./usr/opt/OSC200/src/seccmd/policy/lsacl.msg
-r--r--r-- 3/4           47881 1994-03-02 16:13 ./usr/opt/OSC200/src/seccmd/secpolicy/pacld.c
-r--r--r-- 3/4            7974 1994-03-02 16:13 ./usr/opt/OSC200/src/seccmd/secpolicy/mkdb.c
-r--r--r-- 3/4           28866 1994-03-02 16:13 ./usr/opt/OSC200/src/seccmd/secpolicy/macilbd.c
-r--r--r-- 3/4            3917 1994-03-02 16:13 ./usr/opt/OSC200/src/seccmd/secpolicy/dbck_mac.c
-r--r--r-- 3/4            8146 1994-03-02 16:13 ./usr/opt/OSC200/src/seccmd/secpolicy/dbck_acl.c
-r--r--r-- 3/4           18622 1994-03-02 16:13 ./usr/opt/OSC200/src/seccmd/secpolicy/dbck.c
-r--r--r-- 3/4           25452 1994-03-02 16:13 ./usr/opt/OSC200/src/seccmd/secpolicy/acld.c
-r--r--r-- 3/4            2820 1994-03-02 16:13 ./usr/opt/OSC200/src/seccmd/secpolicy/Makefile
-r--r--r-- 3/4            3237 1994-03-02 16:13 ./usr/opt/OSC200/src/seccmd/sec_export.msg
-r--r--r-- 3/4           13350 1994-03-02 16:13 ./usr/opt/OSC200/src/seccmd/sec_export.h
-r--r--r-- 3/4            5026 1994-03-02 16:13 ./usr/opt/OSC200/src/seccmd/rmmultdir.c
-r--r--r-- 3/4            2912 1994-03-02 16:13 ./usr/opt/OSC200/src/seccmd/pwpolicy.ksh
-r--r--r-- 3/4               0 1993-01-25 23:42 ./usr/opt/OSC200/src/seccmd/common/IfAccounts.h
-r--r--r-- 3/4          106325 1994-03-02 16:13 ./usr/opt/OSC200/src/seccmd/sec_export.c
-r--r--r-- 3/4            8576 1994-03-02 16:13 ./usr/opt/OSC200/src/seccmd/privs.c
-r--r--r-- 3/4            3962 1994-03-02 16:13 ./usr/opt/OSC200/src/seccmd/policy/spconfig.c
-r--r--r-- 3/4            6670 1994-03-02 16:13 ./usr/opt/OSC200/src/seccmd/policy/setlevel.c
-r--r--r-- 3/4            3737 1994-03-02 16:13 ./usr/opt/OSC200/src/seccmd/policy/print_sl.c
-r--r--r-- 3/4            3728 1994-03-02 16:13 ./usr/opt/OSC200/src/seccmd/policy/print_il.c
-r--r--r-- 3/4            4215 1994-03-02 16:13 ./usr/opt/OSC200/src/seccmd/policy/print_acl.c
-r--r--r-- 3/4            4019 1993-01-25 23:44 ./usr/opt/OSC200/src/seccmd/policy/policy.msg
-r--r--r-- 3/4           10767 1994-03-02 16:13 ./usr/opt/OSC200/src/seccmd/policy/lspriv.c
-r--r--r-- 3/4            8655 1994-03-02 16:13 ./usr/opt/OSC200/src/seccmd/policy/lspolicy.c
-r--r--r-- 3/4            5458 1994-03-02 16:13 ./usr/opt/OSC200/src/seccmd/policy/lsacl.c
-r--r--r-- 3/4            2609 1994-03-02 16:13 ./usr/opt/OSC200/src/seccmd/policy/chacl.msg
-r--r--r-- 3/4            9675 1994-03-02 16:13 ./usr/opt/OSC200/src/seccmd/policy/ipcpolicy.c
-r--r--r-- 3/4            5588 1994-03-02 16:13 ./usr/opt/OSC200/src/seccmd/policy/ipc_slabel.c
-r--r--r-- 3/4            4595 1994-03-02 16:13 ./usr/opt/OSC200/src/seccmd/policy/ipc_ilabel.c
-r--r--r-- 3/4            5705 1994-03-02 16:13 ./usr/opt/OSC200/src/seccmd/policy/ipc_acl.c
-r--r--r-- 3/4            5274 1994-03-02 16:13 ./usr/opt/OSC200/src/seccmd/policy/getlevel.c
-r--r--r-- 3/4            3604 1994-03-02 16:13 ./usr/opt/OSC200/src/seccmd/policy/filetobuf.c
-r--r--r-- 3/4            4949 1994-03-02 16:13 ./usr/opt/OSC200/src/seccmd/policy/conv_sl.c
-r--r--r-- 3/4            5844 1994-03-02 16:13 ./usr/opt/OSC200/src/seccmd/policy/conv_il.c
-r--r--r-- 3/4            4233 1994-03-02 16:13 ./usr/opt/OSC200/src/seccmd/policy/conv_acl.c
-r--r--r-- 3/4            8117 1994-03-02 16:13 ./usr/opt/OSC200/src/seccmd/policy/chpriv.c
-r--r--r-- 3/4            3557 1994-03-02 16:13 ./usr/opt/OSC200/src/seccmd/policy/chpolicy.c
-r--r--r-- 3/4           45403 1994-03-02 16:13 ./usr/opt/OSC200/src/seccmd/policy/chacl.c
-r--r--r-- 3/4            3386 1994-03-02 16:13 ./usr/opt/OSC200/src/seccmd/policy/Makefile
-r--r--r-- 3/4             934 1993-01-25 23:44 ./usr/opt/OSC200/src/seccmd/mkmultdir.msg
-r--r--r-- 3/4            6724 1994-03-02 16:13 ./usr/opt/OSC200/src/seccmd/mkmultdir.c
-r--r--r-- 3/4           35292 1994-03-02 16:13 ./usr/opt/OSC200/src/seccmd/mandsyn.y
-r--r--r-- 3/4             657 1993-01-25 23:44 ./usr/opt/OSC200/src/seccmd/lprcat.msg
-r--r--r-- 3/4            1896 1994-03-02 16:13 ./usr/opt/OSC200/src/seccmd/lpbanner.msg
-r--r--r-- 3/4            4386 1993-01-25 23:43 ./usr/opt/OSC200/src/seccmd/labelcomp.msg
-r--r--r-- 3/4            3551 1994-03-02 16:13 ./usr/opt/OSC200/src/seccmd/ismultdir.c
-r--r--r-- 3/4           11886 1994-03-02 16:13 ./usr/opt/OSC200/src/seccmd/lprcat.c
-r--r--r-- 3/4           12292 1994-03-02 16:13 ./usr/opt/OSC200/src/seccmd/lplf.c
-r--r--r-- 3/4           26937 1994-03-02 16:13 ./usr/opt/OSC200/src/seccmd/lpbanner.c
-r--r--r-- 3/4           87658 1994-03-02 16:13 ./usr/opt/OSC200/src/seccmd/labelcomp.c
-r--r--r-- 3/4            3965 1994-03-02 16:13 ./usr/opt/OSC200/src/seccmd/initcond.msg
-r--r--r-- 3/4           28987 1994-03-02 16:13 ./usr/opt/OSC200/src/seccmd/initcond.c
-r--r--r-- 3/4               0 1993-01-25 23:42 ./usr/opt/OSC200/src/seccmd/common/If.h
-r--r--r-- 3/4            1388 1993-01-25 23:43 ./usr/opt/OSC200/src/seccmd/epa.msg
-r--r--r-- 3/4           11775 1994-03-02 16:13 ./usr/opt/OSC200/src/seccmd/epa.c
-r--r--r-- 3/4            3086 1994-03-02 16:13 ./usr/opt/OSC200/src/seccmd/common/valid.h
-r--r--r-- 3/4            6512 1994-03-02 16:13 ./usr/opt/OSC200/src/seccmd/common/val_utils.c
-r--r--r-- 3/4            3796 1994-03-02 16:13 ./usr/opt/OSC200/src/seccmd/common/userutil.c
-r--r--r-- 3/4            3738 1994-03-02 16:13 ./usr/opt/OSC200/src/seccmd/common/signals.c
-r--r--r-- 3/4            4875 1994-03-02 16:13 ./usr/opt/OSC200/src/seccmd/common/pwutils.c
-r--r--r-- 3/4            3124 1994-03-02 16:13 ./usr/opt/OSC200/src/seccmd/common/new_prpw.c
-r--r--r-- 3/4            5348 1994-03-02 16:13 ./usr/opt/OSC200/src/seccmd/common/logging.h
-r--r--r-- 3/4            2673 1994-03-02 16:13 ./usr/opt/OSC200/src/seccmd/common/kitch_sink.h
-r--r--r-- 3/4            2990 1994-03-02 16:13 ./usr/opt/OSC200/src/seccmd/common/gl_defs.h
-r--r--r-- 3/4            4452 1994-03-02 16:13 ./usr/opt/OSC200/src/seccmd/common/dbmalloc.c
-r--r--r-- 3/4            7738 1994-03-02 16:13 ./usr/opt/OSC200/src/seccmd/common/XFileDisp.c
-r--r--r-- 3/4            2029 1994-03-02 16:13 ./usr/opt/OSC200/src/seccmd/common/XDevices.h
-r--r--r-- 3/4           54522 1994-03-02 16:13 ./usr/opt/OSC200/src/seccmd/common/XAuthUtils.c
-r--r--r-- 3/4            5850 1994-03-02 16:13 ./usr/opt/OSC200/src/seccmd/common/XAccounts.h
-r--r--r-- 3/4            2654 1994-03-02 16:13 ./usr/opt/OSC200/src/seccmd/common/Utils.h
-r--r--r-- 3/4           21472 1994-03-02 16:13 ./usr/opt/OSC200/src/seccmd/common/Utils.c
-r--r--r-- 3/4            8870 1994-03-02 16:12 ./usr/opt/OSC200/src/seccmd/common/UsrGrp.c
-r--r--r-- 3/4            2417 1994-03-02 16:12 ./usr/opt/OSC200/src/seccmd/common/UIstrlen.h
-r--r--r-- 3/4            2738 1994-03-02 16:12 ./usr/opt/OSC200/src/seccmd/common/UIMain.h
-r--r--r-- 3/4           28779 1994-03-02 16:12 ./usr/opt/OSC200/src/seccmd/common/Selection.c
-r--r--r-- 3/4            5442 1994-03-02 16:12 ./usr/opt/OSC200/src/seccmd/common/Restore.c
-r--r--r-- 3/4            5761 1994-03-02 16:12 ./usr/opt/OSC200/src/seccmd/common/Reports.c
-r--r--r-- 3/4            5218 1994-03-02 16:12 ./usr/opt/OSC200/src/seccmd/common/Reduce.c
-r--r--r-- 3/4            2210 1994-03-02 16:12 ./usr/opt/OSC200/src/seccmd/common/PrUtils.h
-r--r--r-- 3/4            7291 1994-03-02 16:12 ./usr/opt/OSC200/src/seccmd/common/PrUtils.c
-r--r--r-- 3/4            6644 1994-03-02 16:12 ./usr/opt/OSC200/src/seccmd/common/Parameters.c
-r--r--r-- 3/4            7235 1994-03-02 16:12 ./usr/opt/OSC200/src/seccmd/common/Messages.h
-r--r--r-- 3/4            8868 1994-03-02 16:12 ./usr/opt/OSC200/src/seccmd/common/Message.c
-r--r--r-- 3/4            2514 1994-03-02 16:12 ./usr/opt/OSC200/src/seccmd/common/Makefile
-r--r--r-- 3/4            6355 1994-03-02 16:12 ./usr/opt/OSC200/src/seccmd/common/ListSess.c
-r--r--r-- 3/4            6294 1994-03-02 16:12 ./usr/opt/OSC200/src/seccmd/common/IfDevices.h
-r--r--r-- 3/4            6691 1994-03-02 16:12 ./usr/opt/OSC200/src/seccmd/common/IfAudit.h
-r--r--r-- 3/4            2354 1994-03-02 16:12 ./usr/opt/OSC200/src/seccmd/common/IFdefs.h
-r--r--r-- 3/4            3579 1994-03-02 16:12 ./usr/opt/OSC200/src/seccmd/common/HelpDisp.c
-r--r--r-- 3/4            4450 1994-03-02 16:12 ./usr/opt/OSC200/src/seccmd/common/FileDisp.c
-r--r--r-- 3/4            5970 1994-03-02 16:12 ./usr/opt/OSC200/src/seccmd/common/EvMask.c
-r--r--r-- 3/4            5045 1994-03-02 16:12 ./usr/opt/OSC200/src/seccmd/common/Errors.c
-r--r--r-- 3/4           12758 1994-03-02 16:12 ./usr/opt/OSC200/src/seccmd/common/DirLst.c
-r--r--r-- 3/4            1986 1994-03-02 16:12 ./usr/opt/OSC200/src/seccmd/common/Devices.h
-r--r--r-- 3/4           12113 1994-03-02 16:12 ./usr/opt/OSC200/src/seccmd/common/BackupDel.c
-r--r--r-- 3/4            2062 1994-03-02 16:12 ./usr/opt/OSC200/src/seccmd/common/AuthUtils.h
-r--r--r-- 3/4            8096 1994-03-02 16:12 ./usr/opt/OSC200/src/seccmd/common/AuthUtils.c
-r--r--r-- 3/4               0 1993-01-25 23:42 ./usr/opt/OSC200/src/seccmd/common/AcctSupp.c
-r--r--r-- 3/4             192 1993-01-25 23:42 ./usr/opt/OSC200/src/seccmd/auths.msg
-r--r--r-- 3/4               0 1993-01-25 23:42 ./usr/opt/OSC200/src/seccmd/aif/screen/translate.c
-r--r--r-- 3/4           27207 1994-03-02 16:12 ./usr/opt/OSC200/src/seccmd/common/Devices.c
-r--r--r-- 3/4            8399 1994-03-02 16:12 ./usr/opt/OSC200/src/seccmd/common/AudMaint.c
-r--r--r-- 3/4            6701 1994-03-02 16:12 ./usr/opt/OSC200/src/seccmd/common/AudColSL.c
-r--r--r-- 3/4            3140 1994-03-02 16:12 ./usr/opt/OSC200/src/seccmd/common/Accounts.h
-r--r--r-- 3/4            3593 1994-03-02 16:13 ./usr/opt/OSC200/src/seccmd/auths.c
-r--r--r-- 3/4            9515 1994-03-02 16:13 ./usr/opt/OSC200/src/seccmd/authck.msg
-r--r--r-- 3/4           49338 1994-03-02 16:13 ./usr/opt/OSC200/src/seccmd/authck.c
-r--r--r-- 3/4            4774 1994-03-02 16:12 ./usr/opt/OSC200/src/seccmd/aif/screen/vars.c
-r--r--r-- 3/4           17515 1994-03-02 16:12 ./usr/opt/OSC200/src/seccmd/aif/screen/userif.h
-r--r--r-- 3/4           10695 1994-03-02 16:12 ./usr/opt/OSC200/src/seccmd/aif/screen/traverse.c
-r--r--r-- 3/4            4128 1994-03-02 16:12 ./usr/opt/OSC200/src/seccmd/aif/screen/stemplate.c
-r--r--r-- 3/4               0 1993-01-25 23:42 ./usr/opt/OSC200/src/seccmd/aif/screen/slabel.c
-r--r--r-- 3/4               0 1993-01-25 23:42 ./usr/opt/OSC200/src/seccmd/aif/screen/signals.c
-r--r--r-- 3/4           15329 1994-03-02 16:12 ./usr/opt/OSC200/src/seccmd/aif/screen/scrscr.c
-r--r--r-- 3/4               0 1993-01-25 23:41 ./usr/opt/OSC200/src/seccmd/aif/screen/scrn_local.h
-r--r--r-- 3/4            3700 1994-03-02 16:12 ./usr/opt/OSC200/src/seccmd/aif/screen/menuscr.c
-r--r--r-- 3/4           21626 1994-03-02 16:12 ./usr/opt/OSC200/src/seccmd/aif/screen/scrnsubs.c
-r--r--r-- 3/4            6239 1994-03-02 16:12 ./usr/opt/OSC200/src/seccmd/aif/screen/scrnfuncs.c
-r--r--r-- 3/4           11592 1994-03-02 16:12 ./usr/opt/OSC200/src/seccmd/aif/screen/putscr.c
-r--r--r-- 3/4            4902 1994-03-02 16:12 ./usr/opt/OSC200/src/seccmd/aif/screen/prscr.c
-r--r--r-- 3/4            6786 1994-03-02 16:12 ./usr/opt/OSC200/src/seccmd/aif/screen/prntdsply.c
-r--r--r-- 3/4            6411 1994-03-02 16:12 ./usr/opt/OSC200/src/seccmd/aif/screen/msgscr.c
-r--r--r-- 3/4            6882 1994-03-02 16:12 ./usr/opt/OSC200/src/seccmd/aif/screen/mprscr.c
-r--r--r-- 3/4            2617 1994-03-02 16:12 ./usr/opt/OSC200/src/seccmd/aif/screen/key_map.h
-r--r--r-- 3/4            3175 1994-03-02 16:12 ./usr/opt/OSC200/src/seccmd/aif/screen/key_map.c
-r--r--r-- 3/4            4849 1994-03-02 16:12 ./usr/opt/OSC200/src/seccmd/aif/screen/initst.c
-r--r--r-- 3/4            5453 1994-03-02 16:12 ./usr/opt/OSC200/src/seccmd/aif/screen/initscreen.c
-r--r--r-- 3/4            5445 1994-03-02 16:12 ./usr/opt/OSC200/src/seccmd/aif/screen/helpscr.c
-r--r--r-- 3/4            7062 1994-03-02 16:12 ./usr/opt/OSC200/src/seccmd/aif/screen/headers.c
-r--r--r-- 3/4           10535 1994-03-02 16:12 ./usr/opt/OSC200/src/seccmd/aif/screen/getscr.c
-r--r--r-- 3/4           20715 1994-03-02 16:12 ./usr/opt/OSC200/src/seccmd/aif/screen/fillscr.c
-r--r--r-- 3/4           15310 1994-03-02 16:12 ./usr/opt/OSC200/src/seccmd/aif/screen/curscr.c
-r--r--r-- 3/4            2654 1994-03-02 16:12 ./usr/opt/OSC200/src/seccmd/aif/screen/curs_vid.h
-r--r--r-- 3/4            4617 1994-03-02 16:12 ./usr/opt/OSC200/src/seccmd/aif/screen/curs_supp.h
-r--r--r-- 3/4            3101 1994-03-02 16:12 ./usr/opt/OSC200/src/seccmd/aif/screen/curs_supp.c
-r--r--r-- 3/4            6380 1994-03-02 16:12 ./usr/opt/OSC200/src/seccmd/aif/screen/curs_keys.h
-r--r--r-- 3/4            4578 1994-03-02 16:12 ./usr/opt/OSC200/src/seccmd/aif/screen/aif.h
-r--r--r-- 3/4            5191 1994-03-02 16:12 ./usr/opt/OSC200/src/seccmd/aif/screen/bldstr.c
-r--r--r-- 3/4            7709 1994-03-02 16:12 ./usr/opt/OSC200/src/seccmd/aif/screen/aif_scrns.c
-r--r--r-- 3/4            7584 1994-03-02 16:12 ./usr/opt/OSC200/src/seccmd/aif/screen/aif_main.c
-r--r--r-- 3/4            2408 1994-03-02 16:12 ./usr/opt/OSC200/src/seccmd/aif/screen/Makefile
-r--r--r-- 3/4               0 1993-01-25 23:41 ./usr/opt/OSC200/src/seccmd/aif/screen/Errors.c
-r--r--r-- 3/4               0 1993-01-25 23:41 ./usr/opt/OSC200/src/seccmd/aif/screen/AIf.h
-r--r--r-- 3/4            5615 1994-03-02 16:12 ./usr/opt/OSC200/src/seccmd/aif/paclif/vars.c
-r--r--r-- 3/4           14628 1994-03-02 16:12 ./usr/opt/OSC200/src/seccmd/aif/paclif/utils.c
-r--r--r-- 3/4            9594 1994-03-02 16:12 ./usr/opt/OSC200/src/seccmd/aif/paclif/traverse.c
-r--r--r-- 3/4            4646 1994-03-02 16:12 ./usr/opt/OSC200/src/seccmd/aif/paclif/stemplate.c
-r--r--r-- 3/4           33113 1994-03-02 16:12 ./usr/opt/OSC200/src/seccmd/aif/paclif/slabel.c
-r--r--r-- 3/4            4771 1994-03-02 16:12 ./usr/opt/OSC200/src/seccmd/aif/paclif/signals.c
-r--r--r-- 3/4           15943 1994-03-02 16:12 ./usr/opt/OSC200/src/seccmd/aif/paclif/scrscr.c
-r--r--r-- 3/4           19392 1994-03-02 16:12 ./usr/opt/OSC200/src/seccmd/aif/paclif/scrnsubs.c
-r--r--r-- 3/4            6837 1994-03-02 16:12 ./usr/opt/OSC200/src/seccmd/aif/paclif/scrnfuncs.c
-r--r--r-- 3/4            6760 1994-03-02 16:12 ./usr/opt/OSC200/src/seccmd/aif/paclif/scrn_local.h
-r--r--r-- 3/4           12212 1994-03-02 16:12 ./usr/opt/OSC200/src/seccmd/aif/paclif/putscr.c
-r--r--r-- 3/4            7323 1994-03-02 16:12 ./usr/opt/OSC200/src/seccmd/aif/paclif/prscr.c
-r--r--r-- 3/4           15252 1994-03-02 16:12 ./usr/opt/OSC200/src/seccmd/aif/paclif/prntdsply.c
-r--r--r-- 3/4            5921 1994-03-02 16:12 ./usr/opt/OSC200/src/seccmd/aif/paclif/paclif.msg.sr
-r--r--r-- 3/4            3142 1994-03-02 16:12 ./usr/opt/OSC200/src/seccmd/aif/paclif/paclif.h
-r--r--r-- 3/4           17887 1994-03-02 16:12 ./usr/opt/OSC200/src/seccmd/aif/paclif/paclif.c
-r--r--r-- 3/4           25238 1994-03-02 16:12 ./usr/opt/OSC200/src/seccmd/aif/paclif/pacl_scrns.c
-r--r--r-- 3/4            7169 1994-03-02 16:12 ./usr/opt/OSC200/src/seccmd/aif/paclif/pacl_main.c
-r--r--r-- 3/4           26028 1994-03-02 16:12 ./usr/opt/OSC200/src/seccmd/aif/paclif/pacl_callbacks.c
-r--r--r-- 3/4            4127 1994-03-02 16:11 ./usr/opt/OSC200/src/seccmd/aif/paclif/pacl.msg
-r--r--r-- 3/4            6841 1994-03-02 16:11 ./usr/opt/OSC200/src/seccmd/aif/paclif/msgscr.c
-r--r--r-- 3/4            4155 1994-03-02 16:11 ./usr/opt/OSC200/src/seccmd/aif/paclif/menuscr.c
-r--r--r-- 3/4            2177 1994-03-02 16:11 ./usr/opt/OSC200/src/seccmd/aif/paclif/libsecurity.h
-r--r--r-- 3/4            3830 1994-03-02 16:11 ./usr/opt/OSC200/src/seccmd/aif/paclif/key_map.c
-r--r--r-- 3/4            5127 1994-03-02 16:11 ./usr/opt/OSC200/src/seccmd/aif/paclif/initst.c
-r--r--r-- 3/4            5620 1994-03-02 16:11 ./usr/opt/OSC200/src/seccmd/aif/paclif/initscreen.c
-r--r--r-- 3/4            8165 1994-03-02 16:11 ./usr/opt/OSC200/src/seccmd/aif/paclif/helpscr.c
-r--r--r-- 3/4            7372 1994-03-02 16:11 ./usr/opt/OSC200/src/seccmd/aif/paclif/headers.c
-r--r--r-- 3/4            8861 1994-03-02 16:11 ./usr/opt/OSC200/src/seccmd/aif/paclif/getscr.c
-r--r--r-- 3/4            3854 1994-03-02 16:11 ./usr/opt/OSC200/src/seccmd/aif/paclif/curs_supp.c
-r--r--r-- 3/4            2124 1994-03-02 16:11 ./usr/opt/OSC200/src/seccmd/aif/devices/Makefile
-r--r--r-- 3/4           28759 1994-03-02 16:11 ./usr/opt/OSC200/src/seccmd/aif/paclif/fillscr.c
-r--r--r-- 3/4           15072 1994-03-02 16:11 ./usr/opt/OSC200/src/seccmd/aif/paclif/curscr.c
-r--r--r-- 3/4            5780 1994-03-02 16:11 ./usr/opt/OSC200/src/seccmd/aif/paclif/bldstr.c
-r--r--r-- 3/4            9380 1994-03-02 16:11 ./usr/opt/OSC200/src/seccmd/aif/paclif/acc_scrns.c
-r--r--r-- 3/4            6942 1994-03-02 16:11 ./usr/opt/OSC200/src/seccmd/aif/paclif/acc_callbacks.c
-r--r--r-- 3/4            3121 1994-03-02 16:11 ./usr/opt/OSC200/src/seccmd/aif/paclif/Makefile
-r--r--r-- 3/4            2798 1994-03-02 16:11 ./usr/opt/OSC200/src/seccmd/aif/paclif/Errors.c
-r--r--r-- 3/4           18176 1994-03-02 16:11 ./usr/opt/OSC200/src/seccmd/aif/paclif/AIf.h
-r--r--r-- 3/4            5276 1994-03-02 16:11 ./usr/opt/OSC200/src/seccmd/aif/devices/deunlck.c
-r--r--r-- 3/4            8843 1994-03-02 16:11 ./usr/opt/OSC200/src/seccmd/aif/devices/desl.c
-r--r--r-- 3/4            5349 1994-03-02 16:11 ./usr/opt/OSC200/src/seccmd/aif/devices/desdt.c
-r--r--r-- 3/4            5362 1994-03-02 16:11 ./usr/opt/OSC200/src/seccmd/aif/devices/desdr.c
-r--r--r-- 3/4            5344 1994-03-02 16:11 ./usr/opt/OSC200/src/seccmd/aif/devices/desdp.c
-r--r--r-- 3/4            5264 1994-03-02 16:11 ./usr/opt/OSC200/src/seccmd/aif/devices/desdh.c
-r--r--r-- 3/4            7683 1994-03-02 16:11 ./usr/opt/OSC200/src/seccmd/aif/devices/desd.c
-r--r--r-- 3/4            5267 1994-03-02 16:11 ./usr/opt/OSC200/src/seccmd/aif/devices/dermt.c
-r--r--r-- 3/4            5341 1994-03-02 16:11 ./usr/opt/OSC200/src/seccmd/aif/devices/dermr.c
-r--r--r-- 3/4            5345 1994-03-02 16:11 ./usr/opt/OSC200/src/seccmd/aif/devices/dermp.c
-r--r--r-- 3/4            5211 1994-03-02 16:11 ./usr/opt/OSC200/src/seccmd/aif/devices/demdt.c
-r--r--r-- 3/4            5216 1994-03-02 16:11 ./usr/opt/OSC200/src/seccmd/aif/devices/demdr.c
-r--r--r-- 3/4               0 1993-01-25 23:40 ./usr/opt/OSC200/src/seccmd/aif/devices/ADevices.h
-r--r--r-- 3/4            5207 1994-03-02 16:11 ./usr/opt/OSC200/src/seccmd/aif/devices/demdp.c
-r--r--r-- 3/4            5157 1994-03-02 16:11 ./usr/opt/OSC200/src/seccmd/aif/devices/delck.c
-r--r--r-- 3/4            5210 1994-03-02 16:11 ./usr/opt/OSC200/src/seccmd/aif/devices/dedst.c
-r--r--r-- 3/4            5249 1994-03-02 16:11 ./usr/opt/OSC200/src/seccmd/aif/devices/dedsr.c
-r--r--r-- 3/4            5810 1994-03-02 16:11 ./usr/opt/OSC200/src/seccmd/aif/devices/dedsp.c
-r--r--r-- 3/4            4824 1994-03-02 16:11 ./usr/opt/OSC200/src/seccmd/aif/devices/dedevs.h
-r--r--r-- 3/4           19646 1994-03-02 16:11 ./usr/opt/OSC200/src/seccmd/aif/devices/dedevs.c
-r--r--r-- 3/4            5714 1994-03-02 16:11 ./usr/opt/OSC200/src/seccmd/aif/devices/decp.c
-r--r--r-- 3/4            7309 1994-03-02 16:11 ./usr/opt/OSC200/src/seccmd/aif/devices/deaus.c
-r--r--r-- 3/4            5201 1994-03-02 16:11 ./usr/opt/OSC200/src/seccmd/aif/devices/deadt.c
-r--r--r-- 3/4            5203 1994-03-02 16:11 ./usr/opt/OSC200/src/seccmd/aif/devices/deadr.c
-r--r--r-- 3/4            5198 1994-03-02 16:11 ./usr/opt/OSC200/src/seccmd/aif/devices/deadp.c
-r--r--r-- 3/4           16877 1994-03-02 16:11 ./usr/opt/OSC200/src/seccmd/aif/devices/de_scrns.c
-r--r--r-- 3/4           29891 1994-03-02 16:11 ./usr/opt/OSC200/src/seccmd/aif/audit/slabel.c
-r--r--r-- 3/4            8825 1994-03-02 16:11 ./usr/opt/OSC200/src/seccmd/aif/audit/austats.c
-r--r--r-- 3/4            4326 1994-03-02 16:11 ./usr/opt/OSC200/src/seccmd/aif/audit/ausl.c
-r--r--r-- 3/4           12817 1994-03-02 16:11 ./usr/opt/OSC200/src/seccmd/aif/audit/aurs.c
-r--r--r-- 3/4            9254 1994-03-02 16:11 ./usr/opt/OSC200/src/seccmd/aif/audit/aurr.c
-r--r--r-- 3/4           10686 1994-03-02 16:11 ./usr/opt/OSC200/src/seccmd/aif/audit/aurd.c
-r--r--r-- 3/4           23597 1994-03-02 16:11 ./usr/opt/OSC200/src/seccmd/aif/audit/aurc.c
-r--r--r-- 3/4            5806 1994-03-02 16:11 ./usr/opt/OSC200/src/seccmd/aif/audit/aumr.c
-r--r--r-- 3/4            6735 1994-03-02 16:11 ./usr/opt/OSC200/src/seccmd/aif/audit/aumm.c
-r--r--r-- 3/4            6588 1994-03-02 16:11 ./usr/opt/OSC200/src/seccmd/aif/audit/aumd.c
-r--r--r-- 3/4            9523 1994-03-02 16:11 ./usr/opt/OSC200/src/seccmd/aif/audit/aumb.c
-r--r--r-- 3/4            9792 1994-03-02 16:11 ./usr/opt/OSC200/src/seccmd/aif/audit/aucpm.c
-r--r--r-- 3/4            6988 1994-03-02 16:11 ./usr/opt/OSC200/src/seccmd/aif/audit/aucpe.c
-r--r--r-- 3/4           21153 1994-03-02 16:11 ./usr/opt/OSC200/src/seccmd/aif/audit/au_scrns.c
-r--r--r-- 3/4            2194 1994-03-02 16:11 ./usr/opt/OSC200/src/seccmd/aif/audit/Makefile
-r--r--r-- 3/4           11888 1994-03-02 16:11 ./usr/opt/OSC200/src/seccmd/aif/aclif/userif.h
-r--r--r-- 3/4               0 1993-01-25 23:40 ./usr/opt/OSC200/src/seccmd/aif/aclif/test.c
-r--r--r-- 3/4            3518 1994-03-02 16:11 ./usr/opt/OSC200/src/seccmd/aif/aclif/stemplate.c
-r--r--r-- 3/4           20848 1994-03-02 16:11 ./usr/opt/OSC200/src/seccmd/aif/aclif/ask_print.c
-r--r--r-- 3/4               0 1993-01-25 23:40 ./usr/opt/OSC200/src/seccmd/aif/aclif/abc.c
-r--r--r-- 3/4               0 1993-01-25 23:40 ./usr/opt/OSC200/src/seccmd/aif/aclif/abc
-r--r--r-- 3/4            1945 1994-03-02 16:11 ./usr/opt/OSC200/src/seccmd/aif/aclif/Makefile
-r--r--r-- 3/4            3674 1994-03-02 16:11 ./usr/opt/OSC200/src/seccmd/aif/accounts/agutils.c
-r--r--r-- 3/4            3363 1994-03-02 16:11 ./usr/opt/OSC200/src/seccmd/aif/accounts/ag.h
-r--r--r-- 3/4            4139 1994-03-02 16:11 ./usr/opt/OSC200/src/seccmd/aif/accounts/acuu.c
-r--r--r-- 3/4            3801 1994-03-02 16:10 ./usr/opt/OSC200/src/seccmd/aif/accounts/acucl.c
-r--r--r-- 3/4            4016 1994-03-02 16:10 ./usr/opt/OSC200/src/seccmd/aif/accounts/acsutils.c
-r--r--r-- 3/4           94210 1994-03-02 16:11 ./usr/opt/OSC200/src/seccmd/aif/aclif/scrnsubs.c
-r--r--r-- 3/4           37584 1994-03-02 16:11 ./usr/opt/OSC200/src/seccmd/aif/aclif/aclif.c
-r--r--r-- 3/4           10541 1994-03-02 16:11 ./usr/opt/OSC200/src/seccmd/aif/accounts/acutils.c
-r--r--r-- 3/4            6611 1994-03-02 16:10 ./usr/opt/OSC200/src/seccmd/aif/accounts/acsue.c
-r--r--r-- 3/4            5589 1994-03-02 16:10 ./usr/opt/OSC200/src/seccmd/aif/accounts/acsu.c
-r--r--r-- 3/4            6656 1994-03-02 16:10 ./usr/opt/OSC200/src/seccmd/aif/accounts/acsge.c
-r--r--r-- 3/4            5691 1994-03-02 16:10 ./usr/opt/OSC200/src/seccmd/aif/accounts/acsg.c
-r--r--r-- 3/4            2839 1994-03-02 16:10 ./usr/opt/OSC200/src/seccmd/aif/accounts/acs.h
-r--r--r-- 3/4               0 1993-01-25 23:39 ./usr/opt/OSC200/src/seccmd/aif/accounts/AUserPass.c
-r--r--r-- 3/4               0 1993-01-25 23:39 ./usr/opt/OSC200/src/seccmd/aif/accounts/AUserGroup.c
-r--r--r-- 3/4            4140 1994-03-02 16:10 ./usr/opt/OSC200/src/seccmd/aif/accounts/acru.c
-r--r--r-- 3/4            8628 1994-03-02 16:10 ./usr/opt/OSC200/src/seccmd/aif/accounts/acmupp.c
-r--r--r-- 3/4            9051 1994-03-02 16:10 ./usr/opt/OSC200/src/seccmd/aif/accounts/acmu.c
-r--r--r-- 3/4            8191 1994-03-02 16:10 ./usr/opt/OSC200/src/seccmd/aif/accounts/acmg.c
-r--r--r-- 3/4            4151 1994-03-02 16:10 ./usr/opt/OSC200/src/seccmd/aif/accounts/aclu.c
-r--r--r-- 3/4            6957 1994-03-02 16:10 ./usr/opt/OSC200/src/seccmd/aif/accounts/acdupp.c
-r--r--r-- 3/4            7817 1994-03-02 16:10 ./usr/opt/OSC200/src/seccmd/aif/accounts/acdulc.c
-r--r--r-- 3/4            7376 1994-03-02 16:10 ./usr/opt/OSC200/src/seccmd/aif/accounts/acduca.c
-r--r--r-- 3/4            5778 1994-03-02 16:10 ./usr/opt/OSC200/src/seccmd/aif/accounts/acdu.c
-r--r--r-- 3/4            9017 1994-03-02 16:10 ./usr/opt/OSC200/src/seccmd/aif/accounts/acdpp.c
-r--r--r-- 3/4            6574 1994-03-02 16:10 ./usr/opt/OSC200/src/seccmd/aif/accounts/acdlc.c
-r--r--r-- 3/4            7827 1994-03-02 16:10 ./usr/opt/OSC200/src/seccmd/aif/accounts/acdka.c
-r--r--r-- 3/4            7243 1994-03-02 16:10 ./usr/opt/OSC200/src/seccmd/aif/accounts/acdg.c
-r--r--r-- 3/4            3799 1994-03-02 16:10 ./usr/opt/OSC200/src/seccmd/aif/accounts/acdcl.c
-r--r--r-- 3/4            6596 1994-03-02 16:10 ./usr/opt/OSC200/src/seccmd/aif/accounts/acdca.c
-r--r--r-- 3/4            4987 1994-03-02 16:10 ./usr/opt/OSC200/src/seccmd/aif/accounts/accue.c
-r--r--r-- 3/4            8833 1994-03-02 16:10 ./usr/opt/OSC200/src/seccmd/aif/accounts/acaupp.c
-r--r--r-- 3/4            8274 1994-03-02 16:10 ./usr/opt/OSC200/src/seccmd/aif/accounts/acaulc.c
-r--r--r-- 3/4           16204 1994-03-02 16:10 ./usr/opt/OSC200/src/seccmd/aif/accounts/acauka.c
-r--r--r-- 3/4            8385 1994-03-02 16:10 ./usr/opt/OSC200/src/seccmd/aif/accounts/acauca.c
-r--r--r-- 3/4            8523 1994-03-02 16:10 ./usr/opt/OSC200/src/seccmd/aif/accounts/acau.c
-r--r--r-- 3/4            2233 1994-03-02 16:10 ./usr/opt/OSC200/src/seccmd/aif/accounts/Makefile
-r--r--r-- 3/4           14177 1994-03-02 16:10 ./usr/opt/OSC200/src/seccmd/aif/accounts/acauae.c
-r--r--r-- 3/4            7640 1994-03-02 16:10 ./usr/opt/OSC200/src/seccmd/aif/accounts/acag.c
-r--r--r-- 3/4           43779 1994-03-02 16:10 ./usr/opt/OSC200/src/seccmd/aif/accounts/ac_scrns.c
-r--r--r-- 3/4            3696 1994-03-02 16:10 ./usr/opt/OSC200/src/seccmd/aif/accounts/ac.h
-r--r--r-- 3/4               0 1993-01-25 23:39 ./usr/opt/OSC200/src/seccmd/aif/accounts/AUserElse.c
-r--r--r-- 3/4               0 1993-01-25 23:39 ./usr/opt/OSC200/src/seccmd/aif/accounts/AUserCom.c
-r--r--r-- 3/4               0 1993-01-25 23:39 ./usr/opt/OSC200/src/seccmd/aif/accounts/AUserClear.c
-r--r--r-- 3/4               0 1993-01-25 23:39 ./usr/opt/OSC200/src/seccmd/aif/accounts/AUserAuth.c
-r--r--r-- 3/4               0 1993-01-25 23:39 ./usr/opt/OSC200/src/seccmd/aif/accounts/AUserAudit.c
-r--r--r-- 3/4               0 1993-01-25 23:39 ./usr/opt/OSC200/src/seccmd/aif/accounts/AUnlock.c
-r--r--r-- 3/4               0 1993-01-25 23:39 ./usr/opt/OSC200/src/seccmd/aif/accounts/ARetire.c
-r--r--r-- 3/4               0 1993-01-25 23:39 ./usr/opt/OSC200/src/seccmd/aif/accounts/AMenu.c
-r--r--r-- 3/4               0 1993-01-25 23:38 ./usr/opt/OSC200/src/seccmd/aif/accounts/AMakeUser.c
-r--r--r-- 3/4               0 1993-01-25 23:38 ./usr/opt/OSC200/src/seccmd/aif/accounts/AMakeGroup.c
-r--r--r-- 3/4               0 1993-01-25 23:38 ./usr/opt/OSC200/src/seccmd/aif/accounts/ALock.c
-r--r--r-- 3/4               0 1993-01-25 23:38 ./usr/opt/OSC200/src/seccmd/aif/accounts/AGetUser.c
-r--r--r-- 3/4               0 1993-01-25 23:38 ./usr/opt/OSC200/src/seccmd/aif/accounts/ADefPass.c
-r--r--r-- 3/4               0 1993-01-25 23:38 ./usr/opt/OSC200/src/seccmd/aif/accounts/ADefElse.c
-r--r--r-- 3/4               0 1993-01-25 23:38 ./usr/opt/OSC200/src/seccmd/aif/accounts/ADefCom.c
-r--r--r-- 3/4               0 1993-01-25 23:38 ./usr/opt/OSC200/src/seccmd/aif/accounts/ADefClear.c
-r--r--r-- 3/4               0 1993-01-25 23:38 ./usr/opt/OSC200/src/seccmd/aif/accounts/ADefAuth.c
-r--r--r-- 3/4            1941 1994-03-02 16:11 ./usr/opt/OSC200/src/seccmd/aif/Makefile
-r--r--r-- 3/4             473 1993-01-25 23:38 ./usr/opt/OSC200/src/seccmd/aclsyn.msg
-r--r--r-- 3/4            7510 1994-03-02 16:12 ./usr/opt/OSC200/src/seccmd/aclsyn.c
-r--r--r-- 3/4            6548 1993-01-25 23:38 ./usr/opt/OSC200/src/seccmd/acl_parse.y
-r--r--r-- 3/4            6624 1993-01-25 23:38 ./usr/opt/OSC200/src/seccmd/SWbanner.pro
-r--r--r-- 3/4            4336 1994-03-02 16:12 ./usr/opt/OSC200/src/seccmd/Makefile
-r--r--r-- 3/4          373116 1994-03-02 16:15 ./usr/opt/OSC200/src/seccmd/xif_uu/XSysAdmin.uu
-r--r--r-- 3/4          716564 1994-03-02 16:15 ./usr/opt/OSC200/src/seccmd/xif_uu/XIsso.uu
-r--r--r-- 3/4          357030 1994-03-02 16:15 ./usr/opt/OSC200/src/seccmd/xif_uu/XIsso.uid.uu
