-r--r--r-- 3/4            2797 1994-03-02 16:58 ./usr/opt/OSC200/src/usr/include/wstring.h
-r--r--r-- 3/4            3576 1994-03-02 16:58 ./usr/opt/OSC200/src/usr/include/wordexp.h
-r--r--r-- 3/4            2462 1994-03-02 16:58 ./usr/opt/OSC200/src/usr/include/wcstr.h
-r--r--r-- 3/4            5422 1994-03-02 16:58 ./usr/opt/OSC200/src/usr/include/wchar.h
-r--r--r-- 3/4            1766 1994-03-02 16:58 ./usr/opt/OSC200/src/usr/include/vm/Makefile
-r--r--r-- 3/4            2123 1994-03-02 16:58 ./usr/opt/OSC200/src/usr/include/vfont.h
-r--r--r-- 3/4            4553 1994-03-02 16:58 ./usr/opt/OSC200/src/usr/include/utmp.h
-r--r--r-- 3/4            2981 1994-03-02 16:58 ./usr/opt/OSC200/src/usr/include/utime.h
-r--r--r-- 3/4            3131 1994-03-02 16:58 ./usr/opt/OSC200/src/usr/include/userpw.h
-r--r--r-- 3/4           14886 1994-03-02 16:58 ./usr/opt/OSC200/src/usr/include/unistd.h
-r--r--r-- 3/4            2236 1994-03-02 16:58 ./usr/opt/OSC200/src/usr/include/unctrl.h
-r--r--r-- 3/4            2798 1994-03-02 16:58 ./usr/opt/OSC200/src/usr/include/ulimit.h
-r--r--r-- 3/4            1901 1994-03-02 16:58 ./usr/opt/OSC200/src/usr/include/ufs/Makefile
-r--r--r-- 3/4            4321 1994-03-02 16:58 ./usr/opt/OSC200/src/usr/include/tzfile.h
-r--r--r-- 3/4            2922 1994-03-02 16:58 ./usr/opt/OSC200/src/usr/include/ttyent.h
-r--r--r-- 3/4            1809 1994-03-02 16:58 ./usr/opt/OSC200/src/usr/include/tty/Makefile
-r--r--r-- 3/4            2418 1994-03-02 16:58 ./usr/opt/OSC200/src/usr/include/tli/tlistate.h
-r--r--r-- 3/4            3144 1994-03-02 16:58 ./usr/opt/OSC200/src/usr/include/tli/tdbg.h
-r--r--r-- 3/4            2047 1994-03-02 16:58 ./usr/opt/OSC200/src/usr/include/tli/iostate.h
-r--r--r-- 3/4            5264 1994-03-02 16:58 ./usr/opt/OSC200/src/usr/include/tli/common.h
-r--r--r-- 3/4            1871 1994-03-02 16:58 ./usr/opt/OSC200/src/usr/include/tli/Makefile
-r--r--r-- 3/4            7190 1994-03-02 16:58 ./usr/opt/OSC200/src/usr/include/time.h
-r--r--r-- 3/4            3677 1994-03-02 16:58 ./usr/opt/OSC200/src/usr/include/tar.h
-r--r--r-- 3/4            6233 1994-03-02 16:58 ./usr/opt/OSC200/src/usr/include/sysexits.h
-r--r--r-- 3/4            2086 1994-03-02 16:58 ./usr/opt/OSC200/src/usr/include/sys/ucontext.h
-r--r--r-- 3/4            6247 1994-03-02 16:58 ./usr/opt/OSC200/src/usr/include/sys/timers.h
-r--r--r-- 3/4            4571 1994-03-02 16:58 ./usr/opt/OSC200/src/usr/include/sys/method.h
-r--r--r-- 3/4           12856 1994-03-02 16:58 ./usr/opt/OSC200/src/usr/include/sys/localedef.h
-r--r--r-- 3/4            6170 1994-03-02 16:58 ./usr/opt/OSC200/src/usr/include/sys/lc_core.h
-r--r--r-- 3/4            4315 1994-03-02 16:58 ./usr/opt/OSC200/src/usr/include/sys/Makefile
-r--r--r-- 3/4            1911 1994-03-02 16:58 ./usr/opt/OSC200/src/usr/include/struct.h
-r--r--r-- 3/4            2259 1994-03-02 16:58 ./usr/opt/OSC200/src/usr/include/strings.h
-r--r--r-- 3/4            6849 1994-03-02 16:58 ./usr/opt/OSC200/src/usr/include/string.h
-r--r--r-- 3/4            1870 1994-03-02 16:58 ./usr/opt/OSC200/src/usr/include/streams/Makefile
-r--r--r-- 3/4            9388 1994-03-02 16:58 ./usr/opt/OSC200/src/usr/include/stdlib.h
-r--r--r-- 3/4           12114 1994-03-02 16:58 ./usr/opt/OSC200/src/usr/include/stdio.h
-r--r--r-- 3/4            3103 1994-03-02 16:58 ./usr/opt/OSC200/src/usr/include/stddef.h
-r--r--r-- 3/4           22488 1994-03-02 16:58 ./usr/opt/OSC200/src/usr/include/std_labels.h
-r--r--r-- 3/4            4433 1994-03-02 16:58 ./usr/opt/OSC200/src/usr/include/standards.h
-r--r--r-- 3/4            3634 1994-03-02 16:58 ./usr/opt/OSC200/src/usr/include/stab.h
-r--r--r-- 3/4            1665 1994-03-02 16:58 ./usr/opt/OSC200/src/usr/include/sgtty.h
-r--r--r-- 3/4           11217 1994-03-02 16:58 ./usr/opt/OSC200/src/usr/include/setld/setld.h
-r--r--r-- 3/4            1900 1994-03-02 16:58 ./usr/opt/OSC200/src/usr/include/setld/list.h
-r--r--r-- 3/4            1642 1994-03-02 16:58 ./usr/opt/OSC200/src/usr/include/setld/Makefile
-r--r--r-- 3/4             716 1993-01-26 02:58 ./usr/opt/OSC200/src/usr/include/servers/service.defs
-r--r--r-- 3/4            2514 1994-03-02 16:58 ./usr/opt/OSC200/src/usr/include/servers/netname_defs.h
-r--r--r-- 3/4            1169 1993-01-26 02:58 ./usr/opt/OSC200/src/usr/include/servers/netname.defs
-r--r--r-- 3/4             855 1993-01-26 02:58 ./usr/opt/OSC200/src/usr/include/servers/netmemstat.defs
-r--r--r-- 3/4            2454 1994-03-02 16:58 ./usr/opt/OSC200/src/usr/include/servers/netmemory_defs.h
-r--r--r-- 3/4            1304 1993-01-26 02:58 ./usr/opt/OSC200/src/usr/include/servers/netmemory.defs
-r--r--r-- 3/4            2190 1994-03-02 16:58 ./usr/opt/OSC200/src/usr/include/servers/ipcx_types.h
-r--r--r-- 3/4             618 1993-01-26 02:58 ./usr/opt/OSC200/src/usr/include/servers/ipcx.defs
-r--r--r-- 3/4            2652 1994-03-02 16:58 ./usr/opt/OSC200/src/usr/include/servers/errorlib.h
-r--r--r-- 3/4            2157 1993-01-26 02:58 ./usr/opt/OSC200/src/usr/include/servers/env_mgr.defs
-r--r--r-- 3/4            2648 1994-03-02 16:58 ./usr/opt/OSC200/src/usr/include/servers/emdefs.h
-r--r--r-- 3/4            2044 1994-03-02 16:58 ./usr/opt/OSC200/src/usr/include/servers/Makefile
-r--r--r-- 3/4            4021 1994-03-02 16:58 ./usr/opt/OSC200/src/usr/include/search.h
-r--r--r-- 3/4           11273 1994-03-02 16:58 ./usr/opt/OSC200/src/usr/include/sdm/std_defs.h
-r--r--r-- 3/4            2360 1994-03-02 16:58 ./usr/opt/OSC200/src/usr/include/sdm/parse_rc_file.h
-r--r--r-- 3/4            4064 1994-03-02 16:58 ./usr/opt/OSC200/src/usr/include/sdm/parse_cmd_line.h
-r--r--r-- 3/4            1747 1994-03-02 16:58 ./usr/opt/OSC200/src/usr/include/sdm/Makefile
-r--r--r-- 3/4            5428 1994-03-02 16:58 ./usr/opt/OSC200/src/usr/include/sched.h
-r--r--r-- 3/4            1911 1994-03-02 16:58 ./usr/opt/OSC200/src/usr/include/s5fs/Makefile
-r--r--r-- 3/4            2996 1994-03-02 16:58 ./usr/opt/OSC200/src/usr/include/rpcsvc/ypxfrd.h
-r--r--r-- 3/4            6432 1994-03-02 16:58 ./usr/opt/OSC200/src/usr/include/rpcsvc/ypv1_prot.h
-r--r--r-- 3/4            2310 1994-03-02 16:58 ./usr/opt/OSC200/src/usr/include/rpcsvc/ypupdate_prot.h
-r--r--r-- 3/4            3182 1994-03-02 16:58 ./usr/opt/OSC200/src/usr/include/rpcsvc/ypsym.h
-r--r--r-- 3/4            1930 1994-03-02 16:58 ./usr/opt/OSC200/src/usr/include/rpcsvc/yppasswd.h
-r--r--r-- 3/4            3277 1994-03-02 16:58 ./usr/opt/OSC200/src/usr/include/rpcsvc/ypdefs.h
-r--r--r-- 3/4            3754 1994-03-02 16:58 ./usr/opt/OSC200/src/usr/include/rpcsvc/ypclnt.h
-r--r--r-- 3/4           10234 1994-03-02 16:58 ./usr/opt/OSC200/src/usr/include/rpcsvc/yp_prot.h
-r--r--r-- 3/4            1762 1994-03-02 16:58 ./usr/opt/OSC200/src/usr/include/rpcsvc/rwall.h
-r--r--r-- 3/4            2097 1994-03-02 16:58 ./usr/opt/OSC200/src/usr/include/rpcsvc/spray.h
-r--r--r-- 3/4            2712 1994-03-02 16:58 ./usr/opt/OSC200/src/usr/include/rpcsvc/sm_inter.h
-r--r--r-- 3/4            2333 1994-03-02 16:58 ./usr/opt/OSC200/src/usr/include/rpcsvc/showfh.h
-r--r--r-- 3/4            2655 1994-03-02 16:58 ./usr/opt/OSC200/src/usr/include/rpcsvc/rusers.h
-r--r--r-- 3/4            3847 1994-03-02 16:58 ./usr/opt/OSC200/src/usr/include/rpcsvc/rstat.h
-r--r--r-- 3/4            3281 1994-03-02 16:58 ./usr/opt/OSC200/src/usr/include/rpcsvc/rquota.h
-r--r--r-- 3/4            3283 1994-03-02 16:58 ./usr/opt/OSC200/src/usr/include/rpcsvc/rex.h
-r--r--r-- 3/4            1884 1994-03-02 16:58 ./usr/opt/OSC200/src/usr/include/rpcsvc/pwdnm.h
-r--r--r-- 3/4            4166 1994-03-02 16:58 ./usr/opt/OSC200/src/usr/include/rpcsvc/pnprpc.h
-r--r--r-- 3/4            4997 1994-03-02 16:58 ./usr/opt/OSC200/src/usr/include/rpcsvc/mount.h
-r--r--r-- 3/4            2808 1994-03-02 16:58 ./usr/opt/OSC200/src/usr/include/rpcsvc/ipalloc.h
-r--r--r-- 3/4            3197 1994-03-02 16:58 ./usr/opt/OSC200/src/usr/include/rpcsvc/ether.h
-r--r--r-- 3/4            3193 1994-03-02 16:58 ./usr/opt/OSC200/src/usr/include/rpcsvc/bootparam.h
-r--r--r-- 3/4            1979 1994-03-02 16:58 ./usr/opt/OSC200/src/usr/include/rpcsvc/Makefile
-r--r--r-- 3/4            9921 1994-03-02 16:58 ./usr/opt/OSC200/src/usr/include/rpc/xdr.h
-r--r--r-- 3/4            2788 1994-03-02 16:58 ./usr/opt/OSC200/src/usr/include/rpc/types.h
-r--r--r-- 3/4            1727 1994-03-02 16:58 ./usr/opt/OSC200/src/usr/include/rpc/svc_auth.h
-r--r--r-- 3/4            9479 1994-03-02 16:58 ./usr/opt/OSC200/src/usr/include/rpc/svc.h
-r--r--r-- 3/4            4399 1994-03-02 16:58 ./usr/opt/OSC200/src/usr/include/rpc/rpc_msg.h
-r--r--r-- 3/4            3220 1994-03-02 16:58 ./usr/opt/OSC200/src/usr/include/rpc/rpc.h
-r--r--r-- 3/4            1734 1994-03-02 16:58 ./usr/opt/OSC200/src/usr/include/rpc/raw.h
-r--r--r-- 3/4            2037 1994-03-02 16:58 ./usr/opt/OSC200/src/usr/include/rpc/pmap_rmt.h
-r--r--r-- 3/4            3636 1994-03-02 16:58 ./usr/opt/OSC200/src/usr/include/rpc/pmap_prot.h
-r--r--r-- 3/4            2765 1994-03-02 16:58 ./usr/opt/OSC200/src/usr/include/rpc/pmap_clnt.h
-r--r--r-- 3/4            3250 1994-03-02 16:58 ./usr/opt/OSC200/src/usr/include/rpc/netdb.h
-r--r--r-- 3/4            2931 1994-03-02 16:58 ./usr/opt/OSC200/src/usr/include/rpc/key_prot.h
-r--r--r-- 3/4           10630 1994-03-02 16:58 ./usr/opt/OSC200/src/usr/include/rpc/clnt.h
-r--r--r-- 3/4            2648 1994-03-02 16:58 ./usr/opt/OSC200/src/usr/include/rpc/auth_unix.h
-r--r--r-- 3/4            5356 1994-03-02 16:58 ./usr/opt/OSC200/src/usr/include/rpc/auth.h
-r--r--r-- 3/4            1889 1994-03-02 16:58 ./usr/opt/OSC200/src/usr/include/rpc/Makefile
-r--r--r-- 3/4            5462 1994-03-02 16:58 ./usr/opt/OSC200/src/usr/include/rld_interface.h
-r--r--r-- 3/4            4820 1994-03-02 16:58 ./usr/opt/OSC200/src/usr/include/resolv.h
-r--r--r-- 3/4            9971 1994-03-02 16:58 ./usr/opt/OSC200/src/usr/include/regexp.h
-r--r--r-- 3/4            5579 1994-03-02 16:58 ./usr/opt/OSC200/src/usr/include/regex.h
-r--r--r-- 3/4            2375 1994-03-02 16:58 ./usr/opt/OSC200/src/usr/include/random.h
-r--r--r-- 3/4            3761 1994-03-02 16:57 ./usr/opt/OSC200/src/usr/include/pwd.h
-r--r--r-- 3/4            2175 1994-03-02 16:58 ./usr/opt/OSC200/src/usr/include/pty.h
-r--r--r-- 3/4            2640 1994-03-02 16:58 ./usr/opt/OSC200/src/usr/include/protocols/rwhod.h
-r--r--r-- 3/4            4572 1994-03-02 16:58 ./usr/opt/OSC200/src/usr/include/protocols/timed.h
-r--r--r-- 3/4            5441 1994-03-02 16:58 ./usr/opt/OSC200/src/usr/include/protocols/talkd.h
-r--r--r-- 3/4            3474 1994-03-02 16:58 ./usr/opt/OSC200/src/usr/include/protocols/routed.h
-r--r--r-- 3/4            4121 1994-03-02 16:58 ./usr/opt/OSC200/src/usr/include/protocols/dumprestore.h
-r--r--r-- 3/4            1794 1994-03-02 16:58 ./usr/opt/OSC200/src/usr/include/protocols/Makefile
-r--r--r-- 3/4            2602 1994-03-02 16:57 ./usr/opt/OSC200/src/usr/include/protcmd.h
-r--r--r-- 3/4           29507 1994-03-02 16:58 ./usr/opt/OSC200/src/usr/include/prot.h
-r--r--r-- 3/4            1720 1994-03-02 16:58 ./usr/opt/OSC200/src/usr/include/procfs/Makefile
-r--r--r-- 3/4            1636 1994-03-02 16:58 ./usr/opt/OSC200/src/usr/include/poll.h
-r--r--r-- 3/4            7933 1994-03-02 16:58 ./usr/opt/OSC200/src/usr/include/pcc.h
-r--r--r-- 3/4            3274 1994-03-02 16:58 ./usr/opt/OSC200/src/usr/include/paths.h
-r--r--r-- 3/4            2754 1994-03-02 16:58 ./usr/opt/OSC200/src/usr/include/ntp/ntpq.h
-r--r--r-- 3/4            2526 1994-03-02 16:58 ./usr/opt/OSC200/src/usr/include/ntp/ntpdc.h
-r--r--r-- 3/4            4628 1994-03-02 16:58 ./usr/opt/OSC200/src/usr/include/ntp/ntpdate.h
-r--r--r-- 3/4           14121 1994-03-02 16:58 ./usr/opt/OSC200/src/usr/include/ntp/ntpd.h
-r--r--r-- 3/4            3783 1994-03-02 16:58 ./usr/opt/OSC200/src/usr/include/ntp/ntp_unixtime.h
-r--r--r-- 3/4            1682 1994-03-02 16:58 ./usr/opt/OSC200/src/usr/include/ntp/ntp_syslog.h
-r--r--r-- 3/4           24540 1994-03-02 16:58 ./usr/opt/OSC200/src/usr/include/ntp/ntp_request.h
-r--r--r-- 3/4            4449 1994-03-02 16:58 ./usr/opt/OSC200/src/usr/include/ntp/ntp_refclock.h
-r--r--r-- 3/4            9799 1994-03-02 16:58 ./usr/opt/OSC200/src/usr/include/ntp/ntp_fp.h
-r--r--r-- 3/4            7500 1994-03-02 16:58 ./usr/opt/OSC200/src/usr/include/ntp/ntp_control.h
-r--r--r-- 3/4            3666 1994-03-02 16:58 ./usr/opt/OSC200/src/usr/include/ntp/ntp_calendar.h
-r--r--r-- 3/4            1866 1994-03-02 16:58 ./usr/opt/OSC200/src/usr/include/ntp/Makefile
-r--r--r-- 3/4            2948 1994-03-02 16:58 ./usr/opt/OSC200/src/usr/include/nl_types.h
-r--r--r-- 3/4            1878 1994-03-02 16:58 ./usr/opt/OSC200/src/usr/include/nfs/Makefile
-r--r--r-- 3/4            1963 1994-03-02 16:58 ./usr/opt/OSC200/src/usr/include/netns/Makefile
-r--r--r-- 3/4            2124 1994-03-02 16:58 ./usr/opt/OSC200/src/usr/include/netinet/Makefile
-r--r--r-- 3/4           22973 1994-03-02 16:58 ./usr/opt/OSC200/src/usr/include/ntp/ntp.h
-r--r--r-- 3/4            1776 1994-03-02 16:58 ./usr/opt/OSC200/src/usr/include/netdnet/Makefile
-r--r--r-- 3/4            7899 1994-03-02 16:58 ./usr/opt/OSC200/src/usr/include/netdb.h
-r--r--r-- 3/4            2002 1994-03-02 16:58 ./usr/opt/OSC200/src/usr/include/net/Makefile
-r--r--r-- 3/4            3779 1994-03-02 16:58 ./usr/opt/OSC200/src/usr/include/ndbm.h
-r--r--r-- 3/4            2005 1994-03-02 16:58 ./usr/opt/OSC200/src/usr/include/mtab.h
-r--r--r-- 3/4            3216 1994-03-02 16:58 ./usr/opt/OSC200/src/usr/include/msg08.h
-r--r--r-- 3/4            3179 1994-03-02 16:58 ./usr/opt/OSC200/src/usr/include/msg06.h
-r--r--r-- 3/4            3475 1994-03-02 16:58 ./usr/opt/OSC200/src/usr/include/msg04.h
-r--r--r-- 3/4            2886 1994-03-02 16:58 ./usr/opt/OSC200/src/usr/include/msg01.h
-r--r--r-- 3/4            2610 1994-03-02 16:58 ./usr/opt/OSC200/src/usr/include/mp.h
-r--r--r-- 3/4            2347 1994-03-02 16:58 ./usr/opt/OSC200/src/usr/include/monetary.h
-r--r--r-- 3/4           18460 1994-03-02 16:58 ./usr/opt/OSC200/src/usr/include/mon.h
-r--r--r-- 3/4            1852 1994-03-02 16:58 ./usr/opt/OSC200/src/usr/include/mmaxio/Makefile
-r--r--r-- 3/4            1785 1994-03-02 16:58 ./usr/opt/OSC200/src/usr/include/mmaxif/Makefile
-r--r--r-- 3/4            2268 1994-03-02 16:57 ./usr/opt/OSC200/src/usr/include/mmax/Makefile
-r--r--r-- 3/4            1615 1994-03-02 16:57 ./usr/opt/OSC200/src/usr/include/mlock.h
-r--r--r-- 3/4            2755 1994-03-02 16:57 ./usr/opt/OSC200/src/usr/include/mips/Makefile
-r--r--r-- 3/4            3109 1994-03-02 16:57 ./usr/opt/OSC200/src/usr/include/mesg.h
-r--r--r-- 3/4            2417 1994-03-02 16:57 ./usr/opt/OSC200/src/usr/include/memory.h
-r--r--r-- 3/4            3275 1994-03-02 16:57 ./usr/opt/OSC200/src/usr/include/mbstr.h
-r--r--r-- 3/4           16731 1994-03-02 16:57 ./usr/opt/OSC200/src/usr/include/math-hdr
-r--r--r-- 3/4            8279 1994-03-02 16:57 ./usr/opt/OSC200/src/usr/include/mandatory.h
-r--r--r-- 3/4            3351 1994-03-02 16:57 ./usr/opt/OSC200/src/usr/include/malloc.h
-r--r--r-- 3/4            4193 1994-03-02 16:57 ./usr/opt/OSC200/src/usr/include/macros.h
-r--r--r-- 3/4            4117 1994-03-02 16:57 ./usr/opt/OSC200/src/usr/include/mach_o_vals.h
-r--r--r-- 3/4            4143 1994-03-02 16:57 ./usr/opt/OSC200/src/usr/include/mach_o_header.h
-r--r--r-- 3/4           16022 1994-03-02 16:57 ./usr/opt/OSC200/src/usr/include/mach_o_format.h
-r--r--r-- 3/4            2547 1994-03-02 16:57 ./usr/opt/OSC200/src/usr/include/mach_error.h
-r--r--r-- 3/4            3185 1994-03-02 16:57 ./usr/opt/OSC200/src/usr/include/mach_init.h
-r--r--r-- 3/4            3529 1994-03-02 16:57 ./usr/opt/OSC200/src/usr/include/mach_exception.h
-r--r--r-- 3/4            1794 1994-03-02 16:57 ./usr/opt/OSC200/src/usr/include/mach_debug/mmax/Makefile
-r--r--r-- 3/4            1794 1994-03-02 16:57 ./usr/opt/OSC200/src/usr/include/mach_debug/mips/Makefile
-r--r--r-- 3/4            1794 1994-03-02 16:57 ./usr/opt/OSC200/src/usr/include/mach_debug/i386/Makefile
-r--r--r-- 3/4            1636 1994-03-02 16:57 ./usr/opt/OSC200/src/usr/include/mach_debug/alpha/Makefile
-r--r--r-- 3/4            2302 1994-03-02 16:57 ./usr/opt/OSC200/src/usr/include/mach_debug/Makefile
-r--r--r-- 3/4            2415 1993-01-26 02:56 ./usr/opt/OSC200/src/usr/include/mach_debug.defs
-r--r--r-- 3/4            1876 1994-03-02 16:57 ./usr/opt/OSC200/src/usr/include/mach/mmax/Makefile
-r--r--r-- 3/4            1956 1994-03-02 16:57 ./usr/opt/OSC200/src/usr/include/mach/mips/Makefile
-r--r--r-- 3/4            1876 1994-03-02 16:57 ./usr/opt/OSC200/src/usr/include/mach/i386/Makefile
-r--r--r-- 3/4            1819 1994-03-02 16:57 ./usr/opt/OSC200/src/usr/include/mach/alpha/Makefile
-r--r--r-- 3/4            2989 1994-03-02 16:57 ./usr/opt/OSC200/src/usr/include/mach/Makefile
-r--r--r-- 3/4            2052 1994-03-02 16:57 ./usr/opt/OSC200/src/usr/include/mach.h
-r--r--r-- 3/4           25466 1993-01-26 02:55 ./usr/opt/OSC200/src/usr/include/mach.defs
-r--r--r-- 3/4            1927 1994-03-02 16:57 ./usr/opt/OSC200/src/usr/include/lvm/Makefile
-r--r--r-- 3/4            4169 1994-03-02 16:57 ./usr/opt/OSC200/src/usr/include/lprio.h
-r--r--r-- 3/4            2940 1994-03-02 16:57 ./usr/opt/OSC200/src/usr/include/login.h
-r--r--r-- 3/4            4176 1994-03-02 16:57 ./usr/opt/OSC200/src/usr/include/locale.h
-r--r--r-- 3/4            5376 1994-03-02 16:57 ./usr/opt/OSC200/src/usr/include/loader/ldr_main_types.h
-r--r--r-- 3/4           13209 1994-03-02 16:57 ./usr/opt/OSC200/src/usr/include/loader/ldr_main.h
-r--r--r-- 3/4            2711 1994-03-02 16:57 ./usr/opt/OSC200/src/usr/include/loader/kls_message.h
-r--r--r-- 3/4            2406 1994-03-02 16:57 ./usr/opt/OSC200/src/usr/include/loader/kls_ipc.h
-r--r--r-- 3/4            6580 1994-03-02 16:57 ./usr/opt/OSC200/src/usr/include/loader/kloadsrv.h
-r--r--r-- 3/4            1797 1994-03-02 16:57 ./usr/opt/OSC200/src/usr/include/loader/Makefile
-r--r--r-- 3/4            6298 1994-03-02 16:57 ./usr/opt/OSC200/src/usr/include/loader.h
-r--r--r-- 3/4            3796 1994-03-02 16:57 ./usr/opt/OSC200/src/usr/include/lib_lock.h
-r--r--r-- 3/4            2183 1994-03-02 16:57 ./usr/opt/OSC200/src/usr/include/lib_data.h
-r--r--r-- 3/4            8495 1994-03-02 16:57 ./usr/opt/OSC200/src/usr/include/ldfcn.h
-r--r--r-- 3/4            1667 1994-03-02 16:57 ./usr/opt/OSC200/src/usr/include/lat/Makefile
-r--r--r-- 3/4            2589 1994-03-02 16:57 ./usr/opt/OSC200/src/usr/include/lastlog.h
-r--r--r-- 3/4            6412 1994-03-02 16:57 ./usr/opt/OSC200/src/usr/include/langinfo.h
-r--r--r-- 3/4            4518 1994-03-02 16:57 ./usr/opt/OSC200/src/usr/include/jctype.h
-r--r--r-- 3/4            2365 1994-03-02 16:57 ./usr/opt/OSC200/src/usr/include/jcode.h
-r--r--r-- 3/4            1716 1994-03-02 16:57 ./usr/opt/OSC200/src/usr/include/io/dec/wsl/Makefile
-r--r--r-- 3/4            1561 1994-03-02 16:57 ./usr/opt/OSC200/src/usr/include/io/dec/Makefile
-r--r--r-- 3/4            1792 1994-03-02 16:57 ./usr/opt/OSC200/src/usr/include/io/common/Makefile
-r--r--r-- 3/4            1776 1994-03-02 16:57 ./usr/opt/OSC200/src/usr/include/io/cam/xza/Makefile
-r--r--r-- 3/4             760 1993-01-26 02:54 ./usr/opt/OSC200/src/usr/include/exc.defs
-r--r--r-- 3/4            2074 1994-03-02 16:57 ./usr/opt/OSC200/src/usr/include/io/cam/Makefile
-r--r--r-- 3/4            1572 1994-03-02 16:57 ./usr/opt/OSC200/src/usr/include/io/Makefile
-r--r--r-- 3/4            2259 1994-03-02 16:57 ./usr/opt/OSC200/src/usr/include/img/Makefile
-r--r--r-- 3/4            3082 1994-03-02 16:57 ./usr/opt/OSC200/src/usr/include/iconv.h
-r--r--r-- 3/4            3506 1994-03-02 16:57 ./usr/opt/OSC200/src/usr/include/i386/machlimits.h
-r--r--r-- 3/4            2013 1994-03-02 16:57 ./usr/opt/OSC200/src/usr/include/i386/Makefile
-r--r--r-- 3/4            1771 1994-03-02 16:57 ./usr/opt/OSC200/src/usr/include/i386/AT386/machdep.mk
-r--r--r-- 3/4            3870 1994-03-02 16:57 ./usr/opt/OSC200/src/usr/include/grp.h
-r--r--r-- 3/4            4139 1994-03-02 16:57 ./usr/opt/OSC200/src/usr/include/gmon.h
-r--r--r-- 3/4            3774 1994-03-02 16:57 ./usr/opt/OSC200/src/usr/include/glob.h
-r--r--r-- 3/4            1933 1994-03-02 16:57 ./usr/opt/OSC200/src/usr/include/getopt.h
-r--r--r-- 3/4            3134 1994-03-02 16:57 ./usr/opt/OSC200/src/usr/include/ftw.h
-r--r--r-- 3/4            4248 1994-03-02 16:57 ./usr/opt/OSC200/src/usr/include/fstab.h
-r--r--r-- 3/4            4101 1994-03-02 16:57 ./usr/opt/OSC200/src/usr/include/fp.h
-r--r--r-- 3/4            2988 1994-03-02 16:57 ./usr/opt/OSC200/src/usr/include/fnmatch.h
-r--r--r-- 3/4            2628 1994-03-02 16:57 ./usr/opt/OSC200/src/usr/include/fmtmsg.h
-r--r--r-- 3/4            1699 1994-03-02 16:57 ./usr/opt/OSC200/src/usr/include/fcntl.h
-r--r--r-- 3/4            2364 1994-03-02 16:57 ./usr/opt/OSC200/src/usr/include/fatal.h
-r--r--r-- 3/4           19698 1994-03-02 16:57 ./usr/opt/OSC200/src/usr/include/eca/socket.h
-r--r--r-- 3/4            4677 1994-03-02 16:57 ./usr/opt/OSC200/src/usr/include/eca/snmppe_pei_event.h
-r--r--r-- 3/4            6215 1994-03-02 16:57 ./usr/opt/OSC200/src/usr/include/eca/snmp_mib.h
-r--r--r-- 3/4            1657 1994-03-02 16:57 ./usr/opt/OSC200/src/usr/include/eca/rpcexc.h
-r--r--r-- 3/4            1515 1994-03-02 16:57 ./usr/opt/OSC200/src/usr/include/eca/rpc.h
-r--r--r-- 3/4            2233 1994-03-02 16:57 ./usr/opt/OSC200/src/usr/include/eca/pe.h
-r--r--r-- 3/4            4682 1994-03-02 16:57 ./usr/opt/OSC200/src/usr/include/eca/ncl_interface_def.h
-r--r--r-- 3/4            1685 1994-03-02 16:57 ./usr/opt/OSC200/src/usr/include/eca/nbase.h
-r--r--r-- 3/4            6006 1994-03-02 16:57 ./usr/opt/OSC200/src/usr/include/eca/moss_private.h
-r--r--r-- 3/4            3442 1994-03-02 16:57 ./usr/opt/OSC200/src/usr/include/eca/moss_inet.h
-r--r--r-- 3/4            4355 1994-03-02 16:57 ./usr/opt/OSC200/src/usr/include/eca/moss_i_table.h
-r--r--r-- 3/4            6029 1994-03-02 16:57 ./usr/opt/OSC200/src/usr/include/eca/moss_dna.h
-r--r--r-- 3/4            2489 1994-03-02 16:57 ./usr/opt/OSC200/src/usr/include/eca/moss_cmp.h
-r--r--r-- 3/4            5005 1994-03-02 16:57 ./usr/opt/OSC200/src/usr/include/eca/moss_asn1.h
-r--r--r-- 3/4           15935 1994-03-02 16:57 ./usr/opt/OSC200/src/usr/include/eca/moss.h
-r--r--r-- 3/4            1632 1994-03-02 16:57 ./usr/opt/OSC200/src/usr/include/eca/mold_uuid.h
-r--r--r-- 3/4            2057 1994-03-02 16:57 ./usr/opt/OSC200/src/usr/include/eca/mold.h
-r--r--r-- 3/4            2100 1994-03-02 16:57 ./usr/opt/OSC200/src/usr/include/eca/mo.h
-r--r--r-- 3/4            4979 1994-03-02 16:57 ./usr/opt/OSC200/src/usr/include/eca/man_data.h
-r--r--r-- 3/4          137028 1994-03-02 16:57 ./usr/opt/OSC200/src/usr/include/eca/mir.h
-r--r--r-- 3/4           22959 1994-03-02 16:57 ./usr/opt/OSC200/src/usr/include/eca/mcc_interface_def.h
-r--r--r-- 3/4            9469 1994-03-02 16:57 ./usr/opt/OSC200/src/usr/include/eca/man.h
-r--r--r-- 3/4            3902 1994-03-02 16:57 ./usr/opt/OSC200/src/usr/include/eca/extern_nil.h
-r--r--r-- 3/4             741 1993-10-18 11:46 ./usr/opt/OSC200/src/usr/include/eca/build_mom.make
-r--r--r-- 3/4           15973 1994-03-02 16:57 ./usr/opt/OSC200/src/usr/include/eca/iso_defs.h
-r--r--r-- 3/4            6740 1994-03-02 16:57 ./usr/opt/OSC200/src/usr/include/eca/evd_defs.h
-r--r--r-- 3/4            1742 1994-03-02 16:57 ./usr/opt/OSC200/src/usr/include/eca/eca_snmp.ms
-r--r--r-- 3/4            1921 1994-03-02 16:57 ./usr/opt/OSC200/src/usr/include/eca/dce_error.h
-r--r--r-- 3/4            3156 1994-03-02 16:57 ./usr/opt/OSC200/src/usr/include/eca/ca_config.h
-r--r--r-- 3/4           35916 1994-03-02 16:57 ./usr/opt/OSC200/src/usr/include/eca/build_utility_routines.c
-r--r--r-- 3/4            5290 1994-03-02 16:57 ./usr/opt/OSC200/src/usr/include/eca/build_trap.c
-r--r--r-- 3/4            3186 1994-03-02 16:57 ./usr/opt/OSC200/src/usr/include/eca/build_switch_get_candidate.c
-r--r--r-- 3/4            4595 1994-03-02 16:57 ./usr/opt/OSC200/src/usr/include/eca/build_set_null.c
-r--r--r-- 3/4            5402 1994-03-02 16:57 ./usr/opt/OSC200/src/usr/include/eca/build_set.c
-r--r--r-- 3/4            6976 1994-03-02 16:57 ./usr/opt/OSC200/src/usr/include/eca/build_prototypes.h
-r--r--r-- 3/4           18009 1994-03-02 16:57 ./usr/opt/OSC200/src/usr/include/eca/build_perform_table_getnext.c
-r--r--r-- 3/4            9121 1994-03-02 16:57 ./usr/opt/OSC200/src/usr/include/eca/build_perform_snmp_get.c
-r--r--r-- 3/4           11273 1994-03-02 16:57 ./usr/opt/OSC200/src/usr/include/eca/build_perform_set.c
-r--r--r-- 3/4           13100 1994-03-02 16:57 ./usr/opt/OSC200/src/usr/include/eca/build_perform_nontable_getnext.c
-r--r--r-- 3/4            3635 1994-03-02 16:57 ./usr/opt/OSC200/src/usr/include/eca/build_perform_init.c
-r--r--r-- 3/4            6480 1994-03-02 16:57 ./usr/opt/OSC200/src/usr/include/eca/build_perform_get_instance.c
-r--r--r-- 3/4           10633 1994-03-02 16:57 ./usr/opt/OSC200/src/usr/include/eca/build_perform_get.c
-r--r--r-- 3/4            4079 1994-03-02 16:57 ./usr/opt/OSC200/src/usr/include/eca/build_perform_delete.c
-r--r--r-- 3/4            7964 1994-03-02 16:57 ./usr/opt/OSC200/src/usr/include/eca/build_perform_create_instance.c
-r--r--r-- 3/4            4081 1994-03-02 16:57 ./usr/opt/OSC200/src/usr/include/eca/build_perform_create.c
-r--r--r-- 3/4            5007 1994-03-02 16:57 ./usr/opt/OSC200/src/usr/include/eca/build_perform_action.c
-r--r--r-- 3/4            1723 1994-03-02 16:57 ./usr/opt/OSC200/src/usr/include/eca/build_instance_avl_null.c
-r--r--r-- 3/4            4884 1994-03-02 16:57 ./usr/opt/OSC200/src/usr/include/eca/build_instance_avl.c
-r--r--r-- 3/4            4863 1994-03-02 16:57 ./usr/opt/OSC200/src/usr/include/eca/build_init_perform_instance.c
-r--r--r-- 3/4           12092 1994-03-02 16:57 ./usr/opt/OSC200/src/usr/include/eca/build_init.c
-r--r--r-- 3/4            2045 1994-03-02 16:57 ./usr/opt/OSC200/src/usr/include/eca/build_import_oids.h
-r--r--r-- 3/4           14088 1994-03-02 16:57 ./usr/opt/OSC200/src/usr/include/eca/build_getnext.c
-r--r--r-- 3/4            4615 1994-03-02 16:57 ./usr/opt/OSC200/src/usr/include/eca/build_get_null.c
-r--r--r-- 3/4            7778 1994-03-02 16:57 ./usr/opt/OSC200/src/usr/include/eca/build_get_candidate_instance.c
-r--r--r-- 3/4            5599 1994-03-02 16:57 ./usr/opt/OSC200/src/usr/include/eca/build_get.c
-r--r--r-- 3/4           14227 1994-03-02 16:57 ./usr/opt/OSC200/src/usr/include/eca/build_find_instance.c
-r--r--r-- 3/4            1548 1994-03-02 16:57 ./usr/opt/OSC200/src/usr/include/eca/build_extern_common.h
-r--r--r-- 3/4            2218 1994-03-02 16:57 ./usr/opt/OSC200/src/usr/include/eca/build_export_oids.h
-r--r--r-- 3/4           20171 1994-03-02 16:57 ./usr/opt/OSC200/src/usr/include/eca/build_directive.c
-r--r--r-- 3/4            7121 1994-03-02 16:57 ./usr/opt/OSC200/src/usr/include/eca/build_delete_null.c
-r--r--r-- 3/4            7345 1994-03-02 16:57 ./usr/opt/OSC200/src/usr/include/eca/build_delete.c
-r--r--r-- 3/4            7944 1994-03-02 16:57 ./usr/opt/OSC200/src/usr/include/eca/build_create_null.c
-r--r--r-- 3/4           23365 1994-03-02 16:57 ./usr/opt/OSC200/src/usr/include/eca/build_create.c
-r--r--r-- 3/4            3084 1994-03-02 16:57 ./usr/opt/OSC200/src/usr/include/eca/build_common.h
-r--r--r-- 3/4            3329 1994-03-02 16:57 ./usr/opt/OSC200/src/usr/include/eca/build_cancel_null.c
-r--r--r-- 3/4            5019 1994-03-02 16:57 ./usr/opt/OSC200/src/usr/include/eca/build_action_null.c
-r--r--r-- 3/4            1861 1994-03-02 16:57 ./usr/opt/OSC200/src/usr/include/eca/build_action_delete.c
-r--r--r-- 3/4            1936 1994-03-02 16:57 ./usr/opt/OSC200/src/usr/include/eca/build_action_create.c
-r--r--r-- 3/4            1940 1994-03-02 16:57 ./usr/opt/OSC200/src/usr/include/eca/build_action_action.c
-r--r--r-- 3/4            4939 1994-03-02 16:57 ./usr/opt/OSC200/src/usr/include/eca/build_action.c
-r--r--r-- 3/4            4114 1994-03-02 16:57 ./usr/opt/OSC200/src/usr/include/eca/build_access.c
-r--r--r-- 3/4            2641 1994-03-02 16:57 ./usr/opt/OSC200/src/usr/include/eca/agent_access_config.h
-r--r--r-- 3/4            4176 1994-03-02 16:57 ./usr/opt/OSC200/src/usr/include/eca/agent.h
-r--r--r-- 3/4            3029 1994-03-02 16:57 ./usr/opt/OSC200/src/usr/include/eca/Makefile
-r--r--r-- 3/4           13599 1994-03-02 16:57 ./usr/opt/OSC200/src/usr/include/dumprestor.h
-r--r--r-- 3/4           11724 1994-03-02 16:57 ./usr/opt/OSC200/src/usr/include/dmpfmt.h
-r--r--r-- 3/4            1988 1994-03-02 16:57 ./usr/opt/OSC200/src/usr/include/dlfcn.h
-r--r--r-- 3/4            2754 1994-03-02 16:57 ./usr/opt/OSC200/src/usr/include/disktab.h
-r--r--r-- 3/4            6255 1994-03-02 16:57 ./usr/opt/OSC200/src/usr/include/dirent.h
-r--r--r-- 3/4            3149 1994-03-02 16:57 ./usr/opt/OSC200/src/usr/include/defenv.h
-r--r--r-- 3/4            1851 1994-03-02 16:57 ./usr/opt/OSC200/src/usr/include/dce/Makefile
-r--r--r-- 3/4            2448 1994-03-02 16:57 ./usr/opt/OSC200/src/usr/include/dbm.h
-r--r--r-- 3/4            2061 1994-03-02 16:57 ./usr/opt/OSC200/src/usr/include/cvt.h
-r--r--r-- 3/4            7000 1994-03-02 16:57 ./usr/opt/OSC200/src/usr/include/curshdr.h
-r--r--r-- 3/4           28375 1994-03-02 16:57 ./usr/opt/OSC200/src/usr/include/curses.h
-r--r--r-- 3/4            4129 1994-03-02 16:57 ./usr/opt/OSC200/src/usr/include/ctype.h
-r--r--r-- 3/4            2242 1994-03-02 16:57 ./usr/opt/OSC200/src/usr/include/crypt.h
-r--r--r-- 3/4            1965 1994-03-02 16:57 ./usr/opt/OSC200/src/usr/include/cpyrght.h
-r--r--r-- 3/4            2790 1994-03-02 16:57 ./usr/opt/OSC200/src/usr/include/cpio.h
-r--r--r-- 3/4            3128 1994-03-02 16:57 ./usr/opt/OSC200/src/usr/include/cmplrs/uwri.h
-r--r--r-- 3/4            5742 1994-03-02 16:57 ./usr/opt/OSC200/src/usr/include/cmplrs/utilities.h
-r--r--r-- 3/4           13513 1994-03-02 16:57 ./usr/opt/OSC200/src/usr/include/cmplrs/usys.h
-r--r--r-- 3/4            3114 1994-03-02 16:57 ./usr/opt/OSC200/src/usr/include/cmplrs/uscan.h
-r--r--r-- 3/4            2769 1994-03-02 16:57 ./usr/opt/OSC200/src/usr/include/cmplrs/uread.h
-r--r--r-- 3/4            3904 1994-03-02 16:57 ./usr/opt/OSC200/src/usr/include/cmplrs/uoptions.h
-r--r--r-- 3/4            2492 1994-03-02 16:57 ./usr/opt/OSC200/src/usr/include/cmplrs/uini.h
-r--r--r-- 3/4           30094 1994-03-02 16:57 ./usr/opt/OSC200/src/usr/include/cmplrs/ucode.h
-r--r--r-- 3/4            4111 1994-03-02 16:57 ./usr/opt/OSC200/src/usr/include/cmplrs/u_outformat.h
-r--r--r-- 3/4            3192 1994-03-02 16:57 ./usr/opt/OSC200/src/usr/include/cmplrs/synonyms.h
-r--r--r-- 3/4            8353 1994-03-02 16:57 ./usr/opt/OSC200/src/usr/include/cmplrs/stsupport.h
-r--r--r-- 3/4           12874 1994-03-02 16:57 ./usr/opt/OSC200/src/usr/include/cmplrs/stinfc.h
-r--r--r-- 3/4            5059 1994-03-02 16:57 ./usr/opt/OSC200/src/usr/include/cmplrs/stext.h
-r--r--r-- 3/4            4260 1994-03-02 16:57 ./usr/opt/OSC200/src/usr/include/cmplrs/rmt_ptrace.h
-r--r--r-- 3/4            2582 1994-03-02 16:57 ./usr/opt/OSC200/src/usr/include/cmplrs/rcodes.h
-r--r--r-- 3/4            2900 1994-03-02 16:57 ./usr/opt/OSC200/src/usr/include/cmplrs/psearch.h
-r--r--r-- 3/4            4729 1994-03-02 16:57 ./usr/opt/OSC200/src/usr/include/cmplrs/prof_header.h
-r--r--r-- 3/4            5205 1994-03-02 16:57 ./usr/opt/OSC200/src/usr/include/cmplrs/newinst.h
-r--r--r-- 3/4            3851 1994-03-02 16:57 ./usr/opt/OSC200/src/usr/include/cmplrs/mipspascal.h
-r--r--r-- 3/4            3176 1994-03-02 16:57 ./usr/opt/OSC200/src/usr/include/cmplrs/mednat.h
-r--r--r-- 3/4           11647 1994-03-02 16:57 ./usr/opt/OSC200/src/usr/include/cmplrs/mangled_name.h
-r--r--r-- 3/4            6239 1994-03-02 16:57 ./usr/opt/OSC200/src/usr/include/cmplrs/internal_symbol.h
-r--r--r-- 3/4            3452 1994-03-02 16:57 ./usr/opt/OSC200/src/usr/include/cmplrs/host.h
-r--r--r-- 3/4            5748 1994-03-02 16:57 ./usr/opt/OSC200/src/usr/include/cmplrs/gptable.h
-r--r--r-- 3/4            6976 1994-03-02 16:57 ./usr/opt/OSC200/src/usr/include/cmplrs/fio.h
-r--r--r-- 3/4            7294 1994-03-02 16:57 ./usr/opt/OSC200/src/usr/include/cmplrs/feedback.h
-r--r--r-- 3/4            4037 1994-03-02 16:57 ./usr/opt/OSC200/src/usr/include/cmplrs/f_errno.h
-r--r--r-- 3/4            2528 1994-03-02 16:57 ./usr/opt/OSC200/src/usr/include/cmplrs/exit.h
-r--r--r-- 3/4            3464 1994-03-02 16:57 ./usr/opt/OSC200/src/usr/include/cmplrs/demangle_string.h
-r--r--r-- 3/4            6126 1994-03-02 16:57 ./usr/opt/OSC200/src/usr/include/cmplrs/definitions.h
-r--r--r-- 3/4           13441 1994-03-02 16:57 ./usr/opt/OSC200/src/usr/include/cmplrs/dpi.h
-r--r--r-- 3/4           34987 1994-03-02 16:57 ./usr/opt/OSC200/src/usr/include/cmplrs/dec.h
-r--r--r-- 3/4            2576 1994-03-02 16:57 ./usr/opt/OSC200/src/usr/include/cmplrs/ddinfo.h
-r--r--r-- 3/4           51294 1994-03-02 16:57 ./usr/opt/OSC200/src/usr/include/cmplrs/binasm.h
-r--r--r-- 3/4            3220 1994-03-02 16:57 ./usr/opt/OSC200/src/usr/include/cmplrs/as1atof.h
-r--r--r-- 3/4            3046 1994-03-02 16:57 ./usr/opt/OSC200/src/usr/include/cmplrs/allocator.h
-r--r--r-- 3/4            2177 1994-03-02 16:57 ./usr/opt/OSC200/src/usr/include/cmplrs/Makefile
-r--r--r-- 3/4            1883 1994-03-02 16:57 ./usr/opt/OSC200/src/usr/include/cdfs/Makefile
-r--r--r-- 3/4            5028 1994-03-02 16:57 ./usr/opt/OSC200/src/usr/include/capsar.h
-r--r--r-- 3/4            3497 1994-03-02 16:57 ./usr/opt/OSC200/src/usr/include/c_asm.h
-r--r--r-- 3/4            3165 1994-03-02 16:57 ./usr/opt/OSC200/src/usr/include/binsem.h
-r--r--r-- 3/4            3063 1994-03-02 16:57 ./usr/opt/OSC200/src/usr/include/assert.h
-r--r--r-- 3/4            3559 1994-03-02 16:57 ./usr/opt/OSC200/src/usr/include/arpa/tftp.h
-r--r--r-- 3/4            8782 1994-03-02 16:57 ./usr/opt/OSC200/src/usr/include/arpa/telnet.h
-r--r--r-- 3/4            9063 1994-03-02 16:57 ./usr/opt/OSC200/src/usr/include/arpa/nameser.h
-r--r--r-- 3/4            3088 1994-03-02 16:57 ./usr/opt/OSC200/src/usr/include/arpa/inet.h
-r--r--r-- 3/4            4238 1994-03-02 16:57 ./usr/opt/OSC200/src/usr/include/arpa/ftp.h
-r--r--r-- 3/4            1781 1994-03-02 16:57 ./usr/opt/OSC200/src/usr/include/arpa/Makefile
-r--r--r-- 3/4            1992 1994-03-02 16:57 ./usr/opt/OSC200/src/usr/include/alpha/varargs.h
-r--r--r-- 3/4            2974 1994-03-02 16:57 ./usr/opt/OSC200/src/usr/include/alpha/va_list.h
-r--r--r-- 3/4            7645 1994-03-02 16:57 ./usr/opt/OSC200/src/usr/include/ar.h
-rw-r--r-- 3/4            5752 1994-03-02 16:57 ./usr/opt/OSC200/src/usr/include/alpha/values.h
-r--r--r-- 3/4            9662 1994-03-02 16:57 ./usr/opt/OSC200/src/usr/include/alpha/syms.h
-r--r--r-- 3/4           10104 1994-03-02 16:57 ./usr/opt/OSC200/src/usr/include/alpha/symconst.h
-r--r--r-- 3/4           23748 1994-03-02 16:57 ./usr/opt/OSC200/src/usr/include/alpha/sym.h
-r--r--r-- 3/4            8185 1994-03-02 16:57 ./usr/opt/OSC200/src/usr/include/alpha/stsupport.h
-r--r--r-- 3/4            4370 1994-03-02 16:57 ./usr/opt/OSC200/src/usr/include/alpha/storclass.h
-r--r--r-- 3/4            2141 1994-03-02 16:56 ./usr/opt/OSC200/src/usr/include/alpha/stdarg.h
-r--r--r-- 3/4            2464 1994-03-02 16:56 ./usr/opt/OSC200/src/usr/include/alpha/stamp.h
-r--r--r-- 3/4            3670 1994-03-02 16:56 ./usr/opt/OSC200/src/usr/include/alpha/sex.h
-r--r--r-- 3/4            5782 1994-03-02 16:56 ./usr/opt/OSC200/src/usr/include/alpha/setjmp.h
-r--r--r-- 3/4           16799 1994-03-02 16:56 ./usr/opt/OSC200/src/usr/include/alpha/scnhdr.h
-r--r--r-- 3/4            5872 1994-03-02 16:56 ./usr/opt/OSC200/src/usr/include/alpha/scncomment.h
-r--r--r-- 3/4            5467 1994-03-02 16:56 ./usr/opt/OSC200/src/usr/include/alpha/rld_interface.h
-r--r--r-- 3/4           11253 1994-03-02 16:56 ./usr/opt/OSC200/src/usr/include/alpha/reloc.h
-r--r--r-- 3/4            1633 1994-03-02 16:56 ./usr/opt/OSC200/src/usr/include/alpha/ranlib.h
-r--r--r-- 3/4           23942 1994-03-02 16:56 ./usr/opt/OSC200/src/usr/include/alpha/pdsc.h
-r--r--r-- 3/4            2982 1994-03-02 16:56 ./usr/opt/OSC200/src/usr/include/alpha/opnames.h
-r--r--r-- 3/4            4232 1994-03-02 16:56 ./usr/opt/OSC200/src/usr/include/alpha/obj_type.h
-r--r--r-- 3/4            2758 1994-03-02 16:56 ./usr/opt/OSC200/src/usr/include/alpha/obj_list.h
-r--r--r-- 3/4            1872 1994-03-02 16:56 ./usr/opt/OSC200/src/usr/include/alpha/nlist.h
-r--r--r-- 3/4            1987 1994-03-02 16:56 ./usr/opt/OSC200/src/usr/include/alpha/dlfcn.h
-r--r--r-- 3/4           23063 1994-03-02 16:56 ./usr/opt/OSC200/src/usr/include/alpha/obj.h
-r--r--r-- 3/4            4022 1994-03-02 16:56 ./usr/opt/OSC200/src/usr/include/alpha/nan.h
-rw-r--r-- 3/4            4488 1993-01-26 04:31 ./usr/opt/OSC200/src/usr/include/alpha/math.h
-r--r--r-- 3/4            3369 1994-03-02 16:56 ./usr/opt/OSC200/src/usr/include/alpha/machdep.mk
-r--r--r-- 3/4            5231 1994-03-02 16:56 ./usr/opt/OSC200/src/usr/include/alpha/mach_o_types.h
-r--r--r-- 3/4            4274 1994-03-02 16:56 ./usr/opt/OSC200/src/usr/include/alpha/mach_o_header_md.h
-r--r--r-- 3/4            3417 1994-03-02 16:56 ./usr/opt/OSC200/src/usr/include/alpha/linenum.h
-r--r--r-- 3/4            9729 1994-03-02 16:56 ./usr/opt/OSC200/src/usr/include/alpha/imghdr.h
-r--r--r-- 3/4            2666 1994-03-02 16:56 ./usr/opt/OSC200/src/usr/include/alpha/getpath.h
-r--r--r-- 3/4            2324 1994-03-02 16:56 ./usr/opt/OSC200/src/usr/include/alpha/fp_class.h
-r--r--r-- 3/4            8306 1994-03-02 16:56 ./usr/opt/OSC200/src/usr/include/alpha/float.h
-r--r--r-- 3/4           12843 1994-03-02 16:56 ./usr/opt/OSC200/src/usr/include/alpha/filehdr.h
-r--r--r-- 3/4           14092 1994-03-02 16:56 ./usr/opt/OSC200/src/usr/include/alpha/excpt.h
-r--r--r-- 3/4            9999 1994-03-02 16:56 ./usr/opt/OSC200/src/usr/include/alpha/elf_mips.h
-r--r--r-- 3/4           10049 1994-03-02 16:56 ./usr/opt/OSC200/src/usr/include/alpha/elf_abi.h
-r--r--r-- 3/4            5792 1994-03-02 16:56 ./usr/opt/OSC200/src/usr/include/alpha/disassembler.h
-r--r--r-- 3/4            1944 1994-03-02 16:56 ./usr/opt/OSC200/src/usr/include/alpha/demangle.h
-r--r--r-- 3/4            4294 1994-03-02 16:56 ./usr/opt/OSC200/src/usr/include/alpha/c_excpt.h
-r--r--r-- 3/4            2646 1994-03-02 16:56 ./usr/opt/OSC200/src/usr/include/alpha/args.h
-r--r--r-- 3/4            6086 1994-03-02 16:56 ./usr/opt/OSC200/src/usr/include/alpha/aouthdr.h
-r--r--r-- 3/4            2957 1994-03-02 16:56 ./usr/opt/OSC200/src/usr/include/alpha/alloca.h
-r--r--r-- 3/4            2639 1994-03-02 16:56 ./usr/opt/OSC200/src/usr/include/alpha/alignof.h
-r--r--r-- 3/4            5461 1994-03-02 16:56 ./usr/opt/OSC200/src/usr/include/alpha/a.out.h
-r--r--r-- 3/4            2170 1994-03-02 16:56 ./usr/opt/OSC200/src/usr/include/alpha/Makefile
-r--r--r-- 3/4            4984 1994-03-02 16:57 ./usr/opt/OSC200/src/usr/include/aio.h
-r--r--r-- 3/4           10746 1994-03-02 16:57 ./usr/opt/OSC200/src/usr/include/acl.h
-r--r--r-- 3/4            4884 1994-03-02 16:56 ./usr/opt/OSC200/src/usr/include/PMAX/varargs.h
-r--r--r-- 3/4            7772 1994-03-02 16:56 ./usr/opt/OSC200/src/usr/include/PMAX/values.h
-r--r--r-- 3/4            9668 1994-03-02 16:56 ./usr/opt/OSC200/src/usr/include/PMAX/syms.h
-r--r--r-- 3/4            7887 1994-03-02 16:56 ./usr/opt/OSC200/src/usr/include/PMAX/symconst.h
-r--r--r-- 3/4           17597 1994-03-02 16:56 ./usr/opt/OSC200/src/usr/include/PMAX/sym.h
-r--r--r-- 3/4            4465 1994-03-02 16:56 ./usr/opt/OSC200/src/usr/include/PMAX/storclass.h
-r--r--r-- 3/4            4733 1994-03-02 16:56 ./usr/opt/OSC200/src/usr/include/PMAX/stdarg.h
-r--r--r-- 3/4            2540 1994-03-02 16:56 ./usr/opt/OSC200/src/usr/include/PMAX/stamp.h
-r--r--r-- 3/4            3499 1994-03-02 16:56 ./usr/opt/OSC200/src/usr/include/PMAX/sex.h
-r--r--r-- 3/4            8256 1994-03-02 16:56 ./usr/opt/OSC200/src/usr/include/PMAX/setjmp.h
-r--r--r-- 3/4           15409 1994-03-02 16:56 ./usr/opt/OSC200/src/usr/include/PMAX/scnhdr.h
-r--r--r-- 3/4            7128 1994-03-02 16:56 ./usr/opt/OSC200/src/usr/include/PMAX/scncomment.h
-r--r--r-- 3/4            4761 1994-03-02 16:56 ./usr/opt/OSC200/src/usr/include/PMAX/rld_interface.h
-r--r--r-- 3/4            6651 1994-03-02 16:56 ./usr/opt/OSC200/src/usr/include/PMAX/reloc.h
-r--r--r-- 3/4            2254 1994-03-02 16:56 ./usr/opt/OSC200/src/usr/include/PMAX/ranlib.h
-r--r--r-- 3/4            2678 1994-03-02 16:56 ./usr/opt/OSC200/src/usr/include/PMAX/opnames.h
-r--r--r-- 3/4            4330 1994-03-02 16:56 ./usr/opt/OSC200/src/usr/include/PMAX/obj_type.h
-r--r--r-- 3/4            3728 1994-03-02 16:56 ./usr/opt/OSC200/src/usr/include/PMAX/obj_list.h
-r--r--r-- 3/4           17112 1994-03-02 16:56 ./usr/opt/OSC200/src/usr/include/PMAX/obj.h
-r--r--r-- 3/4            3614 1994-03-02 16:56 ./usr/opt/OSC200/src/usr/include/PMAX/nlist.h
-r--r--r-- 3/4            4619 1994-03-02 16:56 ./usr/opt/OSC200/src/usr/include/PMAX/nan.h
-r--r--r-- 3/4            4450 1994-03-02 16:56 ./usr/opt/OSC200/src/usr/include/PMAX/math.h
-r--r--r-- 3/4            3257 1994-03-02 16:56 ./usr/opt/OSC200/src/usr/include/PMAX/machdep.mk
-r--r--r-- 3/4            5366 1994-03-02 16:56 ./usr/opt/OSC200/src/usr/include/PMAX/mach_o_types.h
-r--r--r-- 3/4            4422 1994-03-02 16:56 ./usr/opt/OSC200/src/usr/include/PMAX/mach_o_header_md.h
-r--r--r-- 3/4            3510 1994-03-02 16:56 ./usr/opt/OSC200/src/usr/include/PMAX/linenum.h
-r--r--r-- 3/4            9827 1994-03-02 16:56 ./usr/opt/OSC200/src/usr/include/PMAX/imghdr.h
-r--r--r-- 3/4            2661 1994-03-02 16:56 ./usr/opt/OSC200/src/usr/include/PMAX/getpath.h
-r--r--r-- 3/4            3088 1994-03-02 16:56 ./usr/opt/OSC200/src/usr/include/PMAX/fp_class.h
-r--r--r-- 3/4            8654 1994-03-02 16:56 ./usr/opt/OSC200/src/usr/include/PMAX/float.h
-r--r--r-- 3/4           11830 1994-03-02 16:56 ./usr/opt/OSC200/src/usr/include/PMAX/filehdr.h
-r--r--r-- 3/4            7725 1994-03-02 16:56 ./usr/opt/OSC200/src/usr/include/PMAX/excpt.h
-r--r--r-- 3/4            7811 1994-03-02 16:56 ./usr/opt/OSC200/src/usr/include/PMAX/excepthdr.h
-r--r--r-- 3/4            2515 1994-03-02 16:56 ./usr/opt/OSC200/src/usr/include/PMAX/exc.h
-r--r--r-- 3/4            9018 1994-03-02 16:56 ./usr/opt/OSC200/src/usr/include/PMAX/elf_mips.h
-r--r--r-- 3/4            9665 1994-03-02 16:56 ./usr/opt/OSC200/src/usr/include/PMAX/elf_abi.h
-r--r--r-- 3/4            5891 1994-03-02 16:56 ./usr/opt/OSC200/src/usr/include/PMAX/disassembler.h
-r--r--r-- 3/4            4844 1994-03-02 16:56 ./usr/opt/OSC200/src/usr/include/PMAX/aouthdr.h
-r--r--r-- 3/4            3056 1994-03-02 16:56 ./usr/opt/OSC200/src/usr/include/PMAX/alloca.h
-r--r--r-- 3/4            2739 1994-03-02 16:56 ./usr/opt/OSC200/src/usr/include/PMAX/alignof.h
-r--r--r-- 3/4           11402 1994-03-02 16:56 ./usr/opt/OSC200/src/usr/include/PMAX/a.out.h
-r--r--r-- 3/4            2535 1994-03-02 16:56 ./usr/opt/OSC200/src/usr/include/NLxio.h
-r--r--r-- 3/4            5243 1994-03-02 16:56 ./usr/opt/OSC200/src/usr/include/NLctype.h
-r--r--r-- 3/4            5889 1994-03-02 16:56 ./usr/opt/OSC200/src/usr/include/Makefile
-r--r--r-- 3/4            2273 1994-03-02 16:56 ./usr/opt/OSC200/src/usr/include/MMAX/varargs.h
-r--r--r-- 3/4            6293 1994-03-02 16:56 ./usr/opt/OSC200/src/usr/include/MMAX/values.h
-r--r--r-- 3/4            7220 1994-03-02 16:56 ./usr/opt/OSC200/src/usr/include/MMAX/syms.h
-r--r--r-- 3/4            3205 1994-03-02 16:56 ./usr/opt/OSC200/src/usr/include/MMAX/storclass.h
-r--r--r-- 3/4            2495 1994-03-02 16:56 ./usr/opt/OSC200/src/usr/include/MMAX/stdarg.h
-r--r--r-- 3/4            2959 1994-03-02 16:56 ./usr/opt/OSC200/src/usr/include/MMAX/sgs.h
-r--r--r-- 3/4           44184 1994-03-02 16:56 ./usr/opt/OSC200/src/usr/include/NLregexp.h
-r--r--r-- 3/4            3483 1994-03-02 16:56 ./usr/opt/OSC200/src/usr/include/MMAX/setjmp.h
-r--r--r-- 3/4            3971 1994-03-02 16:56 ./usr/opt/OSC200/src/usr/include/MMAX/scnhdr.h
-r--r--r-- 3/4            5395 1994-03-02 16:56 ./usr/opt/OSC200/src/usr/include/MMAX/reloc.h
-r--r--r-- 3/4            2608 1994-03-02 16:56 ./usr/opt/OSC200/src/usr/include/MMAX/ranlib.h
-r--r--r-- 3/4            2114 1994-03-02 16:56 ./usr/opt/OSC200/src/usr/include/MMAX/nlist.h
-r--r--r-- 3/4            2665 1994-03-02 16:56 ./usr/opt/OSC200/src/usr/include/MMAX/nan.h
-r--r--r-- 3/4            4698 1994-03-02 16:56 ./usr/opt/OSC200/src/usr/include/MMAX/math.h
-r--r--r-- 3/4            1833 1994-03-02 16:56 ./usr/opt/OSC200/src/usr/include/MMAX/machdep.mk
-r--r--r-- 3/4            7076 1994-03-02 16:56 ./usr/opt/OSC200/src/usr/include/MMAX/mach_o_types.h
-r--r--r-- 3/4            4430 1994-03-02 16:56 ./usr/opt/OSC200/src/usr/include/MMAX/mach_o_header_md.h
-r--r--r-- 3/4            2233 1994-03-02 16:56 ./usr/opt/OSC200/src/usr/include/MMAX/linenum.h
-r--r--r-- 3/4            7835 1994-03-02 16:56 ./usr/opt/OSC200/src/usr/include/MMAX/float.h
-r--r--r-- 3/4            4465 1994-03-02 16:56 ./usr/opt/OSC200/src/usr/include/MMAX/filehdr.h
-r--r--r-- 3/4            3371 1994-03-02 16:56 ./usr/opt/OSC200/src/usr/include/MMAX/aouthdr.h
-r--r--r-- 3/4            4525 1994-03-02 16:56 ./usr/opt/OSC200/src/usr/include/MMAX/a.out.h
-r--r--r-- 3/4            2273 1994-03-02 16:56 ./usr/opt/OSC200/src/usr/include/AT386/varargs.h
-r--r--r-- 3/4            5833 1994-03-02 16:56 ./usr/opt/OSC200/src/usr/include/AT386/values.h
-r--r--r-- 3/4            2501 1994-03-02 16:56 ./usr/opt/OSC200/src/usr/include/AT386/stdarg.h
-r--r--r-- 3/4            3430 1994-03-02 16:56 ./usr/opt/OSC200/src/usr/include/AT386/stab.h
-r--r--r-- 3/4            2915 1994-03-02 16:56 ./usr/opt/OSC200/src/usr/include/AT386/setjmp.h
-r--r--r-- 3/4            2254 1994-03-02 16:56 ./usr/opt/OSC200/src/usr/include/AT386/ranlib.h
-r--r--r-- 3/4            2900 1994-03-02 16:56 ./usr/opt/OSC200/src/usr/include/AT386/nlist.h
-r--r--r-- 3/4            4320 1994-03-02 16:56 ./usr/opt/OSC200/src/usr/include/AT386/math.h
-r--r--r-- 3/4            1715 1994-03-02 16:56 ./usr/opt/OSC200/src/usr/include/AT386/machdep.mk
-r--r--r-- 3/4            6832 1994-03-02 16:56 ./usr/opt/OSC200/src/usr/include/AT386/mach_o_types.h
-r--r--r-- 3/4            4411 1994-03-02 16:56 ./usr/opt/OSC200/src/usr/include/AT386/mach_o_header_md.h
-r--r--r-- 3/4            7835 1994-03-02 16:56 ./usr/opt/OSC200/src/usr/include/AT386/float.h
-r--r--r-- 3/4            3990 1994-03-02 16:56 ./usr/opt/OSC200/src/usr/include/AT386/a.out.h
-r--r--r-- 3/4            4251 1994-03-02 16:56 ./usr/opt/OSC200/src/usr/include/AFdefs.h
