-r--r--r-- 3/4            1937 1994-03-02 15:40 ./usr/opt/OSC200/src/isl/whoami/Makefile
-r--r--r-- 3/4            3391 1994-03-02 15:40 ./usr/opt/OSC200/src/isl/updrepack.dat
-r--r--r-- 3/4              44 1993-11-09 22:06 ./usr/opt/OSC200/src/isl/updpnowarn.dat
-r--r--r-- 3/4            2074 1994-03-02 15:40 ./usr/opt/OSC200/src/isl/updpinfo.sh
-r--r--r-- 3/4              12 1994-01-11 21:32 ./usr/opt/OSC200/src/isl/updpblock.dat
-r--r--r-- 3/4            4946 1994-03-02 15:40 ./usr/opt/OSC200/src/isl/updmore/updmore.c
-r--r--r-- 3/4            1676 1994-03-02 15:40 ./usr/opt/OSC200/src/isl/updmore/Makefile
-r--r--r-- 3/4           37467 1994-03-02 15:40 ./usr/opt/OSC200/src/isl/updeng.sh
-r--r--r-- 3/4            1767 1994-03-02 15:39 ./usr/opt/OSC200/src/isl/umount/Makefile
-r--r--r-- 3/4            2358 1994-03-02 15:39 ./usr/opt/OSC200/src/isl/ufs_fsck/Makefile
-r--r--r-- 3/4            1713 1994-03-02 15:39 ./usr/opt/OSC200/src/isl/udetect/Makefile
-r--r--r-- 3/4            2022 1994-03-02 15:39 ./usr/opt/OSC200/src/isl/tic/Makefile
-r--r--r-- 3/4            1790 1994-03-02 15:39 ./usr/opt/OSC200/src/isl/tclear/Makefile
-r--r--r-- 3/4            1739 1994-03-02 15:39 ./usr/opt/OSC200/src/isl/stlmenu/Makefile
-r--r--r-- 3/4            1847 1994-03-02 15:39 ./usr/opt/OSC200/src/isl/sort/Makefile
-r--r--r-- 3/4            2083 1994-03-02 15:39 ./usr/opt/OSC200/src/isl/sizer/Makefile
-r--r--r-- 3/4           11037 1994-03-02 15:39 ./usr/opt/OSC200/src/isl/sifsync_ui.sh
-r--r--r-- 3/4            9947 1994-03-02 15:39 ./usr/opt/OSC200/src/isl/sifsync.sh
-r--r--r-- 3/4            2023 1994-03-02 15:39 ./usr/opt/OSC200/src/isl/sed/Makefile
-r--r--r-- 3/4            3467 1994-03-02 15:39 ./usr/opt/OSC200/src/isl/sas/updmini
-r--r--r-- 3/4            2301 1994-03-02 15:39 ./usr/opt/OSC200/src/isl/sas/rz58part
-r--r--r-- 3/4            3730 1994-03-02 15:39 ./usr/opt/OSC200/src/isl/sas/mksastape.c
-r--r--r-- 3/4            3330 1994-03-02 15:39 ./usr/opt/OSC200/src/isl/sas/mini.inv
-r--r--r-- 3/4            1499 1994-03-02 15:39 ./usr/opt/OSC200/src/isl/sas/machine
-r--r--r-- 3/4           16421 1994-03-02 15:39 ./usr/opt/OSC200/src/isl/sas/install.1
-r--r--r-- 3/4            1776 1994-03-02 15:39 ./usr/opt/OSC200/src/isl/sas/inittab
-r--r--r-- 3/4            4607 1994-03-02 15:39 ./usr/opt/OSC200/src/isl/sas/gethost.c
-r--r--r-- 3/4              23 1993-01-25 22:24 ./usr/opt/OSC200/src/isl/sas/fstab
-r--r--r-- 3/4            6537 1994-03-02 15:39 ./usr/opt/OSC200/src/isl/sas/buildmini.osf
-r--r--r-- 3/4            5573 1994-03-02 15:39 ./usr/opt/OSC200/src/isl/sas/btd.c
-r--r--r-- 3/4            2214 1994-03-02 15:39 ./usr/opt/OSC200/src/isl/sas/Makefile
-r--r--r-- 3/4            9405 1994-03-02 15:39 ./usr/opt/OSC200/src/isl/sas/.profile
-r--r--r-- 3/4            2006 1994-03-02 15:39 ./usr/opt/OSC200/src/isl/rsh/Makefile
-r--r--r-- 3/4           33882 1993-01-25 22:24 ./usr/opt/OSC200/src/isl/sas/btd.uu
-r--r--r-- 3/4            2211 1994-03-02 15:39 ./usr/opt/OSC200/src/isl/sas/.miniprofile
-r--r--r-- 3/4            2060 1994-03-02 15:39 ./usr/opt/OSC200/src/isl/routed/Makefile
-r--r--r-- 3/4            1932 1994-03-02 15:39 ./usr/opt/OSC200/src/isl/route/Makefile
-r--r--r-- 3/4            5436 1994-03-02 15:39 ./usr/opt/OSC200/src/isl/root.inv
-r--r--r-- 3/4            2006 1994-03-02 15:39 ./usr/opt/OSC200/src/isl/rcp/Makefile
-r--r--r-- 3/4            1932 1994-03-02 15:39 ./usr/opt/OSC200/src/isl/pwd/Makefile
-r--r--r-- 3/4           10833 1994-03-02 15:39 ./usr/opt/OSC200/src/isl/pickapart/pickapart.c
-r--r--r-- 3/4            1656 1994-03-02 15:39 ./usr/opt/OSC200/src/isl/pickapart/Makefile
-r--r--r-- 3/4            1847 1994-03-02 15:39 ./usr/opt/OSC200/src/isl/newfs/Makefile
-r--r--r-- 3/4            1922 1994-03-02 15:39 ./usr/opt/OSC200/src/isl/mt/Makefile
-r--r--r-- 3/4            3190 1994-03-02 15:39 ./usr/opt/OSC200/src/isl/mrg_template
-r--r--r-- 3/4            1825 1994-03-02 15:39 ./usr/opt/OSC200/src/isl/mount/Makefile
-r--r--r-- 3/4            1827 1994-03-02 15:39 ./usr/opt/OSC200/src/isl/mknod/Makefile
-r--r--r-- 3/4            4486 1994-03-02 15:39 ./usr/opt/OSC200/src/isl/mfpfu
-r--r--r-- 3/4            3147 1994-03-02 15:39 ./usr/opt/OSC200/src/isl/merge/diff/Makefile
-r--r--r-- 3/4           17269 1994-03-02 15:39 ./usr/opt/OSC200/src/isl/merge/conf.h
-r--r--r-- 3/4            4242 1994-03-02 15:39 ./usr/opt/OSC200/src/isl/merge/Makefile
-r--r--r-- 3/4            5412 1994-03-02 15:39 ./usr/opt/OSC200/src/isl/lpblocker.sh
-r--r--r-- 3/4            5209 1994-03-02 15:39 ./usr/opt/OSC200/src/isl/log.d/log.c
-r--r--r-- 3/4            1971 1994-03-02 15:39 ./usr/opt/OSC200/src/isl/log.d/Makefile
-r--r--r-- 3/4            1853 1994-03-02 15:39 ./usr/opt/OSC200/src/isl/kill/Makefile
-r--r--r-- 3/4           13046 1994-03-02 15:39 ./usr/opt/OSC200/src/isl/installupdate.sh
-r--r--r-- 3/4           24500 1994-03-02 15:39 ./usr/opt/OSC200/src/isl/install.osf
-r--r--r-- 3/4             347 1993-01-25 22:23 ./usr/opt/OSC200/src/isl/inittab
-r--r--r-- 3/4            1857 1994-03-02 15:39 ./usr/opt/OSC200/src/isl/init/Makefile
-r--r--r-- 3/4            1728 1994-03-02 15:39 ./usr/opt/OSC200/src/isl/ifconfig/Makefile
-r--r--r-- 3/4            1843 1994-03-02 15:39 ./usr/opt/OSC200/src/isl/hostname/Makefile
-r--r--r-- 3/4            2019 1994-03-02 15:39 ./usr/opt/OSC200/src/isl/halt/Makefile
-r--r--r-- 3/4            1878 1994-03-02 15:39 ./usr/opt/OSC200/src/isl/getopt/Makefile
-r--r--r-- 3/4            1793 1994-03-02 15:39 ./usr/opt/OSC200/src/isl/fverify/Makefile
-r--r--r-- 3/4            1874 1994-03-02 15:39 ./usr/opt/OSC200/src/isl/fitset/Makefile
-r--r--r-- 3/4            4737 1994-03-02 15:39 ./usr/opt/OSC200/src/isl/finder/geometry.c
-r--r--r-- 3/4           32681 1994-03-02 15:39 ./usr/opt/OSC200/src/isl/finder/finder.c
-r--r--r-- 3/4            2000 1994-03-02 15:39 ./usr/opt/OSC200/src/isl/finder/Makefile
-r--r--r-- 3/4            1976 1994-03-02 15:39 ./usr/opt/OSC200/src/isl/egrep/Makefile
-r--r--r-- 3/4            1860 1994-03-02 15:39 ./usr/opt/OSC200/src/isl/diskpart/Makefile
-r--r--r-- 3/4            1880 1994-03-02 15:39 ./usr/opt/OSC200/src/isl/disklabel/Makefile
-r--r--r-- 3/4            2055 1994-03-02 15:38 ./usr/opt/OSC200/src/isl/diff/Makefile
-r--r--r-- 3/4            1800 1994-03-02 15:38 ./usr/opt/OSC200/src/isl/depord/Makefile
-r--r--r-- 3/4            1932 1994-03-02 15:38 ./usr/opt/OSC200/src/isl/dd/Makefile
-r--r--r-- 3/4            1827 1994-03-02 15:38 ./usr/opt/OSC200/src/isl/date/Makefile
-r--r--r-- 3/4            2583 1994-03-02 15:38 ./usr/opt/OSC200/src/isl/data/package.dat
-r--r--r-- 3/4           51096 1993-06-17 11:42 ./usr/opt/OSC200/src/isl/data/kitcap
-r--r--r-- 3/4            2466 1994-03-02 15:38 ./usr/opt/OSC200/src/isl/data/SRCX200.k
-r--r--r-- 3/4            3386 1994-03-02 15:38 ./usr/opt/OSC200/src/isl/data/SRC200.k
-r--r--r-- 3/4            1647 1994-03-02 15:38 ./usr/opt/OSC200/src/isl/data/OSFXMIT130.scp
-r--r--r-- 3/4            1649 1994-03-02 15:38 ./usr/opt/OSC200/src/isl/data/OSFXMAIL130.scp
-r--r--r-- 3/4            1647 1994-03-02 15:38 ./usr/opt/OSC200/src/isl/data/OSFXDEV130.scp
-r--r--r-- 3/4            1651 1994-03-02 15:38 ./usr/opt/OSC200/src/isl/data/OSFXDEBUG130.scp
-r--r--r-- 3/4            1653 1994-03-02 15:38 ./usr/opt/OSC200/src/isl/data/OSFXCDADEV130.scp
-r--r--r-- 3/4            3190 1994-03-02 15:38 ./usr/opt/OSC200/src/isl/data/OSFX200.k
-r--r--r-- 3/4            3088 1994-03-02 15:38 ./usr/opt/OSC200/src/isl/data/OSFX140.k
-r--r--r-- 3/4            4792 1994-03-02 15:38 ./usr/opt/OSC200/src/isl/data/OSFX130.k
-r--r--r-- 3/4            2574 1994-03-02 15:38 ./usr/opt/OSC200/src/isl/data/OSFX11200.scp
-r--r--r-- 3/4            2044 1994-03-02 15:38 ./usr/opt/OSC200/src/isl/data/OSFSER200.scp
-r--r--r-- 3/4            2553 1994-03-02 15:38 ./usr/opt/OSC200/src/isl/data/OSFPRINT200.scp
-r--r--r-- 3/4            2234 1994-03-02 15:38 ./usr/opt/OSC200/src/isl/data/OSFPGMR200.scp
-r--r--r-- 3/4            2058 1994-03-02 15:38 ./usr/opt/OSC200/src/isl/data/OSFMITFONT200.scp
-r--r--r-- 3/4               0 1993-01-25 22:21 ./usr/opt/OSC200/src/isl/TIMEZONE
-r--r--r-- 3/4          164869 1994-01-14 21:22 ./usr/opt/OSC200/src/isl/data/OSFX200.mi
-r--r--r-- 3/4            2766 1994-03-02 15:38 ./usr/opt/OSC200/src/isl/data/OSFLAT200.scp
-r--r--r-- 3/4            2307 1994-03-02 15:38 ./usr/opt/OSC200/src/isl/data/OSFFONT200.scp
-r--r--r-- 3/4            2311 1994-03-02 15:38 ./usr/opt/OSC200/src/isl/data/OSFFONT15200.scp
-r--r--r-- 3/4            2017 1994-03-02 15:38 ./usr/opt/OSC200/src/isl/data/OSFDCMTEXT200.scp
-r--r--r-- 3/4          148220 1993-07-09 20:17 ./usr/opt/OSC200/src/isl/data/OSFX140.mi
-r--r--r-- 3/4            2060 1994-03-02 15:38 ./usr/opt/OSC200/src/isl/data/OSFDPSFONT200.scp
-r--r--r-- 3/4            2132 1994-03-02 15:38 ./usr/opt/OSC200/src/isl/data/OSFDCMTEXT120.scp
-r--r--r-- 3/4            1651 1994-03-02 15:38 ./usr/opt/OSC200/src/isl/data/OSFCMPLRS130.scp
-r--r--r-- 3/4            1994 1994-03-02 15:38 ./usr/opt/OSC200/src/isl/data/OSFC2SEC200.scp
-r--r--r-- 3/4            9218 1994-03-02 15:38 ./usr/opt/OSC200/src/isl/data/OSFBASE200.scp
-r--r--r-- 3/4            1774 1994-03-02 15:38 ./usr/opt/OSC200/src/isl/data/ORT200.k
-r--r--r-- 3/4            2043 1994-03-02 15:38 ./usr/opt/OSC200/src/isl/data/Makefile
-r--r--r-- 3/4            2012 1994-03-02 15:38 ./usr/opt/OSC200/src/isl/compress/Makefile
-r--r--r-- 3/4          143011 1993-06-29 19:15 ./usr/opt/OSC200/src/isl/data/OSFX130.mi
-r--r--r-- 3/4            2854 1994-03-02 15:38 ./usr/opt/OSC200/src/isl/data/CMPDEVENH200.scp
-r--r--r-- 3/4            1949 1994-03-02 15:38 ./usr/opt/OSC200/src/isl/chgrp/Makefile
-r--r--r-- 3/4            7838 1994-03-02 15:38 ./usr/opt/OSC200/src/isl/cdl/cdl.c
-r--r--r-- 3/4            1645 1994-03-02 15:38 ./usr/opt/OSC200/src/isl/cdl/Makefile
-r--r--r-- 3/4            9761 1994-03-02 15:38 ./usr/opt/OSC200/src/isl/buildroot.osf
-r--r--r-- 3/4            3303 1994-03-02 15:38 ./usr/opt/OSC200/src/isl/awk/Makefile
-r--r--r-- 3/4             442 1993-01-25 22:21 ./usr/opt/OSC200/src/isl/PROPRIETARY_NOTICE
-r--r--r-- 3/4            4921 1994-03-02 15:38 ./usr/opt/OSC200/src/isl/RisFiles.sh
-r--r--r-- 3/4            2738 1994-03-02 15:38 ./usr/opt/OSC200/src/isl/Makefile
-r--r--r-- 3/4            8208 1994-03-02 15:38 ./usr/opt/OSC200/src/isl/.profile
-r--r--r-- 3/4         2168548 1994-03-02 15:39 ./usr/opt/OSC200/src/isl/sas/sasimage.uu
-r--r--r-- 3/4          180612 1993-01-25 22:24 ./usr/opt/OSC200/src/isl/sas/route.uu
-r--r--r-- 3/4          757931 1994-02-02 20:40 ./usr/opt/OSC200/src/isl/data/SRCX200.mi
-r--r--r-- 3/4         1075812 1994-02-16 15:59 ./usr/opt/OSC200/src/isl/data/SRC200.mi
