-r--r--r-- 3/4            3249 1994-03-02 17:02 ./usr/opt/OSC200/src/usr/local/sdm/mksymlinks.ksh
-r--r--r-- 3/4            6259 1994-03-02 17:02 ./usr/opt/OSC200/src/usr/local/sdm/lib/srcacl.c
-r--r--r-- 3/4            3394 1994-03-02 17:02 ./usr/opt/OSC200/src/usr/local/sdm/lib/rcsauth.c
-r--r--r-- 3/4           15022 1994-03-02 17:02 ./usr/opt/OSC200/src/usr/local/sdm/lib/rcsacl.c
-r--r--r-- 3/4           22365 1994-03-02 17:02 ./usr/opt/OSC200/src/usr/local/sdm/lib/kxct.c
-r--r--r-- 3/4            3887 1994-03-02 17:02 ./usr/opt/OSC200/src/usr/local/sdm/lib/cover.c
-r--r--r-- 3/4            1889 1994-03-02 17:02 ./usr/opt/OSC200/src/usr/local/sdm/lib/Makefile
-r--r--r-- 3/4            3064 1994-03-02 17:02 ./usr/opt/OSC200/src/usr/local/sdm/instdir.ksh
-r--r--r-- 3/4            3410 1994-03-02 17:02 ./usr/opt/OSC200/src/usr/local/sdm/genloc.sh
-r--r--r-- 3/4            4343 1994-03-02 17:02 ./usr/opt/OSC200/src/usr/local/sdm/bin/release/release_db.h
-r--r--r-- 3/4           43804 1994-03-02 17:02 ./usr/opt/OSC200/src/usr/local/sdm/bin/release/release_db.c
-r--r--r-- 3/4            1839 1994-03-02 17:02 ./usr/opt/OSC200/src/usr/local/sdm/bin/release/Makefile
-r--r--r-- 3/4           24071 1994-03-02 17:02 ./usr/opt/OSC200/src/usr/local/sdm/bin/md/md.c
-r--r--r-- 3/4            1746 1994-03-02 17:02 ./usr/opt/OSC200/src/usr/local/sdm/bin/md/Makefile
-r--r--r-- 3/4           12835 1994-03-02 17:02 ./usr/opt/OSC200/src/usr/local/sdm/bin/makepath/makepath.c
-r--r--r-- 3/4            1758 1994-03-02 17:02 ./usr/opt/OSC200/src/usr/local/sdm/bin/makepath/Makefile
-r--r--r-- 3/4            1756 1994-03-02 17:02 ./usr/opt/OSC200/src/usr/local/sdm/bin/genpath/Makefile
-r--r--r-- 3/4            1678 1994-03-02 17:02 ./usr/opt/OSC200/src/usr/local/sdm/bin/Makefile
-r--r--r-- 3/4            1732 1994-03-02 17:02 ./usr/opt/OSC200/src/usr/local/sdm/Makefile
-r--r--r-- 3/4            2090 1994-03-02 17:02 ./usr/opt/OSC200/src/usr/local/nosupport/Makefile
-r--r--r-- 3/4           89512 1994-03-02 17:02 ./usr/opt/OSC200/src/usr/local/sdm/bin/release/release.c
-r--r--r-- 3/4           13820 1994-03-02 17:02 ./usr/opt/OSC200/src/usr/local/sdm/bin/genpath/genpath.c
-r--r--r-- 3/4            1681 1994-03-02 17:02 ./usr/opt/OSC200/src/usr/local/Makefile
