-r--r--r-- 3/4            2660 1994-03-02 17:11 ./usr/opt/OSC200/src/usr/shlib/libxti/Makefile
-r--r--r-- 3/4            2648 1994-03-02 17:11 ./usr/opt/OSC200/src/usr/shlib/libtli/Makefile
-r--r--r-- 3/4            2219 1994-03-02 17:11 ./usr/opt/OSC200/src/usr/shlib/libsys5/unenc.mk
-r--r--r-- 3/4            2256 1994-03-02 17:11 ./usr/opt/OSC200/src/usr/shlib/libsys5/alpha/machdep.mk
-r--r--r-- 3/4            1830 1994-03-02 17:11 ./usr/opt/OSC200/src/usr/shlib/libsys5/PMAX/machdep.mk
-r--r--r-- 3/4            2982 1994-03-02 17:11 ./usr/opt/OSC200/src/usr/shlib/libsys5/Makefile
-r--r--r-- 3/4            3273 1994-03-02 17:11 ./usr/opt/OSC200/src/usr/shlib/libsecurity/Makefile
-r--r--r-- 3/4            1790 1994-03-02 17:11 ./usr/opt/OSC200/src/usr/shlib/libmxr/Makefile
-r--r--r-- 3/4            3040 1994-03-02 17:11 ./usr/opt/OSC200/src/usr/shlib/libmach/alpha/machdep.mk
-r--r--r-- 3/4            5266 1994-03-02 17:11 ./usr/opt/OSC200/src/usr/shlib/libmach/Makefile
-r--r--r-- 3/4            1620 1994-03-02 17:11 ./usr/opt/OSC200/src/usr/shlib/libm/alpha/machdep.mk
-r--r--r-- 3/4            2251 1994-03-02 17:11 ./usr/opt/OSC200/src/usr/shlib/libm/Makefile
-r--r--r-- 3/4            4204 1994-03-02 17:11 ./usr/opt/OSC200/src/usr/shlib/libloader/libloader.c
-r--r--r-- 3/4            2301 1994-03-02 17:11 ./usr/opt/OSC200/src/usr/shlib/libloader/Makefile
-r--r--r-- 3/4            1993 1994-03-02 17:11 ./usr/opt/OSC200/src/usr/shlib/libld/Makefile
-r--r--r-- 3/4            3455 1994-03-02 17:11 ./usr/opt/OSC200/src/usr/shlib/libips/Makefile
-r--r--r-- 3/4            3185 1994-03-02 17:11 ./usr/opt/OSC200/src/usr/shlib/libimg/Makefile
-r--r--r-- 3/4            2431 1994-03-02 17:11 ./usr/opt/OSC200/src/usr/shlib/libids_nox/Makefile
-r--r--r-- 3/4            2166 1994-03-02 17:11 ./usr/opt/OSC200/src/usr/shlib/libiconv/Makefile
-r--r--r-- 3/4            2243 1994-03-02 17:11 ./usr/opt/OSC200/src/usr/shlib/libdnet/Makefile
-r--r--r-- 3/4            5722 1994-03-02 17:11 ./usr/opt/OSC200/src/usr/shlib/libdl/libdl.c
-r--r--r-- 3/4            2232 1994-03-02 17:11 ./usr/opt/OSC200/src/usr/shlib/libdl/Makefile
-r--r--r-- 3/4            3773 1994-03-02 17:11 ./usr/opt/OSC200/src/usr/shlib/libcurses/Makefile
-r--r--r-- 3/4            2792 1994-03-02 17:11 ./usr/opt/OSC200/src/usr/shlib/libcmalib/Makefile
-r--r--r-- 3/4            2201 1994-03-02 17:11 ./usr/opt/OSC200/src/usr/shlib/libchf/Makefile
-r--r--r-- 3/4            2004 1994-03-02 17:11 ./usr/opt/OSC200/src/usr/shlib/libcdrom/Makefile
-r--r--r-- 3/4            4720 1994-03-02 17:11 ./usr/opt/OSC200/src/usr/shlib/libc_r/alpha/machdep.mk
-r--r--r-- 3/4            7844 1994-03-02 17:11 ./usr/opt/OSC200/src/usr/shlib/libc_r/Makefile
-r--r--r-- 3/4            5020 1994-03-02 17:11 ./usr/opt/OSC200/src/usr/shlib/libc/alpha/machdep.mk
-r--r--r-- 3/4            6151 1994-03-02 17:11 ./usr/opt/OSC200/src/usr/shlib/libc/alpha/libloader.c
-r--r--r-- 3/4            3178 1994-03-02 17:11 ./usr/opt/OSC200/src/usr/shlib/libc/alpha/excdum.c
-r--r--r-- 3/4            4170 1994-03-02 17:11 ./usr/opt/OSC200/src/usr/shlib/libc/PMAX/machdep.mk
-r--r--r-- 3/4           12116 1994-03-02 17:11 ./usr/opt/OSC200/src/usr/shlib/libc/Makefile
-r--r--r-- 3/4            3916 1994-03-02 17:11 ./usr/opt/OSC200/src/usr/shlib/libc/MMAX/machdep.mk
-r--r--r-- 3/4            1993 1994-03-02 17:11 ./usr/opt/OSC200/src/usr/shlib/libaud/Makefile
-r--r--r-- 3/4           26662 1994-03-02 17:11 ./usr/opt/OSC200/src/usr/shlib/alpha/so_locations
-r--r--r-- 3/4            1717 1994-03-02 17:11 ./usr/opt/OSC200/src/usr/shlib/alpha/Makefile
-r--r--r-- 3/4            3625 1994-03-02 17:11 ./usr/opt/OSC200/src/usr/shlib/alpha/.mrg..so_locations
-r--r--r-- 3/4            2257 1994-03-02 17:11 ./usr/opt/OSC200/src/usr/shlib/Makefile
-r--r--r-- 3/4            3199 1994-03-02 17:11 ./usr/opt/OSC200/src/usr/shlib/DECthreads/Makefile
-r--r--r-- 3/4          376832 1994-01-11 17:55 ./usr/opt/OSC200/src/usr/shlib/libmxr/alpha/libmxr.so
