-r--r--r-- 3/4            5299 1994-03-02 17:11 ./usr/opt/OSC200/src/usr/share/lib/timezone/timezone.db
-r--r--r-- 3/4            2563 1994-03-02 17:11 ./usr/opt/OSC200/src/usr/share/lib/timezone/dst.db
-r--r--r-- 3/4            1728 1994-03-02 17:11 ./usr/opt/OSC200/src/usr/share/lib/timezone/Makefile
-r--r--r-- 3/4            9648 1994-03-02 17:11 ./usr/opt/OSC200/src/usr/share/lib/terminfo/xterm.ti
-r--r--r-- 3/4            4602 1994-03-02 17:11 ./usr/opt/OSC200/src/usr/share/lib/terminfo/wyse.ti
-r--r--r-- 3/4            6250 1994-03-02 17:11 ./usr/opt/OSC200/src/usr/share/lib/terminfo/visual.ti
-r--r--r-- 3/4            5464 1994-03-02 17:11 ./usr/opt/OSC200/src/usr/share/lib/terminfo/virtual.ti
-r--r--r-- 3/4            3111 1994-03-02 17:11 ./usr/opt/OSC200/src/usr/share/lib/terminfo/trailer
-r--r--r-- 3/4            2391 1994-03-02 17:11 ./usr/opt/OSC200/src/usr/share/lib/terminfo/ti.ti
-r--r--r-- 3/4            9615 1994-03-02 17:11 ./usr/opt/OSC200/src/usr/share/lib/terminfo/televideo.ti
-r--r--r-- 3/4            6760 1994-03-02 17:11 ./usr/opt/OSC200/src/usr/share/lib/terminfo/teletype.ti
-r--r--r-- 3/4            4284 1994-03-02 17:11 ./usr/opt/OSC200/src/usr/share/lib/terminfo/teleray.ti
-r--r--r-- 3/4            6039 1994-03-02 17:11 ./usr/opt/OSC200/src/usr/share/lib/terminfo/tektronix.ti
-r--r--r-- 3/4            2615 1994-03-02 17:11 ./usr/opt/OSC200/src/usr/share/lib/terminfo/sun.ti
-r--r--r-- 3/4            3187 1994-03-02 17:11 ./usr/opt/OSC200/src/usr/share/lib/terminfo/special.ti
-r--r--r-- 3/4            2895 1994-03-02 17:11 ./usr/opt/OSC200/src/usr/share/lib/terminfo/print.ti
-r--r--r-- 3/4            1700 1994-03-02 17:11 ./usr/opt/OSC200/src/usr/share/lib/terminfo/pmcons.ti
-r--r--r-- 3/4            3126 1994-03-02 17:11 ./usr/opt/OSC200/src/usr/share/lib/terminfo/perkinelm.ti
-r--r--r-- 3/4            3027 1994-03-02 17:11 ./usr/opt/OSC200/src/usr/share/lib/terminfo/pccons.ti
-r--r--r-- 3/4            5491 1994-03-02 17:11 ./usr/opt/OSC200/src/usr/share/lib/terminfo/pc.ti
-r--r--r-- 3/4           17633 1994-03-02 17:11 ./usr/opt/OSC200/src/usr/share/lib/terminfo/misc.ti
-r--r--r-- 3/4            5052 1994-03-02 17:11 ./usr/opt/OSC200/src/usr/share/lib/terminfo/microterm.ti
-r--r--r-- 3/4            5451 1994-03-02 17:11 ./usr/opt/OSC200/src/usr/share/lib/terminfo/lsi.ti
-r--r--r-- 3/4            3487 1994-03-02 17:11 ./usr/opt/OSC200/src/usr/share/lib/terminfo/ibmpc.ti
-r--r--r-- 3/4           17242 1994-03-02 17:11 ./usr/opt/OSC200/src/usr/share/lib/terminfo/ibm.ti
-r--r--r-- 3/4            9449 1994-03-02 17:11 ./usr/opt/OSC200/src/usr/share/lib/terminfo/hp.ti
-r--r--r-- 3/4            5144 1994-03-02 17:11 ./usr/opt/OSC200/src/usr/share/lib/terminfo/homebrew.ti
-r--r--r-- 3/4            2910 1994-03-02 17:11 ./usr/opt/OSC200/src/usr/share/lib/terminfo/hardcopy.ti
-r--r--r-- 3/4            4972 1994-03-02 17:11 ./usr/opt/OSC200/src/usr/share/lib/terminfo/hft.ti
-r--r--r-- 3/4            4182 1994-03-02 17:11 ./usr/opt/OSC200/src/usr/share/lib/terminfo/heath.ti
-r--r--r-- 3/4            5602 1994-03-02 17:11 ./usr/opt/OSC200/src/usr/share/lib/terminfo/header
-r--r--r-- 3/4            5856 1994-03-02 17:11 ./usr/opt/OSC200/src/usr/share/lib/terminfo/hazeltine.ti
-r--r--r-- 3/4            3151 1994-03-02 17:11 ./usr/opt/OSC200/src/usr/share/lib/terminfo/general.ti
-r--r--r-- 3/4            2908 1994-03-02 17:11 ./usr/opt/OSC200/src/usr/share/lib/terminfo/falco.ti
-r--r--r-- 3/4            4752 1994-03-02 17:11 ./usr/opt/OSC200/src/usr/share/lib/terminfo/diablo.ti
-r--r--r-- 3/4           17700 1994-03-02 17:11 ./usr/opt/OSC200/src/usr/share/lib/terminfo/dec_Unsupported.ti
-r--r--r-- 3/4           53663 1994-03-02 17:11 ./usr/opt/OSC200/src/usr/share/lib/terminfo/dec.ti
-r--r--r-- 3/4            4376 1994-03-02 17:11 ./usr/opt/OSC200/src/usr/share/lib/terminfo/datamedia.ti
-r--r--r-- 3/4            1936 1993-01-26 03:54 ./usr/opt/OSC200/src/usr/share/lib/terminfo/cvt.sed
-r--r--r-- 3/4            6246 1994-03-02 17:11 ./usr/opt/OSC200/src/usr/share/lib/terminfo/cvt.h
-r--r--r-- 3/4            5217 1993-01-26 03:54 ./usr/opt/OSC200/src/usr/share/lib/terminfo/cvt.ex
-r--r--r-- 3/4            7828 1994-03-02 17:11 ./usr/opt/OSC200/src/usr/share/lib/terminfo/concept.ti
-r--r--r-- 3/4            2464 1994-03-02 17:11 ./usr/opt/OSC200/src/usr/share/lib/terminfo/cdc.ti
-r--r--r-- 3/4            6330 1994-03-02 17:11 ./usr/opt/OSC200/src/usr/share/lib/terminfo/beehive.ti
-r--r--r-- 3/4            2096 1994-03-02 17:11 ./usr/opt/OSC200/src/usr/share/lib/terminfo/atcons.ti
-r--r--r-- 3/4            7647 1994-03-02 17:11 ./usr/opt/OSC200/src/usr/share/lib/terminfo/annarbor.ti
-r--r--r-- 3/4            4808 1994-03-02 17:11 ./usr/opt/OSC200/src/usr/share/lib/terminfo/adds.ti
-r--r--r-- 3/4            2082 1994-03-02 17:11 ./usr/opt/OSC200/src/usr/share/lib/terminfo/README_TOO
-r--r--r-- 3/4            4297 1994-03-02 17:11 ./usr/opt/OSC200/src/usr/share/lib/terminfo/README
-r--r--r-- 3/4            2894 1994-03-02 17:11 ./usr/opt/OSC200/src/usr/share/lib/term/README
-r--r--r-- 3/4            3326 1994-03-02 17:11 ./usr/opt/OSC200/src/usr/share/lib/terminfo/Makefile
-r--r--r-- 3/4            3832 1994-03-02 17:11 ./usr/opt/OSC200/src/usr/share/lib/terminfo/.mrg..dec.ti
-r--r--r-- 3/4            6830 1994-03-02 17:11 ./usr/opt/OSC200/src/usr/share/lib/term/tablpr.c
-r--r--r-- 3/4           11040 1994-03-02 17:11 ./usr/opt/OSC200/src/usr/share/lib/term/tabln03.c
-r--r--r-- 3/4            4727 1994-03-02 17:11 ./usr/opt/OSC200/src/usr/share/lib/term/mktab.c
-r--r--r-- 3/4            4168 1994-03-02 17:11 ./usr/opt/OSC200/src/usr/share/lib/term/chartst
-r--r--r-- 3/4            5081 1994-03-02 17:11 ./usr/opt/OSC200/src/usr/share/lib/term/Makefile.install
-r--r--r-- 3/4            3663 1994-03-02 17:11 ./usr/opt/OSC200/src/usr/share/lib/term/Makefile
-r--r--r-- 3/4            8568 1994-03-02 17:10 ./usr/opt/OSC200/src/usr/share/lib/shell/libscp.sh
-r--r--r-- 3/4            5582 1994-03-02 17:10 ./usr/opt/OSC200/src/usr/share/lib/shell/libmrg.sh
-r--r--r-- 3/4            2225 1994-03-02 17:10 ./usr/opt/OSC200/src/usr/share/lib/shell/Wait.sh
-r--r--r-- 3/4            2943 1994-03-02 17:10 ./usr/opt/OSC200/src/usr/share/lib/shell/Ticker.sh
-r--r--r-- 3/4            2244 1994-03-02 17:10 ./usr/opt/OSC200/src/usr/share/lib/shell/Strings.sh
-r--r--r-- 3/4            1743 1994-03-02 17:10 ./usr/opt/OSC200/src/usr/share/lib/shell/Ready.sh
-r--r--r-- 3/4            1660 1994-03-02 17:10 ./usr/opt/OSC200/src/usr/share/lib/shell/Pwd.sh
-r--r--r-- 3/4            1950 1994-03-02 17:10 ./usr/opt/OSC200/src/usr/share/lib/shell/Makefile
-r--r--r-- 3/4            1931 1994-03-02 17:10 ./usr/opt/OSC200/src/usr/share/lib/shell/Logging.sh
-r--r--r-- 3/4            2828 1994-03-02 17:10 ./usr/opt/OSC200/src/usr/share/lib/shell/Lists.sh
-r--r--r-- 3/4           29225 1994-03-02 17:10 ./usr/opt/OSC200/src/usr/share/lib/shell/Kitcap.sh
-r--r--r-- 3/4           45353 1994-03-02 17:10 ./usr/opt/OSC200/src/usr/share/lib/shell/GenUtil.sh
-r--r--r-- 3/4            1648 1994-03-02 17:10 ./usr/opt/OSC200/src/usr/share/lib/shell/Error.sh
-r--r--r-- 3/4            2008 1994-03-02 17:10 ./usr/opt/OSC200/src/usr/share/lib/shell/Dialog.sh
-r--r--r-- 3/4            3512 1994-03-02 17:10 ./usr/opt/OSC200/src/usr/share/lib/shell/Client.sh
-r--r--r-- 3/4            1826 1994-03-02 17:10 ./usr/opt/OSC200/src/usr/share/lib/shell/BitTest.sh
-r--r--r-- 3/4            1008 1993-01-26 03:53 ./usr/opt/OSC200/src/usr/share/lib/sechelp/motif/release
-r--r--r-- 3/4            1539 1994-03-02 17:10 ./usr/opt/OSC200/src/usr/share/lib/shell/BadChoice.sh
-r--r--r-- 3/4            4518 1994-03-02 17:10 ./usr/opt/OSC200/src/usr/share/lib/shell/Avl.sh
-r--r--r-- 3/4            1821 1994-03-02 17:10 ./usr/opt/OSC200/src/usr/share/lib/sechelp/motif/Makefile
-r--r--r-- 3/4            8436 1993-01-26 03:53 ./usr/opt/OSC200/src/usr/share/lib/sechelp/motif/HelpKeys
-r--r--r-- 3/4             753 1993-01-26 03:53 ./usr/opt/OSC200/src/usr/share/lib/sechelp/motif/HelpHelp
-r--r--r-- 3/4           19302 1993-01-26 03:53 ./usr/opt/OSC200/src/usr/share/lib/sechelp/motif/HelpFund
-r--r--r-- 3/4             838 1993-01-26 03:53 ./usr/opt/OSC200/src/usr/share/lib/sechelp/help.keys
-r--r--r-- 3/4            1686 1994-03-02 17:10 ./usr/opt/OSC200/src/usr/share/lib/sechelp/aif/Makefile
-r--r--r-- 3/4            1811 1994-03-02 17:10 ./usr/opt/OSC200/src/usr/share/lib/sechelp/aclif/top/Makefile
-r--r--r-- 3/4             315 1993-01-26 03:53 ./usr/opt/OSC200/src/usr/share/lib/sechelp/aclif/top/9
-r--r--r-- 3/4             524 1993-01-26 03:53 ./usr/opt/OSC200/src/usr/share/lib/sechelp/aclif/top/8
-r--r--r-- 3/4              85 1993-01-26 03:53 ./usr/opt/OSC200/src/usr/share/lib/sechelp/aclif/top/7
-r--r--r-- 3/4             250 1993-01-26 03:53 ./usr/opt/OSC200/src/usr/share/lib/sechelp/aclif/top/6
-r--r--r-- 3/4             447 1993-01-26 03:53 ./usr/opt/OSC200/src/usr/share/lib/sechelp/aclif/top/5
-r--r--r-- 3/4             961 1993-01-26 03:53 ./usr/opt/OSC200/src/usr/share/lib/sechelp/aclif/top/4
-r--r--r-- 3/4             230 1993-01-26 03:53 ./usr/opt/OSC200/src/usr/share/lib/sechelp/aclif/top/3
-r--r--r-- 3/4             577 1993-01-26 03:53 ./usr/opt/OSC200/src/usr/share/lib/sechelp/aclif/top/2
-r--r--r-- 3/4             334 1993-01-26 03:53 ./usr/opt/OSC200/src/usr/share/lib/sechelp/aclif/top/10
-r--r--r-- 3/4             338 1993-01-26 03:53 ./usr/opt/OSC200/src/usr/share/lib/sechelp/aclif/top/1
-r--r--r-- 3/4            1797 1994-03-02 17:10 ./usr/opt/OSC200/src/usr/share/lib/sechelp/aclif/test/Makefile
-r--r--r-- 3/4             348 1993-01-26 03:52 ./usr/opt/OSC200/src/usr/share/lib/sechelp/aclif/test/3
-r--r--r-- 3/4             375 1993-01-26 03:52 ./usr/opt/OSC200/src/usr/share/lib/sechelp/aclif/test/2
-r--r--r-- 3/4             374 1993-01-26 03:52 ./usr/opt/OSC200/src/usr/share/lib/sechelp/aclif/test/1
-r--r--r-- 3/4            1799 1994-03-02 17:10 ./usr/opt/OSC200/src/usr/share/lib/sechelp/aclif/edit/Makefile
-r--r--r-- 3/4             280 1993-01-26 03:52 ./usr/opt/OSC200/src/usr/share/lib/sechelp/aclif/edit/4
-r--r--r-- 3/4             279 1993-01-26 03:52 ./usr/opt/OSC200/src/usr/share/lib/sechelp/aclif/edit/3
-r--r--r-- 3/4             214 1993-01-26 03:52 ./usr/opt/OSC200/src/usr/share/lib/sechelp/aclif/edit/2
-r--r--r-- 3/4             946 1993-01-26 03:52 ./usr/opt/OSC200/src/usr/share/lib/sechelp/aclif/edit/1
-r--r--r-- 3/4            1743 1994-03-02 17:10 ./usr/opt/OSC200/src/usr/share/lib/sechelp/aclif/Makefile
-r--r--r-- 3/4            1252 1993-01-26 03:52 ./usr/opt/OSC200/src/usr/share/lib/sechelp/XSysAdmin/XSysAdm.hlp
-r--r--r-- 3/4            1802 1994-03-02 17:10 ./usr/opt/OSC200/src/usr/share/lib/sechelp/XSysAdmin/Makefile
-r--r--r-- 3/4            2031 1994-03-02 17:10 ./usr/opt/OSC200/src/usr/share/lib/sechelp/XIsso/devices/Makefile
-r--r--r-- 3/4            1418 1993-01-26 03:52 ./usr/opt/OSC200/src/usr/share/lib/sechelp/XIsso/devices/DevUnlock
-r--r--r-- 3/4            1134 1993-01-26 03:52 ./usr/opt/OSC200/src/usr/share/lib/sechelp/XIsso/devices/DevRemove
-r--r--r-- 3/4            2531 1993-01-26 03:52 ./usr/opt/OSC200/src/usr/share/lib/sechelp/XIsso/devices/DevModxsl
-r--r--r-- 3/4            2585 1993-01-26 03:52 ./usr/opt/OSC200/src/usr/share/lib/sechelp/XIsso/devices/DevModssl
-r--r--r-- 3/4            2740 1993-01-26 03:52 ./usr/opt/OSC200/src/usr/share/lib/sechelp/XIsso/devices/DevModsil
-r--r--r-- 3/4            2530 1993-01-26 03:52 ./usr/opt/OSC200/src/usr/share/lib/sechelp/XIsso/devices/DevModnsl
-r--r--r-- 3/4            4797 1993-01-26 03:52 ./usr/opt/OSC200/src/usr/share/lib/sechelp/XIsso/devices/DevModTer
-r--r--r-- 3/4            2109 1993-01-26 03:52 ./usr/opt/OSC200/src/usr/share/lib/sechelp/XIsso/devices/DevModSel
-r--r--r-- 3/4            2215 1993-01-26 03:52 ./usr/opt/OSC200/src/usr/share/lib/sechelp/XIsso/devices/DevModRem
-r--r--r-- 3/4            1753 1993-01-26 03:52 ./usr/opt/OSC200/src/usr/share/lib/sechelp/XIsso/devices/DevModPri
-r--r--r-- 3/4              14 1993-01-26 03:52 ./usr/opt/OSC200/src/usr/share/lib/sechelp/XIsso/devices/DevModHos
-r--r--r-- 3/4            1218 1993-01-26 03:52 ./usr/opt/OSC200/src/usr/share/lib/sechelp/XIsso/devices/DevLock
-r--r--r-- 3/4            2046 1993-01-26 03:52 ./usr/opt/OSC200/src/usr/share/lib/sechelp/XIsso/devices/DevDefxsl
-r--r--r-- 3/4            1933 1993-01-26 03:52 ./usr/opt/OSC200/src/usr/share/lib/sechelp/XIsso/devices/DevDefssl
-r--r--r-- 3/4            2080 1993-01-26 03:52 ./usr/opt/OSC200/src/usr/share/lib/sechelp/XIsso/devices/DevDefsil
-r--r--r-- 3/4            2035 1993-01-26 03:52 ./usr/opt/OSC200/src/usr/share/lib/sechelp/XIsso/devices/DevDefnsl
-r--r--r-- 3/4            1919 1993-01-26 03:52 ./usr/opt/OSC200/src/usr/share/lib/sechelp/XIsso/devices/DevDefLog
-r--r--r-- 3/4            4878 1993-01-26 03:52 ./usr/opt/OSC200/src/usr/share/lib/sechelp/XIsso/devices/DevAddTer
-r--r--r-- 3/4            2446 1993-01-26 03:52 ./usr/opt/OSC200/src/usr/share/lib/sechelp/XIsso/devices/DevAddRem
-r--r--r-- 3/4            1666 1993-01-26 03:52 ./usr/opt/OSC200/src/usr/share/lib/sechelp/XIsso/devices/DevAddPri
-r--r--r-- 3/4              35 1993-01-26 03:52 ./usr/opt/OSC200/src/usr/share/lib/sechelp/XIsso/devices/DevAddHos
-r--r--r-- 3/4            1484 1993-01-26 03:52 ./usr/opt/OSC200/src/usr/share/lib/sechelp/XIsso/audit/UsersGroups
-r--r--r-- 3/4            4398 1993-01-26 03:52 ./usr/opt/OSC200/src/usr/share/lib/sechelp/XIsso/audit/Selection
-r--r--r-- 3/4            3349 1993-01-26 03:52 ./usr/opt/OSC200/src/usr/share/lib/sechelp/XIsso/audit/SelectFiles
-r--r--r-- 3/4             781 1993-01-26 03:52 ./usr/opt/OSC200/src/usr/share/lib/sechelp/XIsso/audit/Restore
-r--r--r-- 3/4            3912 1993-01-26 03:52 ./usr/opt/OSC200/src/usr/share/lib/sechelp/XIsso/audit/Parameters
-r--r--r-- 3/4            2001 1994-03-02 17:10 ./usr/opt/OSC200/src/usr/share/lib/sechelp/XIsso/audit/Makefile
-r--r--r-- 3/4            1580 1993-01-26 03:52 ./usr/opt/OSC200/src/usr/share/lib/sechelp/XIsso/audit/Events
-r--r--r-- 3/4             663 1993-01-26 03:52 ./usr/opt/OSC200/src/usr/share/lib/sechelp/XIsso/audit/Enable
-r--r--r-- 3/4            1901 1993-01-26 03:51 ./usr/opt/OSC200/src/usr/share/lib/sechelp/XIsso/audit/DispReports
-r--r--r-- 3/4             609 1993-01-26 03:51 ./usr/opt/OSC200/src/usr/share/lib/sechelp/XIsso/audit/Disable
-r--r--r-- 3/4            1897 1993-01-26 03:51 ./usr/opt/OSC200/src/usr/share/lib/sechelp/XIsso/audit/DirectoryLst
-r--r--r-- 3/4            1974 1993-01-26 03:51 ./usr/opt/OSC200/src/usr/share/lib/sechelp/XIsso/audit/CreateReport
-r--r--r-- 3/4            1832 1993-01-26 03:51 ./usr/opt/OSC200/src/usr/share/lib/sechelp/XIsso/audit/BackupDelete
-r--r--r-- 3/4            2199 1993-01-26 03:51 ./usr/opt/OSC200/src/usr/share/lib/sechelp/XIsso/audit/AudSelxss
-r--r--r-- 3/4            2196 1993-01-26 03:51 ./usr/opt/OSC200/src/usr/share/lib/sechelp/XIsso/audit/AudSelxos
-r--r--r-- 3/4            2199 1993-01-26 03:51 ./usr/opt/OSC200/src/usr/share/lib/sechelp/XIsso/audit/AudSelnss
-r--r--r-- 3/4            2196 1993-01-26 03:51 ./usr/opt/OSC200/src/usr/share/lib/sechelp/XIsso/audit/AudSelnos
-r--r--r-- 3/4            1889 1993-01-26 03:51 ./usr/opt/OSC200/src/usr/share/lib/sechelp/XIsso/audit/AudColxsl
-r--r--r-- 3/4            1889 1993-01-26 03:51 ./usr/opt/OSC200/src/usr/share/lib/sechelp/XIsso/audit/AudColnsl
-r--r--r-- 3/4            1976 1993-01-26 03:51 ./usr/opt/OSC200/src/usr/share/lib/sechelp/XIsso/accounts/UserSub
-r--r--r-- 3/4            6690 1993-01-26 03:51 ./usr/opt/OSC200/src/usr/share/lib/sechelp/XIsso/accounts/UserPass
-r--r--r-- 3/4            3779 1993-01-26 03:51 ./usr/opt/OSC200/src/usr/share/lib/sechelp/XIsso/accounts/UserLogin
-r--r--r-- 3/4              31 1993-01-26 03:51 ./usr/opt/OSC200/src/usr/share/lib/sechelp/XIsso/accounts/UserHours
-r--r--r-- 3/4            2365 1993-01-26 03:51 ./usr/opt/OSC200/src/usr/share/lib/sechelp/XIsso/accounts/UserGroup
-r--r--r-- 3/4            2436 1993-01-26 03:51 ./usr/opt/OSC200/src/usr/share/lib/sechelp/XIsso/accounts/UserCom
-r--r--r-- 3/4            2675 1993-01-26 03:51 ./usr/opt/OSC200/src/usr/share/lib/sechelp/XIsso/accounts/UserClear
-r--r--r-- 3/4            1989 1993-01-26 03:51 ./usr/opt/OSC200/src/usr/share/lib/sechelp/XIsso/accounts/UserAuth
-r--r--r-- 3/4              57 1993-01-26 03:51 ./usr/opt/OSC200/src/usr/share/lib/sechelp/XIsso/accounts/UserAudit
-r--r--r-- 3/4            1574 1993-01-26 03:51 ./usr/opt/OSC200/src/usr/share/lib/sechelp/XIsso/accounts/Unlock
-r--r--r-- 3/4            1591 1993-01-26 03:51 ./usr/opt/OSC200/src/usr/share/lib/sechelp/XIsso/accounts/SinUserCl
-r--r--r-- 3/4            1425 1993-01-26 03:51 ./usr/opt/OSC200/src/usr/share/lib/sechelp/XIsso/accounts/Retire
-r--r--r-- 3/4            2045 1994-03-02 17:10 ./usr/opt/OSC200/src/usr/share/lib/sechelp/XIsso/accounts/Makefile
-r--r--r-- 3/4            4414 1994-03-02 17:10 ./usr/opt/OSC200/src/usr/share/lib/sechelp/XIsso/accounts/MakeUser
-r--r--r-- 3/4            2851 1994-03-02 17:10 ./usr/opt/OSC200/src/usr/share/lib/sechelp/XIsso/accounts/MakeGroup
-r--r--r-- 3/4            1183 1993-01-26 03:51 ./usr/opt/OSC200/src/usr/share/lib/sechelp/XIsso/accounts/Lock
-r--r--r-- 3/4            1644 1993-01-26 03:51 ./usr/opt/OSC200/src/usr/share/lib/sechelp/XIsso/accounts/GetSysName
-r--r--r-- 3/4            1541 1993-01-26 03:51 ./usr/opt/OSC200/src/usr/share/lib/sechelp/XIsso/accounts/GetName
-r--r--r-- 3/4            1658 1993-01-26 03:51 ./usr/opt/OSC200/src/usr/share/lib/sechelp/XIsso/accounts/GetIssoName
-r--r--r-- 3/4             663 1993-01-26 03:51 ./usr/opt/OSC200/src/usr/share/lib/sechelp/XIsso/accounts/DefSub
-r--r--r-- 3/4            3653 1993-01-26 03:51 ./usr/opt/OSC200/src/usr/share/lib/sechelp/XIsso/accounts/DefPass
-r--r--r-- 3/4            2213 1993-01-26 03:51 ./usr/opt/OSC200/src/usr/share/lib/sechelp/XIsso/accounts/DefLogin
-r--r--r-- 3/4              36 1993-01-26 03:51 ./usr/opt/OSC200/src/usr/share/lib/sechelp/XIsso/accounts/DefHours
-r--r--r-- 3/4             629 1993-01-26 03:51 ./usr/opt/OSC200/src/usr/share/lib/sechelp/XIsso/accounts/DefCom
-r--r--r-- 3/4            1738 1993-01-26 03:51 ./usr/opt/OSC200/src/usr/share/lib/sechelp/XIsso/accounts/DefClear
-r--r--r-- 3/4             822 1993-01-26 03:51 ./usr/opt/OSC200/src/usr/share/lib/sechelp/XIsso/accounts/DefAuth
-r--r--r-- 3/4            1237 1993-01-26 03:51 ./usr/opt/OSC200/src/usr/share/lib/sechelp/XIsso/XIsso.hlp
-r--r--r-- 3/4            1897 1994-03-02 17:10 ./usr/opt/OSC200/src/usr/share/lib/sechelp/XIsso/Makefile
-r--r--r-- 3/4            1915 1994-03-02 17:10 ./usr/opt/OSC200/src/usr/share/lib/sechelp/Makefile
-r--r--r-- 3/4            2861 1993-01-26 03:51 ./usr/opt/OSC200/src/usr/share/lib/sccshelp/vchelp
-r--r--r-- 3/4            4055 1993-01-26 03:51 ./usr/opt/OSC200/src/usr/share/lib/sccshelp/vc
-r--r--r-- 3/4            2608 1993-01-26 03:51 ./usr/opt/OSC200/src/usr/share/lib/sccshelp/ut
-r--r--r-- 3/4            1454 1993-01-26 03:51 ./usr/opt/OSC200/src/usr/share/lib/sccshelp/un
-r--r--r-- 3/4            1944 1993-01-26 03:51 ./usr/opt/OSC200/src/usr/share/lib/sccshelp/rchelp
-r--r--r-- 3/4            2638 1993-01-26 03:50 ./usr/opt/OSC200/src/usr/share/lib/sccshelp/rc
-r--r--r-- 3/4             834 1993-01-26 03:50 ./usr/opt/OSC200/src/usr/share/lib/sccshelp/prshelp
-r--r--r-- 3/4             914 1993-01-26 03:50 ./usr/opt/OSC200/src/usr/share/lib/sccshelp/prs
-r--r--r-- 3/4             827 1993-01-26 03:50 ./usr/opt/OSC200/src/usr/share/lib/sccshelp/he
-r--r--r-- 3/4            2544 1993-01-26 03:50 ./usr/opt/OSC200/src/usr/share/lib/sccshelp/ge
-r--r--r-- 3/4             668 1993-01-26 03:50 ./usr/opt/OSC200/src/usr/share/lib/sccshelp/default
-r--r--r-- 3/4            3247 1993-01-26 03:50 ./usr/opt/OSC200/src/usr/share/lib/sccshelp/de
-r--r--r-- 3/4            5107 1993-01-26 03:50 ./usr/opt/OSC200/src/usr/share/lib/sccshelp/co
-r--r--r-- 3/4            6365 1993-01-26 03:50 ./usr/opt/OSC200/src/usr/share/lib/sccshelp/cmds
-r--r--r-- 3/4            4407 1993-01-26 03:50 ./usr/opt/OSC200/src/usr/share/lib/sccshelp/cm
-r--r--r-- 3/4             979 1993-01-26 03:50 ./usr/opt/OSC200/src/usr/share/lib/sccshelp/cbhelp
-r--r--r-- 3/4            1332 1993-01-26 03:50 ./usr/opt/OSC200/src/usr/share/lib/sccshelp/cb
-r--r--r-- 3/4             946 1993-01-26 03:50 ./usr/opt/OSC200/src/usr/share/lib/sccshelp/bd
-r--r--r-- 3/4            6807 1993-01-26 03:50 ./usr/opt/OSC200/src/usr/share/lib/sccshelp/ad
-r--r--r-- 3/4            1816 1994-03-02 17:10 ./usr/opt/OSC200/src/usr/share/lib/sccshelp/Makefile
-r--r--r-- 3/4            7208 1994-03-02 17:10 ./usr/opt/OSC200/src/usr/share/lib/kernel_options/kernel_options.db
-r--r--r-- 3/4            1713 1994-03-02 17:10 ./usr/opt/OSC200/src/usr/share/lib/kernel_options/Makefile
-r--r--r-- 3/4            2390 1994-03-02 17:10 ./usr/opt/OSC200/src/usr/share/lib/Makefile
-r--r--r-- 3/4            7245 1994-03-02 17:10 ./usr/opt/OSC200/src/usr/share/lib/kernel_options/.mrg..kernel_options.db.sh
-r--r--r-- 3/4            1739 1994-03-02 17:10 ./usr/opt/OSC200/src/usr/share/doclib/dps/Makefile
-r--r--r-- 3/4          111958 1993-01-26 03:50 ./usr/opt/OSC200/src/usr/share/doclib/dps/DPS.pswrap.ps
-r--r--r-- 3/4            1694 1994-03-02 17:10 ./usr/opt/OSC200/src/usr/share/doclib/dlpi/Makefile
-r--r--r-- 3/4            1572 1994-03-02 17:10 ./usr/opt/OSC200/src/usr/share/doclib/Makefile
-r--r--r-- 3/4            8216 1993-01-26 03:49 ./usr/opt/OSC200/src/usr/share/dict/stop
-r--r--r-- 3/4            2205 1993-01-26 03:49 ./usr/opt/OSC200/src/usr/share/dict/special/math
-r--r--r-- 3/4            1711 1994-03-02 17:10 ./usr/opt/OSC200/src/usr/share/dict/special/Makefile
-r--r--r-- 3/4            6855 1993-01-26 03:49 ./usr/opt/OSC200/src/usr/share/dict/special/4bsd
-r--r--r-- 3/4            3512 1993-01-26 03:49 ./usr/opt/OSC200/src/usr/share/dict/british
-r--r--r-- 3/4            3317 1993-01-26 03:49 ./usr/opt/OSC200/src/usr/share/dict/american
-r--r--r-- 3/4            6567 1994-03-02 17:10 ./usr/opt/OSC200/src/usr/share/dict/README
-r--r--r-- 3/4            2161 1994-03-02 17:10 ./usr/opt/OSC200/src/usr/share/dict/Makefile
-r--r--r-- 3/4            1721 1994-03-02 17:10 ./usr/opt/OSC200/src/usr/share/Makefile
-r--r--r-- 3/4            4323 1994-03-02 17:10 ./usr/opt/OSC200/src/usr/sbin/ypxfrd/ypxfrd_xdr.c
-r--r--r-- 3/4           83709 1993-01-26 03:50 ./usr/opt/OSC200/src/usr/share/doclib/dps/DPS.perspective.ps
-r--r--r-- 3/4           28066 1993-01-26 03:49 ./usr/opt/OSC200/src/usr/share/dict/87_changes
-r--r--r-- 3/4          352778 1993-01-26 03:50 ./usr/opt/OSC200/src/usr/share/doclib/dps/DPS.clientlib.ps
-r--r--r-- 3/4         1494009 1993-01-26 03:50 ./usr/opt/OSC200/src/usr/share/doclib/dps/DPS.Xtoolkit.ps
-r--r--r-- 3/4          332272 1993-01-26 03:50 ./usr/opt/OSC200/src/usr/share/doclib/dps/DPS.Xsupplement.ps
-r--r--r-- 3/4          790529 1993-01-26 03:50 ./usr/opt/OSC200/src/usr/share/doclib/dlpi/dlpi.ps
-r--r--r-- 3/4          209785 1993-01-26 03:49 ./usr/opt/OSC200/src/usr/share/dict/words
