-rw-r--r-- 0/0           15667 1994-01-17 19:58 ./usr/opt/OSC200/usr/share/man/man8/dxpresto.8X
-rw-r--r-- 0/0           16933 1994-01-17 22:35 ./usr/opt/OSC200/usr/share/man/man5/WML.5X
-rw-r--r-- 0/0           71699 1994-01-17 22:35 ./usr/opt/OSC200/usr/share/man/man5/UIL.5X
-rw-r--r-- 0/0            4916 1994-01-20 15:37 ./usr/opt/OSC200/usr/share/man/man1/xwud.1X
-rw-r--r-- 0/0            6622 1994-01-17 20:33 ./usr/opt/OSC200/usr/share/man/man1/xwininfo.1X
-rw-r--r-- 0/0            3950 1994-01-17 20:33 ./usr/opt/OSC200/usr/share/man/man1/xwd.1X
-rw-r--r-- 0/0            3123 1994-01-20 15:37 ./usr/opt/OSC200/usr/share/man/man1/xstdcmap.1X
-rw-r--r-- 0/0            4306 1994-01-17 20:33 ./usr/opt/OSC200/usr/share/man/man1/xsetroot.1X
-rw-r--r-- 0/0            8572 1994-01-17 20:33 ./usr/opt/OSC200/usr/share/man/man1/xset.1X
-rw-r--r-- 0/0            2834 1994-01-17 20:33 ./usr/opt/OSC200/usr/share/man/man1/xrefresh.1X
-rw-r--r-- 0/0            9828 1994-01-17 20:33 ./usr/opt/OSC200/usr/share/man/man1/xrdb.1X
-rw-r--r-- 0/0           13922 1994-01-17 20:33 ./usr/opt/OSC200/usr/share/man/man1/xprop.1X
-rw-r--r-- 0/0            2821 1994-01-17 20:33 ./usr/opt/OSC200/usr/share/man/man1/xon.1X
-rw-r--r-- 0/0            1921 1994-01-17 21:20 ./usr/opt/OSC200/usr/share/man/man1/xmbind.1X
-rw-r--r-- 0/0           66203 1994-01-17 20:33 ./usr/opt/OSC200/usr/share/man/man1/xterm.1X
-rw-r--r-- 0/0           11830 1994-01-17 20:33 ./usr/opt/OSC200/usr/share/man/man1/xpr.1X
-rw-r--r-- 0/0            9695 1994-01-20 15:36 ./usr/opt/OSC200/usr/share/man/man1/xmodmap.1X
-rw-r--r-- 0/0            2241 1994-01-17 20:33 ./usr/opt/OSC200/usr/share/man/man1/xmkmf.1X
-rw-r--r-- 0/0           59729 1994-01-17 20:33 ./usr/opt/OSC200/usr/share/man/man1/xmh.1X
-rw-r--r-- 0/0           13721 1994-01-17 20:33 ./usr/opt/OSC200/usr/share/man/man1/xman.1X
-rw-r--r-- 0/0            3417 1994-01-17 20:33 ./usr/opt/OSC200/usr/share/man/man1/xmag.1X
-rw-r--r-- 0/0            3011 1994-01-17 20:33 ./usr/opt/OSC200/usr/share/man/man1/xlsfonts.1X
-rw-r--r-- 0/0            1942 1994-01-17 20:32 ./usr/opt/OSC200/usr/share/man/man1/xlsclients.1X
-rw-r--r-- 0/0            2231 1994-01-17 20:32 ./usr/opt/OSC200/usr/share/man/man1/xlsatoms.1X
-rw-r--r-- 0/0            2744 1994-01-17 20:32 ./usr/opt/OSC200/usr/share/man/man1/xlogo.1X
-rw-r--r-- 0/0            4339 1994-01-17 20:32 ./usr/opt/OSC200/usr/share/man/man1/xload.1X
-rw-r--r-- 0/0            3024 1994-01-17 20:32 ./usr/opt/OSC200/usr/share/man/man1/xkill.1X
-rw-r--r-- 0/0            4447 1994-01-17 20:32 ./usr/opt/OSC200/usr/share/man/man1/xhost.1X
-rw-r--r-- 0/0            1565 1994-01-17 20:32 ./usr/opt/OSC200/usr/share/man/man1/xgc.1X
-rw-r--r-- 0/0            8396 1994-01-17 20:32 ./usr/opt/OSC200/usr/share/man/man1/xfontsel.1X
-rw-r--r-- 0/0            4005 1994-01-20 15:36 ./usr/opt/OSC200/usr/share/man/man1/xfd.1X
-rw-r--r-- 0/0            2114 1994-01-17 20:32 ./usr/opt/OSC200/usr/share/man/man1/xeyes.1X
-rw-r--r-- 0/0            2355 1994-01-17 20:32 ./usr/opt/OSC200/usr/share/man/man1/xev.1X
-rw-r--r-- 0/0            6761 1994-01-17 20:32 ./usr/opt/OSC200/usr/share/man/man1/xedit.1X
-rw-r--r-- 0/0            5764 1994-01-17 20:32 ./usr/opt/OSC200/usr/share/man/man1/xdpyinfo.1X
-rw-r--r-- 0/0            3592 1994-01-17 20:32 ./usr/opt/OSC200/usr/share/man/man1/xdpr.1X
-rw-r--r-- 0/0           62431 1994-01-17 20:32 ./usr/opt/OSC200/usr/share/man/man1/xdm.1X
-rw-r--r-- 0/0            3943 1994-01-17 20:32 ./usr/opt/OSC200/usr/share/man/man1/xcutsel.1X
-rw-r--r-- 0/0            3947 1994-01-17 20:32 ./usr/opt/OSC200/usr/share/man/man1/xconsole.1X
-rw-r--r-- 0/0            2578 1994-01-17 20:32 ./usr/opt/OSC200/usr/share/man/man1/xcmstest.1X
-rw-r--r-- 0/0            3044 1994-01-17 20:32 ./usr/opt/OSC200/usr/share/man/man1/xcmsdb.1X
-rw-r--r-- 0/0            5641 1994-01-20 15:36 ./usr/opt/OSC200/usr/share/man/man1/xclock.1X
-rw-r--r-- 0/0            4668 1994-01-17 20:32 ./usr/opt/OSC200/usr/share/man/man1/xclipboard.1X
-rw-r--r-- 0/0           14084 1994-01-17 20:32 ./usr/opt/OSC200/usr/share/man/man1/xcalc.1X
-rw-r--r-- 0/0            6834 1994-01-17 20:32 ./usr/opt/OSC200/usr/share/man/man1/xbiff.1X
-rw-r--r-- 0/0            1274 1994-01-17 20:31 ./usr/opt/OSC200/usr/share/man/man1/showrgb.1X
-rw-r--r-- 0/0            7865 1994-01-17 20:32 ./usr/opt/OSC200/usr/share/man/man1/xauth.1X
-rw-r--r-- 0/0            2400 1994-01-17 20:32 ./usr/opt/OSC200/usr/share/man/man1/x11perfcomp.1X
-rw-r--r-- 0/0           20848 1994-01-20 15:33 ./usr/opt/OSC200/usr/share/man/man1/x11perf.1X
-rw-r--r-- 0/0            7703 1994-01-17 20:31 ./usr/opt/OSC200/usr/share/man/man1/viewres.1X
-rw-r--r-- 0/0            3742 1994-01-17 21:20 ./usr/opt/OSC200/usr/share/man/man1/uil.1X
-rw-r--r-- 0/0           59444 1994-01-17 20:31 ./usr/opt/OSC200/usr/share/man/man1/twm.1X
-rw-r--r-- 0/0            2860 1994-01-17 20:31 ./usr/opt/OSC200/usr/share/man/man1/showfont.1X
-rw-r--r-- 0/0            3028 1994-01-17 20:31 ./usr/opt/OSC200/usr/share/man/man1/resize.1X
-rw-r--r-- 0/0            2081 1994-01-17 20:31 ./usr/opt/OSC200/usr/share/man/man1/puzzle.1X
-rw-r--r-- 0/0            2675 1994-01-17 20:31 ./usr/opt/OSC200/usr/share/man/man1/oclock.1X
-rw-r--r-- 0/0            2951 1994-01-17 20:31 ./usr/opt/OSC200/usr/share/man/man1/mkfontdir.1X
-rw-r--r-- 0/0             999 1994-01-17 20:31 ./usr/opt/OSC200/usr/share/man/man1/mkdirhier.1X
-rw-r--r-- 0/0            3203 1994-01-17 20:31 ./usr/opt/OSC200/usr/share/man/man1/maze.1X
-rw-r--r-- 0/0            7511 1994-01-17 20:31 ./usr/opt/OSC200/usr/share/man/man1/makedepend.1X
-rw-r--r-- 0/0            1415 1994-01-17 19:58 ./usr/opt/OSC200/usr/share/man/man1/lwksetup.1X
-rw-r--r-- 0/0           12679 1994-01-17 19:58 ./usr/opt/OSC200/usr/share/man/man1/lwkmanager.1X
-rw-r--r-- 0/0            2437 1994-01-17 20:31 ./usr/opt/OSC200/usr/share/man/man1/lndir.1X
-rw-r--r-- 0/0            2737 1994-01-17 20:31 ./usr/opt/OSC200/usr/share/man/man1/listres.1X
-rw-r--r-- 0/0            8128 1994-01-17 20:31 ./usr/opt/OSC200/usr/share/man/man1/imake.1X
-rw-r--r-- 0/0            3551 1994-01-17 20:31 ./usr/opt/OSC200/usr/share/man/man1/ico.1X
-rw-r--r-- 0/0            1654 1994-01-17 20:31 ./usr/opt/OSC200/usr/share/man/man1/fstobdf.1X
-rw-r--r-- 0/0            1797 1994-01-17 20:31 ./usr/opt/OSC200/usr/share/man/man1/fsinfo.1X
-rw-r--r-- 0/0           94892 1994-01-17 21:20 ./usr/opt/OSC200/usr/share/man/man1/mwm.1X
-rw-r--r-- 0/0            2746 1994-01-17 20:31 ./usr/opt/OSC200/usr/share/man/man1/fslsfonts.1X
-rw-r--r-- 0/0            5991 1994-01-17 20:31 ./usr/opt/OSC200/usr/share/man/man1/fs.1X
-rw-r--r-- 0/0           17892 1994-01-20 15:35 ./usr/opt/OSC200/usr/share/man/man1/editres.1X
-rw-r--r-- 0/0            5727 1994-01-17 19:54 ./usr/opt/OSC200/usr/share/man/man1/dxvdoc.1X
-rw-r--r-- 0/0           32905 1994-01-20 15:33 ./usr/opt/OSC200/usr/share/man/man1/dxterm.1X
-rw-r--r-- 0/0            7871 1994-01-17 19:57 ./usr/opt/OSC200/usr/share/man/man1/dxprint.1X
-rw-r--r-- 0/0              22 1994-01-17 19:58 ./usr/opt/OSC200/usr/share/man/man1/dxpause.1X
-rw-r--r-- 0/0              21 1994-01-17 20:33 ./usr/opt/OSC200/usr/share/man/man1/dxconsole.1X
-rw-r--r-- 0/0              19 1994-01-17 20:33 ./usr/opt/OSC200/usr/share/man/man1/bmtoa.1X
-rw-r--r-- 0/0              19 1994-01-17 20:33 ./usr/opt/OSC200/usr/share/man/man1/atobm.1X
-rw-r--r-- 0/0           15994 1994-01-17 19:57 ./usr/opt/OSC200/usr/share/man/man1/dxsession.1X
-rw-r--r-- 0/0           10579 1994-01-17 19:57 ./usr/opt/OSC200/usr/share/man/man1/dxpaint.1X
-rw-r--r-- 0/0           16824 1994-01-17 19:57 ./usr/opt/OSC200/usr/share/man/man1/dxnotepad.1X
-rw-r--r-- 0/0           29208 1994-01-17 19:57 ./usr/opt/OSC200/usr/share/man/man1/dxmail.1X
-rw-r--r-- 0/0           26285 1994-01-17 19:57 ./usr/opt/OSC200/usr/share/man/man1/dxkeycaps.1X
-rw-r--r-- 0/0           10744 1994-01-17 19:57 ./usr/opt/OSC200/usr/share/man/man1/dxdiff.1X
-rw-r--r-- 0/0            7578 1994-01-17 19:57 ./usr/opt/OSC200/usr/share/man/man1/dxclock.1X
-rw-r--r-- 0/0           13571 1994-01-17 19:57 ./usr/opt/OSC200/usr/share/man/man1/dxcardfiler.1X
-rw-r--r-- 0/0           11839 1994-01-17 19:57 ./usr/opt/OSC200/usr/share/man/man1/dxcalendar.1X
-rw-r--r-- 0/0           13080 1994-01-17 19:57 ./usr/opt/OSC200/usr/share/man/man1/dxcalc.1X
-rw-r--r-- 0/0           12625 1994-01-17 19:57 ./usr/opt/OSC200/usr/share/man/man1/dxbook.1X
-rw-r--r-- 0/0              17 1994-01-17 20:33 ./usr/opt/OSC200/usr/share/man/man1/Xserver.1X
-rw-r--r-- 0/0           24079 1994-01-17 20:31 ./usr/opt/OSC200/usr/share/man/man1/bitmap.1X
-rw-r--r-- 0/0            3403 1994-01-17 20:31 ./usr/opt/OSC200/usr/share/man/man1/bdftopcf.1X
-rw-r--r-- 0/0            2416 1994-01-17 20:31 ./usr/opt/OSC200/usr/share/man/man1/appres.1X
-rw-r--r-- 0/0           37409 1994-01-17 20:31 ./usr/opt/OSC200/usr/share/man/man1/Xdec.1X
-rw-r--r-- 0/0              22 1994-01-17 19:58 ./usr/opt/OSC200/usr/share/man/man1/Xconsole.1X
-rw-r--r-- 0/0            4547 1994-01-17 20:31 ./usr/opt/OSC200/usr/share/man/man1/XStandards.1X
-rw-r--r-- 0/0            9150 1994-01-17 20:31 ./usr/opt/OSC200/usr/share/man/man1/XSecurity.1X
-rw-r--r-- 0/0            6831 1994-01-17 20:31 ./usr/opt/OSC200/usr/share/man/man1/XConsortium.1X
-rw-r--r-- 0/0           48320 1994-01-17 20:30 ./usr/opt/OSC200/usr/share/man/man1/X.1X
-rw-r--r-- 0/0              24 1994-01-17 20:33 ./usr/opt/OSC200/usr/share/man/man1/MITXConsortium.1X
