-rw-r--r-- 0/0            5180 1994-01-17 19:39 ./usr/opt/OSC200/usr/share/man/man3/timer_settime.3
-rw-r--r-- 0/0              25 1994-01-17 19:39 ./usr/opt/OSC200/usr/share/man/man3/timer_gettime.3
-rw-r--r-- 0/0            1986 1994-01-17 19:39 ./usr/opt/OSC200/usr/share/man/man3/timer_delete.3
-rw-r--r-- 0/0            3168 1994-01-17 19:39 ./usr/opt/OSC200/usr/share/man/man3/timer_create.3
-rw-r--r-- 0/0            2327 1994-01-17 19:39 ./usr/opt/OSC200/usr/share/man/man3/shm_unlink.3
-rw-r--r-- 0/0            4682 1994-01-17 19:39 ./usr/opt/OSC200/usr/share/man/man3/shm_open.3
-rw-r--r-- 0/0            3690 1994-01-17 19:39 ./usr/opt/OSC200/usr/share/man/man3/sem_wait.3
-rw-r--r-- 0/0            3321 1994-01-17 19:39 ./usr/opt/OSC200/usr/share/man/man3/sem_post.3
-rw-r--r-- 0/0            3845 1994-01-17 19:39 ./usr/opt/OSC200/usr/share/man/man3/sem_open.3
-rw-r--r-- 0/0            4067 1994-01-17 19:39 ./usr/opt/OSC200/usr/share/man/man3/sem_mksem.3
-rw-r--r-- 0/0              20 1994-01-17 19:39 ./usr/opt/OSC200/usr/share/man/man3/sem_ifwait.3
-rw-r--r-- 0/0            1992 1994-01-17 19:39 ./usr/opt/OSC200/usr/share/man/man3/sem_getnsems.3
-rw-r--r-- 0/0            2639 1994-01-17 19:39 ./usr/opt/OSC200/usr/share/man/man3/sem_destroy.3
-rw-r--r-- 0/0            2063 1994-01-17 19:39 ./usr/opt/OSC200/usr/share/man/man3/sem_close.3
-rw-r--r-- 0/0            2128 1994-01-17 19:39 ./usr/opt/OSC200/usr/share/man/man3/sched_yield.3
-rw-r--r-- 0/0            6503 1994-01-17 19:39 ./usr/opt/OSC200/usr/share/man/man3/sched_setscheduler.3
-rw-r--r-- 0/0            4587 1994-01-17 19:39 ./usr/opt/OSC200/usr/share/man/man3/sched_setparam.3
-rw-r--r-- 0/0            3389 1994-01-20 15:29 ./usr/opt/OSC200/usr/share/man/man3/sched_getscheduler.3
-rw-r--r-- 0/0            2856 1994-01-17 19:39 ./usr/opt/OSC200/usr/share/man/man3/sched_getparam.3
-rw-r--r-- 0/0            2412 1994-01-17 19:39 ./usr/opt/OSC200/usr/share/man/man3/sched_get_rr_interval.3
-rw-r--r-- 0/0              34 1994-01-17 19:39 ./usr/opt/OSC200/usr/share/man/man3/sched_get_priority_min.3
-rw-r--r-- 0/0            2555 1994-01-17 19:39 ./usr/opt/OSC200/usr/share/man/man3/sched_get_priority_max.3
-rw-r--r-- 0/0            3117 1994-01-17 19:39 ./usr/opt/OSC200/usr/share/man/man3/nanosleep.3
-rw-r--r-- 0/0              20 1994-01-17 19:39 ./usr/opt/OSC200/usr/share/man/man3/munlockall.3
-rw-r--r-- 0/0              17 1994-01-17 19:39 ./usr/opt/OSC200/usr/share/man/man3/munlock.3
-rw-r--r-- 0/0            4426 1994-01-17 19:38 ./usr/opt/OSC200/usr/share/man/man3/mlockall.3
-rw-r--r-- 0/0            4327 1994-01-17 19:38 ./usr/opt/OSC200/usr/share/man/man3/mlock.3
-rw-r--r-- 0/0            6359 1994-01-17 19:38 ./usr/opt/OSC200/usr/share/man/man3/lio_listio.3
-rw-r--r-- 0/0              25 1994-01-17 19:39 ./usr/opt/OSC200/usr/share/man/man3/clock_settime.3
-rw-r--r-- 0/0              26 1994-01-17 19:39 ./usr/opt/OSC200/usr/share/man/man3/clock_setdrift.3
-rw-r--r-- 0/0            3205 1994-01-17 19:38 ./usr/opt/OSC200/usr/share/man/man3/clock_gettime.3
-rw-r--r-- 0/0            2153 1994-01-17 19:38 ./usr/opt/OSC200/usr/share/man/man3/clock_getres.3
-rw-r--r-- 0/0            4080 1994-01-17 19:38 ./usr/opt/OSC200/usr/share/man/man3/clock_getdrift.3
-rw-r--r-- 0/0            4441 1994-01-17 19:38 ./usr/opt/OSC200/usr/share/man/man3/aio_write.3
-rw-r--r-- 0/0            2993 1994-01-17 19:38 ./usr/opt/OSC200/usr/share/man/man3/aio_suspend.3
-rw-r--r-- 0/0            3615 1994-01-17 19:38 ./usr/opt/OSC200/usr/share/man/man3/aio_return.3
-rw-r--r-- 0/0            4183 1994-01-17 19:38 ./usr/opt/OSC200/usr/share/man/man3/aio_read.3
-rw-r--r-- 0/0            2533 1994-01-17 19:38 ./usr/opt/OSC200/usr/share/man/man3/aio_error.3
-rw-r--r-- 0/0            2770 1994-01-17 19:38 ./usr/opt/OSC200/usr/share/man/man3/aio_cancel.3
