-rw-r--r-- 0/0            7597 1994-01-17 17:08 ./usr/opt/OSC200/usr/share/man/man8/zic.8
-rw-r--r-- 0/0            1706 1994-01-17 17:08 ./usr/opt/OSC200/usr/share/man/man8/zdump.8
-rw-r--r-- 0/0            1410 1994-01-17 17:08 ./usr/opt/OSC200/usr/share/man/man8/ypxfrd.8
-rw-r--r-- 0/0            4420 1994-01-17 17:08 ./usr/opt/OSC200/usr/share/man/man8/ypxfr.8
-rw-r--r-- 0/0              20 1994-01-17 17:08 ./usr/opt/OSC200/usr/share/man/man8/ypsetup.8
-rw-r--r-- 0/0            3659 1994-01-17 17:08 ./usr/opt/OSC200/usr/share/man/man8/ypset.8
-rw-r--r-- 0/0            7089 1994-01-17 17:08 ./usr/opt/OSC200/usr/share/man/man8/ypserv.8
-rw-r--r-- 0/0            3194 1994-01-17 17:08 ./usr/opt/OSC200/usr/share/man/man8/yppush.8
-rw-r--r-- 0/0            1824 1994-01-17 17:08 ./usr/opt/OSC200/usr/share/man/man8/yppoll.8
-rw-r--r-- 0/0            2389 1994-01-17 17:08 ./usr/opt/OSC200/usr/share/man/man8/yppasswdd.8
-rw-r--r-- 0/0            3518 1994-01-17 17:08 ./usr/opt/OSC200/usr/share/man/man8/ypmake.8
-rw-r--r-- 0/0              18 1994-01-17 17:08 ./usr/opt/OSC200/usr/share/man/man8/ypbind.8
-rw-r--r-- 0/0           20403 1994-01-17 17:08 ./usr/opt/OSC200/usr/share/man/man8/xntpdc.8
-rw-r--r-- 0/0            6311 1994-01-17 17:08 ./usr/opt/OSC200/usr/share/man/man8/xntpd.8
-rw-r--r-- 0/0              17 1994-01-17 19:32 ./usr/opt/OSC200/usr/share/man/man8/wtmpfix.8
-rw-r--r-- 0/0            3027 1994-01-17 19:31 ./usr/opt/OSC200/usr/share/man/man8/writesrv.8
-rw-r--r-- 0/0           10477 1994-01-17 17:14 ./usr/opt/OSC200/usr/share/man/man8/vrestore.8
-rw-r--r-- 0/0            2628 1994-01-17 17:14 ./usr/opt/OSC200/usr/share/man/man8/vrepquota.8
-rw-r--r-- 0/0            3637 1994-01-17 17:14 ./usr/opt/OSC200/usr/share/man/man8/vquotaon.8
-rw-r--r-- 0/0              20 1994-01-17 17:14 ./usr/opt/OSC200/usr/share/man/man8/vquotaoff.8
-rw-r--r-- 0/0            3310 1994-01-20 15:09 ./usr/opt/OSC200/usr/share/man/man8/vquotacheck.8
-rw-r--r-- 0/0            2684 1994-01-20 15:08 ./usr/opt/OSC200/usr/share/man/man8/vquot.8
-rw-r--r-- 0/0            3237 1994-01-17 17:14 ./usr/opt/OSC200/usr/share/man/man8/vncheck.8
-rw-r--r-- 0/0            2948 1994-01-17 19:31 ./usr/opt/OSC200/usr/share/man/man8/vipw.8
-rw-r--r-- 0/0            1908 1994-01-17 19:31 ./usr/opt/OSC200/usr/share/man/man8/vgsync.8
-rw-r--r-- 0/0            2349 1994-01-17 19:31 ./usr/opt/OSC200/usr/share/man/man8/vgremove.8
-rw-r--r-- 0/0            2454 1994-01-17 19:31 ./usr/opt/OSC200/usr/share/man/man8/vgreduce.8
-rw-r--r-- 0/0            3717 1994-01-17 19:31 ./usr/opt/OSC200/usr/share/man/man8/vgextend.8
-rw-r--r-- 0/0            4692 1994-01-17 19:31 ./usr/opt/OSC200/usr/share/man/man8/vgdisplay.8
-rw-r--r-- 0/0            5985 1994-01-17 19:31 ./usr/opt/OSC200/usr/share/man/man8/vgcreate.8
-rw-r--r-- 0/0            3800 1994-01-17 19:31 ./usr/opt/OSC200/usr/share/man/man8/vgchange.8
-rw-r--r-- 0/0            9124 1994-01-17 17:08 ./usr/opt/OSC200/usr/share/man/man8/vet.8
-rw-r--r-- 0/0            5521 1994-01-20 15:07 ./usr/opt/OSC200/usr/share/man/man8/vedquota.8
-rw-r--r-- 0/0            9561 1994-01-20 15:08 ./usr/opt/OSC200/usr/share/man/man8/vdump.8
-rw-r--r-- 0/0            2559 1994-01-20 15:06 ./usr/opt/OSC200/usr/share/man/man8/uusched.8
-rw-r--r-- 0/0            2379 1994-01-17 17:08 ./usr/opt/OSC200/usr/share/man/man8/uumonitor.8
-rw-r--r-- 0/0              17 1994-01-17 17:08 ./usr/opt/OSC200/usr/share/man/man8/umount.8
-rw-r--r-- 0/0            5005 1994-01-17 19:31 ./usr/opt/OSC200/usr/share/man/man8/uugetty.8
-rw-r--r-- 0/0            2454 1994-01-17 17:07 ./usr/opt/OSC200/usr/share/man/man8/uucpsetup.8
-rw-r--r-- 0/0            3189 1994-01-17 19:31 ./usr/opt/OSC200/usr/share/man/man8/uucpd.8
-rw-r--r-- 0/0            8363 1994-01-17 19:31 ./usr/opt/OSC200/usr/share/man/man8/uucleanup.8
-rw-r--r-- 0/0            6250 1994-01-17 19:31 ./usr/opt/OSC200/usr/share/man/man8/uucico.8
-rw-r--r-- 0/0            3911 1994-01-20 15:05 ./usr/opt/OSC200/usr/share/man/man8/uucheck.8
-rw-r--r-- 0/0            2264 1994-01-17 17:07 ./usr/opt/OSC200/usr/share/man/man8/usync.8
-rw-r--r-- 0/0            4580 1994-01-17 17:07 ./usr/opt/OSC200/usr/share/man/man8/updmv.8
-rw-r--r-- 0/0            4990 1994-01-17 17:07 ./usr/opt/OSC200/usr/share/man/man8/updmerge.8
-rw-r--r-- 0/0            1974 1994-01-17 19:31 ./usr/opt/OSC200/usr/share/man/man8/update.8
-rw-r--r-- 0/0            1634 1994-01-20 15:24 ./usr/opt/OSC200/usr/share/man/man8/updadmin.8
-rw-r--r-- 0/0              16 1994-01-17 19:32 ./usr/opt/OSC200/usr/share/man/man8/ufs_fsck.8
-rw-r--r-- 0/0            9531 1994-01-17 17:07 ./usr/opt/OSC200/usr/share/man/man8/uerf.8
-rw-r--r-- 0/0            1704 1994-01-17 17:07 ./usr/opt/OSC200/usr/share/man/man8/udetect.8
-rw-r--r-- 0/0            1290 1994-01-17 17:07 ./usr/opt/OSC200/usr/share/man/man8/udelta.8
-rw-r--r-- 0/0              16 1994-01-17 19:32 ./usr/opt/OSC200/usr/share/man/man8/turnacct.8
-rw-r--r-- 0/0            4677 1994-01-17 19:31 ./usr/opt/OSC200/usr/share/man/man8/tunefs.8
-rw-r--r-- 0/0            3556 1994-01-17 19:31 ./usr/opt/OSC200/usr/share/man/man8/trpt.8
-rw-r--r-- 0/0            3206 1994-01-17 17:07 ./usr/opt/OSC200/usr/share/man/man8/trn_mom.8
-rw-r--r-- 0/0           10388 1994-01-17 17:07 ./usr/opt/OSC200/usr/share/man/man8/traceroute.8
-rw-r--r-- 0/0            1559 1994-01-17 17:07 ./usr/opt/OSC200/usr/share/man/man8/timezone.8
-rw-r--r-- 0/0            3212 1994-01-17 19:30 ./usr/opt/OSC200/usr/share/man/man8/timedc.8
-rw-r--r-- 0/0            5302 1994-01-17 19:30 ./usr/opt/OSC200/usr/share/man/man8/timed.8
-rw-r--r-- 0/0            4755 1994-01-17 19:30 ./usr/opt/OSC200/usr/share/man/man8/tftpd.8
-rw-r--r-- 0/0            6271 1994-01-17 19:30 ./usr/opt/OSC200/usr/share/man/man8/telnetd.8
-rw-r--r-- 0/0            9792 1994-01-17 17:07 ./usr/opt/OSC200/usr/share/man/man8/tcpslice.8
-rw-r--r-- 0/0           42397 1994-01-17 17:07 ./usr/opt/OSC200/usr/share/man/man8/tcpdump.8
-rw-r--r-- 0/0            2054 1994-01-17 19:30 ./usr/opt/OSC200/usr/share/man/man8/sync.8
-rw-r--r-- 0/0              21 1994-01-17 17:08 ./usr/opt/OSC200/usr/share/man/man8/statd.8
-rw-r--r-- 0/0           14595 1994-01-20 15:28 ./usr/opt/OSC200/usr/share/man/man8/tapex.8
-rw-r--r-- 0/0            3844 1994-01-17 19:30 ./usr/opt/OSC200/usr/share/man/man8/talkd.8
-rw-r--r-- 0/0            9144 1994-01-17 19:30 ./usr/opt/OSC200/usr/share/man/man8/syslogd.8
-rw-r--r-- 0/0            6993 1994-01-17 19:30 ./usr/opt/OSC200/usr/share/man/man8/swapon.8
-rw-r--r-- 0/0            2435 1994-01-17 17:07 ./usr/opt/OSC200/usr/share/man/man8/svcsetup.8
-rw-r--r-- 0/0            2255 1994-01-17 17:07 ./usr/opt/OSC200/usr/share/man/man8/strsetup.8
-rw-r--r-- 0/0            3848 1994-01-17 19:30 ./usr/opt/OSC200/usr/share/man/man8/strerr.8
-rw-r--r-- 0/0            2780 1994-01-17 19:30 ./usr/opt/OSC200/usr/share/man/man8/strclean.8
-rw-r--r-- 0/0            4950 1994-01-17 19:30 ./usr/opt/OSC200/usr/share/man/man8/strace.8
-rw-r--r-- 0/0              16 1994-01-17 19:32 ./usr/opt/OSC200/usr/share/man/man8/startup.8
-rw-r--r-- 0/0            6473 1994-01-17 17:07 ./usr/opt/OSC200/usr/share/man/man8/srconfig.8
-rw-r--r-- 0/0              22 1994-01-17 17:08 ./usr/opt/OSC200/usr/share/man/man8/sprayd.8
-rw-r--r-- 0/0            2816 1994-01-17 17:07 ./usr/opt/OSC200/usr/share/man/man8/spray.8
-rw-r--r-- 0/0           15155 1994-01-17 17:07 ./usr/opt/OSC200/usr/share/man/man8/snmpsetup.8
-rw-r--r-- 0/0            6330 1994-01-17 17:07 ./usr/opt/OSC200/usr/share/man/man8/snmp_pe.8
-rw-r--r-- 0/0              20 1994-01-17 19:32 ./usr/opt/OSC200/usr/share/man/man8/smtpd.8
-rw-r--r-- 0/0            5036 1994-01-17 19:30 ./usr/opt/OSC200/usr/share/man/man8/slattach.8
-rw-r--r-- 0/0            3670 1994-01-17 17:07 ./usr/opt/OSC200/usr/share/man/man8/sizer.8
-rw-r--r-- 0/0            2076 1994-01-17 17:07 ./usr/opt/OSC200/usr/share/man/man8/siainit.8
-rw-r--r-- 0/0            6045 1994-01-17 19:30 ./usr/opt/OSC200/usr/share/man/man8/shutdown.8
-rw-r--r-- 0/0              16 1994-01-17 19:32 ./usr/opt/OSC200/usr/share/man/man8/shutacct.8
-rw-r--r-- 0/0            3836 1994-01-17 19:30 ./usr/opt/OSC200/usr/share/man/man8/showmount.8
-rw-r--r-- 0/0            4108 1994-01-17 17:14 ./usr/opt/OSC200/usr/share/man/man8/showfsets.8
-rw-r--r-- 0/0            6201 1994-01-17 17:14 ./usr/opt/OSC200/usr/share/man/man8/showfile.8
-rw-r--r-- 0/0            4393 1994-01-17 17:14 ./usr/opt/OSC200/usr/share/man/man8/showfdmn.8
-rw-r--r-- 0/0            3603 1994-01-17 17:07 ./usr/opt/OSC200/usr/share/man/man8/shmx.8
-rw-r--r-- 0/0           13604 1994-01-17 17:07 ./usr/opt/OSC200/usr/share/man/man8/setld.8
-rw-r--r-- 0/0            3956 1994-01-17 19:44 ./usr/opt/OSC200/usr/share/man/man8/secsetup.8
-rw-r--r-- 0/0            3416 1994-01-17 19:44 ./usr/opt/OSC200/usr/share/man/man8/secauthmigrate.8
-rw-r--r-- 0/0            2022 1994-01-20 15:27 ./usr/opt/OSC200/usr/share/man/man8/screenstat.8
-rw-r--r-- 0/0            1901 1994-01-20 15:27 ./usr/opt/OSC200/usr/share/man/man8/screenmode.8
-rw-r--r-- 0/0            6596 1994-01-17 19:30 ./usr/opt/OSC200/usr/share/man/man8/savecore.8
-rw-r--r-- 0/0              22 1994-01-17 17:08 ./usr/opt/OSC200/usr/share/man/man8/rwalld.8
-rw-r--r-- 0/0           25634 1994-01-17 17:07 ./usr/opt/OSC200/usr/share/man/man8/sendmail.m4.8
-rw-r--r-- 0/0           23062 1994-01-17 19:30 ./usr/opt/OSC200/usr/share/man/man8/sendmail.8
-rw-r--r-- 0/0           22687 1994-01-20 15:28 ./usr/opt/OSC200/usr/share/man/man8/scu.8
-rw-r--r-- 0/0           14901 1994-01-17 17:07 ./usr/opt/OSC200/usr/share/man/man8/screend.8
-rw-r--r-- 0/0           13569 1994-01-17 19:30 ./usr/opt/OSC200/usr/share/man/man8/sa.8
-rw-r--r-- 0/0            5815 1994-01-17 19:30 ./usr/opt/OSC200/usr/share/man/man8/rwhod.8
-rw-r--r-- 0/0              23 1994-01-17 17:08 ./usr/opt/OSC200/usr/share/man/man8/rusersd.8
-rw-r--r-- 0/0           10811 1994-01-17 19:30 ./usr/opt/OSC200/usr/share/man/man8/runacct.8
-rw-r--r-- 0/0              22 1994-01-17 17:08 ./usr/opt/OSC200/usr/share/man/man8/rstatd.8
-rw-r--r-- 0/0            7202 1994-01-17 19:30 ./usr/opt/OSC200/usr/share/man/man8/rshd.8
-rw-r--r-- 0/0              19 1994-01-17 19:32 ./usr/opt/OSC200/usr/share/man/man8/rrestore.8
-rw-r--r-- 0/0              23 1994-01-17 17:08 ./usr/opt/OSC200/usr/share/man/man8/rquotad.8
-rw-r--r-- 0/0            3729 1994-01-17 17:07 ./usr/opt/OSC200/usr/share/man/man8/rpcinfo.8
-rw-r--r-- 0/0              21 1994-01-17 17:08 ./usr/opt/OSC200/usr/share/man/man8/rpc.yppasswdd.8
-rw-r--r-- 0/0            1852 1994-01-17 17:07 ./usr/opt/OSC200/usr/share/man/man8/rpc.statd.8
-rw-r--r-- 0/0            1388 1994-01-17 17:07 ./usr/opt/OSC200/usr/share/man/man8/rpc.sprayd.8
-rw-r--r-- 0/0            1487 1994-01-17 17:06 ./usr/opt/OSC200/usr/share/man/man8/rpc.rwalld.8
-rw-r--r-- 0/0            1292 1994-01-17 17:06 ./usr/opt/OSC200/usr/share/man/man8/rpc.rusersd.8
-rw-r--r-- 0/0            1481 1994-01-17 17:06 ./usr/opt/OSC200/usr/share/man/man8/rpc.rstatd.8
-rw-r--r-- 0/0            1467 1994-01-17 17:06 ./usr/opt/OSC200/usr/share/man/man8/rpc.rquotad.8
-rw-r--r-- 0/0              18 1994-01-17 17:08 ./usr/opt/OSC200/usr/share/man/man8/rpc.pcnfsd.8
-rw-r--r-- 0/0            2769 1994-01-17 17:06 ./usr/opt/OSC200/usr/share/man/man8/rpc.lockd.8
-rw-r--r-- 0/0            8357 1994-01-17 19:30 ./usr/opt/OSC200/usr/share/man/man8/routed.8
-rw-r--r-- 0/0            7621 1994-01-17 19:30 ./usr/opt/OSC200/usr/share/man/man8/route.8
-rw-r--r-- 0/0              16 1994-01-17 19:32 ./usr/opt/OSC200/usr/share/man/man8/remove.8
-rw-r--r-- 0/0              16 1994-01-17 19:32 ./usr/opt/OSC200/usr/share/man/man8/rdump.8
-rw-r--r-- 0/0            6952 1994-01-17 19:29 ./usr/opt/OSC200/usr/share/man/man8/rmt.8
-rw-r--r-- 0/0            2300 1994-01-17 17:14 ./usr/opt/OSC200/usr/share/man/man8/rmfset.8
-rw-r--r-- 0/0            6095 1994-01-17 19:29 ./usr/opt/OSC200/usr/share/man/man8/rlogind.8
-rw-r--r-- 0/0            4716 1994-01-17 17:06 ./usr/opt/OSC200/usr/share/man/man8/ris.8
-rw-r--r-- 0/0            5094 1994-01-17 19:29 ./usr/opt/OSC200/usr/share/man/man8/rexecd.8
-rw-r--r-- 0/0           20219 1994-01-17 19:29 ./usr/opt/OSC200/usr/share/man/man8/restore.8
-rw-r--r-- 0/0            2580 1994-01-17 19:29 ./usr/opt/OSC200/usr/share/man/man8/repquota.8
-rw-r--r-- 0/0            3407 1994-01-17 19:29 ./usr/opt/OSC200/usr/share/man/man8/renice.8
-rw-r--r-- 0/0            4650 1994-01-17 17:06 ./usr/opt/OSC200/usr/share/man/man8/removeuser.8
-rw-r--r-- 0/0            3783 1994-01-17 19:29 ./usr/opt/OSC200/usr/share/man/man8/reboot.8
-rw-r--r-- 0/0            1858 1994-01-17 17:06 ./usr/opt/OSC200/usr/share/man/man8/rdate.8
-rw-r--r-- 0/0            3223 1994-01-17 17:06 ./usr/opt/OSC200/usr/share/man/man8/rcmgr.8
-rw-r--r-- 0/0            2120 1994-01-17 17:06 ./usr/opt/OSC200/usr/share/man/man8/rcinet.8
-rw-r--r-- 0/0            3282 1994-01-17 19:29 ./usr/opt/OSC200/usr/share/man/man8/rc3.8
-rw-r--r-- 0/0            3361 1994-01-17 19:29 ./usr/opt/OSC200/usr/share/man/man8/rc2.8
-rw-r--r-- 0/0            3286 1994-01-17 19:29 ./usr/opt/OSC200/usr/share/man/man8/rc0.8
-rw-r--r-- 0/0              17 1994-01-17 17:08 ./usr/opt/OSC200/usr/share/man/man8/rc.config.8
-rw-r--r-- 0/0            4037 1994-01-17 17:06 ./usr/opt/OSC200/usr/share/man/man8/rarpd.8
-rw-r--r-- 0/0            5420 1994-01-17 17:06 ./usr/opt/OSC200/usr/share/man/man8/radisk.8
-rw-r--r-- 0/0            3380 1994-01-17 19:29 ./usr/opt/OSC200/usr/share/man/man8/quotaon.8
-rw-r--r-- 0/0              19 1994-01-17 19:32 ./usr/opt/OSC200/usr/share/man/man8/quotaoff.8
-rw-r--r-- 0/0            4469 1994-01-17 19:29 ./usr/opt/OSC200/usr/share/man/man8/quotacheck.8
-rw-r--r-- 0/0            2329 1994-01-17 19:29 ./usr/opt/OSC200/usr/share/man/man8/quot.8
-rw-r--r-- 0/0            2214 1994-01-17 19:29 ./usr/opt/OSC200/usr/share/man/man8/pwck.8
-rw-r--r-- 0/0            3912 1994-01-17 19:29 ./usr/opt/OSC200/usr/share/man/man8/pvmove.8
-rw-r--r-- 0/0            4521 1994-01-17 19:29 ./usr/opt/OSC200/usr/share/man/man8/pvdisplay.8
-rw-r--r-- 0/0            5726 1994-01-17 19:29 ./usr/opt/OSC200/usr/share/man/man8/pvcreate.8
-rw-r--r-- 0/0            3158 1994-01-17 19:29 ./usr/opt/OSC200/usr/share/man/man8/pvchange.8
-rw-r--r-- 0/0              16 1994-01-17 19:31 ./usr/opt/OSC200/usr/share/man/man8/prtacct.8
-rw-r--r-- 0/0            2447 1994-01-17 19:29 ./usr/opt/OSC200/usr/share/man/man8/printpw.8
-rw-r--r-- 0/0            4171 1994-01-17 17:06 ./usr/opt/OSC200/usr/share/man/man8/prestosetup.8
-rw-r--r-- 0/0            2373 1994-01-20 15:27 ./usr/opt/OSC200/usr/share/man/man8/prestoctl_svc.8
-rw-r--r-- 0/0           10511 1994-01-17 17:06 ./usr/opt/OSC200/usr/share/man/man8/presto.8
-rw-r--r-- 0/0              16 1994-01-17 19:31 ./usr/opt/OSC200/usr/share/man/man8/prdaily.8
-rw-r--r-- 0/0              16 1994-01-17 19:31 ./usr/opt/OSC200/usr/share/man/man8/prctmp.8
-rw-r--r-- 0/0            6919 1994-01-17 17:06 ./usr/opt/OSC200/usr/share/man/man8/post.8
-rw-r--r-- 0/0            2060 1994-01-17 19:29 ./usr/opt/OSC200/usr/share/man/man8/portmap.8
-rw-r--r-- 0/0            1578 1994-01-20 15:26 ./usr/opt/OSC200/usr/share/man/man8/popwrd.8
-rw-r--r-- 0/0              16 1994-01-17 19:31 ./usr/opt/OSC200/usr/share/man/man8/nulladm.8
-rw-r--r-- 0/0            2442 1994-01-17 17:06 ./usr/opt/OSC200/usr/share/man/man8/popd.8
-rw-r--r-- 0/0            1375 1994-01-20 15:26 ./usr/opt/OSC200/usr/share/man/man8/popaka.8
-rw-r--r-- 0/0           10543 1994-01-17 19:29 ./usr/opt/OSC200/usr/share/man/man8/ping.8
-rw-r--r-- 0/0            5129 1994-01-17 17:06 ./usr/opt/OSC200/usr/share/man/man8/pfconfig.8
-rw-r--r-- 0/0            6337 1994-01-17 17:06 ./usr/opt/OSC200/usr/share/man/man8/pcnfsd.8
-rw-r--r-- 0/0            5509 1994-01-17 19:29 ./usr/opt/OSC200/usr/share/man/man8/pac.8
-rw-r--r-- 0/0            2542 1994-01-17 17:06 ./usr/opt/OSC200/usr/share/man/man8/ntpsetup.8
-rw-r--r-- 0/0           16260 1994-01-17 17:06 ./usr/opt/OSC200/usr/share/man/man8/ntpq.8
-rw-r--r-- 0/0            9960 1994-01-17 17:06 ./usr/opt/OSC200/usr/share/man/man8/ntpdc.8
-rw-r--r-- 0/0            5315 1994-01-17 17:06 ./usr/opt/OSC200/usr/share/man/man8/ntpdate.8
-rw-r--r-- 0/0              17 1994-01-17 19:32 ./usr/opt/OSC200/usr/share/man/man8/ntalkd.8
-rw-r--r-- 0/0           13309 1994-01-17 19:28 ./usr/opt/OSC200/usr/share/man/man8/nslookup.8
-rw-r--r-- 0/0            2817 1994-01-17 17:06 ./usr/opt/OSC200/usr/share/man/man8/nissetup.8
-rw-r--r-- 0/0           18482 1994-01-17 17:06 ./usr/opt/OSC200/usr/share/man/man8/nfswatch.8
-rw-r--r-- 0/0            3124 1994-01-17 17:06 ./usr/opt/OSC200/usr/share/man/man8/nfsstat.8
-rw-r--r-- 0/0            2776 1994-01-17 17:06 ./usr/opt/OSC200/usr/share/man/man8/nfssetup.8
-rw-r--r-- 0/0            1758 1994-01-17 17:06 ./usr/opt/OSC200/usr/share/man/man8/nfsportmon.8
-rw-r--r-- 0/0            5092 1994-01-17 17:06 ./usr/opt/OSC200/usr/share/man/man8/nfslogsum.8
-rw-r--r-- 0/0            4919 1994-01-17 19:28 ./usr/opt/OSC200/usr/share/man/man8/nfsiod.8
-rw-r--r-- 0/0            4889 1994-01-20 15:05 ./usr/opt/OSC200/usr/share/man/man8/nfsd.8
-rw-r--r-- 0/0           18091 1994-01-20 15:00 ./usr/opt/OSC200/usr/share/man/man8/newfs.8
-rw-r--r-- 0/0              20 1994-01-17 19:32 ./usr/opt/OSC200/usr/share/man/man8/newaliases.8
-rw-r--r-- 0/0            3057 1994-01-17 17:06 ./usr/opt/OSC200/usr/share/man/man8/netsetup.8
-rw-r--r-- 0/0            3203 1994-01-17 19:28 ./usr/opt/OSC200/usr/share/man/man8/ncheck.8
-rw-r--r-- 0/0            3787 1994-01-17 17:06 ./usr/opt/OSC200/usr/share/man/man8/named-xfer.8
-rw-r--r-- 0/0            4136 1994-01-17 17:06 ./usr/opt/OSC200/usr/share/man/man8/mtu.8
-rw-r--r-- 0/0              16 1994-01-17 19:31 ./usr/opt/OSC200/usr/share/man/man8/monacct.8
-rw-r--r-- 0/0              17 1994-01-20 15:00 ./usr/opt/OSC200/usr/share/man/man8/mfs.8
-rw-r--r-- 0/0              20 1994-01-17 19:32 ./usr/opt/OSC200/usr/share/man/man8/mailq.8
-rw-r--r-- 0/0           14728 1994-01-17 19:28 ./usr/opt/OSC200/usr/share/man/man8/named.8
-rw-r--r-- 0/0            4291 1994-01-20 15:02 ./usr/opt/OSC200/usr/share/man/man8/mountd.8
-rw-r--r-- 0/0           17984 1994-01-17 17:05 ./usr/opt/OSC200/usr/share/man/man8/mount.8
-rw-r--r-- 0/0            2951 1994-01-17 17:05 ./usr/opt/OSC200/usr/share/man/man8/mold.8
-rw-r--r-- 0/0            3743 1994-01-17 19:28 ./usr/opt/OSC200/usr/share/man/man8/mkproto.8
-rw-r--r-- 0/0            2951 1994-01-20 15:01 ./usr/opt/OSC200/usr/share/man/man8/mkpasswd.8
-rw-r--r-- 0/0            3625 1994-01-17 19:28 ./usr/opt/OSC200/usr/share/man/man8/mknod.8
-rw-r--r-- 0/0            1880 1994-01-17 19:28 ./usr/opt/OSC200/usr/share/man/man8/mklost+found.8
-rw-r--r-- 0/0            3537 1994-01-17 17:14 ./usr/opt/OSC200/usr/share/man/man8/mkfset.8
-rw-r--r-- 0/0            4268 1994-01-17 17:14 ./usr/opt/OSC200/usr/share/man/man8/mkfdmn.8
-rw-r--r-- 0/0           10595 1994-01-17 17:05 ./usr/opt/OSC200/usr/share/man/man8/mirc.8
-rw-r--r-- 0/0            4280 1994-01-17 17:05 ./usr/opt/OSC200/usr/share/man/man8/memx.8
-rw-r--r-- 0/0            3480 1994-01-17 17:05 ./usr/opt/OSC200/usr/share/man/man8/makedbm.8
-rw-r--r-- 0/0            3358 1994-01-17 19:28 ./usr/opt/OSC200/usr/share/man/man8/mailstats.8
-rw-r--r-- 0/0            4395 1994-01-17 17:05 ./usr/opt/OSC200/usr/share/man/man8/mailsetup.8
-rw-r--r-- 0/0            1730 1994-01-17 19:28 ./usr/opt/OSC200/usr/share/man/man8/lvsync.8
-rw-r--r-- 0/0            1897 1994-01-17 19:28 ./usr/opt/OSC200/usr/share/man/man8/lvremove.8
-rw-r--r-- 0/0            3658 1994-01-17 19:28 ./usr/opt/OSC200/usr/share/man/man8/lvreduce.8
-rw-r--r-- 0/0            4059 1994-01-17 19:28 ./usr/opt/OSC200/usr/share/man/man8/lvextend.8
-rw-r--r-- 0/0            5420 1994-01-17 19:28 ./usr/opt/OSC200/usr/share/man/man8/lvdisplay.8
-rw-r--r-- 0/0            5497 1994-01-17 19:28 ./usr/opt/OSC200/usr/share/man/man8/lvcreate.8
-rw-r--r-- 0/0            4835 1994-01-17 19:28 ./usr/opt/OSC200/usr/share/man/man8/lvchange.8
-rw-r--r-- 0/0            2315 1994-01-17 19:28 ./usr/opt/OSC200/usr/share/man/man8/lptest.8
-rw-r--r-- 0/0            3766 1994-01-17 17:05 ./usr/opt/OSC200/usr/share/man/man8/lprsetup.8
-rw-r--r-- 0/0           10468 1994-01-17 19:28 ./usr/opt/OSC200/usr/share/man/man8/lpd.8
-rw-r--r-- 0/0            8392 1994-01-17 19:28 ./usr/opt/OSC200/usr/share/man/man8/lpc.8
-rw-r--r-- 0/0            3184 1994-01-17 17:05 ./usr/opt/OSC200/usr/share/man/man8/log.8
-rw-r--r-- 0/0              21 1994-01-17 17:08 ./usr/opt/OSC200/usr/share/man/man8/lockd.8
-rw-r--r-- 0/0            2503 1994-01-20 15:26 ./usr/opt/OSC200/usr/share/man/man8/lmfsetup.8
-rw-r--r-- 0/0            4147 1994-01-17 17:05 ./usr/opt/OSC200/usr/share/man/man8/latsetup.8
-rw-r--r-- 0/0              16 1994-01-17 19:31 ./usr/opt/OSC200/usr/share/man/man8/lastlogin.8
-rw-r--r-- 0/0            2633 1994-01-17 19:27 ./usr/opt/OSC200/usr/share/man/man8/lastcomm.8
-rw-r--r-- 0/0            1804 1994-01-17 17:05 ./usr/opt/OSC200/usr/share/man/man8/kopt.8
-rw-r--r-- 0/0           12816 1994-01-17 17:05 ./usr/opt/OSC200/usr/share/man/man8/lmf.8
-rw-r--r-- 0/0           18392 1994-01-17 17:05 ./usr/opt/OSC200/usr/share/man/man8/latcp.8
-rw-r--r-- 0/0            3854 1994-01-17 19:27 ./usr/opt/OSC200/usr/share/man/man8/last.8
-rw-r--r-- 0/0            3870 1994-01-17 17:05 ./usr/opt/OSC200/usr/share/man/man8/kreg.8
-rw-r--r-- 0/0            2306 1994-01-17 17:05 ./usr/opt/OSC200/usr/share/man/man8/kmknod.8
-rw-r--r-- 0/0            4210 1994-01-17 19:27 ./usr/opt/OSC200/usr/share/man/man8/killall.8
-rw-r--r-- 0/0            9773 1994-01-17 17:05 ./usr/opt/OSC200/usr/share/man/man8/kdebug.8
-rw-r--r-- 0/0           20918 1994-01-17 17:05 ./usr/opt/OSC200/usr/share/man/man8/kdbx.8
-rw-r--r-- 0/0            3475 1994-01-17 17:05 ./usr/opt/OSC200/usr/share/man/man8/itruns.8
-rw-r--r-- 0/0            3052 1994-01-17 17:05 ./usr/opt/OSC200/usr/share/man/man8/it.8
-rw-r--r-- 0/0            2301 1994-01-17 17:05 ./usr/opt/OSC200/usr/share/man/man8/iprsetup.8
-rw-r--r-- 0/0            3002 1994-01-17 17:05 ./usr/opt/OSC200/usr/share/man/man8/invsync.8
-rw-r--r-- 0/0            2085 1994-01-17 17:05 ./usr/opt/OSC200/usr/share/man/man8/intro.8
-rw-r--r-- 0/0            4424 1994-01-17 17:05 ./usr/opt/OSC200/usr/share/man/man8/internet_mom.8
-rw-r--r-- 0/0            1829 1994-01-20 15:24 ./usr/opt/OSC200/usr/share/man/man8/installupdate.8
-rw-r--r-- 0/0            2150 1994-01-17 17:05 ./usr/opt/OSC200/usr/share/man/man8/install-mh.8
-rw-r--r-- 0/0            5658 1994-01-17 19:27 ./usr/opt/OSC200/usr/share/man/man8/init.8
-rw-r--r-- 0/0            8072 1994-01-20 15:06 ./usr/opt/OSC200/usr/share/man/man8/inetd.8
-rw-r--r-- 0/0            1719 1994-01-17 17:05 ./usr/opt/OSC200/usr/share/man/man8/ils.8
-rw-r--r-- 0/0           10634 1994-01-17 19:27 ./usr/opt/OSC200/usr/share/man/man8/ifconfig.8
-rw-r--r-- 0/0            3072 1994-01-17 19:27 ./usr/opt/OSC200/usr/share/man/man8/icheck.8
-rw-r--r-- 0/0            2918 1994-01-17 19:27 ./usr/opt/OSC200/usr/share/man/man8/halt.8
-rw-r--r-- 0/0              16 1994-01-17 19:32 ./usr/opt/OSC200/usr/share/man/man8/grpck.8
-rw-r--r-- 0/0            2915 1994-01-17 19:27 ./usr/opt/OSC200/usr/share/man/man8/getty.8
-rw-r--r-- 0/0            3500 1994-01-17 17:05 ./usr/opt/OSC200/usr/share/man/man8/genufi.8
-rw-r--r-- 0/0            9791 1994-01-17 19:27 ./usr/opt/OSC200/usr/share/man/man8/gated.8
-rw-r--r-- 0/0            7785 1994-01-17 19:27 ./usr/opt/OSC200/usr/share/man/man8/fwtmp.8
-rw-r--r-- 0/0              16 1994-01-17 19:31 ./usr/opt/OSC200/usr/share/man/man8/dodisk.8
-rw-r--r-- 0/0              16 1994-01-17 19:31 ./usr/opt/OSC200/usr/share/man/man8/ckpacct.8
-rw-r--r-- 0/0            6918 1994-01-17 17:05 ./usr/opt/OSC200/usr/share/man/man8/fverify.8
-rw-r--r-- 0/0           10538 1994-01-17 19:27 ./usr/opt/OSC200/usr/share/man/man8/ftpd.8
-rw-r--r-- 0/0            3703 1994-01-17 17:05 ./usr/opt/OSC200/usr/share/man/man8/fsx.8
-rw-r--r-- 0/0           17877 1994-01-17 19:27 ./usr/opt/OSC200/usr/share/man/man8/fsdb.8
-rw-r--r-- 0/0           18518 1994-01-17 19:27 ./usr/opt/OSC200/usr/share/man/man8/fsck.8
-rw-r--r-- 0/0            5068 1994-01-17 17:05 ./usr/opt/OSC200/usr/share/man/man8/fitset.8
-rw-r--r-- 0/0            2211 1994-01-17 19:27 ./usr/opt/OSC200/usr/share/man/man8/fingerd.8
-rw-r--r-- 0/0            2409 1994-01-17 19:27 ./usr/opt/OSC200/usr/share/man/man8/fdetach.8
-rw-r--r-- 0/0            3631 1994-01-17 17:05 ./usr/opt/OSC200/usr/share/man/man8/fddisk.8
-rw-r--r-- 0/0            3196 1994-01-17 17:05 ./usr/opt/OSC200/usr/share/man/man8/fddi_mom.8
-rw-r--r-- 0/0            2592 1994-01-17 19:27 ./usr/opt/OSC200/usr/share/man/man8/fasthalt.8
-rw-r--r-- 0/0            2123 1994-01-17 19:27 ./usr/opt/OSC200/usr/share/man/man8/fastboot.8
-rw-r--r-- 0/0            5612 1994-01-17 19:27 ./usr/opt/OSC200/usr/share/man/man8/edquota.8
-rw-r--r-- 0/0            2321 1994-01-17 19:27 ./usr/opt/OSC200/usr/share/man/man8/dumpfs.8
-rw-r--r-- 0/0           21265 1994-01-17 19:27 ./usr/opt/OSC200/usr/share/man/man8/dump.8
-rw-r--r-- 0/0            2916 1994-01-17 17:05 ./usr/opt/OSC200/usr/share/man/man8/dp.8
-rw-r--r-- 0/0            6322 1994-01-17 17:04 ./usr/opt/OSC200/usr/share/man/man8/doconfig.8
-rw-r--r-- 0/0           16919 1994-01-17 17:04 ./usr/opt/OSC200/usr/share/man/man8/diskx.8
-rw-r--r-- 0/0            6255 1994-01-17 19:27 ./usr/opt/OSC200/usr/share/man/man8/diskusg.8
-rw-r--r-- 0/0            3298 1994-01-17 17:04 ./usr/opt/OSC200/usr/share/man/man8/diskpart.8
-rw-r--r-- 0/0           11634 1994-01-17 19:26 ./usr/opt/OSC200/usr/share/man/man8/disklabel.8
-rw-r--r-- 0/0            2143 1994-01-17 17:04 ./usr/opt/OSC200/usr/share/man/man8/depord.8
-rw-r--r-- 0/0            2493 1994-01-17 17:04 ./usr/opt/OSC200/usr/share/man/man8/dcheck.8
-rw-r--r-- 0/0            3428 1994-01-17 19:26 ./usr/opt/OSC200/usr/share/man/man8/cron.8
-rw-r--r-- 0/0            2483 1994-01-17 17:04 ./usr/opt/OSC200/usr/share/man/man8/crashdc.8
-rw-r--r-- 0/0            3081 1994-01-17 17:04 ./usr/opt/OSC200/usr/share/man/man8/conflict.8
-rw-r--r-- 0/0            6157 1994-01-17 19:26 ./usr/opt/OSC200/usr/share/man/man8/config.8
-rw-r--r-- 0/0            2098 1994-01-17 19:26 ./usr/opt/OSC200/usr/share/man/man8/comsat.8
-rw-r--r-- 0/0            4024 1994-01-17 17:04 ./usr/opt/OSC200/usr/share/man/man8/cmx.8
-rw-r--r-- 0/0            2516 1994-01-17 19:26 ./usr/opt/OSC200/usr/share/man/man8/clri.8
-rw-r--r-- 0/0            3676 1994-01-17 17:14 ./usr/opt/OSC200/usr/share/man/man8/chvol.8
-rw-r--r-- 0/0            4529 1994-01-17 19:26 ./usr/opt/OSC200/usr/share/man/man8/chroot.8
-rw-r--r-- 0/0            4059 1994-01-17 17:14 ./usr/opt/OSC200/usr/share/man/man8/chfsets.8
-rw-r--r-- 0/0            1820 1994-01-17 17:13 ./usr/opt/OSC200/usr/share/man/man8/chfile.8
-rw-r--r-- 0/0              16 1994-01-17 19:31 ./usr/opt/OSC200/usr/share/man/man8/chargefee.8
-rw-r--r-- 0/0            7241 1994-01-17 17:04 ./usr/opt/OSC200/usr/share/man/man8/cddevsuppl.8
-rw-r--r-- 0/0            9851 1994-01-17 17:04 ./usr/opt/OSC200/usr/share/man/man8/catman.8
-rw-r--r-- 0/0              18 1994-01-17 17:08 ./usr/opt/OSC200/usr/share/man/man8/bootptab.8
-rw-r--r-- 0/0           13324 1994-01-17 17:04 ./usr/opt/OSC200/usr/share/man/man8/bootpd.8
-rw-r--r-- 0/0              18 1994-01-17 17:08 ./usr/opt/OSC200/usr/share/man/man8/bootp.8
-rw-r--r-- 0/0              18 1994-01-17 19:32 ./usr/opt/OSC200/usr/share/man/man8/biod.8
-rw-r--r-- 0/0            6334 1994-01-17 17:04 ./usr/opt/OSC200/usr/share/man/man8/binlogd.8
-rw-r--r-- 0/0            4243 1994-01-17 17:04 ./usr/opt/OSC200/usr/share/man/man8/bindsetup.8
-rw-r--r-- 0/0            1913 1994-01-17 17:04 ./usr/opt/OSC200/usr/share/man/man8/bcheckrc.8
-rw-r--r-- 0/0            3678 1994-01-17 17:04 ./usr/opt/OSC200/usr/share/man/man8/badsect.8
-rw-r--r-- 0/0            6032 1994-01-17 19:26 ./usr/opt/OSC200/usr/share/man/man8/autopush.8
-rw-r--r-- 0/0           18001 1994-01-17 17:04 ./usr/opt/OSC200/usr/share/man/man8/automount.8
-rw-r--r-- 0/0            4509 1994-01-17 19:49 ./usr/opt/OSC200/usr/share/man/man8/authck.8
-rw-r--r-- 0/0            5577 1994-01-17 19:44 ./usr/opt/OSC200/usr/share/man/man8/auditmask.8
-rw-r--r-- 0/0            9689 1994-01-17 19:44 ./usr/opt/OSC200/usr/share/man/man8/auditd.8
-rw-r--r-- 0/0           12239 1994-01-17 19:44 ./usr/opt/OSC200/usr/share/man/man8/audit_tool.8
-rw-r--r-- 0/0            6872 1994-01-17 19:44 ./usr/opt/OSC200/usr/share/man/man8/audit_setup.8
-rw-r--r-- 0/0            1768 1994-01-17 19:44 ./usr/opt/OSC200/usr/share/man/man8/audgen.8
-rw-r--r-- 0/0            3553 1994-01-17 17:04 ./usr/opt/OSC200/usr/share/man/man8/ap.8
-rw-r--r-- 0/0              17 1994-01-17 19:32 ./usr/opt/OSC200/usr/share/man/man8/acctwtmp.8
-rw-r--r-- 0/0            6205 1994-01-17 19:26 ./usr/opt/OSC200/usr/share/man/man8/arp.8
-rw-r--r-- 0/0            6842 1994-01-17 17:04 ./usr/opt/OSC200/usr/share/man/man8/adduser.8
-rw-r--r-- 0/0            2939 1994-01-17 17:04 ./usr/opt/OSC200/usr/share/man/man8/addgroup.8
-rw-r--r-- 0/0              19 1994-01-17 19:32 ./usr/opt/OSC200/usr/share/man/man8/acctprc2.8
-rw-r--r-- 0/0              19 1994-01-17 19:32 ./usr/opt/OSC200/usr/share/man/man8/acctprc1.8
-rw-r--r-- 0/0            5807 1994-01-17 19:26 ./usr/opt/OSC200/usr/share/man/man8/acctprc.8
-rw-r--r-- 0/0              19 1994-01-17 19:32 ./usr/opt/OSC200/usr/share/man/man8/accton.8
-rw-r--r-- 0/0            9737 1994-01-17 19:26 ./usr/opt/OSC200/usr/share/man/man8/acctmerg.8
-rw-r--r-- 0/0              20 1994-01-17 19:32 ./usr/opt/OSC200/usr/share/man/man8/acctdusg.8
-rw-r--r-- 0/0            7245 1994-01-17 19:26 ./usr/opt/OSC200/usr/share/man/man8/acctdisk.8
-rw-r--r-- 0/0              19 1994-01-17 19:32 ./usr/opt/OSC200/usr/share/man/man8/acctcon2.8
-rw-r--r-- 0/0              19 1994-01-17 19:32 ./usr/opt/OSC200/usr/share/man/man8/acctcon1.8
-rw-r--r-- 0/0           10337 1994-01-17 19:26 ./usr/opt/OSC200/usr/share/man/man8/acctcon.8
-rw-r--r-- 0/0           15804 1994-01-17 19:26 ./usr/opt/OSC200/usr/share/man/man8/acctcom.8
-rw-r--r-- 0/0            6457 1994-01-17 19:26 ./usr/opt/OSC200/usr/share/man/man8/acctcms.8
-rw-r--r-- 0/0           19913 1994-01-17 19:26 ./usr/opt/OSC200/usr/share/man/man8/acct.8
-rw-r--r-- 0/0            4121 1994-01-17 19:26 ./usr/opt/OSC200/usr/share/man/man8/ac.8
-rw-r--r-- 0/0            3966 1994-01-17 19:49 ./usr/opt/OSC200/usr/share/man/man8/XSysAdmin.8
-rw-r--r-- 0/0           10464 1994-01-17 19:49 ./usr/opt/OSC200/usr/share/man/man8/XIsso.8
-rw-r--r-- 0/0            4895 1994-01-17 17:04 ./usr/opt/OSC200/usr/share/man/man8/MAKEDEV.8
-rw-r--r-- 0/0            1683 1994-01-17 16:50 ./usr/opt/OSC200/usr/share/man/man7/zero.7
-rw-r--r-- 0/0            5595 1994-01-20 15:23 ./usr/opt/OSC200/usr/share/man/man7/xna.7
-rw-r--r-- 0/0            4278 1994-01-17 19:08 ./usr/opt/OSC200/usr/share/man/man7/udp.7
-rw-r--r-- 0/0            8195 1994-01-17 16:50 ./usr/opt/OSC200/usr/share/man/man7/tz.7
-rw-r--r-- 0/0            7920 1994-01-17 16:50 ./usr/opt/OSC200/usr/share/man/man7/tra.7
-rw-r--r-- 0/0            2878 1994-01-17 16:50 ./usr/opt/OSC200/usr/share/man/man7/tms.7
-rw-r--r-- 0/0            5690 1994-01-17 19:08 ./usr/opt/OSC200/usr/share/man/man7/tirdwr.7
-rw-r--r-- 0/0            2396 1994-01-17 16:50 ./usr/opt/OSC200/usr/share/man/man7/scc.7
-rw-r--r-- 0/0              20 1994-01-17 19:08 ./usr/opt/OSC200/usr/share/man/man7/networking.7
-rw-r--r-- 0/0           38647 1994-01-17 19:08 ./usr/opt/OSC200/usr/share/man/man7/tty.7
-rw-r--r-- 0/0            4133 1994-01-17 19:08 ./usr/opt/OSC200/usr/share/man/man7/timod.7
-rw-r--r-- 0/0            6160 1994-01-17 19:08 ./usr/opt/OSC200/usr/share/man/man7/tcp.7
-rw-r--r-- 0/0            9442 1994-01-17 19:08 ./usr/opt/OSC200/usr/share/man/man7/strlog.7
-rw-r--r-- 0/0           37184 1994-01-17 19:08 ./usr/opt/OSC200/usr/share/man/man7/streamio.7
-rw-r--r-- 0/0            6124 1994-01-17 19:08 ./usr/opt/OSC200/usr/share/man/man7/spp.7
-rw-r--r-- 0/0            7418 1994-01-17 19:08 ./usr/opt/OSC200/usr/share/man/man7/sad.7
-rw-r--r-- 0/0           13816 1994-01-17 16:50 ./usr/opt/OSC200/usr/share/man/man7/rz.7
-rw-r--r-- 0/0            7166 1994-01-17 19:08 ./usr/opt/OSC200/usr/share/man/man7/route.7
-rw-r--r-- 0/0           11866 1994-01-17 16:50 ./usr/opt/OSC200/usr/share/man/man7/ra.7
-rw-r--r-- 0/0            8596 1994-01-17 19:08 ./usr/opt/OSC200/usr/share/man/man7/pty.7
-rw-r--r-- 0/0            1782 1994-01-17 19:08 ./usr/opt/OSC200/usr/share/man/man7/ptem.7
-rw-r--r-- 0/0            3344 1994-01-17 19:08 ./usr/opt/OSC200/usr/share/man/man7/pckt.7
-rw-r--r-- 0/0            1389 1994-01-17 19:08 ./usr/opt/OSC200/usr/share/man/man7/null.7
-rw-r--r-- 0/0            3519 1994-01-17 19:08 ./usr/opt/OSC200/usr/share/man/man7/nsip.7
-rw-r--r-- 0/0            5297 1994-01-17 19:08 ./usr/opt/OSC200/usr/share/man/man7/ns.7
-rw-r--r-- 0/0           18815 1994-01-17 16:50 ./usr/opt/OSC200/usr/share/man/man7/presto.7
-rw-r--r-- 0/0           34904 1994-01-17 16:50 ./usr/opt/OSC200/usr/share/man/man7/packetfilter.7
-rw-r--r-- 0/0           12154 1994-01-17 19:08 ./usr/opt/OSC200/usr/share/man/man7/netintro.7
-rw-r--r-- 0/0           11546 1994-01-17 16:50 ./usr/opt/OSC200/usr/share/man/man7/mtio.7
-rw-r--r-- 0/0            5802 1994-01-17 16:50 ./usr/opt/OSC200/usr/share/man/man7/mfa.7
-rw-r--r-- 0/0            1490 1994-01-17 16:50 ./usr/opt/OSC200/usr/share/man/man7/mem.7
-rw-r--r-- 0/0           41591 1994-01-17 19:08 ./usr/opt/OSC200/usr/share/man/man7/lvm.7
-rw-r--r-- 0/0              18 1994-01-17 19:08 ./usr/opt/OSC200/usr/share/man/man7/log.7
-rw-r--r-- 0/0            3287 1994-01-17 19:08 ./usr/opt/OSC200/usr/share/man/man7/lo.7
-rw-r--r-- 0/0            4744 1994-01-17 16:50 ./usr/opt/OSC200/usr/share/man/man7/ln.7
-rw-r--r-- 0/0           20782 1994-01-17 19:08 ./usr/opt/OSC200/usr/share/man/man7/ldterm.7
-rw-r--r-- 0/0            6673 1994-01-17 16:50 ./usr/opt/OSC200/usr/share/man/man7/lat.7
-rw-r--r-- 0/0            1680 1994-01-17 16:49 ./usr/opt/OSC200/usr/share/man/man7/kmem.7
-rw-r--r-- 0/0            2739 1994-01-17 16:49 ./usr/opt/OSC200/usr/share/man/man7/intro.7
-rw-r--r-- 0/0            5337 1994-01-17 19:08 ./usr/opt/OSC200/usr/share/man/man7/ip.7
-rw-r--r-- 0/0            5839 1994-01-17 19:07 ./usr/opt/OSC200/usr/share/man/man7/inet.7
-rw-r--r-- 0/0            2429 1994-01-17 16:49 ./usr/opt/OSC200/usr/share/man/man7/ifnet.7
-rw-r--r-- 0/0            5991 1994-01-17 19:07 ./usr/opt/OSC200/usr/share/man/man7/idp.7
-rw-r--r-- 0/0            3988 1994-01-17 19:07 ./usr/opt/OSC200/usr/share/man/man7/icmp.7
-rw-r--r-- 0/0            7265 1994-01-20 15:22 ./usr/opt/OSC200/usr/share/man/man7/fza.7
-rw-r--r-- 0/0            7614 1994-01-17 16:49 ./usr/opt/OSC200/usr/share/man/man7/fta.7
-rw-r--r-- 0/0            7615 1994-01-17 16:49 ./usr/opt/OSC200/usr/share/man/man7/faa.7
-rw-r--r-- 0/0            8614 1994-01-17 19:07 ./usr/opt/OSC200/usr/share/man/man7/eucioctl.7
-rw-r--r-- 0/0              15 1994-01-17 16:50 ./usr/opt/OSC200/usr/share/man/man7/dlpi.7
-rw-r--r-- 0/0            2414 1994-01-17 16:49 ./usr/opt/OSC200/usr/share/man/man7/dlb.7
-rw-r--r-- 0/0            4860 1994-01-17 16:49 ./usr/opt/OSC200/usr/share/man/man7/devio.7
-rw-r--r-- 0/0            2868 1994-01-17 16:49 ./usr/opt/OSC200/usr/share/man/man7/dc.7
-rw-r--r-- 0/0            1295 1994-01-20 15:22 ./usr/opt/OSC200/usr/share/man/man7/console.7
-rw-r--r-- 0/0            2094 1994-01-17 19:07 ./usr/opt/OSC200/usr/share/man/man7/clone.7
-rw-r--r-- 0/0           24583 1994-01-20 15:23 ./usr/opt/OSC200/usr/share/man/man7/bpf.7
-rw-r--r-- 0/0            1359 1994-01-17 19:42 ./usr/opt/OSC200/usr/share/man/man7/audit.7
-rw-r--r-- 0/0            4072 1994-01-17 16:49 ./usr/opt/OSC200/usr/share/man/man7/arp.7
-rw-r--r-- 0/0            8951 1994-01-17 16:49 ./usr/opt/OSC200/usr/share/man/man7/SCSI.7
-rw-r--r-- 0/0              17 1994-01-17 19:08 ./usr/opt/OSC200/usr/share/man/man7/ROUTE.7
-rw-r--r-- 0/0              16 1994-01-17 16:50 ./usr/opt/OSC200/usr/share/man/man7/RAID.7
-rw-r--r-- 0/0            2110 1994-01-17 16:46 ./usr/opt/OSC200/usr/share/man/man5/ucontext.5
-rw-r--r-- 0/0            2580 1994-01-17 16:46 ./usr/opt/OSC200/usr/share/man/man5/standards.5
-rw-r--r-- 0/0              16 1994-01-17 16:46 ./usr/opt/OSC200/usr/share/man/man5/sml.5
-rw-r--r-- 0/0            4717 1994-01-17 16:46 ./usr/opt/OSC200/usr/share/man/man5/siginfo.5
-rw-r--r-- 0/0           22202 1994-01-17 16:46 ./usr/opt/OSC200/usr/share/man/man5/rsml.5
-rw-r--r-- 0/0            2249 1994-01-17 16:46 ./usr/opt/OSC200/usr/share/man/man5/rpc.5
-rw-r--r-- 0/0            7078 1994-01-17 17:11 ./usr/opt/OSC200/usr/share/man/man5/rcsfile.5
-rw-r--r-- 0/0            6475 1994-01-20 15:22 ./usr/opt/OSC200/usr/share/man/man5/me.5
-rw-r--r-- 0/0            9279 1994-01-17 16:46 ./usr/opt/OSC200/usr/share/man/man5/ms.5
-rw-r--r-- 0/0              15 1994-01-17 16:46 ./usr/opt/OSC200/usr/share/man/man5/man.page.5
-rw-r--r-- 0/0           26953 1994-01-17 16:46 ./usr/opt/OSC200/usr/share/man/man5/man.5
-rw-r--r-- 0/0           15212 1994-01-17 16:46 ./usr/opt/OSC200/usr/share/man/man5/loader.5
-rw-r--r-- 0/0            1920 1994-01-17 16:46 ./usr/opt/OSC200/usr/share/man/man5/intro.5
-rw-r--r-- 0/0            4217 1994-01-17 19:04 ./usr/opt/OSC200/usr/share/man/man5/hostname.5
-rw-r--r-- 0/0            9044 1994-01-17 19:04 ./usr/opt/OSC200/usr/share/man/man5/hier.5
-rw-r--r-- 0/0              15 1994-01-17 19:04 ./usr/opt/OSC200/usr/share/man/man5/etext.5
-rw-r--r-- 0/0            3326 1994-01-17 19:04 ./usr/opt/OSC200/usr/share/man/man5/errno.5
-rw-r--r-- 0/0            4553 1994-01-17 19:04 ./usr/opt/OSC200/usr/share/man/man5/environ.5
-rw-r--r-- 0/0            2451 1994-01-17 19:04 ./usr/opt/OSC200/usr/share/man/man5/end.5
-rw-r--r-- 0/0              15 1994-01-17 19:04 ./usr/opt/OSC200/usr/share/man/man5/edata.5
-rw-r--r-- 0/0            5802 1994-01-17 19:04 ./usr/opt/OSC200/usr/share/man/man5/ascii.5
-rw-r--r-- 0/0              21 1994-01-17 16:46 ./usr/opt/OSC200/usr/share/man/man5/XPG3.5
-rw-r--r-- 0/0              21 1994-01-17 16:46 ./usr/opt/OSC200/usr/share/man/man5/SVID.5
-rw-r--r-- 0/0              21 1994-01-17 16:46 ./usr/opt/OSC200/usr/share/man/man5/POSIX.5
-rw-r--r-- 0/0              21 1994-01-17 16:46 ./usr/opt/OSC200/usr/share/man/man5/AES.5
-rw-r--r-- 0/0            5086 1994-01-17 16:44 ./usr/opt/OSC200/usr/share/man/man4/ypfiles.4
-rw-r--r-- 0/0            1826 1994-01-17 19:03 ./usr/opt/OSC200/usr/share/man/man4/xferstats.4
-rw-r--r-- 0/0              16 1994-01-17 16:44 ./usr/opt/OSC200/usr/share/man/man4/wtmp.4
-rw-r--r-- 0/0              19 1994-01-17 16:44 ./usr/opt/OSC200/usr/share/man/man4/uudemon.poll.4
-rw-r--r-- 0/0              19 1994-01-17 16:44 ./usr/opt/OSC200/usr/share/man/man4/uudemon.hour.4
-rw-r--r-- 0/0              19 1994-01-17 16:44 ./usr/opt/OSC200/usr/share/man/man4/uudemon.cleanu.4
-rw-r--r-- 0/0              19 1994-01-17 16:44 ./usr/opt/OSC200/usr/share/man/man4/uudemon.admin.4
-rw-r--r-- 0/0            3096 1994-01-17 16:44 ./usr/opt/OSC200/usr/share/man/man4/uudemon.4
-rw-r--r-- 0/0            3060 1994-01-17 16:44 ./usr/opt/OSC200/usr/share/man/man4/utmp.4
-rw-r--r-- 0/0            3108 1994-01-17 16:44 ./usr/opt/OSC200/usr/share/man/man4/tzfile.4
-rw-r--r-- 0/0            5428 1994-01-17 19:48 ./usr/opt/OSC200/usr/share/man/man4/ttys.4
-rw-r--r-- 0/0              19 1994-01-17 19:03 ./usr/opt/OSC200/usr/share/man/man4/termios.h.4
-rw-r--r-- 0/0           24027 1994-01-17 19:03 ./usr/opt/OSC200/usr/share/man/man4/termios.4
-rw-r--r-- 0/0            6994 1994-01-17 16:44 ./usr/opt/OSC200/usr/share/man/man4/term.4
-rw-r--r-- 0/0            2355 1994-01-17 16:44 ./usr/opt/OSC200/usr/share/man/man4/telnetrc.4
-rw-r--r-- 0/0            4634 1994-01-17 19:03 ./usr/opt/OSC200/usr/share/man/man4/tar.4
-rw-r--r-- 0/0            3335 1994-01-17 16:44 ./usr/opt/OSC200/usr/share/man/man4/syms.4
-rw-r--r-- 0/0            2874 1994-01-17 16:44 ./usr/opt/OSC200/usr/share/man/man4/svc.conf.4
-rw-r--r-- 0/0           36009 1994-01-17 19:03 ./usr/opt/OSC200/usr/share/man/man4/terminfo.4
-rw-r--r-- 0/0           49809 1994-01-20 15:21 ./usr/opt/OSC200/usr/share/man/man4/termcap.4
-rw-r--r-- 0/0            5098 1994-01-17 16:44 ./usr/opt/OSC200/usr/share/man/man4/strsetup.conf.4
-rw-r--r-- 0/0            2995 1994-01-17 19:03 ./usr/opt/OSC200/usr/share/man/man4/streamadm.4
-rw-r--r-- 0/0            5379 1994-01-17 16:44 ./usr/opt/OSC200/usr/share/man/man4/stl_scp.4
-rw-r--r-- 0/0            4265 1994-01-17 16:44 ./usr/opt/OSC200/usr/share/man/man4/stl_mi.4
-rw-r--r-- 0/0            4918 1994-01-17 16:44 ./usr/opt/OSC200/usr/share/man/man4/stl_key.4
-rw-r--r-- 0/0            2939 1994-01-17 16:44 ./usr/opt/OSC200/usr/share/man/man4/stl_inv.4
-rw-r--r-- 0/0            1950 1994-01-17 16:43 ./usr/opt/OSC200/usr/share/man/man4/stl_image.4
-rw-r--r-- 0/0            2907 1994-01-17 16:43 ./usr/opt/OSC200/usr/share/man/man4/stl_ctrl.4
-rw-r--r-- 0/0            1634 1994-01-17 16:43 ./usr/opt/OSC200/usr/share/man/man4/stl_comp.4
-rw-r--r-- 0/0            1858 1994-01-17 16:43 ./usr/opt/OSC200/usr/share/man/man4/statmon.4
-rw-r--r-- 0/0              19 1994-01-17 16:44 ./usr/opt/OSC200/usr/share/man/man4/state.4
-rw-r--r-- 0/0            3154 1994-01-17 19:03 ./usr/opt/OSC200/usr/share/man/man4/stanza.4
-rw-r--r-- 0/0            7414 1994-01-17 19:03 ./usr/opt/OSC200/usr/share/man/man4/stab.4
-rw-r--r-- 0/0              19 1994-01-17 16:44 ./usr/opt/OSC200/usr/share/man/man4/sm.bak.4
-rw-r--r-- 0/0              19 1994-01-17 16:44 ./usr/opt/OSC200/usr/share/man/man4/sm.4
-rw-r--r-- 0/0              18 1994-01-17 19:03 ./usr/opt/OSC200/usr/share/man/man4/signal.h.4
-rw-r--r-- 0/0            9681 1994-01-17 19:03 ./usr/opt/OSC200/usr/share/man/man4/signal.4
-rw-r--r-- 0/0            2176 1994-01-17 16:43 ./usr/opt/OSC200/usr/share/man/man4/sialog.4
-rw-r--r-- 0/0            4883 1994-01-20 14:58 ./usr/opt/OSC200/usr/share/man/man4/shmid_ds.4
-rw-r--r-- 0/0            2596 1994-01-17 19:03 ./usr/opt/OSC200/usr/share/man/man4/shells.4
-rw-r--r-- 0/0            2360 1994-01-17 19:03 ./usr/opt/OSC200/usr/share/man/man4/services.4
-rw-r--r-- 0/0            4831 1994-01-17 19:02 ./usr/opt/OSC200/usr/share/man/man4/semid_ds.4
-rw-r--r-- 0/0              19 1994-01-17 16:44 ./usr/opt/OSC200/usr/share/man/man4/procset.h.4
-rw-r--r-- 0/0              16 1994-01-17 16:44 ./usr/opt/OSC200/usr/share/man/man4/pdsc.h.4
-rw-r--r-- 0/0           26496 1994-01-17 19:03 ./usr/opt/OSC200/usr/share/man/man4/sendmail.cf.4
-rw-r--r-- 0/0            1945 1994-01-17 19:02 ./usr/opt/OSC200/usr/share/man/man4/securettys.4
-rw-r--r-- 0/0            5833 1994-01-17 16:43 ./usr/opt/OSC200/usr/share/man/man4/scnhdr.4
-rw-r--r-- 0/0            7041 1994-01-17 19:02 ./usr/opt/OSC200/usr/share/man/man4/sccsfile.4
-rw-r--r-- 0/0            1740 1994-01-17 16:43 ./usr/opt/OSC200/usr/share/man/man4/rpc.4
-rw-r--r-- 0/0            3348 1994-01-17 16:43 ./usr/opt/OSC200/usr/share/man/man4/routes.4
-rw-r--r-- 0/0            4259 1994-01-17 19:02 ./usr/opt/OSC200/usr/share/man/man4/rhosts.4
-rw-r--r-- 0/0            5391 1994-01-17 19:02 ./usr/opt/OSC200/usr/share/man/man4/resolver.4
-rw-r--r-- 0/0            4190 1994-01-17 19:02 ./usr/opt/OSC200/usr/share/man/man4/resolv.conf.4
-rw-r--r-- 0/0            2257 1994-01-17 19:02 ./usr/opt/OSC200/usr/share/man/man4/remote.unknown.4
-rw-r--r-- 0/0            6918 1994-01-17 16:43 ./usr/opt/OSC200/usr/share/man/man4/remote.4
-rw-r--r-- 0/0            5176 1994-01-17 16:43 ./usr/opt/OSC200/usr/share/man/man4/reloc.4
-rw-r--r-- 0/0           11576 1994-01-17 19:48 ./usr/opt/OSC200/usr/share/man/man4/prpwd.4
-rw-r--r-- 0/0            2903 1994-01-17 19:02 ./usr/opt/OSC200/usr/share/man/man4/protocols.4
-rw-r--r-- 0/0            2551 1994-01-17 16:43 ./usr/opt/OSC200/usr/share/man/man4/procset.4
-rw-r--r-- 0/0           47684 1994-01-17 16:43 ./usr/opt/OSC200/usr/share/man/man4/proc.4
-rw-r--r-- 0/0           10860 1994-01-17 19:02 ./usr/opt/OSC200/usr/share/man/man4/printcap.4
-rw-r--r-- 0/0            2510 1994-01-17 16:43 ./usr/opt/OSC200/usr/share/man/man4/prestotab.4
-rw-r--r-- 0/0            2935 1994-01-20 15:20 ./usr/opt/OSC200/usr/share/man/man4/pop.4
-rw-r--r-- 0/0            5393 1994-01-17 16:43 ./usr/opt/OSC200/usr/share/man/man4/phones.4
-rw-r--r-- 0/0              14 1994-01-20 14:58 ./usr/opt/OSC200/usr/share/man/man4/inode.4
-rw-r--r-- 0/0              16 1994-01-17 16:44 ./usr/opt/OSC200/usr/share/man/man4/dumprestor.4
-rw-r--r-- 0/0           21810 1994-01-17 16:43 ./usr/opt/OSC200/usr/share/man/man4/pdsc.4
-rw-r--r-- 0/0            6037 1994-01-17 16:43 ./usr/opt/OSC200/usr/share/man/man4/patterns.4
-rw-r--r-- 0/0            5462 1994-01-17 19:02 ./usr/opt/OSC200/usr/share/man/man4/passwd.4
-rw-r--r-- 0/0           18193 1994-01-17 16:43 ./usr/opt/OSC200/usr/share/man/man4/ntp.conf.4
-rw-r--r-- 0/0            2314 1994-01-17 19:02 ./usr/opt/OSC200/usr/share/man/man4/networks.4
-rw-r--r-- 0/0            3964 1994-01-17 19:02 ./usr/opt/OSC200/usr/share/man/man4/netrc.4
-rw-r--r-- 0/0            3216 1994-01-17 16:43 ./usr/opt/OSC200/usr/share/man/man4/netgroup.4
-rw-r--r-- 0/0            8812 1994-01-17 19:02 ./usr/opt/OSC200/usr/share/man/man4/named.star.4
-rw-r--r-- 0/0            5928 1994-01-17 19:02 ./usr/opt/OSC200/usr/share/man/man4/named.boot.4
-rw-r--r-- 0/0            6857 1994-01-17 16:43 ./usr/opt/OSC200/usr/share/man/man4/mtstailor.4
-rw-r--r-- 0/0            4613 1994-01-17 19:02 ./usr/opt/OSC200/usr/share/man/man4/msqid_ds.4
-rw-r--r-- 0/0            3915 1994-01-20 14:57 ./usr/opt/OSC200/usr/share/man/man4/msgb.4
-rw-r--r-- 0/0            1654 1994-01-17 19:02 ./usr/opt/OSC200/usr/share/man/man4/mqueue.4
-rw-r--r-- 0/0           15690 1994-01-17 16:43 ./usr/opt/OSC200/usr/share/man/man4/mh_profile.4
-rw-r--r-- 0/0            6044 1994-01-17 16:43 ./usr/opt/OSC200/usr/share/man/man4/mh-mail.4
-rw-r--r-- 0/0           13154 1994-01-17 16:43 ./usr/opt/OSC200/usr/share/man/man4/mh-format.4
-rw-r--r-- 0/0            6841 1994-01-17 16:43 ./usr/opt/OSC200/usr/share/man/man4/mh-alias.4
-rw-r--r-- 0/0            2675 1994-01-17 16:43 ./usr/opt/OSC200/usr/share/man/man4/matrix.conf.4
-rw-r--r-- 0/0            4907 1994-01-20 15:20 ./usr/opt/OSC200/usr/share/man/man4/magic.4
-rw-r--r-- 0/0           18843 1994-01-17 16:43 ./usr/opt/OSC200/usr/share/man/man4/ltf.4
-rw-r--r-- 0/0              16 1994-01-17 16:44 ./usr/opt/OSC200/usr/share/man/man4/dumpdates.4
-rw-r--r-- 0/0              19 1994-01-17 16:44 ./usr/opt/OSC200/usr/share/man/man4/c_excpt.h.4
-rw-r--r-- 0/0            2818 1994-01-17 16:43 ./usr/opt/OSC200/usr/share/man/man4/locks.4
-rw-r--r-- 0/0           56695 1994-01-17 19:02 ./usr/opt/OSC200/usr/share/man/man4/locale.4
-rw-r--r-- 0/0            2169 1994-01-17 16:43 ./usr/opt/OSC200/usr/share/man/man4/linenum.4
-rw-r--r-- 0/0            5966 1994-01-17 16:42 ./usr/opt/OSC200/usr/share/man/man4/limits.4
-rw-r--r-- 0/0            7706 1994-01-17 16:42 ./usr/opt/OSC200/usr/share/man/man4/ldfcn.4
-rw-r--r-- 0/0           10210 1994-01-17 16:42 ./usr/opt/OSC200/usr/share/man/man4/kitcap.4
-rw-r--r-- 0/0            3898 1994-01-17 16:42 ./usr/opt/OSC200/usr/share/man/man4/iptos.4
-rw-r--r-- 0/0            1889 1994-01-17 16:42 ./usr/opt/OSC200/usr/share/man/man4/intro.4
-rw-r--r-- 0/0            7014 1994-01-17 19:02 ./usr/opt/OSC200/usr/share/man/man4/inittab.4
-rw-r--r-- 0/0            4952 1994-01-17 19:02 ./usr/opt/OSC200/usr/share/man/man4/inetd.conf.4
-rw-r--r-- 0/0            5924 1994-01-17 19:02 ./usr/opt/OSC200/usr/share/man/man4/hosts.equiv.4
-rw-r--r-- 0/0            2833 1994-01-17 19:02 ./usr/opt/OSC200/usr/share/man/man4/hosts.4
-rw-r--r-- 0/0            3684 1994-01-17 19:02 ./usr/opt/OSC200/usr/share/man/man4/group.4
-rw-r--r-- 0/0            4701 1994-01-17 19:02 ./usr/opt/OSC200/usr/share/man/man4/gettydefs.4
-rw-r--r-- 0/0            5887 1994-01-17 19:02 ./usr/opt/OSC200/usr/share/man/man4/gateways.4
-rw-r--r-- 0/0           38757 1994-01-17 19:02 ./usr/opt/OSC200/usr/share/man/man4/gated.conf.4
-rw-r--r-- 0/0              16 1994-01-17 19:03 ./usr/opt/OSC200/usr/share/man/man4/acct.h.4
-rw-r--r-- 0/0            1778 1994-01-17 19:02 ./usr/opt/OSC200/usr/share/man/man4/ftpusers.4
-rw-r--r-- 0/0           11517 1994-01-17 19:02 ./usr/opt/OSC200/usr/share/man/man4/fstab.4
-rw-r--r-- 0/0            7854 1994-01-20 14:58 ./usr/opt/OSC200/usr/share/man/man4/fs.4
-rw-r--r-- 0/0            4350 1994-01-17 19:48 ./usr/opt/OSC200/usr/share/man/man4/files.4
-rw-r--r-- 0/0            2913 1994-01-17 16:42 ./usr/opt/OSC200/usr/share/man/man4/filehdr.4
-rw-r--r-- 0/0            3044 1994-01-17 17:12 ./usr/opt/OSC200/usr/share/man/man4/fdmns.4
-rw-r--r-- 0/0            3510 1994-01-17 16:42 ./usr/opt/OSC200/usr/share/man/man4/fd.4
-rw-r--r-- 0/0            8840 1994-01-17 16:42 ./usr/opt/OSC200/usr/share/man/man4/exports.4
-rw-r--r-- 0/0           12094 1994-01-17 16:42 ./usr/opt/OSC200/usr/share/man/man4/excpt.4
-rw-r--r-- 0/0            2436 1994-01-17 16:42 ./usr/opt/OSC200/usr/share/man/man4/ethers.4
-rw-r--r-- 0/0            2803 1994-01-17 19:02 ./usr/opt/OSC200/usr/share/man/man4/errors.4
-rw-r--r-- 0/0           15517 1994-01-17 15:43 ./usr/opt/OSC200/usr/share/man/man4/dvr_msg.4
-rw-r--r-- 0/0            6283 1994-01-17 16:42 ./usr/opt/OSC200/usr/share/man/man4/dump.4
-rw-r--r-- 0/0            3372 1994-01-17 15:43 ./usr/opt/OSC200/usr/share/man/man4/dtif.4
-rw-r--r-- 0/0            1912 1994-01-17 15:42 ./usr/opt/OSC200/usr/share/man/man4/dots.4
-rw-r--r-- 0/0            5529 1994-01-17 19:02 ./usr/opt/OSC200/usr/share/man/man4/disktab.4
-rw-r--r-- 0/0            4780 1994-01-17 19:02 ./usr/opt/OSC200/usr/share/man/man4/disklabel.4
-rw-r--r-- 0/0            2556 1994-01-17 19:02 ./usr/opt/OSC200/usr/share/man/man4/dir.4
-rw-r--r-- 0/0            3824 1994-01-17 19:48 ./usr/opt/OSC200/usr/share/man/man4/devassign.4
-rw-r--r-- 0/0            5750 1994-01-17 19:48 ./usr/opt/OSC200/usr/share/man/man4/default.4
-rw-r--r-- 0/0            2259 1994-01-17 15:42 ./usr/opt/OSC200/usr/share/man/man4/ddis.4
-rw-r--r-- 0/0            2853 1994-01-17 15:42 ./usr/opt/OSC200/usr/share/man/man4/ddif.4
-rw-r--r-- 0/0            2430 1994-01-17 16:42 ./usr/opt/OSC200/usr/share/man/man4/cpio.4
-rw-r--r-- 0/0            2570 1994-01-17 16:42 ./usr/opt/OSC200/usr/share/man/man4/core.4
-rw-r--r-- 0/0            9263 1994-01-17 19:02 ./usr/opt/OSC200/usr/share/man/man4/charmap.4
-rw-r--r-- 0/0            4089 1994-01-17 16:42 ./usr/opt/OSC200/usr/share/man/man4/cdfs.4
-rw-r--r-- 0/0           14561 1994-01-17 15:42 ./usr/opt/OSC200/usr/share/man/man4/cda_msg.4
-rw-r--r-- 0/0            4452 1994-01-17 15:42 ./usr/opt/OSC200/usr/share/man/man4/cda.4
-rw-r--r-- 0/0            1702 1994-01-17 19:01 ./usr/opt/OSC200/usr/share/man/man4/audit.4
-rw-r--r-- 0/0              16 1994-01-17 15:43 ./usr/opt/OSC200/usr/share/man/man4/DTIF.4
-rw-r--r-- 0/0           16779 1994-01-17 16:42 ./usr/opt/OSC200/usr/share/man/man4/c_excpt.4
-rw-r--r-- 0/0            5327 1994-01-17 19:48 ./usr/opt/OSC200/usr/share/man/man4/authcap.4
-rw-r--r-- 0/0            3418 1994-01-17 16:42 ./usr/opt/OSC200/usr/share/man/man4/ar.4
-rw-r--r-- 0/0            2638 1994-01-17 19:01 ./usr/opt/OSC200/usr/share/man/man4/aliases.4
-rw-r--r-- 0/0            7761 1994-01-17 17:12 ./usr/opt/OSC200/usr/share/man/man4/advfs_err.4
-rw-r--r-- 0/0            9298 1994-01-20 15:10 ./usr/opt/OSC200/usr/share/man/man4/advfs.4
-rw-r--r-- 0/0            6852 1994-01-17 16:42 ./usr/opt/OSC200/usr/share/man/man4/acucap.4
-rw-r--r-- 0/0            9325 1994-01-17 19:01 ./usr/opt/OSC200/usr/share/man/man4/acct.4
-rw-r--r-- 0/0            5371 1994-01-17 16:42 ./usr/opt/OSC200/usr/share/man/man4/a.out.4
-rw-r--r-- 0/0            1653 1994-01-17 19:01 ./usr/opt/OSC200/usr/share/man/man4/Xqtdir.4
-rw-r--r-- 0/0            1573 1994-01-17 19:01 ./usr/opt/OSC200/usr/share/man/man4/Workspace.4
-rw-r--r-- 0/0            2746 1994-01-17 19:01 ./usr/opt/OSC200/usr/share/man/man4/Temporary.4
-rw-r--r-- 0/0           10752 1994-01-17 19:01 ./usr/opt/OSC200/usr/share/man/man4/Systems.4
-rw-r--r-- 0/0            2883 1994-01-17 19:01 ./usr/opt/OSC200/usr/share/man/man4/Status.4
-rw-r--r-- 0/0            2759 1994-01-17 16:42 ./usr/opt/OSC200/usr/share/man/man4/Poll.4
-rw-r--r-- 0/0            8680 1994-01-17 16:42 ./usr/opt/OSC200/usr/share/man/man4/Permissions.4
-rw-r--r-- 0/0            2123 1994-01-17 19:01 ./usr/opt/OSC200/usr/share/man/man4/Old.4
-rw-r--r-- 0/0            3627 1994-01-17 19:01 ./usr/opt/OSC200/usr/share/man/man4/Log.4
-rw-r--r-- 0/0            2587 1994-01-17 19:01 ./usr/opt/OSC200/usr/share/man/man4/Foreign.4
-rw-r--r-- 0/0            7599 1994-01-17 19:01 ./usr/opt/OSC200/usr/share/man/man4/Execute.4
-rw-r--r-- 0/0            2369 1994-01-17 19:01 ./usr/opt/OSC200/usr/share/man/man4/Directories.4
-rw-r--r-- 0/0           12491 1994-01-17 19:01 ./usr/opt/OSC200/usr/share/man/man4/Dialers.4
-rw-r--r-- 0/0            4640 1994-01-17 19:01 ./usr/opt/OSC200/usr/share/man/man4/Dialcodes.4
-rw-r--r-- 0/0           19311 1994-01-17 19:01 ./usr/opt/OSC200/usr/share/man/man4/Devices.4
-rw-r--r-- 0/0            3717 1994-01-17 19:01 ./usr/opt/OSC200/usr/share/man/man4/Data.4
-rw-r--r-- 0/0              16 1994-01-17 15:43 ./usr/opt/OSC200/usr/share/man/man4/DOTS.4
-rw-r--r-- 0/0              16 1994-01-17 15:43 ./usr/opt/OSC200/usr/share/man/man4/DDIS.4
-rw-r--r-- 0/0              16 1994-01-17 15:43 ./usr/opt/OSC200/usr/share/man/man4/DDIF.4
-rw-r--r-- 0/0            1949 1994-01-17 19:01 ./usr/opt/OSC200/usr/share/man/man4/Corrupt.4
-rw-r--r-- 0/0            8539 1994-01-17 19:01 ./usr/opt/OSC200/usr/share/man/man4/Command.4
-rw-r--r-- 0/0              15 1994-01-17 15:43 ./usr/opt/OSC200/usr/share/man/man4/CDA.4
-rw-r--r-- 0/0            1833 1994-01-17 19:01 ./usr/opt/OSC200/usr/share/man/man4/Admin.4
-rw-r--r-- 0/0              20 1994-01-17 16:44 ./usr/opt/OSC200/usr/share/man/man4/.telnetrc.4
-rw-r--r-- 0/0              18 1994-01-17 19:03 ./usr/opt/OSC200/usr/share/man/man4/.rhosts.4
-rw-r--r-- 0/0              17 1994-01-17 19:03 ./usr/opt/OSC200/usr/share/man/man4/.netrc.4
-rw-r--r-- 0/0              18 1994-01-17 19:03 ./usr/opt/OSC200/usr/share/man/man4/.Xqtdir.4
-rw-r--r-- 0/0              21 1994-01-17 19:03 ./usr/opt/OSC200/usr/share/man/man4/.Workspace.4
-rw-r--r-- 0/0              18 1994-01-17 19:03 ./usr/opt/OSC200/usr/share/man/man4/.Status.4
-rw-r--r-- 0/0              15 1994-01-17 19:03 ./usr/opt/OSC200/usr/share/man/man4/.Old.4
-rw-r--r-- 0/0              15 1994-01-17 19:03 ./usr/opt/OSC200/usr/share/man/man4/.Log.4
-rw-r--r-- 0/0              19 1994-01-17 19:03 ./usr/opt/OSC200/usr/share/man/man4/.Corrupt.4
-rw-r--r-- 0/0              17 1994-01-17 19:03 ./usr/opt/OSC200/usr/share/man/man4/.Admin.4
-rw-r--r-- 0/0              20 1994-01-17 17:49 ./usr/opt/OSC200/usr/share/man/man1/zcat.1
-rw-r--r-- 0/0            2967 1994-01-17 15:57 ./usr/opt/OSC200/usr/share/man/man1/ypwhich.1
-rw-r--r-- 0/0            2716 1994-01-17 15:57 ./usr/opt/OSC200/usr/share/man/man1/yppasswd.1
-rw-r--r-- 0/0            4090 1994-01-17 15:57 ./usr/opt/OSC200/usr/share/man/man1/ypmatch.1
-rw-r--r-- 0/0            2049 1994-01-17 15:57 ./usr/opt/OSC200/usr/share/man/man1/ypcat.1
-rw-r--r-- 0/0            1559 1994-01-17 17:49 ./usr/opt/OSC200/usr/share/man/man1/yes.1
-rw-r--r-- 0/0           23026 1994-01-17 17:48 ./usr/opt/OSC200/usr/share/man/man1/yacc.1
-rw-r--r-- 0/0            4287 1994-01-17 17:48 ./usr/opt/OSC200/usr/share/man/man1/xstr.1
-rw-r--r-- 0/0              17 1994-01-17 15:57 ./usr/opt/OSC200/usr/share/man/man1/xemacs.1
-rw-r--r-- 0/0           10388 1994-01-17 17:48 ./usr/opt/OSC200/usr/share/man/man1/xargs.1
-rw-r--r-- 0/0            8610 1994-01-17 17:48 ./usr/opt/OSC200/usr/share/man/man1/write.1
-rw-r--r-- 0/0           24648 1994-01-17 17:48 ./usr/opt/OSC200/usr/share/man/man1/window.1
-rw-r--r-- 0/0            6556 1994-01-17 15:57 ./usr/opt/OSC200/usr/share/man/man1/whom.1
-rw-r--r-- 0/0            1903 1994-01-17 17:48 ./usr/opt/OSC200/usr/share/man/man1/whois.1
-rw-r--r-- 0/0            1535 1994-01-17 17:48 ./usr/opt/OSC200/usr/share/man/man1/whoami.1
-rw-r--r-- 0/0            8402 1994-01-17 17:48 ./usr/opt/OSC200/usr/share/man/man1/who.1
-rw-r--r-- 0/0            2142 1994-01-17 17:48 ./usr/opt/OSC200/usr/share/man/man1/which.1
-rw-r--r-- 0/0            4649 1994-01-17 17:48 ./usr/opt/OSC200/usr/share/man/man1/whereis.1
-rw-r--r-- 0/0            9543 1994-01-17 15:57 ./usr/opt/OSC200/usr/share/man/man1/whatnow.1
-rw-r--r-- 0/0            2437 1994-01-17 17:48 ./usr/opt/OSC200/usr/share/man/man1/whatis.1
-rw-r--r-- 0/0            4353 1994-01-17 17:48 ./usr/opt/OSC200/usr/share/man/man1/what.1
-rw-r--r-- 0/0            3842 1994-01-20 14:38 ./usr/opt/OSC200/usr/share/man/man1/wc.1
-rw-r--r-- 0/0            2130 1994-01-17 17:48 ./usr/opt/OSC200/usr/share/man/man1/wall.1
-rw-r--r-- 0/0            3400 1994-01-17 17:48 ./usr/opt/OSC200/usr/share/man/man1/w.1
-rw-r--r-- 0/0            3403 1994-01-17 17:11 ./usr/opt/OSC200/usr/share/man/man1/vquota.1
-rw-r--r-- 0/0            6852 1994-01-17 17:48 ./usr/opt/OSC200/usr/share/man/man1/vmstat.1
-rw-r--r-- 0/0              14 1994-01-17 17:49 ./usr/opt/OSC200/usr/share/man/man1/view.1
-rw-r--r-- 0/0           38354 1994-01-17 17:48 ./usr/opt/OSC200/usr/share/man/man1/vi.1
-rw-r--r-- 0/0              14 1994-01-17 17:49 ./usr/opt/OSC200/usr/share/man/man1/vedit.1
-rw-r--r-- 0/0            5173 1994-01-17 15:41 ./usr/opt/OSC200/usr/share/man/man1/vdoc.1
-rw-r--r-- 0/0            3725 1994-01-17 17:48 ./usr/opt/OSC200/usr/share/man/man1/val.1
-rw-r--r-- 0/0            5189 1994-01-17 17:48 ./usr/opt/OSC200/usr/share/man/man1/vacation.1
-rw-r--r-- 0/0            2975 1994-01-17 17:48 ./usr/opt/OSC200/usr/share/man/man1/uuxqt.1
-rw-r--r-- 0/0           14134 1994-01-17 17:48 ./usr/opt/OSC200/usr/share/man/man1/uux.1
-rw-r--r-- 0/0            4398 1994-01-17 15:57 ./usr/opt/OSC200/usr/share/man/man1/uutry.1
-rw-r--r-- 0/0            5507 1994-01-17 17:48 ./usr/opt/OSC200/usr/share/man/man1/uuto.1
-rw-r--r-- 0/0            9358 1994-01-17 17:48 ./usr/opt/OSC200/usr/share/man/man1/uustat.1
-rw-r--r-- 0/0            1825 1994-01-17 17:48 ./usr/opt/OSC200/usr/share/man/man1/uusend.1
-rw-r--r-- 0/0            4254 1994-01-17 17:48 ./usr/opt/OSC200/usr/share/man/man1/uupick.1
-rw-r--r-- 0/0            2593 1994-01-17 17:48 ./usr/opt/OSC200/usr/share/man/man1/uuname.1
-rw-r--r-- 0/0            7255 1994-01-17 17:48 ./usr/opt/OSC200/usr/share/man/man1/uulog.1
-rw-r--r-- 0/0            3272 1994-01-17 17:48 ./usr/opt/OSC200/usr/share/man/man1/uuencode.1
-rw-r--r-- 0/0              20 1994-01-17 17:49 ./usr/opt/OSC200/usr/share/man/man1/uudecode.1
-rw-r--r-- 0/0           10609 1994-01-17 17:48 ./usr/opt/OSC200/usr/share/man/man1/uucp.1
-rw-r--r-- 0/0            1936 1994-01-17 15:57 ./usr/opt/OSC200/usr/share/man/man1/utob.1
-rw-r--r-- 0/0            1909 1994-01-17 17:48 ./usr/opt/OSC200/usr/share/man/man1/users.1
-rw-r--r-- 0/0            1859 1994-01-17 17:48 ./usr/opt/OSC200/usr/share/man/man1/uptime.1
-rw-r--r-- 0/0              16 1994-01-17 17:49 ./usr/opt/OSC200/usr/share/man/man1/unpack.1
-rw-r--r-- 0/0              16 1994-01-17 17:49 ./usr/opt/OSC200/usr/share/man/man1/unlink.1
-rw-r--r-- 0/0            6171 1994-01-17 17:48 ./usr/opt/OSC200/usr/share/man/man1/units.1
-rw-r--r-- 0/0            4100 1994-01-17 17:47 ./usr/opt/OSC200/usr/share/man/man1/uniq.1
-rw-r--r-- 0/0            5930 1994-01-20 14:37 ./usr/opt/OSC200/usr/share/man/man1/unifdef.1
-rw-r--r-- 0/0            4890 1994-01-17 17:47 ./usr/opt/OSC200/usr/share/man/man1/unget.1
-rw-r--r-- 0/0              18 1994-01-17 17:49 ./usr/opt/OSC200/usr/share/man/man1/unexpand.1
-rw-r--r-- 0/0              20 1994-01-17 17:49 ./usr/opt/OSC200/usr/share/man/man1/uncompress.1
-rw-r--r-- 0/0            2659 1994-01-17 17:47 ./usr/opt/OSC200/usr/share/man/man1/uname.1
-rw-r--r-- 0/0              14 1994-01-17 15:57 ./usr/opt/OSC200/usr/share/man/man1/uld.1
-rw-r--r-- 0/0            2561 1994-01-17 17:47 ./usr/opt/OSC200/usr/share/man/man1/ul.1
-rw-r--r-- 0/0            3382 1994-01-17 15:57 ./usr/opt/OSC200/usr/share/man/man1/uac.1
-rw-r--r-- 0/0              17 1994-01-17 17:49 ./usr/opt/OSC200/usr/share/man/man1/u.1
-rw-r--r-- 0/0            2938 1994-01-17 17:47 ./usr/opt/OSC200/usr/share/man/man1/tty.1
-rw-r--r-- 0/0            3673 1994-01-20 14:37 ./usr/opt/OSC200/usr/share/man/man1/tsort.1
-rw-r--r-- 0/0           13667 1994-01-17 17:47 ./usr/opt/OSC200/usr/share/man/man1/tset.1
-rw-r--r-- 0/0            1655 1994-01-17 17:47 ./usr/opt/OSC200/usr/share/man/man1/true.1
-rw-r--r-- 0/0            4688 1994-01-17 17:47 ./usr/opt/OSC200/usr/share/man/man1/trbsd.1
-rw-r--r-- 0/0            3394 1994-01-17 15:57 ./usr/opt/OSC200/usr/share/man/man1/trans.1
-rw-r--r-- 0/0           10814 1994-01-17 17:47 ./usr/opt/OSC200/usr/share/man/man1/tr.1
-rw-r--r-- 0/0            3907 1994-01-17 17:47 ./usr/opt/OSC200/usr/share/man/man1/tput.1
-rw-r--r-- 0/0            6203 1994-01-17 17:47 ./usr/opt/OSC200/usr/share/man/man1/touch.1
-rw-r--r-- 0/0           16771 1994-01-17 17:47 ./usr/opt/OSC200/usr/share/man/man1/tip.1
-rw-r--r-- 0/0            2409 1994-01-17 17:47 ./usr/opt/OSC200/usr/share/man/man1/time.1
-rw-r--r-- 0/0            2901 1994-01-17 17:47 ./usr/opt/OSC200/usr/share/man/man1/tic.1
-rw-r--r-- 0/0            7814 1994-01-17 17:47 ./usr/opt/OSC200/usr/share/man/man1/tftp.1
-rw-r--r-- 0/0            3293 1994-01-17 15:41 ./usr/opt/OSC200/usr/share/man/man1/textddif.1
-rw-r--r-- 0/0            5898 1994-01-17 17:47 ./usr/opt/OSC200/usr/share/man/man1/test.1
-rw-r--r-- 0/0           23965 1994-01-17 17:47 ./usr/opt/OSC200/usr/share/man/man1/telnet.1
-rw-r--r-- 0/0            2375 1994-01-17 17:47 ./usr/opt/OSC200/usr/share/man/man1/tee.1
-rw-r--r-- 0/0            2447 1994-01-17 17:47 ./usr/opt/OSC200/usr/share/man/man1/tcopy.1
-rw-r--r-- 0/0            2953 1994-01-17 15:57 ./usr/opt/OSC200/usr/share/man/man1/tbl.1
-rw-r--r-- 0/0            3292 1994-01-17 15:57 ./usr/opt/OSC200/usr/share/man/man1/tarsets.1
-rw-r--r-- 0/0           13415 1994-01-17 17:47 ./usr/opt/OSC200/usr/share/man/man1/tar.1
-rw-r--r-- 0/0              19 1994-01-17 17:49 ./usr/opt/OSC200/usr/share/man/man1/suggest.1
-rw-r--r-- 0/0              18 1994-01-17 17:49 ./usr/opt/OSC200/usr/share/man/man1/strconf.1
-rw-r--r-- 0/0            4960 1994-01-17 17:47 ./usr/opt/OSC200/usr/share/man/man1/talk.1
-rw-r--r-- 0/0            5978 1994-01-17 17:47 ./usr/opt/OSC200/usr/share/man/man1/tail.1
-rw-r--r-- 0/0            6868 1994-01-17 17:47 ./usr/opt/OSC200/usr/share/man/man1/tabs.1
-rw-r--r-- 0/0            3495 1994-01-17 17:47 ./usr/opt/OSC200/usr/share/man/man1/sum.1
-rw-r--r-- 0/0            4348 1994-01-17 17:47 ./usr/opt/OSC200/usr/share/man/man1/su.1
-rw-r--r-- 0/0            2510 1994-01-17 15:56 ./usr/opt/OSC200/usr/share/man/man1/style.1
-rw-r--r-- 0/0           16434 1994-01-17 17:47 ./usr/opt/OSC200/usr/share/man/man1/stty.1
-rw-r--r-- 0/0            6323 1994-01-17 15:56 ./usr/opt/OSC200/usr/share/man/man1/strmerge.1
-rw-r--r-- 0/0            1571 1994-01-17 15:56 ./usr/opt/OSC200/usr/share/man/man1/strip.1
-rw-r--r-- 0/0            3017 1994-01-17 17:47 ./usr/opt/OSC200/usr/share/man/man1/strings.1
-rw-r--r-- 0/0            6006 1994-01-17 15:56 ./usr/opt/OSC200/usr/share/man/man1/strextract.1
-rw-r--r-- 0/0            7584 1994-01-17 17:47 ./usr/opt/OSC200/usr/share/man/man1/strchg.1
-rw-r--r-- 0/0            1694 1994-01-17 15:56 ./usr/opt/OSC200/usr/share/man/man1/stdump.1
-rw-r--r-- 0/0            1444 1994-01-17 15:56 ./usr/opt/OSC200/usr/share/man/man1/spop.1
-rw-r--r-- 0/0            4662 1994-01-17 17:47 ./usr/opt/OSC200/usr/share/man/man1/split.1
-rw-r--r-- 0/0              17 1994-01-17 17:49 ./usr/opt/OSC200/usr/share/man/man1/spellout.1
-rw-r--r-- 0/0              17 1994-01-17 17:49 ./usr/opt/OSC200/usr/share/man/man1/spellin.1
-rw-r--r-- 0/0            8554 1994-01-17 17:47 ./usr/opt/OSC200/usr/share/man/man1/spell.1
-rw-r--r-- 0/0            3268 1994-01-17 15:56 ./usr/opt/OSC200/usr/share/man/man1/sortm.1
-rw-r--r-- 0/0           21243 1994-01-17 17:47 ./usr/opt/OSC200/usr/share/man/man1/sort.1
-rw-r--r-- 0/0            2582 1994-01-17 17:46 ./usr/opt/OSC200/usr/share/man/man1/soelim.1
-rw-r--r-- 0/0           10317 1994-01-17 15:56 ./usr/opt/OSC200/usr/share/man/man1/slocal.1
-rw-r--r-- 0/0            2438 1994-01-17 17:46 ./usr/opt/OSC200/usr/share/man/man1/sleep.1
-rw-r--r-- 0/0            2161 1994-01-17 15:56 ./usr/opt/OSC200/usr/share/man/man1/size.1
-rw-r--r-- 0/0            6265 1994-01-17 15:56 ./usr/opt/OSC200/usr/share/man/man1/show.1
-rw-r--r-- 0/0           10950 1994-01-17 15:56 ./usr/opt/OSC200/usr/share/man/man1/send.1
-rw-r--r-- 0/0            4186 1994-01-17 17:46 ./usr/opt/OSC200/usr/share/man/man1/sdiff.1
-rw-r--r-- 0/0            1816 1994-01-17 17:46 ./usr/opt/OSC200/usr/share/man/man1/script.1
-rw-r--r-- 0/0            3019 1994-01-17 17:46 ./usr/opt/OSC200/usr/share/man/man1/sccshelp.1
-rw-r--r-- 0/0              16 1994-01-17 17:49 ./usr/opt/OSC200/usr/share/man/man1/reset.1
-rw-r--r-- 0/0           65660 1994-01-17 17:46 ./usr/opt/OSC200/usr/share/man/man1/sh.1
-rw-r--r-- 0/0           16661 1994-01-17 17:46 ./usr/opt/OSC200/usr/share/man/man1/sed.1
-rw-r--r-- 0/0            2326 1994-01-17 17:46 ./usr/opt/OSC200/usr/share/man/man1/sccsdiff.1
-rw-r--r-- 0/0           10279 1994-01-17 17:46 ./usr/opt/OSC200/usr/share/man/man1/sccs.1
-rw-r--r-- 0/0            6008 1994-01-17 15:56 ./usr/opt/OSC200/usr/share/man/man1/scan.1
-rw-r--r-- 0/0            1915 1994-01-17 17:46 ./usr/opt/OSC200/usr/share/man/man1/sact.1
-rw-r--r-- 0/0            3636 1994-01-17 17:46 ./usr/opt/OSC200/usr/share/man/man1/rwho.1
-rw-r--r-- 0/0            1905 1994-01-17 15:56 ./usr/opt/OSC200/usr/share/man/man1/rwall.1
-rw-r--r-- 0/0            2219 1994-01-17 15:56 ./usr/opt/OSC200/usr/share/man/man1/rusers.1
-rw-r--r-- 0/0            4108 1994-01-17 17:46 ./usr/opt/OSC200/usr/share/man/man1/ruptime.1
-rw-r--r-- 0/0            2383 1994-01-17 15:56 ./usr/opt/OSC200/usr/share/man/man1/rup.1
-rw-r--r-- 0/0            2127 1994-01-17 15:56 ./usr/opt/OSC200/usr/share/man/man1/runcord.1
-rw-r--r-- 0/0            2522 1994-01-17 17:46 ./usr/opt/OSC200/usr/share/man/man1/runcat.1
-rw-r--r-- 0/0            5199 1994-01-17 17:46 ./usr/opt/OSC200/usr/share/man/man1/rsh.1
-rw-r--r-- 0/0            8391 1994-01-17 15:56 ./usr/opt/OSC200/usr/share/man/man1/rpcgen.1
-rw-r--r-- 0/0            2206 1994-01-17 15:56 ./usr/opt/OSC200/usr/share/man/man1/rmm.1
-rw-r--r-- 0/0            3211 1994-01-17 15:56 ./usr/opt/OSC200/usr/share/man/man1/rmf.1
-rw-r--r-- 0/0            3291 1994-01-17 17:46 ./usr/opt/OSC200/usr/share/man/man1/rmdir.1
-rw-r--r-- 0/0            2693 1994-01-17 17:46 ./usr/opt/OSC200/usr/share/man/man1/rmdel.1
-rw-r--r-- 0/0            1476 1994-01-17 17:46 ./usr/opt/OSC200/usr/share/man/man1/rmail.1
-rw-r--r-- 0/0            6489 1994-01-17 17:46 ./usr/opt/OSC200/usr/share/man/man1/rm.1
-rw-r--r-- 0/0            5847 1994-01-17 17:46 ./usr/opt/OSC200/usr/share/man/man1/rlogin.1
-rw-r--r-- 0/0            6499 1994-01-17 17:10 ./usr/opt/OSC200/usr/share/man/man1/rlog.1
-rw-r--r-- 0/0            1387 1994-01-17 17:46 ./usr/opt/OSC200/usr/share/man/man1/rev.1
-rw-r--r-- 0/0           17184 1994-01-17 15:56 ./usr/opt/OSC200/usr/share/man/man1/repl.1
-rw-r--r-- 0/0            4894 1994-01-17 15:56 ./usr/opt/OSC200/usr/share/man/man1/refile.1
-rw-r--r-- 0/0              14 1994-01-17 17:49 ./usr/opt/OSC200/usr/share/man/man1/red.1
-rw-r--r-- 0/0           12965 1994-01-20 14:37 ./usr/opt/OSC200/usr/share/man/man1/rdist.1
-rw-r--r-- 0/0            4464 1994-01-17 15:56 ./usr/opt/OSC200/usr/share/man/man1/rcvstore.1
-rw-r--r-- 0/0            4109 1994-01-17 17:10 ./usr/opt/OSC200/usr/share/man/man1/rcsmerge.1
-rw-r--r-- 0/0           10096 1994-01-17 17:10 ./usr/opt/OSC200/usr/share/man/man1/rcsintro.1
-rw-r--r-- 0/0            2554 1994-01-17 17:10 ./usr/opt/OSC200/usr/share/man/man1/rcsfreeze.1
-rw-r--r-- 0/0            3612 1994-01-17 17:10 ./usr/opt/OSC200/usr/share/man/man1/rcsdiff.1
-rw-r--r-- 0/0            4515 1994-01-17 17:10 ./usr/opt/OSC200/usr/share/man/man1/rcsclean.1
-rw-r--r-- 0/0            9448 1994-01-17 17:10 ./usr/opt/OSC200/usr/share/man/man1/rcs.1
-rw-r--r-- 0/0            5703 1994-01-17 17:46 ./usr/opt/OSC200/usr/share/man/man1/rcp.1
-rw-r--r-- 0/0            2304 1994-01-17 17:46 ./usr/opt/OSC200/usr/share/man/man1/ranlib.1
-rw-r--r-- 0/0            3471 1994-01-17 17:46 ./usr/opt/OSC200/usr/share/man/man1/quota.1
-rw-r--r-- 0/0            1539 1994-01-17 17:46 ./usr/opt/OSC200/usr/share/man/man1/pwd.1
-rw-r--r-- 0/0            2002 1994-01-17 15:40 ./usr/opt/OSC200/usr/share/man/man1/pswrap.1
-rw-r--r-- 0/0           23653 1994-01-17 17:46 ./usr/opt/OSC200/usr/share/man/man1/ps.1
-rw-r--r-- 0/0            8101 1994-01-17 17:46 ./usr/opt/OSC200/usr/share/man/man1/prs.1
-rw-r--r-- 0/0            5317 1994-01-17 15:56 ./usr/opt/OSC200/usr/share/man/man1/prompter.1
-rw-r--r-- 0/0            6532 1994-01-17 15:56 ./usr/opt/OSC200/usr/share/man/man1/prof2.1
-rw-r--r-- 0/0           10792 1994-01-20 15:13 ./usr/opt/OSC200/usr/share/man/man1/prof.1
-rw-r--r-- 0/0              15 1994-01-17 17:49 ./usr/opt/OSC200/usr/share/man/man1/printenv.1
-rw-r--r-- 0/0            3088 1994-01-17 15:56 ./usr/opt/OSC200/usr/share/man/man1/prev.1
-rw-r--r-- 0/0            1751 1994-01-17 15:56 ./usr/opt/OSC200/usr/share/man/man1/ppu.1
-rw-r--r-- 0/0              16 1994-01-17 17:49 ./usr/opt/OSC200/usr/share/man/man1/pcat.1
-rw-r--r-- 0/0           12686 1994-01-17 17:46 ./usr/opt/OSC200/usr/share/man/man1/printf.1
-rw-r--r-- 0/0            7551 1994-01-17 17:46 ./usr/opt/OSC200/usr/share/man/man1/pr.1
-rw-r--r-- 0/0            2615 1994-01-17 15:56 ./usr/opt/OSC200/usr/share/man/man1/pixstats.1
-rw-r--r-- 0/0            4787 1994-01-17 15:56 ./usr/opt/OSC200/usr/share/man/man1/pixie.1
-rw-r--r-- 0/0           12045 1994-01-17 15:56 ./usr/opt/OSC200/usr/share/man/man1/pick.1
-rw-r--r-- 0/0            9078 1994-01-17 17:46 ./usr/opt/OSC200/usr/share/man/man1/pg.1
-rw-r--r-- 0/0            5726 1994-01-17 15:56 ./usr/opt/OSC200/usr/share/man/man1/pfstat.1
-rw-r--r-- 0/0           19196 1994-01-17 17:46 ./usr/opt/OSC200/usr/share/man/man1/pax.1
-rw-r--r-- 0/0            3375 1994-01-17 17:46 ./usr/opt/OSC200/usr/share/man/man1/pathchk.1
-rw-r--r-- 0/0           15460 1994-01-20 14:34 ./usr/opt/OSC200/usr/share/man/man1/patch.1
-rw-r--r-- 0/0            5901 1994-01-17 17:45 ./usr/opt/OSC200/usr/share/man/man1/paste.1
-rw-r--r-- 0/0            7399 1994-01-17 17:45 ./usr/opt/OSC200/usr/share/man/man1/passwd.1
-rw-r--r-- 0/0            1410 1994-01-17 17:45 ./usr/opt/OSC200/usr/share/man/man1/pagesize.1
-rw-r--r-- 0/0              16 1994-01-20 14:36 ./usr/opt/OSC200/usr/share/man/man1/page.1
-rw-r--r-- 0/0            3346 1994-01-17 15:56 ./usr/opt/OSC200/usr/share/man/man1/packf.1
-rw-r--r-- 0/0            7561 1994-01-17 17:45 ./usr/opt/OSC200/usr/share/man/man1/pack.1
-rw-r--r-- 0/0            7644 1994-01-17 15:56 ./usr/opt/OSC200/usr/share/man/man1/odump.1
-rw-r--r-- 0/0           11036 1994-01-17 17:45 ./usr/opt/OSC200/usr/share/man/man1/od.1
-rw-r--r-- 0/0            7979 1994-01-17 15:56 ./usr/opt/OSC200/usr/share/man/man1/ntp.1
-rw-r--r-- 0/0            3446 1994-01-17 15:56 ./usr/opt/OSC200/usr/share/man/man1/nroff.1
-rw-r--r-- 0/0            5444 1994-01-20 14:36 ./usr/opt/OSC200/usr/share/man/man1/nohup.1
-rw-r--r-- 0/0            5045 1994-01-17 15:56 ./usr/opt/OSC200/usr/share/man/man1/nm.1
-rw-r--r-- 0/0            2404 1994-01-17 17:45 ./usr/opt/OSC200/usr/share/man/man1/newaliases.1
-rw-r--r-- 0/0            7014 1994-01-17 17:45 ./usr/opt/OSC200/usr/share/man/man1/nl.1
-rw-r--r-- 0/0            4746 1994-01-17 17:45 ./usr/opt/OSC200/usr/share/man/man1/nice.1
-rw-r--r-- 0/0            2959 1994-01-17 15:55 ./usr/opt/OSC200/usr/share/man/man1/next.1
-rw-r--r-- 0/0            3943 1994-01-17 17:45 ./usr/opt/OSC200/usr/share/man/man1/news.1
-rw-r--r-- 0/0            4170 1994-01-17 15:55 ./usr/opt/OSC200/usr/share/man/man1/newinv.1
-rw-r--r-- 0/0            3546 1994-01-17 17:45 ./usr/opt/OSC200/usr/share/man/man1/newgrp.1
-rw-r--r-- 0/0            9833 1994-01-17 17:45 ./usr/opt/OSC200/usr/share/man/man1/netstat.1
-rw-r--r-- 0/0            9723 1994-01-20 15:12 ./usr/opt/OSC200/usr/share/man/man1/neqn.1
-rw-r--r-- 0/0           32196 1994-01-17 17:45 ./usr/opt/OSC200/usr/share/man/man1/nawk.1
-rw-r--r-- 0/0           20663 1994-01-17 15:55 ./usr/opt/OSC200/usr/share/man/man1/mxr.1
-rw-r--r-- 0/0            2378 1994-01-17 17:45 ./usr/opt/OSC200/usr/share/man/man1/mvdir.1
-rw-r--r-- 0/0            6459 1994-01-17 17:45 ./usr/opt/OSC200/usr/share/man/man1/mv.1
-rw-r--r-- 0/0            3400 1994-01-17 17:45 ./usr/opt/OSC200/usr/share/man/man1/mt.1
-rw-r--r-- 0/0            5388 1994-01-17 15:55 ./usr/opt/OSC200/usr/share/man/man1/msh.1
-rw-r--r-- 0/0            5649 1994-01-17 15:55 ./usr/opt/OSC200/usr/share/man/man1/msgchk.1
-rw-r--r-- 0/0           14721 1994-01-20 14:36 ./usr/opt/OSC200/usr/share/man/man1/more.1
-rw-r--r-- 0/0            3453 1994-01-20 14:36 ./usr/opt/OSC200/usr/share/man/man1/mkstr.1
-rw-r--r-- 0/0            3310 1994-01-17 17:45 ./usr/opt/OSC200/usr/share/man/man1/mkfifo.1
-rw-r--r-- 0/0            3467 1994-01-17 17:45 ./usr/opt/OSC200/usr/share/man/man1/mkdir.1
-rw-r--r-- 0/0            2875 1994-01-17 15:55 ./usr/opt/OSC200/usr/share/man/man1/mkdep.1
-rw-r--r-- 0/0            6664 1994-01-17 17:45 ./usr/opt/OSC200/usr/share/man/man1/mkcatdefs.1
-rw-r--r-- 0/0            2789 1994-01-17 15:55 ./usr/opt/OSC200/usr/share/man/man1/mhpath.1
-rw-r--r-- 0/0            1528 1994-01-17 15:55 ./usr/opt/OSC200/usr/share/man/man1/mhdecode.1
-rw-r--r-- 0/0            3818 1994-01-17 15:55 ./usr/opt/OSC200/usr/share/man/man1/mhmail.1
-rw-r--r-- 0/0           11058 1994-01-17 15:55 ./usr/opt/OSC200/usr/share/man/man1/mhl.1
-rw-r--r-- 0/0            7961 1994-01-17 15:55 ./usr/opt/OSC200/usr/share/man/man1/mh.1
-rw-r--r-- 0/0            5386 1994-01-17 17:45 ./usr/opt/OSC200/usr/share/man/man1/mesg.1
-rw-r--r-- 0/0            2585 1994-01-17 17:10 ./usr/opt/OSC200/usr/share/man/man1/merge.1
-rw-r--r-- 0/0            8370 1994-01-17 15:55 ./usr/opt/OSC200/usr/share/man/man1/mark.1
-rw-r--r-- 0/0           12181 1994-01-17 15:55 ./usr/opt/OSC200/usr/share/man/man1/man.1
-rw-r--r-- 0/0            5781 1994-01-17 15:40 ./usr/opt/OSC200/usr/share/man/man1/makepsres.1
-rw-r--r-- 0/0           19488 1994-01-20 15:14 ./usr/opt/OSC200/usr/share/man/man1/make.1u
-rw-r--r-- 0/0           34909 1994-01-17 17:49 ./usr/opt/OSC200/usr/share/man/man1/make.1p
-rw-r--r-- 0/0           21148 1994-01-17 17:45 ./usr/opt/OSC200/usr/share/man/man1/make.1
-rw-r--r-- 0/0            2661 1994-01-17 17:45 ./usr/opt/OSC200/usr/share/man/man1/mailq.1
-rw-r--r-- 0/0            9982 1994-01-17 17:45 ./usr/opt/OSC200/usr/share/man/man1/mail.1
-rw-r--r-- 0/0            1156 1994-01-17 15:55 ./usr/opt/OSC200/usr/share/man/man1/machine.1
-rw-r--r-- 0/0           12471 1994-01-17 17:45 ./usr/opt/OSC200/usr/share/man/man1/m4.1
-rw-r--r-- 0/0            4544 1994-01-17 17:45 ./usr/opt/OSC200/usr/share/man/man1/lpstat.1
-rw-r--r-- 0/0              16 1994-01-17 17:49 ./usr/opt/OSC200/usr/share/man/man1/fgrep.1
-rw-r--r-- 0/0           59429 1994-01-17 17:45 ./usr/opt/OSC200/usr/share/man/man1/mailx.1
-rw-r--r-- 0/0           12136 1994-01-17 15:55 ./usr/opt/OSC200/usr/share/man/man1/ltf.1
-rw-r--r-- 0/0           10711 1994-01-17 17:45 ./usr/opt/OSC200/usr/share/man/man1/ls.1
-rw-r--r-- 0/0            4144 1994-01-17 17:45 ./usr/opt/OSC200/usr/share/man/man1/lprm.1
-rw-r--r-- 0/0           11958 1994-01-17 17:44 ./usr/opt/OSC200/usr/share/man/man1/lpr.1
-rw-r--r-- 0/0            5535 1994-01-17 17:44 ./usr/opt/OSC200/usr/share/man/man1/lpq.1
-rw-r--r-- 0/0            5051 1994-01-17 17:44 ./usr/opt/OSC200/usr/share/man/man1/lp.1
-rw-r--r-- 0/0            4066 1994-01-17 17:44 ./usr/opt/OSC200/usr/share/man/man1/lorder.1
-rw-r--r-- 0/0            3101 1994-01-17 17:44 ./usr/opt/OSC200/usr/share/man/man1/look.1
-rw-r--r-- 0/0            1388 1994-01-17 17:44 ./usr/opt/OSC200/usr/share/man/man1/logname.1
-rw-r--r-- 0/0           10756 1994-01-17 17:44 ./usr/opt/OSC200/usr/share/man/man1/login.1
-rw-r--r-- 0/0            6169 1994-01-17 17:44 ./usr/opt/OSC200/usr/share/man/man1/logger.1
-rw-r--r-- 0/0            2123 1994-01-17 17:44 ./usr/opt/OSC200/usr/share/man/man1/lock.1
-rw-r--r-- 0/0            8779 1994-01-17 17:44 ./usr/opt/OSC200/usr/share/man/man1/localedef.1
-rw-r--r-- 0/0            6271 1994-01-17 17:44 ./usr/opt/OSC200/usr/share/man/man1/locale.1
-rw-r--r-- 0/0            6557 1994-01-17 15:55 ./usr/opt/OSC200/usr/share/man/man1/ln.1
-rw-r--r-- 0/0            2534 1994-01-17 17:44 ./usr/opt/OSC200/usr/share/man/man1/link.1
-rw-r--r-- 0/0            2168 1994-01-17 17:44 ./usr/opt/OSC200/usr/share/man/man1/line.1
-rw-r--r-- 0/0              16 1994-01-17 17:49 ./usr/opt/OSC200/usr/share/man/man1/false.1
-rw-r--r-- 0/0           16113 1994-01-17 15:55 ./usr/opt/OSC200/usr/share/man/man1/lint.1
-rw-r--r-- 0/0           17371 1994-01-18 15:26 ./usr/opt/OSC200/usr/share/man/man1/lex.1
-rw-r--r-- 0/0            2331 1994-01-17 17:44 ./usr/opt/OSC200/usr/share/man/man1/leave.1
-rw-r--r-- 0/0            3168 1994-01-17 17:44 ./usr/opt/OSC200/usr/share/man/man1/learn.1
-rw-r--r-- 0/0           32794 1994-01-17 15:55 ./usr/opt/OSC200/usr/share/man/man1/ld.1
-rw-r--r-- 0/0            5705 1994-01-17 15:55 ./usr/opt/OSC200/usr/share/man/man1/kits.1
-rw-r--r-- 0/0            8068 1994-01-17 17:44 ./usr/opt/OSC200/usr/share/man/man1/kill.1
-rw-r--r-- 0/0           10713 1994-01-17 17:44 ./usr/opt/OSC200/usr/share/man/man1/join.1
-rw-r--r-- 0/0            8779 1994-01-17 17:44 ./usr/opt/OSC200/usr/share/man/man1/ipcs.1
-rw-r--r-- 0/0            3312 1994-01-17 17:44 ./usr/opt/OSC200/usr/share/man/man1/ipcrm.1
-rw-r--r-- 0/0            4134 1994-01-17 17:44 ./usr/opt/OSC200/usr/share/man/man1/iostat.1
-rw-r--r-- 0/0            3944 1994-01-17 15:55 ./usr/opt/OSC200/usr/share/man/man1/invcutter.1
-rw-r--r-- 0/0            2626 1994-01-17 15:55 ./usr/opt/OSC200/usr/share/man/man1/intro.1
-rw-r--r-- 0/0            2516 1994-01-17 17:44 ./usr/opt/OSC200/usr/share/man/man1/installbsd.1
-rw-r--r-- 0/0            7284 1994-01-17 17:44 ./usr/opt/OSC200/usr/share/man/man1/install.1
-rw-r--r-- 0/0            7171 1994-01-17 15:55 ./usr/opt/OSC200/usr/share/man/man1/indent.1
-rw-r--r-- 0/0            9464 1994-01-17 15:55 ./usr/opt/OSC200/usr/share/man/man1/inc.1
-rw-r--r-- 0/0            2371 1994-01-17 17:10 ./usr/opt/OSC200/usr/share/man/man1/ident.1
-rw-r--r-- 0/0            1610 1994-01-17 17:44 ./usr/opt/OSC200/usr/share/man/man1/id.1
-rw-r--r-- 0/0            2604 1994-01-17 17:44 ./usr/opt/OSC200/usr/share/man/man1/iconv.1
-rw-r--r-- 0/0            1779 1994-01-17 17:44 ./usr/opt/OSC200/usr/share/man/man1/hostname.1
-rw-r--r-- 0/0            2399 1994-01-20 14:35 ./usr/opt/OSC200/usr/share/man/man1/hostid.1
-rw-r--r-- 0/0            1899 1994-01-17 17:44 ./usr/opt/OSC200/usr/share/man/man1/help.1
-rw-r--r-- 0/0              18 1994-01-17 17:49 ./usr/opt/OSC200/usr/share/man/man1/f.1
-rw-r--r-- 0/0          106538 1994-01-17 17:44 ./usr/opt/OSC200/usr/share/man/man1/ksh.1
-rw-r--r-- 0/0            1971 1994-01-17 17:44 ./usr/opt/OSC200/usr/share/man/man1/head.1
-rw-r--r-- 0/0            2399 1994-01-17 17:44 ./usr/opt/OSC200/usr/share/man/man1/groups.1
-rw-r--r-- 0/0           17494 1994-01-17 17:44 ./usr/opt/OSC200/usr/share/man/man1/grep.1
-rw-r--r-- 0/0            4049 1994-01-17 15:55 ./usr/opt/OSC200/usr/share/man/man1/graph.1
-rw-r--r-- 0/0            2712 1994-01-17 17:43 ./usr/opt/OSC200/usr/share/man/man1/getopt.1
-rw-r--r-- 0/0           17968 1994-01-17 17:43 ./usr/opt/OSC200/usr/share/man/man1/getconf.1
-rw-r--r-- 0/0            4075 1994-01-17 17:43 ./usr/opt/OSC200/usr/share/man/man1/genxlt.1
-rw-r--r-- 0/0            3646 1994-01-17 15:55 ./usr/opt/OSC200/usr/share/man/man1/gentapes.1
-rw-r--r-- 0/0            4065 1994-01-17 15:55 ./usr/opt/OSC200/usr/share/man/man1/gendisk.1
-rw-r--r-- 0/0            2720 1994-01-17 15:55 ./usr/opt/OSC200/usr/share/man/man1/ftoc.1
-rw-r--r-- 0/0              19 1994-01-17 17:49 ./usr/opt/OSC200/usr/share/man/man1/explain.1
-rw-r--r-- 0/0              16 1994-01-17 17:49 ./usr/opt/OSC200/usr/share/man/man1/egrep.1
-rw-r--r-- 0/0           24765 1994-01-17 17:43 ./usr/opt/OSC200/usr/share/man/man1/get.1
-rw-r--r-- 0/0           12692 1994-01-17 17:43 ./usr/opt/OSC200/usr/share/man/man1/gencat.1
-rw-r--r-- 0/0           37830 1994-01-17 17:10 ./usr/opt/OSC200/usr/share/man/man1/gawk.1
-rw-r--r-- 0/0           38267 1994-01-17 17:43 ./usr/opt/OSC200/usr/share/man/man1/ftp.1
-rw-r--r-- 0/0            2470 1994-01-17 17:43 ./usr/opt/OSC200/usr/share/man/man1/from.1
-rw-r--r-- 0/0           14597 1994-01-17 15:55 ./usr/opt/OSC200/usr/share/man/man1/forw.1
-rw-r--r-- 0/0            5694 1994-01-17 15:55 ./usr/opt/OSC200/usr/share/man/man1/folders.1
-rw-r--r-- 0/0            7609 1994-01-17 15:55 ./usr/opt/OSC200/usr/share/man/man1/folder.1
-rw-r--r-- 0/0            4778 1994-01-17 17:43 ./usr/opt/OSC200/usr/share/man/man1/fold.1
-rw-r--r-- 0/0            3993 1994-01-17 17:43 ./usr/opt/OSC200/usr/share/man/man1/fmt.1
-rw-r--r-- 0/0            5869 1994-01-17 17:43 ./usr/opt/OSC200/usr/share/man/man1/finger.1
-rw-r--r-- 0/0            5138 1994-01-17 17:43 ./usr/opt/OSC200/usr/share/man/man1/file.1
-rw-r--r-- 0/0            2430 1994-01-17 15:55 ./usr/opt/OSC200/usr/share/man/man1/feedback.1
-rw-r--r-- 0/0              14 1994-01-17 17:49 ./usr/opt/OSC200/usr/share/man/man1/e.1
-rw-r--r-- 0/0              20 1994-01-17 17:49 ./usr/opt/OSC200/usr/share/man/man1/dirname.1
-rw-r--r-- 0/0           32649 1994-01-17 17:43 ./usr/opt/OSC200/usr/share/man/man1/flex.1
-rw-r--r-- 0/0           13514 1994-01-17 17:43 ./usr/opt/OSC200/usr/share/man/man1/find.1
-rw-r--r-- 0/0            7281 1994-01-17 15:55 ./usr/opt/OSC200/usr/share/man/man1/fddi_config.1
-rw-r--r-- 0/0           10136 1994-01-17 15:55 ./usr/opt/OSC200/usr/share/man/man1/extract.1
-rw-r--r-- 0/0            7197 1994-01-17 17:43 ./usr/opt/OSC200/usr/share/man/man1/expr.1
-rw-r--r-- 0/0            3896 1994-01-17 17:43 ./usr/opt/OSC200/usr/share/man/man1/expand.1
-rw-r--r-- 0/0           36639 1994-01-17 17:43 ./usr/opt/OSC200/usr/share/man/man1/ex.1
-rw-r--r-- 0/0            5679 1994-01-17 17:43 ./usr/opt/OSC200/usr/share/man/man1/eucset.1
-rw-r--r-- 0/0           10250 1994-01-17 17:43 ./usr/opt/OSC200/usr/share/man/man1/error.1
-rw-r--r-- 0/0            4316 1994-01-17 17:43 ./usr/opt/OSC200/usr/share/man/man1/env.1
-rw-r--r-- 0/0           16655 1994-01-17 15:54 ./usr/opt/OSC200/usr/share/man/man1/emacs.1
-rw-r--r-- 0/0           17104 1994-01-17 17:43 ./usr/opt/OSC200/usr/share/man/man1/edit.1
-rw-r--r-- 0/0            1862 1994-01-17 15:54 ./usr/opt/OSC200/usr/share/man/man1/domainname.1
-rw-r--r-- 0/0           28504 1994-01-17 17:43 ./usr/opt/OSC200/usr/share/man/man1/ed.1
-rw-r--r-- 0/0            4836 1994-01-17 17:43 ./usr/opt/OSC200/usr/share/man/man1/echo.1
-rw-r--r-- 0/0            3800 1994-01-17 17:43 ./usr/opt/OSC200/usr/share/man/man1/du.1
-rw-r--r-- 0/0            4429 1994-01-17 15:41 ./usr/opt/OSC200/usr/share/man/man1/dtoc.1
-rw-r--r-- 0/0            9676 1994-01-17 15:41 ./usr/opt/OSC200/usr/share/man/man1/dtifddif.1
-rw-r--r-- 0/0            6416 1994-01-17 15:41 ./usr/opt/OSC200/usr/share/man/man1/dtifanls.1
-rw-r--r-- 0/0            3463 1994-01-17 17:43 ./usr/opt/OSC200/usr/share/man/man1/dspmsg.1
-rw-r--r-- 0/0            2914 1994-01-17 17:43 ./usr/opt/OSC200/usr/share/man/man1/dspcat.1
-rw-r--r-- 0/0           14006 1994-01-17 15:54 ./usr/opt/OSC200/usr/share/man/man1/dist.1
-rw-r--r-- 0/0            2891 1994-01-17 15:54 ./usr/opt/OSC200/usr/share/man/man1/dis.1
-rw-r--r-- 0/0            2949 1994-01-17 17:43 ./usr/opt/OSC200/usr/share/man/man1/dircmp.1
-rw-r--r-- 0/0            4274 1994-01-17 17:43 ./usr/opt/OSC200/usr/share/man/man1/diffmk.1
-rw-r--r-- 0/0            4942 1994-01-17 17:43 ./usr/opt/OSC200/usr/share/man/man1/diff3.1
-rw-r--r-- 0/0            9633 1994-01-17 17:43 ./usr/opt/OSC200/usr/share/man/man1/diff.1
-rw-r--r-- 0/0            4524 1994-01-17 17:43 ./usr/opt/OSC200/usr/share/man/man1/diction.1
-rw-r--r-- 0/0            8543 1994-01-17 17:43 ./usr/opt/OSC200/usr/share/man/man1/df.1
-rw-r--r-- 0/0            3682 1994-01-20 15:12 ./usr/opt/OSC200/usr/share/man/man1/deroff.1
-rw-r--r-- 0/0            8368 1994-01-17 17:42 ./usr/opt/OSC200/usr/share/man/man1/delta.1
-rw-r--r-- 0/0            7332 1994-01-17 15:41 ./usr/opt/OSC200/usr/share/man/man1/ddiftext.1
-rw-r--r-- 0/0            9664 1994-01-17 15:41 ./usr/opt/OSC200/usr/share/man/man1/ddifps.1
-rw-r--r-- 0/0            6497 1994-01-17 15:41 ./usr/opt/OSC200/usr/share/man/man1/ddifanls.1
-rw-r--r-- 0/0            6897 1994-01-17 17:42 ./usr/opt/OSC200/usr/share/man/man1/dd.1
-rw-r--r-- 0/0            3178 1994-01-17 15:41 ./usr/opt/OSC200/usr/share/man/man1/ctod.1
-rw-r--r-- 0/0           43828 1994-01-17 17:11 ./usr/opt/OSC200/usr/share/man/man1/decladebug.1
-rw-r--r-- 0/0            7142 1994-01-17 17:42 ./usr/opt/OSC200/usr/share/man/man1/dc.1
-rw-r--r-- 0/0           54157 1994-01-17 15:54 ./usr/opt/OSC200/usr/share/man/man1/dbx.1
-rw-r--r-- 0/0            7391 1994-01-17 17:42 ./usr/opt/OSC200/usr/share/man/man1/date.1
-rw-r--r-- 0/0            4006 1994-01-20 14:33 ./usr/opt/OSC200/usr/share/man/man1/cxref.1
-rw-r--r-- 0/0            6727 1994-01-17 17:42 ./usr/opt/OSC200/usr/share/man/man1/cut.1
-rw-r--r-- 0/0           14992 1994-01-17 17:42 ./usr/opt/OSC200/usr/share/man/man1/cu.1
-rw-r--r-- 0/0            6051 1994-01-17 17:42 ./usr/opt/OSC200/usr/share/man/man1/ctags.1
-rw-r--r-- 0/0            8031 1994-01-17 17:42 ./usr/opt/OSC200/usr/share/man/man1/ct.1
-rw-r--r-- 0/0            6051 1994-01-17 17:42 ./usr/opt/OSC200/usr/share/man/man1/csplit.1
-rw-r--r-- 0/0            8307 1994-01-17 17:42 ./usr/opt/OSC200/usr/share/man/man1/crontab.1
-rw-r--r-- 0/0            1669 1994-01-17 17:42 ./usr/opt/OSC200/usr/share/man/man1/colrm.1
-rw-r--r-- 0/0              18 1994-01-17 17:49 ./usr/opt/OSC200/usr/share/man/man1/chsh.1
-rw-r--r-- 0/0           81571 1994-01-17 17:42 ./usr/opt/OSC200/usr/share/man/man1/csh.1
-rw-r--r-- 0/0           12965 1994-01-20 15:12 ./usr/opt/OSC200/usr/share/man/man1/cpp.1
-rw-r--r-- 0/0           11708 1994-01-17 17:42 ./usr/opt/OSC200/usr/share/man/man1/cpio.1
-rw-r--r-- 0/0            7409 1994-01-17 17:42 ./usr/opt/OSC200/usr/share/man/man1/cp.1
-rw-r--r-- 0/0            5344 1994-01-17 15:54 ./usr/opt/OSC200/usr/share/man/man1/cord.1
-rw-r--r-- 0/0            7408 1994-01-17 17:42 ./usr/opt/OSC200/usr/share/man/man1/compress.1
-rw-r--r-- 0/0           13225 1994-01-17 15:54 ./usr/opt/OSC200/usr/share/man/man1/comp.1
-rw-r--r-- 0/0            3155 1994-01-17 17:42 ./usr/opt/OSC200/usr/share/man/man1/command.1
-rw-r--r-- 0/0            4653 1994-01-17 17:42 ./usr/opt/OSC200/usr/share/man/man1/comm.1
-rw-r--r-- 0/0            4348 1994-01-17 17:42 ./usr/opt/OSC200/usr/share/man/man1/comb.1
-rw-r--r-- 0/0            2602 1994-01-17 17:42 ./usr/opt/OSC200/usr/share/man/man1/colcrt.1
-rw-r--r-- 0/0            3824 1994-01-17 17:42 ./usr/opt/OSC200/usr/share/man/man1/col.1
-rw-r--r-- 0/0            3308 1994-01-17 17:42 ./usr/opt/OSC200/usr/share/man/man1/cmp.1
-rw-r--r-- 0/0            1425 1994-01-17 17:42 ./usr/opt/OSC200/usr/share/man/man1/clear.1
-rw-r--r-- 0/0            2774 1994-01-17 17:42 ./usr/opt/OSC200/usr/share/man/man1/chown.1
-rw-r--r-- 0/0           14429 1994-01-17 17:10 ./usr/opt/OSC200/usr/share/man/man1/co.1
-rw-r--r-- 0/0           16779 1994-01-17 17:42 ./usr/opt/OSC200/usr/share/man/man1/cmdedit.1
-rw-r--r-- 0/0            4291 1994-01-17 17:42 ./usr/opt/OSC200/usr/share/man/man1/cksum.1
-rw-r--r-- 0/0           18726 1994-01-17 17:10 ./usr/opt/OSC200/usr/share/man/man1/ci.1
-rw-r--r-- 0/0           10818 1994-01-17 17:42 ./usr/opt/OSC200/usr/share/man/man1/chmod.1
-rw-r--r-- 0/0            2536 1994-01-17 17:42 ./usr/opt/OSC200/usr/share/man/man1/chgrp.1
-rw-r--r-- 0/0              18 1994-01-17 17:49 ./usr/opt/OSC200/usr/share/man/man1/chfn.1
-rw-r--r-- 0/0            3355 1994-01-17 17:42 ./usr/opt/OSC200/usr/share/man/man1/checknr.1
-rw-r--r-- 0/0              16 1994-01-20 15:12 ./usr/opt/OSC200/usr/share/man/man1/checkeq.1
-rw-r--r-- 0/0            6337 1994-01-20 14:35 ./usr/opt/OSC200/usr/share/man/man1/cflow.1
-rw-r--r-- 0/0            2697 1994-01-17 15:54 ./usr/opt/OSC200/usr/share/man/man1/cdsuf.1
-rw-r--r-- 0/0            5071 1994-01-17 15:41 ./usr/opt/OSC200/usr/share/man/man1/cdoc.1
-rw-r--r-- 0/0            5078 1994-01-17 17:42 ./usr/opt/OSC200/usr/share/man/man1/cdc.1
-rw-r--r-- 0/0            2938 1994-01-17 17:42 ./usr/opt/OSC200/usr/share/man/man1/cd.1
-rw-r--r-- 0/0           54051 1994-01-20 15:11 ./usr/opt/OSC200/usr/share/man/man1/cc.1
-rw-r--r-- 0/0            2152 1994-01-17 17:41 ./usr/opt/OSC200/usr/share/man/man1/cb.1
-rw-r--r-- 0/0            5807 1994-01-17 17:41 ./usr/opt/OSC200/usr/share/man/man1/cat.1
-rw-r--r-- 0/0            5242 1994-01-17 15:54 ./usr/opt/OSC200/usr/share/man/man1/capsar.1
-rw-r--r-- 0/0              14 1994-01-17 17:49 ./usr/opt/OSC200/usr/share/man/man1/cancel.1
-rw-r--r-- 0/0              14 1994-01-20 15:11 ./usr/opt/OSC200/usr/share/man/man1/c89.1
-rw-r--r-- 0/0              16 1994-01-17 17:49 ./usr/opt/OSC200/usr/share/man/man1/binmail.1
-rw-r--r-- 0/0            3332 1994-01-17 17:41 ./usr/opt/OSC200/usr/share/man/man1/calendar.1
-rw-r--r-- 0/0            2464 1994-01-17 17:41 ./usr/opt/OSC200/usr/share/man/man1/cal.1
-rw-r--r-- 0/0            5030 1994-01-17 15:54 ./usr/opt/OSC200/usr/share/man/man1/burst.1
-rw-r--r-- 0/0            3303 1994-01-17 15:54 ./usr/opt/OSC200/usr/share/man/man1/btou.1
-rw-r--r-- 0/0            2430 1994-01-17 17:41 ./usr/opt/OSC200/usr/share/man/man1/biff.1
-rw-r--r-- 0/0            8502 1994-01-17 17:41 ./usr/opt/OSC200/usr/share/man/man1/bfs.1
-rw-r--r-- 0/0            3046 1994-01-17 17:41 ./usr/opt/OSC200/usr/share/man/man1/bdiff.1
-rw-r--r-- 0/0            9864 1994-01-17 17:41 ./usr/opt/OSC200/usr/share/man/man1/bc.1
-rw-r--r-- 0/0              14 1994-01-17 17:49 ./usr/opt/OSC200/usr/share/man/man1/batch.1
-rw-r--r-- 0/0            3605 1994-01-17 17:41 ./usr/opt/OSC200/usr/share/man/man1/basename.1
-rw-r--r-- 0/0            1651 1994-01-17 17:41 ./usr/opt/OSC200/usr/share/man/man1/banner.1
-rw-r--r-- 0/0           17921 1994-01-17 17:41 ./usr/opt/OSC200/usr/share/man/man1/awk.1
-rw-r--r-- 0/0            2688 1994-01-17 17:41 ./usr/opt/OSC200/usr/share/man/man1/atrm.1
-rw-r--r-- 0/0            2465 1994-01-17 17:41 ./usr/opt/OSC200/usr/share/man/man1/atq.1
-rw-r--r-- 0/0           10809 1994-01-17 17:41 ./usr/opt/OSC200/usr/share/man/man1/at.1
-rw-r--r-- 0/0            2284 1994-01-17 15:54 ./usr/opt/OSC200/usr/share/man/man1/asa.1
-rw-r--r-- 0/0            9561 1994-01-17 15:54 ./usr/opt/OSC200/usr/share/man/man1/as.1
-rw-r--r-- 0/0            7025 1994-01-17 15:54 ./usr/opt/OSC200/usr/share/man/man1/ar.1
-rw-r--r-- 0/0            2382 1994-01-17 17:41 ./usr/opt/OSC200/usr/share/man/man1/apropos.1
-rw-r--r-- 0/0            3489 1994-01-17 17:41 ./usr/opt/OSC200/usr/share/man/man1/apply.1
-rw-r--r-- 0/0            4057 1994-01-17 15:54 ./usr/opt/OSC200/usr/share/man/man1/anno.1
-rw-r--r-- 0/0            3472 1994-01-17 15:54 ./usr/opt/OSC200/usr/share/man/man1/ali.1
-rw-r--r-- 0/0            9687 1994-01-17 15:54 ./usr/opt/OSC200/usr/share/man/man1/alex.1
-rw-r--r-- 0/0           16579 1994-01-17 17:41 ./usr/opt/OSC200/usr/share/man/man1/admin.1
-rw-r--r-- 0/0              16 1994-01-17 17:49 ./usr/opt/OSC200/usr/share/man/man1/[.1
-rw-r--r-- 0/0              14 1994-01-17 17:49 ./usr/opt/OSC200/usr/share/man/man1/Rsh.1
-rw-r--r-- 0/0              17 1994-01-17 17:49 ./usr/opt/OSC200/usr/share/man/man1/Mail.1
