-r--r--r-- 3/4            9635 1994-03-02 15:32 ./usr/opt/OSCX200/src/man/security.man
-r--r--r-- 3/4            3727 1994-03-02 15:32 ./usr/opt/OSCX200/src/man/Xt/XtTransC.man
-r--r--r-- 3/4            3617 1994-03-02 15:31 ./usr/opt/OSCX200/src/man/Xt/XtStrCW.man
-r--r--r-- 3/4            8199 1994-03-02 15:31 ./usr/opt/OSCX200/src/man/Xt/XtSetVal.man
-r--r--r-- 3/4            4537 1994-03-02 15:31 ./usr/opt/OSCX200/src/man/Xt/XtSetSens.man
-r--r--r-- 3/4            6005 1994-03-02 15:31 ./usr/opt/OSCX200/src/man/Xt/XtSetKTr.man
-r--r--r-- 3/4            4755 1994-03-02 15:31 ./usr/opt/OSCX200/src/man/Xt/XtSetKFoc.man
-r--r--r-- 3/4            4922 1994-03-02 15:31 ./usr/opt/OSCX200/src/man/Xt/XtSetArg.man
-r--r--r-- 3/4            5337 1994-03-02 15:31 ./usr/opt/OSCX200/src/man/Xt/XtRealize.man
-r--r--r-- 3/4            4277 1994-03-02 15:31 ./usr/opt/OSCX200/src/man/Xt/XtQueryGeo.man
-r--r--r-- 3/4            7908 1994-03-02 15:31 ./usr/opt/OSCX200/src/man/Xt/XtPopup.man
-r--r--r-- 3/4            5504 1994-03-02 15:31 ./usr/opt/OSCX200/src/man/Xt/XtPopdown.man
-r--r--r-- 3/4            5044 1994-03-02 15:31 ./usr/opt/OSCX200/src/man/Xt/XtParTTab.man
-r--r--r-- 3/4            4730 1994-03-02 15:31 ./usr/opt/OSCX200/src/man/Xt/XtParATab.man
-r--r--r-- 3/4            5845 1994-03-02 15:31 ./usr/opt/OSCX200/src/man/Xt/XtOwnSel.man
-r--r--r-- 3/4            3854 1994-03-02 15:31 ./usr/opt/OSCX200/src/man/Xt/XtOffset.man
-r--r--r-- 3/4            4961 1994-03-02 15:31 ./usr/opt/OSCX200/src/man/Xt/XtNameTWid.man
-r--r--r-- 3/4            4106 1994-03-02 15:31 ./usr/opt/OSCX200/src/man/Xt/XtMapWid.man
-r--r--r-- 3/4            6356 1994-03-02 15:31 ./usr/opt/OSCX200/src/man/Xt/XtManChild.man
-r--r--r-- 3/4            5576 1994-03-02 15:31 ./usr/opt/OSCX200/src/man/Xt/XtMalloc.man
-r--r--r-- 3/4            6265 1994-03-02 15:31 ./usr/opt/OSCX200/src/man/Xt/XtMakGReq.man
-r--r--r-- 3/4            5729 1994-03-02 15:31 ./usr/opt/OSCX200/src/man/Xt/XtGetSres.man
-r--r--r-- 3/4            5702 1994-03-02 15:31 ./usr/opt/OSCX200/src/man/Xt/XtGetSVal.man
-r--r--r-- 3/4            4057 1994-03-02 15:31 ./usr/opt/OSCX200/src/man/Xt/XtGetRList.man
-r--r--r-- 3/4            4234 1994-03-02 15:31 ./usr/opt/OSCX200/src/man/Xt/XtGetGC.man
-r--r--r-- 3/4            7712 1994-03-02 15:31 ./usr/opt/OSCX200/src/man/Xt/XtDisplayI.man
-r--r--r-- 3/4            3613 1994-03-02 15:31 ./usr/opt/OSCX200/src/man/Xt/XtDisplay.man
-r--r--r-- 3/4            4271 1994-03-02 15:31 ./usr/opt/OSCX200/src/man/Xt/XtCreWin.man
-r--r--r-- 3/4            4557 1994-03-02 15:31 ./usr/opt/OSCX200/src/man/Xt/XtCrePSh.man
-r--r--r-- 3/4            8825 1994-03-02 15:31 ./usr/opt/OSCX200/src/man/Xt/XtCreWid.man
-r--r--r-- 3/4            4258 1994-03-02 15:31 ./usr/opt/OSCX200/src/man/Xt/XtCreACon.man
-r--r--r-- 3/4            4943 1994-03-02 15:31 ./usr/opt/OSCX200/src/man/Xt/XtConvert.man
-r--r--r-- 3/4            5766 1994-03-02 15:31 ./usr/opt/OSCX200/src/man/Xt/XtConfWid.man
-r--r--r-- 3/4            5612 1994-03-02 15:31 ./usr/opt/OSCX200/src/man/Xt/XtClass.man
-r--r--r-- 3/4            4223 1994-03-02 15:31 ./usr/opt/OSCX200/src/man/Xt/XtCallCbks.man
-r--r--r-- 3/4            3559 1994-03-02 15:31 ./usr/opt/OSCX200/src/man/Xt/XtCallAFoc.man
-r--r--r-- 3/4            3636 1994-03-02 15:31 ./usr/opt/OSCX200/src/man/Xt/XtBEMask.man
-r--r--r-- 3/4            7820 1994-03-02 15:31 ./usr/opt/OSCX200/src/man/Xt/XtAppNEv.man
-r--r--r-- 3/4            4028 1994-03-02 15:31 ./usr/opt/OSCX200/src/man/Xt/XtAppGSTO.man
-r--r--r-- 3/4            4661 1994-03-02 15:31 ./usr/opt/OSCX200/src/man/Xt/XtAppGEDB.man
-r--r--r-- 3/4            5268 1994-03-02 15:31 ./usr/opt/OSCX200/src/man/Xt/XtAppEM.man
-r--r--r-- 3/4            4534 1994-03-02 15:31 ./usr/opt/OSCX200/src/man/Xt/XtAppE.man
-r--r--r-- 3/4            4716 1994-03-02 15:31 ./usr/opt/OSCX200/src/man/Xt/XtAppCSh.man
-r--r--r-- 3/4            3928 1994-03-02 15:31 ./usr/opt/OSCX200/src/man/Xt/XtAppAWP.man
-r--r--r-- 3/4            4213 1994-03-02 15:31 ./usr/opt/OSCX200/src/man/Xt/XtAppATO.man
-r--r--r-- 3/4            4867 1994-03-02 15:31 ./usr/opt/OSCX200/src/man/Xt/XtAppAI.man
-r--r--r-- 3/4            3935 1994-03-02 15:31 ./usr/opt/OSCX200/src/man/Xt/XtAppAC.man
-r--r--r-- 3/4            3572 1994-03-02 15:31 ./usr/opt/OSCX200/src/man/Xt/XtAppAAct.man
-r--r--r-- 3/4            5279 1994-03-02 15:31 ./usr/opt/OSCX200/src/man/Xt/XtAddGrab.man
-r--r--r-- 3/4            3764 1994-03-02 15:31 ./usr/opt/OSCX200/src/man/Xt/XtAddETReg.man
-r--r--r-- 3/4            6219 1994-03-02 15:31 ./usr/opt/OSCX200/src/man/Xt/XtAddEHand.man
-r--r--r-- 3/4            5215 1994-03-02 15:31 ./usr/opt/OSCX200/src/man/Xt/XtAddCbk.man
-r--r--r-- 3/4            9444 1994-03-02 15:31 ./usr/opt/OSCX200/src/man/Xt/Imakefile
-r--r--r-- 3/4            7323 1994-03-02 15:31 ./usr/opt/OSCX200/src/man/Xlib/XmbTPCEx.man
-r--r--r-- 3/4            5788 1994-03-02 15:31 ./usr/opt/OSCX200/src/man/Xlib/XmbTExt.man
-r--r--r-- 3/4            4325 1994-03-02 15:31 ./usr/opt/OSCX200/src/man/Xlib/XmbTEsc.man
-r--r--r-- 3/4            3826 1994-03-02 15:31 ./usr/opt/OSCX200/src/man/Xlib/XmbRIC.man
-r--r--r-- 3/4            7418 1994-03-02 15:31 ./usr/opt/OSCX200/src/man/Xlib/XmbLStr.man
-r--r--r-- 3/4            3230 1994-03-02 15:31 ./usr/opt/OSCX200/src/man/Xlib/XNoOp.man
-r--r--r-- 3/4            6273 1994-03-02 15:31 ./usr/opt/OSCX200/src/man/Xlib/XmbDTxt.man
-r--r--r-- 3/4            5143 1994-03-02 15:31 ./usr/opt/OSCX200/src/man/Xlib/XmbDStr.man
-r--r--r-- 3/4            5418 1994-03-02 15:31 ./usr/opt/OSCX200/src/man/Xlib/XmbDIStr.man
-r--r--r-- 3/4            7219 1994-03-02 15:31 ./usr/opt/OSCX200/src/man/Xlib/XcmsTQMC.man
-r--r--r-- 3/4            4597 1994-03-02 15:31 ./usr/opt/OSCX200/src/man/Xlib/XcmsSWP.man
-r--r--r-- 3/4            8154 1994-03-02 15:31 ./usr/opt/OSCX200/src/man/Xlib/XcmsSClr.man
-r--r--r-- 3/4            7940 1994-03-02 15:31 ./usr/opt/OSCX200/src/man/Xlib/XcmsQClr.man
-r--r--r-- 3/4            5341 1994-03-02 15:31 ./usr/opt/OSCX200/src/man/Xlib/XcmsQBlk.man
-r--r--r-- 3/4            6091 1994-03-02 15:31 ./usr/opt/OSCX200/src/man/Xlib/XcmsLuQMC.man
-r--r--r-- 3/4            6022 1994-03-02 15:31 ./usr/opt/OSCX200/src/man/Xlib/XcmsLaQMC.man
-r--r--r-- 3/4            3701 1994-03-02 15:31 ./usr/opt/OSCX200/src/man/Xlib/XcmsD3C.man
-r--r--r-- 3/4            5443 1994-03-02 15:31 ./usr/opt/OSCX200/src/man/Xlib/XcmsCre3C.man
-r--r--r-- 3/4            5305 1994-03-02 15:31 ./usr/opt/OSCX200/src/man/Xlib/XcmsClr.man
-r--r--r-- 3/4            4959 1994-03-02 15:31 ./usr/opt/OSCX200/src/man/Xlib/XcmsCClrs.man
-r--r--r-- 3/4            7445 1994-03-02 15:31 ./usr/opt/OSCX200/src/man/Xlib/XcmsAClr.man
-r--r--r-- 3/4            4333 1994-03-02 15:31 ./usr/opt/OSCX200/src/man/Xlib/Xcms3CoC.man
-r--r--r-- 3/4            6008 1994-03-02 15:31 ./usr/opt/OSCX200/src/man/Xlib/XWarpPntr.man
-r--r--r-- 3/4            5883 1994-03-02 15:31 ./usr/opt/OSCX200/src/man/Xlib/XVEvent.man
-r--r--r-- 3/4            3587 1994-03-02 15:31 ./usr/opt/OSCX200/src/man/Xlib/XVCNList.man
-r--r--r-- 3/4            5378 1994-03-02 15:31 ./usr/opt/OSCX200/src/man/Xlib/XUnmapWin.man
-r--r--r-- 3/4            5094 1994-03-02 15:31 ./usr/opt/OSCX200/src/man/Xlib/XUmapEven.man
-r--r--r-- 3/4            7822 1994-03-02 15:31 ./usr/opt/OSCX200/src/man/Xlib/XUQuark.man
-r--r--r-- 3/4            5474 1994-03-02 15:31 ./usr/opt/OSCX200/src/man/Xlib/XTranWCo.man
-r--r--r-- 3/4            4133 1994-03-02 15:31 ./usr/opt/OSCX200/src/man/Xlib/XTextWid.man
-r--r--r-- 3/4            9304 1994-03-02 15:31 ./usr/opt/OSCX200/src/man/Xlib/XTextExt.man
-r--r--r-- 3/4           10986 1994-03-02 15:31 ./usr/opt/OSCX200/src/man/Xlib/XTLTTProp.man
-r--r--r-- 3/4            4488 1994-03-02 15:31 ./usr/opt/OSCX200/src/man/Xlib/XSync.man
-r--r--r-- 3/4            6158 1994-03-02 15:31 ./usr/opt/OSCX200/src/man/Xlib/XSupLoc.man
-r--r--r-- 3/4            5465 1994-03-02 15:31 ./usr/opt/OSCX200/src/man/Xlib/XStTKsym.man
-r--r--r-- 3/4            9287 1994-03-02 15:31 ./usr/opt/OSCX200/src/man/Xlib/XStColors.man
-r--r--r-- 3/4            8145 1994-03-02 15:31 ./usr/opt/OSCX200/src/man/Xlib/XStBytes.man
-r--r--r-- 3/4            6060 1994-03-02 15:31 ./usr/opt/OSCX200/src/man/Xlib/XSeWMProt.man
-r--r--r-- 3/4           10925 1994-03-02 15:31 ./usr/opt/OSCX200/src/man/Xlib/XSeWMProp.man
-r--r--r-- 3/4            7179 1994-03-02 15:31 ./usr/opt/OSCX200/src/man/Xlib/XSeWMName.man
-r--r--r-- 3/4            6826 1994-03-02 15:31 ./usr/opt/OSCX200/src/man/Xlib/XSeWMINam.man
-r--r--r-- 3/4            6354 1994-03-02 15:31 ./usr/opt/OSCX200/src/man/Xlib/XSeWMCWin.man
-r--r--r-- 3/4            4551 1994-03-02 15:31 ./usr/opt/OSCX200/src/man/Xlib/XSeWMCMac.man
-r--r--r-- 3/4            6692 1994-03-02 15:31 ./usr/opt/OSCX200/src/man/Xlib/XSeTile.man
-r--r--r-- 3/4            7006 1994-03-02 15:31 ./usr/opt/OSCX200/src/man/Xlib/XSeTProp.man
-r--r--r-- 3/4            5164 1994-03-02 15:31 ./usr/opt/OSCX200/src/man/Xlib/XSeTFHint.man
-r--r--r-- 3/4            7735 1994-03-02 15:31 ./usr/opt/OSCX200/src/man/Xlib/XSeState.man
-r--r--r-- 3/4            7981 1994-03-02 15:31 ./usr/opt/OSCX200/src/man/Xlib/XSeSelOwn.man
-r--r--r-- 3/4            9505 1994-03-02 15:31 ./usr/opt/OSCX200/src/man/Xlib/XSeScSav.man
-r--r--r-- 3/4            5511 1994-03-02 15:31 ./usr/opt/OSCX200/src/man/Xlib/XSePMap.man
-r--r--r-- 3/4            8456 1994-03-02 15:31 ./usr/opt/OSCX200/src/man/Xlib/XSeLAttr.man
-r--r--r-- 3/4            7405 1994-03-02 15:31 ./usr/opt/OSCX200/src/man/Xlib/XSeInFoc.man
-r--r--r-- 3/4            6547 1994-03-02 15:31 ./usr/opt/OSCX200/src/man/Xlib/XSeFontP.man
-r--r--r-- 3/4            4563 1994-03-02 15:31 ./usr/opt/OSCX200/src/man/Xlib/XSeFont.man
-r--r--r-- 3/4            5705 1994-03-02 15:31 ./usr/opt/OSCX200/src/man/Xlib/XSeFillS.man
-r--r--r-- 3/4            2016 1994-03-02 15:31 ./usr/opt/OSCX200/src/man/Imakefile
-r--r--r-- 3/4            9385 1994-03-02 15:31 ./usr/opt/OSCX200/src/man/Xlib/XSeEvent.man
-r--r--r-- 3/4            8892 1994-03-02 15:31 ./usr/opt/OSCX200/src/man/Xlib/XSeErrHan.man
-r--r--r-- 3/4            5818 1994-03-02 15:31 ./usr/opt/OSCX200/src/man/Xlib/XSeCmd.man
-r--r--r-- 3/4            5755 1994-03-02 15:31 ./usr/opt/OSCX200/src/man/Xlib/XSeClosDM.man
-r--r--r-- 3/4            8721 1994-03-02 15:31 ./usr/opt/OSCX200/src/man/Xlib/XSeClipO.man
-r--r--r-- 3/4            6560 1994-03-02 15:31 ./usr/opt/OSCX200/src/man/Xlib/XSeArcMod.man
-r--r--r-- 3/4            5306 1994-03-02 15:31 ./usr/opt/OSCX200/src/man/Xlib/XSREvent.man
-r--r--r-- 3/4            6206 1994-03-02 15:31 ./usr/opt/OSCX200/src/man/Xlib/XSLTTProp.man
-r--r--r-- 3/4            5353 1994-03-02 15:31 ./usr/opt/OSCX200/src/man/Xlib/XSInput.man
-r--r--r-- 3/4            5436 1994-03-02 15:31 ./usr/opt/OSCX200/src/man/Xlib/XSICVals.man
-r--r--r-- 3/4            3846 1994-03-02 15:31 ./usr/opt/OSCX200/src/man/Xlib/XSICFoc.man
-r--r--r-- 3/4            5299 1994-03-02 15:31 ./usr/opt/OSCX200/src/man/Xlib/XSEvent.man
-r--r--r-- 3/4            5341 1994-03-02 15:31 ./usr/opt/OSCX200/src/man/Xlib/XSContext.man
-r--r--r-- 3/4            4950 1994-03-02 15:31 ./usr/opt/OSCX200/src/man/Xlib/XSCEvent.man
-r--r--r-- 3/4            5725 1994-03-02 15:31 ./usr/opt/OSCX200/src/man/Xlib/XReparWin.man
-r--r--r-- 3/4            7055 1994-03-02 15:31 ./usr/opt/OSCX200/src/man/Xlib/XRecCur.man
-r--r--r-- 3/4            9533 1994-03-02 15:31 ./usr/opt/OSCX200/src/man/Xlib/XReadBF.man
-r--r--r-- 3/4           10720 1994-03-02 15:31 ./usr/opt/OSCX200/src/man/Xlib/XRaiseWin.man
-r--r--r-- 3/4            4823 1994-03-02 15:31 ./usr/opt/OSCX200/src/man/Xlib/XRREvent.man
-r--r--r-- 3/4            4438 1994-03-02 15:31 ./usr/opt/OSCX200/src/man/Xlib/XRMStr.man
-r--r--r-- 3/4            5362 1994-03-02 15:31 ./usr/opt/OSCX200/src/man/Xlib/XREvent.man
-r--r--r-- 3/4            4939 1994-03-02 15:31 ./usr/opt/OSCX200/src/man/Xlib/XQTree.man
-r--r--r-- 3/4            6100 1994-03-02 15:31 ./usr/opt/OSCX200/src/man/Xlib/XQPointer.man
-r--r--r-- 3/4           10734 1994-03-02 15:31 ./usr/opt/OSCX200/src/man/Xlib/XQColor.man
-r--r--r-- 3/4            2278 1994-03-02 15:31 ./usr/opt/OSCX200/src/man/Xext/Imakefile
-r--r--r-- 3/4            7704 1994-03-02 15:31 ./usr/opt/OSCX200/src/man/Xlib/XQBSize.man
-r--r--r-- 3/4            6862 1994-03-02 15:31 ./usr/opt/OSCX200/src/man/Xlib/XPutRes.man
-r--r--r-- 3/4           13093 1994-03-02 15:31 ./usr/opt/OSCX200/src/man/Xlib/XPutImage.man
-r--r--r-- 3/4            3837 1994-03-02 15:31 ./usr/opt/OSCX200/src/man/Xlib/XPutBEvnt.man
-r--r--r-- 3/4            4752 1994-03-02 15:31 ./usr/opt/OSCX200/src/man/Xlib/XPolyReg.man
-r--r--r-- 3/4            8565 1994-03-02 15:31 ./usr/opt/OSCX200/src/man/Xlib/XParGeom.man
-r--r--r-- 3/4            5635 1994-03-02 15:31 ./usr/opt/OSCX200/src/man/Xlib/XPEvent.man
-r--r--r-- 3/4            7110 1994-03-02 15:31 ./usr/opt/OSCX200/src/man/Xlib/XOpenIM.man
-r--r--r-- 3/4            6513 1994-03-02 15:31 ./usr/opt/OSCX200/src/man/Xlib/XOpDsply.man
-r--r--r-- 3/4           10532 1994-03-02 15:31 ./usr/opt/OSCX200/src/man/Xlib/XNEvent.man
-r--r--r-- 3/4            7259 1994-03-02 15:31 ./usr/opt/OSCX200/src/man/Xlib/XMapWin.man
-r--r--r-- 3/4            4723 1994-03-02 15:31 ./usr/opt/OSCX200/src/man/Xlib/XMREvent.man
-r--r--r-- 3/4            7120 1994-03-02 15:31 ./usr/opt/OSCX200/src/man/Xlib/XMEvent.man
-r--r--r-- 3/4            6108 1994-03-02 15:31 ./usr/opt/OSCX200/src/man/Xlib/XMDBases.man
-r--r--r-- 3/4            7681 1994-03-02 15:31 ./usr/opt/OSCX200/src/man/Xlib/XLookKsym.man
-r--r--r-- 3/4           16548 1994-03-02 15:31 ./usr/opt/OSCX200/src/man/Xlib/XLoadFont.man
-r--r--r-- 3/4            8017 1994-03-02 15:31 ./usr/opt/OSCX200/src/man/Xlib/XListFont.man
-r--r--r-- 3/4            5068 1994-03-02 15:31 ./usr/opt/OSCX200/src/man/Xlib/XKMapEven.man
-r--r--r-- 3/4            6228 1994-03-02 15:31 ./usr/opt/OSCX200/src/man/Xlib/XInternA.man
-r--r--r-- 3/4            6953 1994-03-02 15:31 ./usr/opt/OSCX200/src/man/Xlib/XInterReg.man
-r--r--r-- 3/4            6986 1994-03-02 15:31 ./usr/opt/OSCX200/src/man/Xlib/XInstCmap.man
-r--r--r-- 3/4            4084 1994-03-02 15:31 ./usr/opt/OSCX200/src/man/Xlib/XGrServer.man
-r--r--r-- 3/4            7385 1994-03-02 15:31 ./usr/opt/OSCX200/src/man/Xlib/XInitial.man
-r--r--r-- 3/4            5803 1994-03-02 15:31 ./usr/opt/OSCX200/src/man/Xlib/XIfEvent.man
-r--r--r-- 3/4            7203 1994-03-02 15:31 ./usr/opt/OSCX200/src/man/Xlib/XIcWin.man
-r--r--r-- 3/4           12171 1994-03-02 15:31 ./usr/opt/OSCX200/src/man/Xlib/XGrPntr.man
-r--r--r-- 3/4            8448 1994-03-02 15:31 ./usr/opt/OSCX200/src/man/Xlib/XGrKeybrd.man
-r--r--r-- 3/4            8710 1994-03-02 15:31 ./usr/opt/OSCX200/src/man/Xlib/XGrKey.man
-r--r--r-- 3/4            9760 1994-03-02 15:31 ./usr/opt/OSCX200/src/man/Xlib/XGrButton.man
-r--r--r-- 3/4           15940 1994-03-02 15:31 ./usr/opt/OSCX200/src/man/Xlib/XGetWProp.man
-r--r--r-- 3/4           11345 1994-03-02 15:31 ./usr/opt/OSCX200/src/man/Xlib/XGetWAttr.man
-r--r--r-- 3/4            6487 1994-03-02 15:31 ./usr/opt/OSCX200/src/man/Xlib/XGetVInfo.man
-r--r--r-- 3/4           10058 1994-03-02 15:31 ./usr/opt/OSCX200/src/man/Xlib/XGetRes.man
-r--r--r-- 3/4            9805 1994-03-02 15:31 ./usr/opt/OSCX200/src/man/Xlib/XGFDBase.man
-r--r--r-- 3/4            5022 1994-03-02 15:31 ./usr/opt/OSCX200/src/man/Xlib/XGEvent.man
-r--r--r-- 3/4            6688 1994-03-02 15:31 ./usr/opt/OSCX200/src/man/Xlib/XGEEvent.man
-r--r--r-- 3/4            3228 1994-03-02 15:31 ./usr/opt/OSCX200/src/man/Xlib/XFree.man
-r--r--r-- 3/4            6771 1994-03-02 15:31 ./usr/opt/OSCX200/src/man/Xlib/XFofFSet.man
-r--r--r-- 3/4            6831 1994-03-02 15:31 ./usr/opt/OSCX200/src/man/Xlib/XFlush.man
-r--r--r-- 3/4           13198 1994-03-02 15:31 ./usr/opt/OSCX200/src/man/Xlib/XFillRect.man
-r--r--r-- 3/4            4456 1994-03-02 15:31 ./usr/opt/OSCX200/src/man/Xlib/XFSExt.man
-r--r--r-- 3/4            3922 1994-03-02 15:31 ./usr/opt/OSCX200/src/man/Xlib/XFEvent.man
-r--r--r-- 3/4            6037 1994-03-02 15:31 ./usr/opt/OSCX200/src/man/Xlib/XFCEvent.man
-r--r--r-- 3/4            5427 1994-03-02 15:31 ./usr/opt/OSCX200/src/man/Xlib/XExpEvent.man
-r--r--r-- 3/4            4387 1994-03-02 15:31 ./usr/opt/OSCX200/src/man/Xlib/XErrEvent.man
-r--r--r-- 3/4            3657 1994-03-02 15:31 ./usr/opt/OSCX200/src/man/Xlib/XEofFSet.man
-r--r--r-- 3/4            5254 1994-03-02 15:31 ./usr/opt/OSCX200/src/man/Xlib/XEnumDB.man
-r--r--r-- 3/4            5638 1994-03-02 15:31 ./usr/opt/OSCX200/src/man/Xlib/XERegion.man
-r--r--r-- 3/4            8642 1994-03-02 15:31 ./usr/opt/OSCX200/src/man/Xlib/XDrText.man
-r--r--r-- 3/4            6493 1994-03-02 15:31 ./usr/opt/OSCX200/src/man/Xlib/XDrString.man
-r--r--r-- 3/4            7306 1994-03-02 15:31 ./usr/opt/OSCX200/src/man/Xlib/XDrRect.man
-r--r--r-- 3/4            7261 1994-03-02 15:31 ./usr/opt/OSCX200/src/man/Xlib/XDrPoint.man
-r--r--r-- 3/4            9463 1994-03-02 15:31 ./usr/opt/OSCX200/src/man/Xlib/XDrLine.man
-r--r--r-- 3/4            7033 1994-03-02 15:31 ./usr/opt/OSCX200/src/man/Xlib/XDrIStr.man
-r--r--r-- 3/4           10769 1994-03-02 15:31 ./usr/opt/OSCX200/src/man/Xlib/XDrArc.man
-r--r--r-- 3/4            5675 1994-03-02 15:31 ./usr/opt/OSCX200/src/man/Xlib/XDesWin.man
-r--r--r-- 3/4            5185 1994-03-02 15:31 ./usr/opt/OSCX200/src/man/Xlib/XDefCur.man
-r--r--r-- 3/4            4850 1994-03-02 15:31 ./usr/opt/OSCX200/src/man/Xlib/XDWEvent.man
-r--r--r-- 3/4            8201 1994-03-02 15:31 ./usr/opt/OSCX200/src/man/Xlib/XCroEvent.man
-r--r--r-- 3/4           13998 1994-03-02 15:31 ./usr/opt/OSCX200/src/man/Xlib/XCreWin.man
-r--r--r-- 3/4            4539 1994-03-02 15:31 ./usr/opt/OSCX200/src/man/Xlib/XCreReg.man
-r--r--r-- 3/4            6526 1994-03-02 15:31 ./usr/opt/OSCX200/src/man/Xlib/XCrePmap.man
-r--r--r-- 3/4            8957 1994-03-02 15:31 ./usr/opt/OSCX200/src/man/Xlib/XCreImage.man
-r--r--r-- 3/4            5171 1994-03-02 15:31 ./usr/opt/OSCX200/src/man/Xlib/XCreIC.man
-r--r--r-- 3/4            4594 1994-03-02 15:31 ./usr/opt/OSCX200/src/man/Xlib/XAllEvnt.man
-r--r--r-- 3/4           28454 1994-03-02 15:31 ./usr/opt/OSCX200/src/man/Xlib/XCreGC.man
-r--r--r-- 3/4           11347 1994-03-02 15:31 ./usr/opt/OSCX200/src/man/Xlib/XCreFSet.man
-r--r--r-- 3/4           10674 1994-03-02 15:31 ./usr/opt/OSCX200/src/man/Xlib/XCreFCur.man
-r--r--r-- 3/4           10866 1994-03-02 15:31 ./usr/opt/OSCX200/src/man/Xlib/XCreCmap.man
-r--r--r-- 3/4            9662 1994-03-02 15:31 ./usr/opt/OSCX200/src/man/Xlib/XCopyArea.man
-r--r--r-- 3/4           12691 1994-03-02 15:31 ./usr/opt/OSCX200/src/man/Xlib/XConfWin.man
-r--r--r-- 3/4            5383 1994-03-02 15:31 ./usr/opt/OSCX200/src/man/Xlib/XConREven.man
-r--r--r-- 3/4            5886 1994-03-02 15:31 ./usr/opt/OSCX200/src/man/Xlib/XConEvent.man
-r--r--r-- 3/4            5512 1994-03-02 15:31 ./usr/opt/OSCX200/src/man/Xlib/XCmpEvent.man
-r--r--r-- 3/4            6979 1994-03-02 15:31 ./usr/opt/OSCX200/src/man/Xlib/XClrArea.man
-r--r--r-- 3/4            5083 1994-03-02 15:31 ./usr/opt/OSCX200/src/man/Xlib/XCirREven.man
-r--r--r-- 3/4            5153 1994-03-02 15:31 ./usr/opt/OSCX200/src/man/Xlib/XCirEvent.man
-r--r--r-- 3/4            5567 1994-03-02 15:31 ./usr/opt/OSCX200/src/man/Xlib/XCWEvent.man
-r--r--r-- 3/4           13561 1994-03-02 15:31 ./usr/opt/OSCX200/src/man/Xlib/XCWAttrib.man
-r--r--r-- 3/4            6006 1994-03-02 15:31 ./usr/opt/OSCX200/src/man/Xlib/XCSSet.man
-r--r--r-- 3/4            7074 1994-03-02 15:31 ./usr/opt/OSCX200/src/man/Xlib/XCPCntrl.man
-r--r--r-- 3/4            5333 1994-03-02 15:31 ./usr/opt/OSCX200/src/man/Xlib/XCMEvent.man
-r--r--r-- 3/4            9421 1994-03-02 15:31 ./usr/opt/OSCX200/src/man/Xlib/XButEvent.man
-r--r--r-- 3/4           12809 1994-03-02 15:31 ./usr/opt/OSCX200/src/man/Xlib/XCKMping.man
-r--r--r-- 3/4           12651 1994-03-02 15:31 ./usr/opt/OSCX200/src/man/Xlib/XCKCntrl.man
-r--r--r-- 3/4            6487 1994-03-02 15:31 ./usr/opt/OSCX200/src/man/Xlib/XAnyEvent.man
-r--r--r-- 3/4           15621 1994-03-02 15:31 ./usr/opt/OSCX200/src/man/Xlib/XAllColor.man
-r--r--r-- 3/4            9850 1994-03-02 15:31 ./usr/opt/OSCX200/src/man/Xlib/XAddHost.man
-r--r--r-- 3/4            9246 1994-03-02 15:31 ./usr/opt/OSCX200/src/man/Xlib/XAWMHints.man
-r--r--r-- 3/4           12108 1994-03-02 15:31 ./usr/opt/OSCX200/src/man/Xlib/XASHints.man
-r--r--r-- 3/4           10817 1994-03-02 15:31 ./usr/opt/OSCX200/src/man/Xlib/XASCmap.man
-r--r--r-- 3/4            6576 1994-03-02 15:31 ./usr/opt/OSCX200/src/man/Xlib/XAIcSize.man
-r--r--r-- 3/4            6639 1994-03-02 15:31 ./usr/opt/OSCX200/src/man/Xlib/XACHints.man
-r--r--r-- 3/4            3887 1994-03-02 15:31 ./usr/opt/OSCX200/src/man/Xlib/IsCKey.man
-r--r--r-- 3/4           29890 1994-03-02 15:31 ./usr/opt/OSCX200/src/man/Xlib/Imakefile
-r--r--r-- 3/4            5579 1994-03-02 15:31 ./usr/opt/OSCX200/src/man/Xlib/ImageOrd.man
-r--r--r-- 3/4            4005 1994-03-02 15:31 ./usr/opt/OSCX200/src/man/Xlib/Dis3C.man
-r--r--r-- 3/4            6376 1994-03-02 15:31 ./usr/opt/OSCX200/src/man/Xlib/BlkPScrn.man
-r--r--r-- 3/4            8416 1994-03-02 15:31 ./usr/opt/OSCX200/src/man/Xlib/AllPlanes.man
-r--r--r-- 3/4            4295 1994-03-02 15:31 ./usr/opt/OSCX200/src/man/Xext/XShape.man
-r--r--r-- 3/4           10364 1994-03-02 15:31 ./usr/opt/OSCX200/src/man/Xext/Xmbuf.man
-r--r--r-- 3/4            3129 1994-03-02 15:30 ./usr/opt/OSCX200/src/man/XI/XSetMode.man
-r--r--r-- 3/4            3649 1994-03-02 15:30 ./usr/opt/OSCX200/src/man/XI/XSetDVal.man
-r--r--r-- 3/4            6283 1994-03-02 15:30 ./usr/opt/OSCX200/src/man/XI/XSelExtEv.man
-r--r--r-- 3/4            7178 1994-03-02 15:30 ./usr/opt/OSCX200/src/man/XI/XSeDvFoc.man
-r--r--r-- 3/4            4716 1994-03-02 15:30 ./usr/opt/OSCX200/src/man/XI/XSeBMap.man
-r--r--r-- 3/4            5787 1994-03-02 15:30 ./usr/opt/OSCX200/src/man/XI/XSExEvnt.man
-r--r--r-- 3/4            3528 1994-03-02 15:30 ./usr/opt/OSCX200/src/man/XI/XQueryDv.man
-r--r--r-- 3/4            5623 1994-03-02 15:30 ./usr/opt/OSCX200/src/man/XI/XOpenDev.man
-r--r--r-- 3/4            7747 1994-03-02 15:30 ./usr/opt/OSCX200/src/man/XI/XListDev.man
-r--r--r-- 3/4            7692 1994-03-02 15:30 ./usr/opt/OSCX200/src/man/XI/XGrabDev.man
-r--r--r-- 3/4            8241 1994-03-02 15:30 ./usr/opt/OSCX200/src/man/XI/XGrDvKey.man
-r--r--r-- 3/4            8049 1994-03-02 15:30 ./usr/opt/OSCX200/src/man/XI/XGrDvBut.man
-r--r--r-- 3/4            5193 1994-03-02 15:30 ./usr/opt/OSCX200/src/man/XI/XGetDvMo.man
-r--r--r-- 3/4            3742 1994-03-02 15:30 ./usr/opt/OSCX200/src/man/XI/XDevBell.man
-r--r--r-- 3/4            3893 1994-03-02 15:30 ./usr/opt/OSCX200/src/man/XI/XChgPtr.man
-r--r--r-- 3/4            3584 1994-03-02 15:30 ./usr/opt/OSCX200/src/man/XI/XChgKbd.man
-r--r--r-- 3/4            4568 1994-03-02 15:30 ./usr/opt/OSCX200/src/man/XI/XChProp.man
-r--r--r-- 3/4            5621 1994-03-02 15:30 ./usr/opt/OSCX200/src/man/XI/XChMMap.man
-r--r--r-- 3/4            6794 1994-03-02 15:30 ./usr/opt/OSCX200/src/man/XI/XChKMap.man
-r--r--r-- 3/4            9665 1994-03-02 15:30 ./usr/opt/OSCX200/src/man/XI/XChFCtl.man
-r--r--r-- 3/4            6766 1994-03-02 15:30 ./usr/opt/OSCX200/src/man/XI/XAllDvEv.man
-r--r--r-- 3/4            4473 1994-03-02 15:30 ./usr/opt/OSCX200/src/man/XI/Imakefile
-r--r--r-- 3/4            5324 1994-03-02 15:31 ./usr/opt/OSCX200/src/man/Standards.man
-r--r--r-- 3/4            7607 1994-03-02 15:30 ./usr/opt/OSCX200/src/man/Consortium.man
-r--r--r-- 3/4           48139 1994-03-02 15:31 ./usr/opt/OSCX200/src/man/X.man
