-r--r--r-- 3/4           53660 1994-03-02 15:27 ./usr/opt/OSCX200/src/include/keysymdef.h
-r--r--r-- 3/4            2999 1994-03-02 15:27 ./usr/opt/OSCX200/src/include/keysym.h
-r--r--r-- 3/4            2143 1994-03-02 15:27 ./usr/opt/OSCX200/src/include/copyright.h
-r--r--r-- 3/4            3293 1991-12-15 22:37 ./usr/opt/OSCX200/src/include/bitmaps/xlogo64
-r--r--r-- 3/4             884 1991-12-15 22:37 ./usr/opt/OSCX200/src/include/bitmaps/xlogo32
-r--r--r-- 3/4             293 1991-12-15 22:37 ./usr/opt/OSCX200/src/include/bitmaps/xlogo16
-r--r--r-- 3/4             219 1991-12-15 22:37 ./usr/opt/OSCX200/src/include/bitmaps/xlogo11
-r--r--r-- 3/4            1886 1991-12-15 22:37 ./usr/opt/OSCX200/src/include/bitmaps/xfd_icon
-r--r--r-- 3/4            4778 1991-12-15 22:37 ./usr/opt/OSCX200/src/include/bitmaps/woman
-r--r--r-- 3/4             887 1991-12-15 22:37 ./usr/opt/OSCX200/src/include/bitmaps/wingdogs
-r--r--r-- 3/4             293 1991-12-15 22:37 ./usr/opt/OSCX200/src/include/bitmaps/wide_weave
-r--r--r-- 3/4             175 1991-12-15 22:37 ./usr/opt/OSCX200/src/include/bitmaps/weird_size
-r--r--r-- 3/4              90 1991-12-15 22:37 ./usr/opt/OSCX200/src/include/bitmaps/vlines3
-r--r--r-- 3/4              90 1991-12-15 22:37 ./usr/opt/OSCX200/src/include/bitmaps/vlines2
-r--r--r-- 3/4             296 1991-12-15 22:37 ./usr/opt/OSCX200/src/include/bitmaps/tie_fighter
-r--r--r-- 3/4            3798 1991-12-15 22:37 ./usr/opt/OSCX200/src/include/bitmaps/terminal
-r--r--r-- 3/4             281 1991-12-15 22:37 ./usr/opt/OSCX200/src/include/bitmaps/target
-r--r--r-- 3/4             133 1991-12-15 22:37 ./usr/opt/OSCX200/src/include/bitmaps/stipple
-r--r--r-- 3/4             337 1991-12-15 22:37 ./usr/opt/OSCX200/src/include/bitmaps/starMask
-r--r--r-- 3/4             317 1991-12-15 22:37 ./usr/opt/OSCX200/src/include/bitmaps/star
-r--r--r-- 3/4             919 1991-12-15 22:37 ./usr/opt/OSCX200/src/include/bitmaps/sipb
-r--r--r-- 3/4             281 1991-12-15 22:37 ./usr/opt/OSCX200/src/include/bitmaps/scales
-r--r--r-- 3/4             117 1991-12-15 22:37 ./usr/opt/OSCX200/src/include/bitmaps/root_weave
-r--r--r-- 3/4             299 1991-12-15 22:37 ./usr/opt/OSCX200/src/include/bitmaps/right_ptrmsk
-r--r--r-- 3/4             343 1991-12-15 22:37 ./usr/opt/OSCX200/src/include/bitmaps/right_ptr
-r--r--r-- 3/4             537 1991-12-15 22:36 ./usr/opt/OSCX200/src/include/bitmaps/plaid
-r--r--r-- 3/4             352 1991-12-15 22:36 ./usr/opt/OSCX200/src/include/bitmaps/opendotMask
-r--r--r-- 3/4             332 1991-12-15 22:36 ./usr/opt/OSCX200/src/include/bitmaps/opendot
-r--r--r-- 3/4            1889 1991-12-15 22:37 ./usr/opt/OSCX200/src/include/bitmaps/noletters
-r--r--r-- 3/4             126 1991-12-15 22:37 ./usr/opt/OSCX200/src/include/bitmaps/menu8
-r--r--r-- 3/4             120 1991-12-15 22:36 ./usr/opt/OSCX200/src/include/bitmaps/menu6
-r--r--r-- 3/4             281 1991-12-15 22:37 ./usr/opt/OSCX200/src/include/bitmaps/menu16
-r--r--r-- 3/4             239 1991-12-15 22:37 ./usr/opt/OSCX200/src/include/bitmaps/menu12
-r--r--r-- 3/4             206 1991-12-15 22:37 ./usr/opt/OSCX200/src/include/bitmaps/menu10
-r--r--r-- 3/4           18623 1991-12-15 22:37 ./usr/opt/OSCX200/src/include/bitmaps/mensetmanus
-r--r--r-- 3/4            1895 1991-12-15 22:37 ./usr/opt/OSCX200/src/include/bitmaps/mailfullmsk
-r--r--r-- 3/4            1895 1991-12-15 22:37 ./usr/opt/OSCX200/src/include/bitmaps/mailfull
-r--r--r-- 3/4            1889 1991-12-15 22:37 ./usr/opt/OSCX200/src/include/bitmaps/mailemptymsk
-r--r--r-- 3/4            1898 1991-12-15 22:37 ./usr/opt/OSCX200/src/include/bitmaps/mailempty
-r--r--r-- 3/4             105 1991-12-15 22:36 ./usr/opt/OSCX200/src/include/bitmaps/light_gray
-r--r--r-- 3/4            1883 1991-12-15 22:37 ./usr/opt/OSCX200/src/include/bitmaps/letters
-r--r--r-- 3/4             296 1991-12-15 22:36 ./usr/opt/OSCX200/src/include/bitmaps/left_ptrmsk
-r--r--r-- 3/4             337 1991-12-15 22:36 ./usr/opt/OSCX200/src/include/bitmaps/left_ptr
-r--r--r-- 3/4             293 1991-12-15 22:37 ./usr/opt/OSCX200/src/include/bitmaps/keyboard16
-r--r--r-- 3/4             275 1991-12-15 22:36 ./usr/opt/OSCX200/src/include/bitmaps/icon
-r--r--r-- 3/4             102 1991-12-15 22:37 ./usr/opt/OSCX200/src/include/bitmaps/hlines3
-r--r--r-- 3/4              96 1991-12-15 22:37 ./usr/opt/OSCX200/src/include/bitmaps/hlines2
-r--r--r-- 3/4             126 1991-12-15 22:37 ./usr/opt/OSCX200/src/include/bitmaps/grid8
-r--r--r-- 3/4             102 1991-12-15 22:37 ./usr/opt/OSCX200/src/include/bitmaps/grid4
-r--r--r-- 3/4              90 1991-12-15 22:37 ./usr/opt/OSCX200/src/include/bitmaps/grid2
-r--r--r-- 3/4             281 1991-12-15 22:37 ./usr/opt/OSCX200/src/include/bitmaps/grid16
-r--r--r-- 3/4             102 1991-12-15 22:36 ./usr/opt/OSCX200/src/include/bitmaps/gray3
-r--r--r-- 3/4              90 1991-12-15 22:37 ./usr/opt/OSCX200/src/include/bitmaps/gray1
-r--r--r-- 3/4              87 1991-12-15 22:36 ./usr/opt/OSCX200/src/include/bitmaps/gray
-r--r--r-- 3/4             111 1991-12-15 22:36 ./usr/opt/OSCX200/src/include/bitmaps/flipped_gray
-r--r--r-- 3/4            1880 1991-12-15 22:36 ./usr/opt/OSCX200/src/include/bitmaps/flagup
-r--r--r-- 3/4            1886 1991-12-15 22:36 ./usr/opt/OSCX200/src/include/bitmaps/flagdown
-r--r--r-- 3/4             135 1991-12-15 22:37 ./usr/opt/OSCX200/src/include/bitmaps/dropbar8
-r--r--r-- 3/4             117 1991-12-15 22:37 ./usr/opt/OSCX200/src/include/bitmaps/dropbar7
-r--r--r-- 3/4             272 1991-12-15 22:36 ./usr/opt/OSCX200/src/include/bitmaps/dot
-r--r--r-- 3/4             284 1991-12-15 22:36 ./usr/opt/OSCX200/src/include/bitmaps/dimple3
-r--r--r-- 3/4             284 1991-12-15 22:36 ./usr/opt/OSCX200/src/include/bitmaps/dimple1
-r--r--r-- 3/4             296 1991-12-15 22:36 ./usr/opt/OSCX200/src/include/bitmaps/cross_weave
-r--r--r-- 3/4             296 1991-12-15 22:36 ./usr/opt/OSCX200/src/include/bitmaps/cntr_ptrmsk
-r--r--r-- 3/4             337 1991-12-15 22:36 ./usr/opt/OSCX200/src/include/bitmaps/cntr_ptr
-r--r--r-- 3/4            1274 1991-12-15 22:37 ./usr/opt/OSCX200/src/include/bitmaps/calculator
-r--r--r-- 3/4             278 1991-12-15 22:36 ./usr/opt/OSCX200/src/include/bitmaps/boxes
-r--r--r-- 3/4             278 1991-12-15 22:36 ./usr/opt/OSCX200/src/include/bitmaps/black
-r--r--r-- 3/4            2463 1994-03-02 15:26 ./usr/opt/OSCX200/src/include/bitmaps/Imakefile
-r--r--r-- 3/4             272 1991-12-15 22:36 ./usr/opt/OSCX200/src/include/bitmaps/2x2
-r--r--r-- 3/4           34261 1991-12-15 22:37 ./usr/opt/OSCX200/src/include/bitmaps/escherknot
-r--r--r-- 3/4             272 1991-12-15 22:36 ./usr/opt/OSCX200/src/include/bitmaps/1x1
-r--r--r-- 3/4            3690 1994-03-02 15:27 ./usr/opt/OSCX200/src/include/ap_keysym.h
-r--r--r-- 3/4            3218 1994-03-02 15:27 ./usr/opt/OSCX200/src/include/Xprotostr.h
-r--r--r-- 3/4           56587 1994-03-02 15:27 ./usr/opt/OSCX200/src/include/Xproto.h
-r--r--r-- 3/4            3799 1994-03-02 15:27 ./usr/opt/OSCX200/src/include/Xosdefs.h
-r--r--r-- 3/4            4622 1994-03-02 15:27 ./usr/opt/OSCX200/src/include/Xos.h
-r--r--r-- 3/4            6708 1994-03-02 15:27 ./usr/opt/OSCX200/src/include/Xmd.h
-r--r--r-- 3/4            3105 1994-03-02 15:27 ./usr/opt/OSCX200/src/include/Xfuncs.h
-r--r--r-- 3/4            3668 1994-03-02 15:27 ./usr/opt/OSCX200/src/include/Xfuncproto.h
-r--r--r-- 3/4            3923 1994-03-02 15:27 ./usr/opt/OSCX200/src/include/Xatom.h
-r--r--r-- 3/4            5115 1994-03-02 15:27 ./usr/opt/OSCX200/src/include/XWDFile.h
-r--r--r-- 3/4           19898 1994-03-02 15:27 ./usr/opt/OSCX200/src/include/X.h
-r--r--r-- 3/4            3931 1994-03-02 15:27 ./usr/opt/OSCX200/src/include/Sunkeysym.h
-r--r--r-- 3/4            1405 1994-03-02 15:27 ./usr/opt/OSCX200/src/include/Pgon.h
-r--r--r-- 3/4            1975 1994-03-02 15:27 ./usr/opt/OSCX200/src/include/Imakefile
-r--r--r-- 3/4            3235 1994-03-02 15:27 ./usr/opt/OSCX200/src/include/DECkeysym.h
