-r--r--r-- 3/4            9537 1994-03-02 15:13 ./usr/opt/OSCX200/src/extensions/xv/test/xvt8.c
-r--r--r-- 3/4           14322 1994-03-02 15:13 ./usr/opt/OSCX200/src/extensions/xv/test/xvt7.c
-r--r--r-- 3/4           10119 1994-03-02 15:13 ./usr/opt/OSCX200/src/extensions/xv/test/xvt6.c
-r--r--r-- 3/4           12918 1994-03-02 15:13 ./usr/opt/OSCX200/src/extensions/xv/test/xvt5.c
-r--r--r-- 3/4           10978 1994-03-02 15:13 ./usr/opt/OSCX200/src/extensions/xv/test/xvt4.c
-r--r--r-- 3/4           11662 1994-03-02 15:13 ./usr/opt/OSCX200/src/extensions/xv/test/xvt3.c
-r--r--r-- 3/4           12667 1994-03-02 15:13 ./usr/opt/OSCX200/src/extensions/xv/test/xvt2.c
-r--r--r-- 3/4           15529 1994-03-02 15:13 ./usr/opt/OSCX200/src/extensions/xv/test/xvt1.c
-r--r--r-- 3/4            3027 1994-03-02 15:13 ./usr/opt/OSCX200/src/extensions/xv/test/Imakefile
-r--r--r-- 3/4           49122 1994-03-02 15:13 ./usr/opt/OSCX200/src/extensions/xv/server/xvrop.c
-r--r--r-- 3/4           11382 1994-03-02 15:13 ./usr/opt/OSCX200/src/extensions/xv/server/xvplx.c
-r--r--r-- 3/4            3671 1994-03-02 15:13 ./usr/opt/OSCX200/src/extensions/xv/server/xv_static.c
-r--r--r-- 3/4            3280 1994-03-02 15:13 ./usr/opt/OSCX200/src/extensions/xv/server/Imakefile
-r--r--r-- 3/4           27344 1994-03-02 15:13 ./usr/opt/OSCX200/src/extensions/xv/server/xvmain.c
-r--r--r-- 3/4           29524 1994-03-02 15:13 ./usr/opt/OSCX200/src/extensions/xv/server/xvdisp.c
-r--r--r-- 3/4            5953 1994-03-02 15:13 ./usr/opt/OSCX200/src/extensions/xv/server/xv_load.c
-r--r--r-- 3/4           51239 1994-03-02 15:13 ./usr/opt/OSCX200/src/extensions/xv/server/libpip.c
-r--r--r-- 3/4            1558 1992-09-28 13:14 ./usr/opt/OSCX200/src/extensions/xv/man/man3/XvVideoNotify.3X
-r--r--r-- 3/4            1440 1992-09-28 13:14 ./usr/opt/OSCX200/src/extensions/xv/man/man3/XvUngrabPort.3X
-r--r--r-- 3/4            1668 1992-09-28 13:14 ./usr/opt/OSCX200/src/extensions/xv/man/man3/XvStopVideo.3X
-r--r--r-- 3/4            2732 1992-09-28 13:13 ./usr/opt/OSCX200/src/extensions/xv/man/man3/XvSetPortAttribute.3X
-r--r--r-- 3/4            1449 1992-09-28 13:13 ./usr/opt/OSCX200/src/extensions/xv/man/man3/XvSelectVideoNotify.3X
-r--r--r-- 3/4            1632 1992-09-28 13:13 ./usr/opt/OSCX200/src/extensions/xv/man/man3/XvSelectPortNotify.3X
-r--r--r-- 3/4            1459 1992-09-28 13:13 ./usr/opt/OSCX200/src/extensions/xv/man/man3/XvQueryExtension.3X
-r--r--r-- 3/4            2815 1992-09-28 13:13 ./usr/opt/OSCX200/src/extensions/xv/man/man3/XvQueryEncodings.3X
-r--r--r-- 3/4            2096 1992-09-28 13:13 ./usr/opt/OSCX200/src/extensions/xv/man/man3/XvQueryBestSize.3X
-r--r--r-- 3/4            2745 1992-09-28 13:13 ./usr/opt/OSCX200/src/extensions/xv/man/man3/XvQueryAdaptors.3X
-r--r--r-- 3/4            3566 1992-09-28 13:13 ./usr/opt/OSCX200/src/extensions/xv/man/man3/XvPutVideo.3X
-r--r--r-- 3/4            3239 1992-09-28 13:13 ./usr/opt/OSCX200/src/extensions/xv/man/man3/XvPutStill.3X
-r--r--r-- 3/4            1273 1992-09-28 13:13 ./usr/opt/OSCX200/src/extensions/xv/man/man3/XvPortNotify.3X
-r--r--r-- 3/4            2106 1992-09-28 13:12 ./usr/opt/OSCX200/src/extensions/xv/man/man3/XvGrabPort.3X
-r--r--r-- 3/4            3535 1992-09-28 13:12 ./usr/opt/OSCX200/src/extensions/xv/man/man3/XvGetVideo.3X
-r--r--r-- 3/4            3460 1992-09-28 13:12 ./usr/opt/OSCX200/src/extensions/xv/man/man3/XvGetStill.3X
-r--r--r-- 3/4            2347 1992-09-28 13:12 ./usr/opt/OSCX200/src/extensions/xv/man/man3/XvGetPortAttribute.3X
-r--r--r-- 3/4             635 1992-09-28 13:12 ./usr/opt/OSCX200/src/extensions/xv/man/man3/XvFreeEncodingInfo.3X
-r--r--r-- 3/4             644 1992-09-28 13:12 ./usr/opt/OSCX200/src/extensions/xv/man/man3/XvFreeAdaptorInfo.3X
-r--r--r-- 3/4            2516 1992-09-28 13:12 ./usr/opt/OSCX200/src/extensions/xv/man/man3/Xv.3X
-r--r--r-- 3/4            1699 1994-03-02 15:13 ./usr/opt/OSCX200/src/extensions/xv/include/Imakefile
-r--r--r-- 3/4           17244 1994-03-02 15:13 ./usr/opt/OSCX200/src/extensions/xv/lib/Xv.c
-r--r--r-- 3/4            2897 1994-03-02 15:13 ./usr/opt/OSCX200/src/extensions/xv/lib/Imakefile
-r--r--r-- 3/4            5937 1994-03-02 15:13 ./usr/opt/OSCX200/src/extensions/xv/include/xvrop.h
-r--r--r-- 3/4            7441 1994-03-02 15:13 ./usr/opt/OSCX200/src/extensions/xv/include/xvdix.h
-r--r--r-- 3/4            2265 1994-03-02 15:13 ./usr/opt/OSCX200/src/extensions/xv/include/libpip.h
-r--r--r-- 3/4            4840 1994-03-02 15:13 ./usr/opt/OSCX200/src/extensions/xv/include/i2c.h
-r--r--r-- 3/4           10957 1994-03-02 15:13 ./usr/opt/OSCX200/src/extensions/xv/include/Xvproto.h
-r--r--r-- 3/4            4750 1994-03-02 15:13 ./usr/opt/OSCX200/src/extensions/xv/include/Xvlibint.h
-r--r--r-- 3/4            9683 1994-03-02 15:13 ./usr/opt/OSCX200/src/extensions/xv/include/Xvlib.h
-r--r--r-- 3/4            4063 1994-03-02 15:13 ./usr/opt/OSCX200/src/extensions/xv/include/Xv.h
-r--r--r-- 3/4           20567 1992-09-28 13:00 ./usr/opt/OSCX200/src/extensions/xv/doc/xv-protocol-v2.mem
-r--r--r-- 3/4           43214 1992-09-28 12:58 ./usr/opt/OSCX200/src/extensions/xv/doc/xv-lib-v2.PS.ab
-r--r--r-- 3/4              59 1992-09-28 13:03 ./usr/opt/OSCX200/src/extensions/xv/doc/Makefile
-r--r--r-- 3/4            9814 1994-03-02 15:13 ./usr/opt/OSCX200/src/extensions/xv/clients/vset.c
-r--r--r-- 3/4            1664 1994-03-02 15:13 ./usr/opt/OSCX200/src/extensions/xv/clients/Imakefile
-r--r--r-- 3/4            1679 1994-03-02 15:13 ./usr/opt/OSCX200/src/extensions/xv/Imakefile
-r--r--r-- 3/4            7035 1994-03-02 15:13 ./usr/opt/OSCX200/src/extensions/test/xtesttest.c
-r--r--r-- 3/4            5071 1994-03-02 15:13 ./usr/opt/OSCX200/src/extensions/test/xmbufinfo.c
-r--r--r-- 3/4            4212 1994-03-02 15:13 ./usr/opt/OSCX200/src/extensions/test/xinput/XList.c
-r--r--r-- 3/4           58362 1992-09-28 12:57 ./usr/opt/OSCX200/src/extensions/xv/doc/xv-lib-v2.PS.aa
-r--r--r-- 3/4           55618 1994-03-02 15:13 ./usr/opt/OSCX200/src/extensions/test/xinput/XTouch.c
-r--r--r-- 3/4           39577 1994-03-02 15:13 ./usr/opt/OSCX200/src/extensions/test/xinput/XSendEv.c
-r--r--r-- 3/4            2112 1994-03-02 15:13 ./usr/opt/OSCX200/src/extensions/test/xinput/Imakefile
-r--r--r-- 3/4            7057 1994-03-02 15:13 ./usr/opt/OSCX200/src/extensions/test/shmtest.c
-r--r--r-- 3/4            4240 1994-03-02 15:13 ./usr/opt/OSCX200/src/extensions/test/shapetest.c
-r--r--r-- 3/4            3281 1994-03-02 15:13 ./usr/opt/OSCX200/src/extensions/test/kme/kme.c
-r--r--r-- 3/4            1763 1994-03-02 15:13 ./usr/opt/OSCX200/src/extensions/test/kme/Imakefile
-r--r--r-- 3/4           35506 1994-03-02 15:13 ./usr/opt/OSCX200/src/extensions/test/xinput/XSelInput.c
-r--r--r-- 3/4           57661 1994-03-02 15:13 ./usr/opt/OSCX200/src/extensions/test/xinput/XPErrors.c
-r--r--r-- 3/4            7764 1994-03-02 15:13 ./usr/opt/OSCX200/src/extensions/test/kme/README
-r--r--r-- 3/4            2898 1994-03-02 15:13 ./usr/opt/OSCX200/src/extensions/test/Imakefile
-r--r--r-- 3/4            9795 1994-03-02 15:13 ./usr/opt/OSCX200/src/extensions/server/xtrap/xtrapditbl.c
-r--r--r-- 3/4           10174 1994-03-02 15:13 ./usr/opt/OSCX200/src/extensions/server/xtrap/xtrapditables.c
-r--r--r-- 3/4           35672 1994-03-02 15:13 ./usr/opt/OSCX200/src/extensions/server/xtrap/xtrapdiswp.c
-r--r--r-- 3/4            4020 1994-03-02 15:13 ./usr/opt/OSCX200/src/extensions/server/xtrap/xtrapddultrix.c
-r--r--r-- 3/4            7482 1994-03-02 15:13 ./usr/opt/OSCX200/src/extensions/server/xtrap/xtrapddmi.c
-r--r--r-- 3/4           35732 1994-03-02 15:13 ./usr/opt/OSCX200/src/extensions/server/xtrap/xtrapdiswap.c
-r--r--r-- 3/4           81712 1994-03-02 15:13 ./usr/opt/OSCX200/src/extensions/server/xtrap/xtrapdi.c
-r--r--r-- 3/4            2613 1994-03-02 15:13 ./usr/opt/OSCX200/src/extensions/server/xtrap/Imakefile
-r--r--r-- 3/4           23230 1994-03-02 15:13 ./usr/opt/OSCX200/src/extensions/server/xtest1di.c
-r--r--r-- 3/4            2358 1991-12-15 22:17 ./usr/opt/OSCX200/src/extensions/server/xtest1.frags
-r--r--r-- 3/4           10653 1994-03-02 15:13 ./usr/opt/OSCX200/src/extensions/server/xtest.c
-r--r--r-- 3/4            5452 1994-03-02 15:13 ./usr/opt/OSCX200/src/extensions/server/xinput/xungrdevk.c
-r--r--r-- 3/4            5503 1994-03-02 15:13 ./usr/opt/OSCX200/src/extensions/server/xinput/xungrdevb.c
-r--r--r-- 3/4            4326 1994-03-02 15:13 ./usr/opt/OSCX200/src/extensions/server/xinput/xungrdev.c
-r--r--r-- 3/4           40418 1994-03-02 15:13 ./usr/opt/OSCX200/src/extensions/server/xtest1dd.c
-r--r--r-- 3/4           10909 1994-03-02 15:13 ./usr/opt/OSCX200/src/extensions/server/xinput/xstubs.c
-r--r--r-- 3/4            5131 1994-03-02 15:13 ./usr/opt/OSCX200/src/extensions/server/xinput/xsetmode.c
-r--r--r-- 3/4            5447 1994-03-02 15:13 ./usr/opt/OSCX200/src/extensions/server/xinput/xsetmmap.c
-r--r--r-- 3/4            4336 1994-03-02 15:13 ./usr/opt/OSCX200/src/extensions/server/xinput/xsetfocus.c
-r--r--r-- 3/4            5641 1994-03-02 15:13 ./usr/opt/OSCX200/src/extensions/server/xinput/xsetdval.c
-r--r--r-- 3/4            5499 1994-03-02 15:13 ./usr/opt/OSCX200/src/extensions/server/xinput/xsetbmap.c
-r--r--r-- 3/4            5942 1994-03-02 15:13 ./usr/opt/OSCX200/src/extensions/server/xinput/xsendexev.c
-r--r--r-- 3/4            5111 1994-03-02 15:13 ./usr/opt/OSCX200/src/extensions/server/xinput/xselectev.c
-r--r--r-- 3/4            5504 1994-03-02 15:13 ./usr/opt/OSCX200/src/extensions/server/xinput/xqueryst.c
-r--r--r-- 3/4            6604 1994-03-02 15:13 ./usr/opt/OSCX200/src/extensions/server/xinput/xopendev.c
-r--r--r-- 3/4           10968 1994-03-02 15:13 ./usr/opt/OSCX200/src/extensions/server/xinput/xlistdev.c
-r--r--r-- 3/4            6546 1994-03-02 15:13 ./usr/opt/OSCX200/src/extensions/server/xinput/xgtmotion.c
-r--r--r-- 3/4            5642 1994-03-02 15:13 ./usr/opt/OSCX200/src/extensions/server/xinput/xgrabdevk.c
-r--r--r-- 3/4            5621 1994-03-02 15:13 ./usr/opt/OSCX200/src/extensions/server/xinput/xgrabdevb.c
-r--r--r-- 3/4            6624 1994-03-02 15:13 ./usr/opt/OSCX200/src/extensions/server/xinput/xgrabdev.c
-r--r--r-- 3/4            4981 1994-03-02 15:13 ./usr/opt/OSCX200/src/extensions/server/xinput/xgetvers.c
-r--r--r-- 3/4            6535 1994-03-02 15:13 ./usr/opt/OSCX200/src/extensions/server/xinput/xgetselev.c
-r--r--r-- 3/4            6667 1994-03-02 15:13 ./usr/opt/OSCX200/src/extensions/server/xinput/xgetprop.c
-r--r--r-- 3/4            5428 1994-03-02 15:13 ./usr/opt/OSCX200/src/extensions/server/xinput/xgetmmap.c
-r--r--r-- 3/4            3065 1994-03-02 15:13 ./usr/opt/OSCX200/src/extensions/server/xinput/Imakefile
-r--r--r-- 3/4            5783 1994-03-02 15:13 ./usr/opt/OSCX200/src/extensions/server/xinput/xgetkmap.c
-r--r--r-- 3/4            5157 1994-03-02 15:13 ./usr/opt/OSCX200/src/extensions/server/xinput/xgetfocus.c
-r--r--r-- 3/4           11996 1994-03-02 15:13 ./usr/opt/OSCX200/src/extensions/server/xinput/xgetfctl.c
-r--r--r-- 3/4            6836 1994-03-02 15:13 ./usr/opt/OSCX200/src/extensions/server/xinput/xgetdctl.c
-r--r--r-- 3/4            5148 1994-03-02 15:13 ./usr/opt/OSCX200/src/extensions/server/xinput/xgetbmap.c
-r--r--r-- 3/4           29959 1994-03-02 15:13 ./usr/opt/OSCX200/src/extensions/server/xinput/xextinit.c
-r--r--r-- 3/4           34234 1994-03-02 15:13 ./usr/opt/OSCX200/src/extensions/server/xinput/xexevents.c
-r--r--r-- 3/4            5640 1994-03-02 15:13 ./usr/opt/OSCX200/src/extensions/server/xinput/xdevbell.c
-r--r--r-- 3/4            6006 1994-03-02 15:13 ./usr/opt/OSCX200/src/extensions/server/xinput/xclosedev.c
-r--r--r-- 3/4            7688 1994-03-02 15:13 ./usr/opt/OSCX200/src/extensions/server/xinput/xchgptr.c
-r--r--r-- 3/4            5685 1994-03-02 15:13 ./usr/opt/OSCX200/src/extensions/server/xinput/xchgprop.c
-r--r--r-- 3/4            4648 1994-03-02 15:13 ./usr/opt/OSCX200/src/extensions/server/xinput/xchgkmap.c
-r--r--r-- 3/4            6279 1994-03-02 15:13 ./usr/opt/OSCX200/src/extensions/server/xinput/xchgkbd.c
-r--r--r-- 3/4           16403 1994-03-02 15:13 ./usr/opt/OSCX200/src/extensions/server/xinput/xchgfctl.c
-r--r--r-- 3/4            6615 1994-03-02 15:13 ./usr/opt/OSCX200/src/extensions/server/xinput/xchgdctl.c
-r--r--r-- 3/4            4895 1994-03-02 15:13 ./usr/opt/OSCX200/src/extensions/server/xinput/xallowev.c
lrwxr-xr-x 3/4               0 1994-02-02 14:34 ./usr/opt/OSCX200/src/extensions/server/draw/generic/mi_drawable.c -> ../../../.././extensions/server/draw/share/mi_drawable.c
-r--r--r-- 3/4            3460 1994-03-02 15:12 ./usr/opt/OSCX200/src/extensions/server/xie/smi/SmiUtil.h
-r--r--r-- 3/4           10918 1994-03-02 15:12 ./usr/opt/OSCX200/src/extensions/server/xie/smi/SmiUtil.c
-r--r--r-- 3/4            5970 1994-03-02 15:12 ./usr/opt/OSCX200/src/extensions/server/xie/smi/SmiTranslate.h
-r--r--r-- 3/4           24115 1994-03-02 15:12 ./usr/opt/OSCX200/src/extensions/server/xie/smi/SmiTranslate.c
-r--r--r-- 3/4            3422 1994-03-02 15:12 ./usr/opt/OSCX200/src/extensions/server/xie/smi/SmiStats.h
-r--r--r-- 3/4          101079 1994-03-02 15:12 ./usr/opt/OSCX200/src/extensions/server/xie/smi/SmiStats.c
-r--r--r-- 3/4            4504 1994-03-02 15:12 ./usr/opt/OSCX200/src/extensions/server/xie/smi/SmiScale.h
-r--r--r-- 3/4            4360 1994-03-02 15:12 ./usr/opt/OSCX200/src/extensions/server/xie/smi/SmiRotate.h
-r--r--r-- 3/4            5267 1994-03-02 15:12 ./usr/opt/OSCX200/src/extensions/server/xie/smi/SmiPoint.h
-r--r--r-- 3/4            3827 1994-03-02 15:12 ./usr/opt/OSCX200/src/extensions/server/xie/smi/SmiPipeSched.h
-r--r--r-- 3/4            2929 1992-09-14 15:32 ./usr/opt/OSCX200/src/extensions/server/xie/smi/Imakefile
-r--r--r-- 3/4           25345 1994-03-02 15:12 ./usr/opt/OSCX200/src/extensions/server/xie/smi/SmiScale.c
-r--r--r-- 3/4           19831 1994-03-02 15:12 ./usr/opt/OSCX200/src/extensions/server/xie/smi/SmiRotate.c
-r--r--r-- 3/4           38527 1994-03-02 15:12 ./usr/opt/OSCX200/src/extensions/server/xie/smi/SmiPoint.c
-r--r--r-- 3/4            7984 1994-03-02 15:12 ./usr/opt/OSCX200/src/extensions/server/xie/smi/SmiPipeSched.c
-r--r--r-- 3/4            4461 1994-03-02 15:12 ./usr/opt/OSCX200/src/extensions/server/xie/smi/SmiPipeRsm.h
-r--r--r-- 3/4           51970 1994-03-02 15:12 ./usr/opt/OSCX200/src/extensions/server/xie/smi/SmiPipeRsm.c
-r--r--r-- 3/4           22020 1994-03-02 15:12 ./usr/opt/OSCX200/src/extensions/server/xie/smi/SmiPipe.h
-r--r--r-- 3/4            2041 1994-03-02 15:12 ./usr/opt/OSCX200/src/extensions/server/draw/Imakefile
-r--r--r-- 3/4           14163 1994-03-02 15:12 ./usr/opt/OSCX200/src/extensions/server/xie/smi/SmiPipe.c
-r--r--r-- 3/4            4613 1994-03-02 15:12 ./usr/opt/OSCX200/src/extensions/server/xie/smi/SmiMirror.h
-r--r--r-- 3/4           17554 1994-03-02 15:12 ./usr/opt/OSCX200/src/extensions/server/xie/smi/SmiMirror.c
-r--r--r-- 3/4           10764 1994-03-02 15:12 ./usr/opt/OSCX200/src/extensions/server/xie/smi/SmiMi.c
-r--r--r-- 3/4            3621 1994-03-02 15:12 ./usr/opt/OSCX200/src/extensions/server/xie/smi/SmiMemMgt.h
-r--r--r-- 3/4            8210 1994-03-02 15:12 ./usr/opt/OSCX200/src/extensions/server/xie/smi/SmiMemMgt.c
-r--r--r-- 3/4            4598 1994-03-02 15:12 ./usr/opt/OSCX200/src/extensions/server/xie/smi/SmiMath.h
-r--r--r-- 3/4           29693 1994-03-02 15:12 ./usr/opt/OSCX200/src/extensions/server/xie/smi/SmiMath.c
-r--r--r-- 3/4            4809 1994-03-02 15:12 ./usr/opt/OSCX200/src/extensions/server/xie/smi/SmiMatchHistogram.h
-r--r--r-- 3/4           23617 1994-03-02 15:12 ./usr/opt/OSCX200/src/extensions/server/xie/smi/SmiMatchHistogram.c
-r--r--r-- 3/4            4955 1994-03-02 15:12 ./usr/opt/OSCX200/src/extensions/server/xie/smi/SmiLuminance.h
-r--r--r-- 3/4           16547 1994-03-02 15:12 ./usr/opt/OSCX200/src/extensions/server/xie/smi/SmiLuminance.c
-r--r--r-- 3/4            5291 1994-03-02 15:12 ./usr/opt/OSCX200/src/extensions/server/xie/smi/SmiLogical.h
-r--r--r-- 3/4            3463 1994-03-02 15:12 ./usr/opt/OSCX200/src/extensions/server/xie/smi/SmiHistogram.h
-r--r--r-- 3/4            5817 1994-03-02 15:12 ./usr/opt/OSCX200/src/extensions/server/xie/smi/SmiHistogram.c
-r--r--r-- 3/4            5838 1994-03-02 15:12 ./usr/opt/OSCX200/src/extensions/server/xie/smi/SmiFloat.c
-r--r--r-- 3/4           50204 1994-03-02 15:12 ./usr/opt/OSCX200/src/extensions/server/xie/smi/SmiLogical.c
-r--r--r-- 3/4            4736 1994-03-02 15:12 ./usr/opt/OSCX200/src/extensions/server/xie/smi/SmiFill.h
-r--r--r-- 3/4           28884 1994-03-02 15:12 ./usr/opt/OSCX200/src/extensions/server/xie/smi/SmiFill.c
-r--r--r-- 3/4            3420 1994-03-02 15:12 ./usr/opt/OSCX200/src/extensions/server/xie/smi/SmiFfx.h
-r--r--r-- 3/4            8097 1994-03-02 15:12 ./usr/opt/OSCX200/src/extensions/server/xie/smi/SmiFfx.c
-r--r--r-- 3/4            5591 1994-03-02 15:12 ./usr/opt/OSCX200/src/extensions/server/xie/smi/SmiEncodeG4.h
-r--r--r-- 3/4           27521 1994-03-02 15:12 ./usr/opt/OSCX200/src/extensions/server/xie/smi/SmiEncodeG4.c
-r--r--r-- 3/4            8923 1994-03-02 15:12 ./usr/opt/OSCX200/src/extensions/server/xie/smi/SmiEncodeDct.h
-r--r--r-- 3/4            4371 1994-03-02 15:12 ./usr/opt/OSCX200/src/extensions/server/xie/smi/SmiDither.h
-r--r--r-- 3/4           17564 1994-03-02 15:12 ./usr/opt/OSCX200/src/extensions/server/xie/smi/SmiDither.c
-r--r--r-- 3/4            6569 1994-03-02 15:12 ./usr/opt/OSCX200/src/extensions/server/xie/smi/SmiDecodeG4.h
-r--r--r-- 3/4            3540 1994-03-02 15:12 ./usr/opt/OSCX200/src/extensions/server/xie/smi/SmiConvert.h
-r--r--r-- 3/4           61891 1994-03-02 15:12 ./usr/opt/OSCX200/src/extensions/server/xie/smi/SmiEncodeDct.c
-r--r--r-- 3/4           22950 1994-03-02 15:12 ./usr/opt/OSCX200/src/extensions/server/xie/smi/SmiDecodeG4.c
-r--r--r-- 3/4           11502 1994-03-02 15:12 ./usr/opt/OSCX200/src/extensions/server/xie/smi/SmiDecodeDct.h
-r--r--r-- 3/4           51104 1994-03-02 15:12 ./usr/opt/OSCX200/src/extensions/server/xie/smi/SmiDecodeDct.c
-r--r--r-- 3/4           12369 1994-03-02 15:12 ./usr/opt/OSCX200/src/extensions/server/xie/smi/SmiDdx.c
-r--r--r-- 3/4            9800 1994-03-02 15:12 ./usr/opt/OSCX200/src/extensions/server/xie/smi/SmiDctDef.h
-r--r--r-- 3/4            3443 1994-03-02 15:12 ./usr/opt/OSCX200/src/extensions/server/xie/smi/SmiChangeList.h
-r--r--r-- 3/4           34417 1994-03-02 15:12 ./usr/opt/OSCX200/src/extensions/server/xie/smi/SmiDctTables.c
-r--r--r-- 3/4           18476 1994-03-02 15:12 ./usr/opt/OSCX200/src/extensions/server/xie/smi/SmiDctMacros.h
-r--r--r-- 3/4            4468 1994-03-02 15:12 ./usr/opt/OSCX200/src/extensions/server/xie/smi/SmiCrop.h
-r--r--r-- 3/4            9358 1994-03-02 15:12 ./usr/opt/OSCX200/src/extensions/server/xie/smi/SmiCrop.c
-r--r--r-- 3/4            4669 1994-03-02 15:12 ./usr/opt/OSCX200/src/extensions/server/xie/smi/SmiConstrain.h
-r--r--r-- 3/4           11425 1994-03-02 15:12 ./usr/opt/OSCX200/src/extensions/server/xie/smi/SmiConstrain.c
-r--r--r-- 3/4            6080 1994-03-02 15:12 ./usr/opt/OSCX200/src/extensions/server/xie/smi/SmiCompare.h
-r--r--r-- 3/4           55617 1994-03-02 15:12 ./usr/opt/OSCX200/src/extensions/server/xie/smi/SmiCompare.c
-r--r--r-- 3/4            4290 1994-03-02 15:12 ./usr/opt/OSCX200/src/extensions/server/xie/smi/SmiChromeSep.h
-r--r--r-- 3/4            8235 1994-03-02 15:12 ./usr/opt/OSCX200/src/extensions/server/xie/smi/SmiChromeSep.c
-r--r--r-- 3/4            4236 1994-03-02 15:12 ./usr/opt/OSCX200/src/extensions/server/xie/smi/SmiChromeCom.h
-r--r--r-- 3/4            4551 1994-03-02 15:12 ./usr/opt/OSCX200/src/extensions/server/xie/smi/SmiBitMasks.h
-r--r--r-- 3/4            2029 1994-03-02 15:12 ./usr/opt/OSCX200/src/extensions/server/dblbuf/Imakefile
-r--r--r-- 3/4          113744 1994-03-02 15:12 ./usr/opt/OSCX200/src/extensions/server/xie/smi/SmiConvert.c
-r--r--r-- 3/4            8691 1994-03-02 15:12 ./usr/opt/OSCX200/src/extensions/server/xie/smi/SmiChromeCom.c
-r--r--r-- 3/4            8592 1994-03-02 15:12 ./usr/opt/OSCX200/src/extensions/server/xie/smi/SmiChangeList.c
-r--r--r-- 3/4            5349 1994-03-02 15:12 ./usr/opt/OSCX200/src/extensions/server/xie/smi/SmiArithmetic.h
-r--r--r-- 3/4            5416 1994-03-02 15:12 ./usr/opt/OSCX200/src/extensions/server/xie/smi/SmiArea.h
-r--r--r-- 3/4            4272 1994-03-02 15:12 ./usr/opt/OSCX200/src/extensions/server/xie/smi/DmiUtil.h
-r--r--r-- 3/4           15338 1994-03-02 15:12 ./usr/opt/OSCX200/src/extensions/server/xie/smi/DmiUtil.c
-r--r--r-- 3/4            5871 1994-03-02 15:12 ./usr/opt/OSCX200/src/extensions/server/xie/smi/DmiScale.h
-r--r--r-- 3/4            4446 1994-03-02 15:12 ./usr/opt/OSCX200/src/extensions/server/xie/smi/DmiExtendInstruct.h
-r--r--r-- 3/4           48376 1994-03-02 15:12 ./usr/opt/OSCX200/src/extensions/server/xie/smi/SmiArithmetic.c
-r--r--r-- 3/4           85846 1994-03-02 15:12 ./usr/opt/OSCX200/src/extensions/server/xie/smi/SmiArea.c
-r--r--r-- 3/4            5031 1994-03-02 15:12 ./usr/opt/OSCX200/src/extensions/server/xie/smi/DmiPoint.h
-r--r--r-- 3/4           11999 1994-03-02 15:12 ./usr/opt/OSCX200/src/extensions/server/xie/smi/DmiMi.c
-r--r--r-- 3/4            5487 1994-03-02 15:12 ./usr/opt/OSCX200/src/extensions/server/xie/smi/DmiFill.h
-r--r--r-- 3/4            4353 1994-03-02 15:12 ./usr/opt/OSCX200/src/extensions/server/xie/smi/DmiDecodeG4.h
-r--r--r-- 3/4            4328 1994-03-02 15:12 ./usr/opt/OSCX200/src/extensions/server/xie/smi/DmiConvert.h
-r--r--r-- 3/4            4203 1994-03-02 15:12 ./usr/opt/OSCX200/src/extensions/server/xie/smi/DmiChangeList.h
-r--r--r-- 3/4            1753 1994-03-02 15:11 ./usr/opt/OSCX200/src/extensions/multibuf/Imakefile
-r--r--r-- 3/4           68440 1994-03-02 15:12 ./usr/opt/OSCX200/src/extensions/server/xie/smi/DmiScale.c
-r--r--r-- 3/4           49928 1994-03-02 15:12 ./usr/opt/OSCX200/src/extensions/server/xie/smi/DmiPoint.c
-r--r--r-- 3/4           28677 1994-03-02 15:12 ./usr/opt/OSCX200/src/extensions/server/xie/smi/DmiFill.c
-r--r--r-- 3/4           15982 1994-03-02 15:12 ./usr/opt/OSCX200/src/extensions/server/xie/smi/DmiDdx.c
-r--r--r-- 3/4            7118 1994-03-02 15:13 ./usr/opt/OSCX200/src/extensions/server/xie/XieTransport.h
-r--r--r-- 3/4            2270 1992-10-23 21:10 ./usr/opt/OSCX200/src/extensions/server/xie/Imakefile
-r--r--r-- 3/4           35020 1994-03-02 15:12 ./usr/opt/OSCX200/src/extensions/server/xie/smi/DmiDecodeG4.c
-r--r--r-- 3/4          139432 1994-03-02 15:12 ./usr/opt/OSCX200/src/extensions/server/xie/smi/DmiConvert.c
-r--r--r-- 3/4           13359 1994-03-02 15:12 ./usr/opt/OSCX200/src/extensions/server/xie/smi/DmiChangeList.c
-r--r--r-- 3/4           18632 1994-03-02 15:13 ./usr/opt/OSCX200/src/extensions/server/xie/XieUtils.c
-r--r--r-- 3/4           58596 1994-03-02 15:13 ./usr/opt/OSCX200/src/extensions/server/xie/XieTransport.c
-r--r--r-- 3/4           11034 1994-03-02 15:13 ./usr/opt/OSCX200/src/extensions/server/xie/XieTables.c
-r--r--r-- 3/4           30840 1994-03-02 15:13 ./usr/opt/OSCX200/src/extensions/server/xie/XieSwapReq.c
-r--r--r-- 3/4           11930 1994-03-02 15:13 ./usr/opt/OSCX200/src/extensions/server/xie/XieSwapRep.c
-r--r--r-- 3/4           11674 1994-03-02 15:13 ./usr/opt/OSCX200/src/extensions/server/xie/XieSession.c
-r--r--r-- 3/4           13308 1994-03-02 15:13 ./usr/opt/OSCX200/src/extensions/server/xie/XieServer.h
-r--r--r-- 3/4            1753 1994-03-02 15:10 ./usr/opt/OSCX200/src/extensions/lib/xtrap/PROPRIETARY_NOTICE
-r--r--r-- 3/4           37235 1994-03-02 15:13 ./usr/opt/OSCX200/src/extensions/server/xie/XieResource.c
-r--r--r-- 3/4           60292 1994-03-02 15:13 ./usr/opt/OSCX200/src/extensions/server/xie/XieProcess.c
-r--r--r-- 3/4            4518 1994-03-02 15:13 ./usr/opt/OSCX200/src/extensions/server/xie/XiePipeInterface.h
-r--r--r-- 3/4           12447 1994-03-02 15:13 ./usr/opt/OSCX200/src/extensions/server/xie/XieMain.c
-r--r--r-- 3/4           12640 1994-03-02 15:13 ./usr/opt/OSCX200/src/extensions/server/xie/XieMacros.h
-r--r--r-- 3/4            7178 1994-03-02 15:13 ./usr/opt/OSCX200/src/extensions/server/xie/XieEvents.c
-r--r--r-- 3/4           10170 1994-03-02 15:13 ./usr/opt/OSCX200/src/extensions/server/xie/XieDisplay.h
-r--r--r-- 3/4            3810 1994-03-02 15:12 ./usr/opt/OSCX200/src/extensions/server/smt/smtutil.c
-r--r--r-- 3/4            8855 1994-03-02 15:12 ./usr/opt/OSCX200/src/extensions/server/smt/smtselect.c
-r--r--r-- 3/4            6525 1994-03-02 15:12 ./usr/opt/OSCX200/src/extensions/server/smt/smtattach.c
-r--r--r-- 3/4            5541 1994-03-02 15:12 ./usr/opt/OSCX200/src/extensions/server/smt/io.c
-r--r--r-- 3/4           81049 1994-03-02 15:13 ./usr/opt/OSCX200/src/extensions/server/xie/XieDisplay.c
-r--r--r-- 3/4           16512 1994-03-02 15:12 ./usr/opt/OSCX200/src/extensions/server/smt/smtio.c
-r--r--r-- 3/4           10622 1994-03-02 15:12 ./usr/opt/OSCX200/src/extensions/server/smt/smt.c
-r--r--r-- 3/4            2273 1994-03-02 15:12 ./usr/opt/OSCX200/src/extensions/server/smt/Imakefile
-r--r--r-- 3/4            6914 1994-03-02 15:12 ./usr/opt/OSCX200/src/extensions/server/sleepuntil.c
-r--r--r-- 3/4           26449 1994-03-02 15:12 ./usr/opt/OSCX200/src/extensions/server/shm.c
-r--r--r-- 3/4           28097 1994-03-02 15:12 ./usr/opt/OSCX200/src/extensions/server/shape.c
-r--r--r-- 3/4           51233 1994-03-02 15:12 ./usr/opt/OSCX200/src/extensions/server/multibuf.c
-r--r--r-- 3/4            4794 1994-03-02 15:12 ./usr/opt/OSCX200/src/extensions/server/mitmisc.c
-r--r--r-- 3/4            7299 1994-03-02 15:12 ./usr/opt/OSCX200/src/extensions/server/kme.c
-r--r--r-- 3/4            2653 1994-03-02 15:12 ./usr/opt/OSCX200/src/extensions/server/initext.c
-r--r--r-- 3/4           20903 1994-03-02 15:12 ./usr/opt/OSCX200/src/extensions/server/draw/share/mi_drawable.c
-r--r--r-- 3/4            6665 1994-03-02 15:12 ./usr/opt/OSCX200/src/extensions/server/draw/include/drawbuf.h
-r--r--r-- 3/4            6976 1994-03-02 15:12 ./usr/opt/OSCX200/src/extensions/server/draw/include/draw.h
-r--r--r-- 3/4            3654 1994-03-02 15:12 ./usr/opt/OSCX200/src/extensions/server/draw/generic/mi_drawable.h
-r--r--r-- 3/4            3425 1994-03-02 15:12 ./usr/opt/OSCX200/src/extensions/server/draw/generic/drawint.h
-r--r--r-- 3/4            6713 1994-03-02 15:12 ./usr/opt/OSCX200/src/extensions/server/draw/generic/drawinit.c
-r--r--r-- 3/4            3127 1994-03-02 15:12 ./usr/opt/OSCX200/src/extensions/server/draw/generic/drawableGENERIC.h
-r--r--r-- 3/4           14664 1994-03-02 15:12 ./usr/opt/OSCX200/src/extensions/server/draw/generic/drawableGENERIC.c
-r--r--r-- 3/4            2406 1994-03-02 15:12 ./usr/opt/OSCX200/src/extensions/server/draw/generic/Imakefile
-r--r--r-- 3/4            3745 1994-03-02 15:12 ./usr/opt/OSCX200/src/extensions/server/dblbuf/tmdblbuf.h
-r--r--r-- 3/4            3537 1994-03-02 15:12 ./usr/opt/OSCX200/src/extensions/server/dblbuf/timeutils.c
-r--r--r-- 3/4            3222 1994-03-02 15:12 ./usr/opt/OSCX200/src/extensions/server/Imakefile
-r--r--r-- 3/4           10890 1993-11-07 16:53 ./usr/opt/OSCX200/src/extensions/multibuf/server/README
-r--r--r-- 3/4            2265 1994-03-02 15:11 ./usr/opt/OSCX200/src/extensions/multibuf/server/Imakefile
-r--r--r-- 3/4            3791 1994-03-02 15:11 ./usr/opt/OSCX200/src/extensions/lib/xtrap/sleep.c
-r--r--r-- 3/4           45774 1994-03-02 15:12 ./usr/opt/OSCX200/src/extensions/server/dblbuf/tmbuffer.c
-r--r--r-- 3/4           53153 1994-03-02 15:11 ./usr/opt/OSCX200/src/extensions/multibuf/server/multibuf_dix.c
-r--r--r-- 3/4           11555 1994-03-02 15:11 ./usr/opt/OSCX200/src/extensions/lib/xtrap/chparse.c
-r--r--r-- 3/4           15217 1994-03-02 15:11 ./usr/opt/OSCX200/src/extensions/lib/xtrap/XEWrappers.c
-r--r--r-- 3/4            9815 1994-03-02 15:11 ./usr/opt/OSCX200/src/extensions/lib/xtrap/XETrapInit.c
-r--r--r-- 3/4           22233 1994-03-02 15:10 ./usr/opt/OSCX200/src/extensions/lib/xtrap/XEStream.c
-r--r--r-- 3/4           10515 1994-03-02 15:10 ./usr/opt/OSCX200/src/extensions/lib/xtrap/XEStrMap.c
-r--r--r-- 3/4            3298 1994-03-02 15:10 ./usr/opt/OSCX200/src/extensions/lib/xtrap/Imakefile
-r--r--r-- 3/4            7905 1994-03-02 15:10 ./usr/opt/OSCX200/src/extensions/lib/xtrap/XESTInet.c
-r--r--r-- 3/4            4375 1994-03-02 15:10 ./usr/opt/OSCX200/src/extensions/lib/xtrap/XESTFile.c
-r--r--r-- 3/4            7128 1994-03-02 15:10 ./usr/opt/OSCX200/src/extensions/lib/xtrap/XESTDECnet.c
-r--r--r-- 3/4           17076 1994-03-02 15:10 ./usr/opt/OSCX200/src/extensions/lib/xtrap/XERqsts.c
-r--r--r-- 3/4           12557 1994-03-02 15:10 ./usr/opt/OSCX200/src/extensions/lib/xtrap/XEPrInfo.c
-r--r--r-- 3/4           13402 1994-03-02 15:10 ./usr/opt/OSCX200/src/extensions/lib/xtrap/XEMsgUtils.c
-r--r--r-- 3/4            9515 1994-03-02 15:10 ./usr/opt/OSCX200/src/extensions/lib/xtrap/XEKeybCtrl.c
-r--r--r-- 3/4            5877 1994-03-02 15:10 ./usr/opt/OSCX200/src/extensions/lib/xtrap/XEDsptch.c
-r--r--r-- 3/4           22724 1994-03-02 15:10 ./usr/opt/OSCX200/src/extensions/lib/xtrap/XEConTxt.c
-r--r--r-- 3/4            7894 1994-03-02 15:10 ./usr/opt/OSCX200/src/extensions/lib/xtrap/XECallBcks.c
-r--r--r-- 3/4            8644 1994-03-02 15:10 ./usr/opt/OSCX200/src/extensions/lib/xtest/XTest.c
-r--r--r-- 3/4            2492 1994-03-02 15:10 ./usr/opt/OSCX200/src/extensions/lib/xtest/Imakefile
-r--r--r-- 3/4            3897 1994-03-02 15:10 ./usr/opt/OSCX200/src/extensions/lib/xinput/XUngrDvK.c
-r--r--r-- 3/4            3926 1994-03-02 15:10 ./usr/opt/OSCX200/src/extensions/lib/xinput/XUngrDvB.c
-r--r--r-- 3/4            3482 1994-03-02 15:10 ./usr/opt/OSCX200/src/extensions/lib/xinput/XUngrDev.c
-r--r--r-- 3/4            3522 1994-03-02 15:10 ./usr/opt/OSCX200/src/extensions/lib/xinput/XStFocus.c
-r--r--r-- 3/4            4521 1994-03-02 15:10 ./usr/opt/OSCX200/src/extensions/lib/xinput/XSndExEv.c
-r--r--r-- 3/4            3634 1994-03-02 15:10 ./usr/opt/OSCX200/src/extensions/lib/xinput/XSetMode.c
-r--r--r-- 3/4            3896 1994-03-02 15:10 ./usr/opt/OSCX200/src/extensions/lib/xinput/XSetMMap.c
-r--r--r-- 3/4            4052 1994-03-02 15:10 ./usr/opt/OSCX200/src/extensions/lib/xinput/XSetDVal.c
-r--r--r-- 3/4            3941 1994-03-02 15:10 ./usr/opt/OSCX200/src/extensions/lib/xinput/XSetBMap.c
-r--r--r-- 3/4            3807 1994-03-02 15:10 ./usr/opt/OSCX200/src/extensions/lib/xinput/XSelect.c
-r--r--r-- 3/4            3156 1994-03-02 15:10 ./usr/opt/OSCX200/src/extensions/lib/xinput/XFreeLst.c
-r--r--r-- 3/4            6432 1994-03-02 15:10 ./usr/opt/OSCX200/src/extensions/lib/xinput/XQueryDv.c
-r--r--r-- 3/4            4011 1994-03-02 15:10 ./usr/opt/OSCX200/src/extensions/lib/xinput/XOpenDev.c
-r--r--r-- 3/4            7643 1994-03-02 15:10 ./usr/opt/OSCX200/src/extensions/lib/xinput/XListDev.c
-r--r--r-- 3/4            4510 1994-03-02 15:10 ./usr/opt/OSCX200/src/extensions/lib/xinput/XGtSelect.c
-r--r--r-- 3/4            3688 1994-03-02 15:10 ./usr/opt/OSCX200/src/extensions/lib/xinput/XGtFocus.c
-r--r--r-- 3/4            4298 1994-03-02 15:10 ./usr/opt/OSCX200/src/extensions/lib/xinput/XGrabDev.c
-r--r--r-- 3/4            4551 1994-03-02 15:10 ./usr/opt/OSCX200/src/extensions/lib/xinput/XGrDvKey.c
-r--r--r-- 3/4            4578 1994-03-02 15:10 ./usr/opt/OSCX200/src/extensions/lib/xinput/XGrDvBut.c
-r--r--r-- 3/4            4037 1994-03-02 15:10 ./usr/opt/OSCX200/src/extensions/lib/xinput/XGetVers.c
-r--r--r-- 3/4            3960 1994-03-02 15:10 ./usr/opt/OSCX200/src/extensions/lib/xinput/XGetProp.c
-r--r--r-- 3/4            4117 1994-03-02 15:10 ./usr/opt/OSCX200/src/extensions/lib/xinput/XGetMMap.c
-r--r--r-- 3/4            4146 1994-03-02 15:10 ./usr/opt/OSCX200/src/extensions/lib/xinput/XGetKMap.c
-r--r--r-- 3/4            8337 1994-03-02 15:10 ./usr/opt/OSCX200/src/extensions/lib/xinput/XGetFCtl.c
-r--r--r-- 3/4            5427 1994-03-02 15:10 ./usr/opt/OSCX200/src/extensions/lib/xinput/XGetDCtl.c
-r--r--r-- 3/4            4174 1994-03-02 15:10 ./usr/opt/OSCX200/src/extensions/lib/xinput/XGetBMap.c
-r--r--r-- 3/4            4834 1994-03-02 15:10 ./usr/opt/OSCX200/src/extensions/lib/xinput/XGMotion.c
-r--r--r-- 3/4           14685 1994-03-02 15:10 ./usr/opt/OSCX200/src/extensions/lib/xinput/XExtToWire.c
-r--r--r-- 3/4           19842 1994-03-02 15:10 ./usr/opt/OSCX200/src/extensions/lib/xinput/XExtInt.c
-r--r--r-- 3/4            3674 1994-03-02 15:10 ./usr/opt/OSCX200/src/extensions/lib/xinput/XDevBell.c
-r--r--r-- 3/4            3479 1994-03-02 15:10 ./usr/opt/OSCX200/src/extensions/lib/xinput/XCloseDev.c
-r--r--r-- 3/4            3888 1994-03-02 15:10 ./usr/opt/OSCX200/src/extensions/lib/xinput/XChgProp.c
-r--r--r-- 3/4            3697 1994-03-02 15:10 ./usr/opt/OSCX200/src/extensions/lib/xinput/XChgPnt.c
-r--r--r-- 3/4            3608 1994-03-02 15:10 ./usr/opt/OSCX200/src/extensions/lib/xinput/XChgKbd.c
-r--r--r-- 3/4            3878 1994-03-02 15:10 ./usr/opt/OSCX200/src/extensions/lib/xinput/XChgKMap.c
-r--r--r-- 3/4            6493 1994-03-02 15:10 ./usr/opt/OSCX200/src/extensions/lib/xinput/XChgFCtl.c
-r--r--r-- 3/4            4656 1994-03-02 15:10 ./usr/opt/OSCX200/src/extensions/lib/xinput/XChgDCtl.c
-r--r--r-- 3/4            3570 1994-03-02 15:10 ./usr/opt/OSCX200/src/extensions/lib/xinput/XAllowDv.c
-r--r--r-- 3/4            3980 1994-03-02 15:10 ./usr/opt/OSCX200/src/extensions/lib/xinput/Imakefile
-r--r--r-- 3/4            2066 1994-03-02 15:10 ./usr/opt/OSCX200/src/extensions/lib/smt/Imakefile
-r--r--r-- 3/4            8284 1994-03-02 15:10 ./usr/opt/OSCX200/src/extensions/lib/xie/XieLibint.h
-r--r--r-- 3/4           12519 1994-03-02 15:10 ./usr/opt/OSCX200/src/extensions/lib/xie/XieLibUtils.c
-r--r--r-- 3/4           24079 1994-03-02 15:10 ./usr/opt/OSCX200/src/extensions/lib/xie/XieLibTransport.c
-r--r--r-- 3/4           16391 1994-03-02 15:10 ./usr/opt/OSCX200/src/extensions/lib/xie/XieLibSession.c
-r--r--r-- 3/4           39083 1994-03-02 15:10 ./usr/opt/OSCX200/src/extensions/lib/xie/XieLibResource.c
-r--r--r-- 3/4           40078 1994-03-02 15:10 ./usr/opt/OSCX200/src/extensions/lib/xie/XieLibProcess.c
-r--r--r-- 3/4           20189 1994-03-02 15:10 ./usr/opt/OSCX200/src/extensions/lib/xie/XieLibImage.c
-r--r--r-- 3/4            7084 1994-03-02 15:10 ./usr/opt/OSCX200/src/extensions/lib/xie/XieLibEvents.c
-r--r--r-- 3/4            2127 1994-03-02 15:09 ./usr/opt/OSCX200/src/extensions/ip/Imakefile
-r--r--r-- 3/4            5870 1994-03-02 15:10 ./usr/opt/OSCX200/src/extensions/lib/xie/XieFloat.c
-r--r--r-- 3/4          113744 1994-03-02 15:10 ./usr/opt/OSCX200/src/extensions/lib/xie/XieConvert.c
-r--r--r-- 3/4            3595 1993-01-22 20:56 ./usr/opt/OSCX200/src/extensions/lib/xie/Imakefile
-r--r--r-- 3/4            4251 1994-03-02 15:10 ./usr/opt/OSCX200/src/extensions/lib/smt/XSmtint.h
-r--r--r-- 3/4           18983 1994-03-02 15:10 ./usr/opt/OSCX200/src/extensions/lib/smt/XSmt.c
-r--r--r-- 3/4            3094 1994-03-02 15:10 ./usr/opt/OSCX200/src/extensions/lib/globals.c
-r--r--r-- 3/4            8699 1994-03-02 15:10 ./usr/opt/OSCX200/src/extensions/lib/extutil.c
-r--r--r-- 3/4            5791 1994-03-02 15:10 ./usr/opt/OSCX200/src/extensions/lib/XKme.c
-r--r--r-- 3/4            5727 1994-03-02 15:10 ./usr/opt/OSCX200/src/extensions/lib/MITMisc.c
-r--r--r-- 3/4           30539 1994-03-02 15:10 ./usr/opt/OSCX200/src/extensions/lib/XTestExt1.c
-r--r--r-- 3/4           14005 1994-03-02 15:10 ./usr/opt/OSCX200/src/extensions/lib/XShm.c
-r--r--r-- 3/4           14819 1994-03-02 15:10 ./usr/opt/OSCX200/src/extensions/lib/XShape.c
-r--r--r-- 3/4           23906 1994-03-02 15:10 ./usr/opt/OSCX200/src/extensions/lib/XMultibuf.c
-r--r--r-- 3/4            4109 1994-03-02 15:10 ./usr/opt/OSCX200/src/extensions/lib/Imakefile
-r--r--r-- 3/4           13596 1994-03-02 15:09 ./usr/opt/OSCX200/src/extensions/ip/test.c
-r--r--r-- 3/4            4450 1994-03-02 15:09 ./usr/opt/OSCX200/src/extensions/ip/iputil.c
-r--r--r-- 3/4            5148 1994-03-02 15:09 ./usr/opt/OSCX200/src/extensions/ip/ipcs.c
-r--r--r-- 3/4            6248 1994-03-02 15:09 ./usr/opt/OSCX200/src/extensions/ip/ip.h
-r--r--r-- 3/4           24486 1994-03-02 15:09 ./usr/opt/OSCX200/src/extensions/ip/ip.c
-r--r--r-- 3/4           10157 1994-03-02 15:09 ./usr/opt/OSCX200/src/extensions/include/xtrapproto.h
-r--r--r-- 3/4            8381 1994-03-02 15:09 ./usr/opt/OSCX200/src/extensions/include/xtraplibp.h
-r--r--r-- 3/4            6805 1994-03-02 15:09 ./usr/opt/OSCX200/src/extensions/include/xtraplib.h
-r--r--r-- 3/4           21522 1994-03-02 15:09 ./usr/opt/OSCX200/src/extensions/include/xtrapdi.h
-r--r--r-- 3/4            6286 1994-03-02 15:09 ./usr/opt/OSCX200/src/extensions/include/xtrapddmi.h
-r--r--r-- 3/4            4003 1994-03-02 15:09 ./usr/opt/OSCX200/src/extensions/include/xteststr.h
-r--r--r-- 3/4           11442 1994-03-02 15:09 ./usr/opt/OSCX200/src/extensions/include/xtestext1.h
-r--r--r-- 3/4            4509 1994-03-02 15:09 ./usr/opt/OSCX200/src/extensions/include/xkmeproto_include.h
-r--r--r-- 3/4            7462 1994-03-02 15:09 ./usr/opt/OSCX200/src/extensions/include/xestream.h
-r--r--r-- 3/4           16894 1994-03-02 15:09 ./usr/opt/OSCX200/src/extensions/include/xemacros.h
-r--r--r-- 3/4            6283 1994-03-02 15:09 ./usr/opt/OSCX200/src/extensions/include/smtstr.h
-r--r--r-- 3/4            3964 1994-03-02 15:09 ./usr/opt/OSCX200/src/extensions/include/smt.h
-r--r--r-- 3/4            6189 1994-03-02 15:09 ./usr/opt/OSCX200/src/extensions/include/shmstr.h
-r--r--r-- 3/4            8547 1994-03-02 15:09 ./usr/opt/OSCX200/src/extensions/include/shapestr.h
-r--r--r-- 3/4            6450 1994-03-02 15:09 ./usr/opt/OSCX200/src/extensions/include/shape.h
-r--r--r-- 3/4            9993 1994-03-02 15:09 ./usr/opt/OSCX200/src/extensions/include/multibufst.h
-r--r--r-- 3/4            9012 1994-03-02 15:09 ./usr/opt/OSCX200/src/extensions/include/multibuf.h
-r--r--r-- 3/4            3142 1994-03-02 15:09 ./usr/opt/OSCX200/src/extensions/include/mitmiscstr.h
-r--r--r-- 3/4            5777 1994-03-02 15:08 ./usr/opt/OSCX200/src/extensions/include/extutil.h
-r--r--r-- 3/4            5038 1994-03-02 15:08 ./usr/opt/OSCX200/src/extensions/include/bits.h
-r--r--r-- 3/4            6817 1994-03-02 15:08 ./usr/opt/OSCX200/src/extensions/include/XieUdpDef.h
-r--r--r-- 3/4           15657 1994-03-02 15:08 ./usr/opt/OSCX200/src/extensions/include/XieLib.h
-r--r--r-- 3/4            3637 1994-03-02 15:08 ./usr/opt/OSCX200/src/extensions/include/XieFloat.h
-r--r--r-- 3/4           31723 1994-03-02 15:08 ./usr/opt/OSCX200/src/extensions/include/XieProto.h
-r--r--r-- 3/4           36130 1994-03-02 15:08 ./usr/opt/OSCX200/src/extensions/include/XieDdx.h
-r--r--r-- 3/4            8222 1994-03-02 15:08 ./usr/opt/OSCX200/src/extensions/include/XieAppl.h
-r--r--r-- 3/4            3043 1994-03-02 15:08 ./usr/opt/OSCX200/src/extensions/include/Xext.h
-r--r--r-- 3/4            4064 1994-03-02 15:08 ./usr/opt/OSCX200/src/extensions/include/XTest.h
-r--r--r-- 3/4            5116 1994-03-02 15:08 ./usr/opt/OSCX200/src/extensions/include/XShm.h
-r--r--r-- 3/4           35274 1994-03-02 15:08 ./usr/opt/OSCX200/src/extensions/include/XIproto.h
-r--r--r-- 3/4           25415 1994-03-02 15:08 ./usr/opt/OSCX200/src/extensions/include/XInput.h
-r--r--r-- 3/4            8527 1994-03-02 15:08 ./usr/opt/OSCX200/src/extensions/include/XI.h
-r--r--r-- 3/4            3297 1994-03-02 15:08 ./usr/opt/OSCX200/src/extensions/include/PEX/pexSwap.h
-r--r--r-- 3/4            2817 1994-03-02 15:08 ./usr/opt/OSCX200/src/extensions/include/PEX/PEXmacs.h
-r--r--r-- 3/4            6606 1994-03-02 15:08 ./usr/opt/OSCX200/src/extensions/include/PEX/PEXOCs.h
-r--r--r-- 3/4           14271 1994-03-02 15:08 ./usr/opt/OSCX200/src/extensions/include/PEX/PEXprotost.h
-r--r--r-- 3/4           47495 1994-03-02 15:08 ./usr/opt/OSCX200/src/extensions/include/PEX/PEXproto.h
-r--r--r-- 3/4            8541 1994-03-02 15:08 ./usr/opt/OSCX200/src/extensions/include/PEX/PEXfuncs.h
-r--r--r-- 3/4            2921 1994-03-02 15:08 ./usr/opt/OSCX200/src/extensions/include/PEX/PEXErr.h
-r--r--r-- 3/4           28669 1994-03-02 15:08 ./usr/opt/OSCX200/src/extensions/include/PEX/PEX.h
-r--r--r-- 3/4            2927 1994-03-02 15:08 ./usr/opt/OSCX200/src/extensions/include/PEX/Imakefile
-r--r--r-- 3/4            2937 1994-03-02 15:08 ./usr/opt/OSCX200/src/extensions/include/MITMisc.h
-r--r--r-- 3/4            2599 1994-03-02 15:08 ./usr/opt/OSCX200/src/extensions/include/Imakefile
-r--r--r-- 3/4            2321 1994-03-02 15:09 ./usr/opt/OSCX200/src/extensions/Imakefile
-r--r--r-- 3/4          417206 1994-03-02 15:12 ./usr/opt/OSCX200/src/extensions/server/xie/smi/SmiFaxTables.c
