-r--r--r-- 3/4           20448 1992-12-11 21:27 ./usr/opt/OSCX200/src/fix-trackers/todo_list
-r--r--r-- 3/4            1422 1994-03-02 15:16 ./usr/opt/OSCX200/src/fix-trackers/tally.sh
-r--r--r-- 3/4            1876 1994-03-02 15:16 ./usr/opt/OSCX200/src/fix-trackers/tally.awk
-r--r--r-- 3/4            2317 1994-03-02 15:16 ./usr/opt/OSCX200/src/fix-trackers/Apply.sh
-r--r--r-- 3/4           12671 1992-12-11 21:26 ./usr/opt/OSCX200/src/fix-trackers/Applied
-r--r--r-- 3/4            2340 1992-11-17 21:53 ./usr/opt/OSCX200/src/fix-trackers/491
-r--r--r-- 3/4            3255 1992-11-17 21:53 ./usr/opt/OSCX200/src/fix-trackers/490
-r--r--r-- 3/4            9727 1992-11-17 21:52 ./usr/opt/OSCX200/src/fix-trackers/489
-r--r--r-- 3/4            1588 1992-11-17 21:52 ./usr/opt/OSCX200/src/fix-trackers/488
-r--r--r-- 3/4           58891 1992-11-17 21:52 ./usr/opt/OSCX200/src/fix-trackers/487
-r--r--r-- 3/4            4268 1992-11-17 21:52 ./usr/opt/OSCX200/src/fix-trackers/486
-r--r--r-- 3/4            8022 1992-11-17 21:52 ./usr/opt/OSCX200/src/fix-trackers/483
-r--r--r-- 3/4            3589 1992-11-17 21:52 ./usr/opt/OSCX200/src/fix-trackers/482
-r--r--r-- 3/4            2177 1992-11-17 21:52 ./usr/opt/OSCX200/src/fix-trackers/481
-r--r--r-- 3/4            3424 1992-11-17 21:52 ./usr/opt/OSCX200/src/fix-trackers/480
-r--r--r-- 3/4            1313 1992-11-17 21:52 ./usr/opt/OSCX200/src/fix-trackers/479
-r--r--r-- 3/4           17477 1992-11-17 21:51 ./usr/opt/OSCX200/src/fix-trackers/478
-r--r--r-- 3/4            5472 1992-11-17 21:51 ./usr/opt/OSCX200/src/fix-trackers/476
-r--r--r-- 3/4            2434 1992-11-17 21:51 ./usr/opt/OSCX200/src/fix-trackers/473
-r--r--r-- 3/4           69538 1992-11-17 21:52 ./usr/opt/OSCX200/src/fix-trackers/485
-r--r--r-- 3/4           81070 1992-11-17 21:52 ./usr/opt/OSCX200/src/fix-trackers/484
-r--r--r-- 3/4           12801 1992-11-17 21:51 ./usr/opt/OSCX200/src/fix-trackers/477
-r--r--r-- 3/4            5690 1992-11-17 21:51 ./usr/opt/OSCX200/src/fix-trackers/475
-r--r--r-- 3/4            1276 1992-11-17 21:51 ./usr/opt/OSCX200/src/fix-trackers/472
-r--r--r-- 3/4            1770 1992-11-17 21:51 ./usr/opt/OSCX200/src/fix-trackers/471
-r--r--r-- 3/4            9054 1992-11-17 21:51 ./usr/opt/OSCX200/src/fix-trackers/474
-r--r--r-- 3/4            1928 1992-11-17 21:51 ./usr/opt/OSCX200/src/fix-trackers/470
-r--r--r-- 3/4           73016 1992-11-17 21:51 ./usr/opt/OSCX200/src/fix-trackers/469
-r--r--r-- 3/4            2159 1992-11-17 21:50 ./usr/opt/OSCX200/src/fix-trackers/468
-r--r--r-- 3/4            1720 1992-11-17 21:50 ./usr/opt/OSCX200/src/fix-trackers/467
-r--r--r-- 3/4            1366 1992-11-17 21:50 ./usr/opt/OSCX200/src/fix-trackers/466
-r--r--r-- 3/4            1430 1992-11-17 21:50 ./usr/opt/OSCX200/src/fix-trackers/465
-r--r--r-- 3/4           75985 1992-11-17 21:50 ./usr/opt/OSCX200/src/fix-trackers/462
-r--r--r-- 3/4            1601 1992-11-17 21:49 ./usr/opt/OSCX200/src/fix-trackers/457
-r--r--r-- 3/4            2382 1992-11-17 21:49 ./usr/opt/OSCX200/src/fix-trackers/456
-r--r--r-- 3/4           97668 1992-11-17 21:50 ./usr/opt/OSCX200/src/fix-trackers/464
-r--r--r-- 3/4            1461 1992-11-17 21:49 ./usr/opt/OSCX200/src/fix-trackers/455
-r--r--r-- 3/4            1348 1992-11-17 21:49 ./usr/opt/OSCX200/src/fix-trackers/454
-r--r--r-- 3/4            1555 1992-11-17 21:49 ./usr/opt/OSCX200/src/fix-trackers/453
-r--r--r-- 3/4            1316 1992-11-17 21:49 ./usr/opt/OSCX200/src/fix-trackers/452
-r--r--r-- 3/4            4905 1992-11-17 21:49 ./usr/opt/OSCX200/src/fix-trackers/451
-r--r--r-- 3/4            1794 1992-11-17 21:48 ./usr/opt/OSCX200/src/fix-trackers/450
-r--r--r-- 3/4            1717 1992-11-17 21:48 ./usr/opt/OSCX200/src/fix-trackers/449
-r--r--r-- 3/4            3281 1992-11-17 21:48 ./usr/opt/OSCX200/src/fix-trackers/448
-r--r--r-- 3/4           27468 1992-11-17 21:48 ./usr/opt/OSCX200/src/fix-trackers/447
-r--r--r-- 3/4            3784 1992-11-17 21:48 ./usr/opt/OSCX200/src/fix-trackers/446
-r--r--r-- 3/4            2325 1992-11-17 21:48 ./usr/opt/OSCX200/src/fix-trackers/443
-r--r--r-- 3/4            1335 1992-11-17 21:48 ./usr/opt/OSCX200/src/fix-trackers/442
-r--r--r-- 3/4            2607 1992-11-17 21:48 ./usr/opt/OSCX200/src/fix-trackers/441
-r--r--r-- 3/4            2354 1992-11-17 21:47 ./usr/opt/OSCX200/src/fix-trackers/440
-r--r--r-- 3/4            4039 1992-11-17 21:47 ./usr/opt/OSCX200/src/fix-trackers/439
-r--r--r-- 3/4            1590 1992-11-17 21:47 ./usr/opt/OSCX200/src/fix-trackers/438
-r--r--r-- 3/4            1598 1992-11-17 21:47 ./usr/opt/OSCX200/src/fix-trackers/437
-r--r--r-- 3/4             935 1992-11-17 21:46 ./usr/opt/OSCX200/src/fix-trackers/430
-r--r--r-- 3/4           97768 1992-11-17 21:50 ./usr/opt/OSCX200/src/fix-trackers/463
-r--r--r-- 3/4           36479 1992-11-17 21:48 ./usr/opt/OSCX200/src/fix-trackers/445
-r--r--r-- 3/4           34081 1992-11-17 21:48 ./usr/opt/OSCX200/src/fix-trackers/444
-r--r--r-- 3/4            1866 1992-11-17 21:47 ./usr/opt/OSCX200/src/fix-trackers/435
-r--r--r-- 3/4            2976 1992-11-17 21:46 ./usr/opt/OSCX200/src/fix-trackers/434
-r--r--r-- 3/4             804 1992-11-17 21:45 ./usr/opt/OSCX200/src/fix-trackers/428
-r--r--r-- 3/4           86005 1992-11-17 21:50 ./usr/opt/OSCX200/src/fix-trackers/461
-r--r--r-- 3/4           90133 1992-11-17 21:50 ./usr/opt/OSCX200/src/fix-trackers/460
-r--r--r-- 3/4           88258 1992-11-17 21:49 ./usr/opt/OSCX200/src/fix-trackers/459
-r--r--r-- 3/4           88157 1992-11-17 21:49 ./usr/opt/OSCX200/src/fix-trackers/458
-r--r--r-- 3/4            7679 1992-11-17 21:47 ./usr/opt/OSCX200/src/fix-trackers/436
-r--r--r-- 3/4            1709 1992-11-17 21:46 ./usr/opt/OSCX200/src/fix-trackers/433
-r--r--r-- 3/4           62976 1992-11-17 21:46 ./usr/opt/OSCX200/src/fix-trackers/432
-r--r--r-- 3/4           42726 1992-11-17 21:46 ./usr/opt/OSCX200/src/fix-trackers/431
-r--r--r-- 3/4            4235 1992-11-17 21:46 ./usr/opt/OSCX200/src/fix-trackers/429
-r--r--r-- 3/4            4541 1992-11-17 21:45 ./usr/opt/OSCX200/src/fix-trackers/427
-r--r--r-- 3/4            4520 1992-11-17 21:45 ./usr/opt/OSCX200/src/fix-trackers/426
-r--r--r-- 3/4            2590 1992-11-17 21:45 ./usr/opt/OSCX200/src/fix-trackers/425
-r--r--r-- 3/4            2779 1992-11-17 21:45 ./usr/opt/OSCX200/src/fix-trackers/424
-r--r--r-- 3/4            2551 1992-11-17 21:44 ./usr/opt/OSCX200/src/fix-trackers/423
-r--r--r-- 3/4            8396 1992-11-17 21:44 ./usr/opt/OSCX200/src/fix-trackers/422
-r--r--r-- 3/4            8997 1992-11-17 21:44 ./usr/opt/OSCX200/src/fix-trackers/420
-r--r--r-- 3/4            7452 1992-11-17 21:44 ./usr/opt/OSCX200/src/fix-trackers/418
-r--r--r-- 3/4            2499 1992-11-17 21:43 ./usr/opt/OSCX200/src/fix-trackers/414
-r--r--r-- 3/4            2176 1992-11-17 21:43 ./usr/opt/OSCX200/src/fix-trackers/412
-r--r--r-- 3/4           26822 1992-11-17 21:44 ./usr/opt/OSCX200/src/fix-trackers/421
-r--r--r-- 3/4           32111 1992-11-17 21:44 ./usr/opt/OSCX200/src/fix-trackers/419
-r--r--r-- 3/4           90779 1992-11-17 21:43 ./usr/opt/OSCX200/src/fix-trackers/417
-r--r--r-- 3/4            3697 1992-11-17 21:43 ./usr/opt/OSCX200/src/fix-trackers/413
-r--r--r-- 3/4            3307 1992-11-17 21:42 ./usr/opt/OSCX200/src/fix-trackers/411
-r--r--r-- 3/4            6231 1992-11-17 21:42 ./usr/opt/OSCX200/src/fix-trackers/410
-r--r--r-- 3/4            1552 1992-11-17 21:42 ./usr/opt/OSCX200/src/fix-trackers/409
-r--r--r-- 3/4            4700 1992-11-17 21:42 ./usr/opt/OSCX200/src/fix-trackers/408
-r--r--r-- 3/4            1323 1992-07-31 18:56 ./usr/opt/OSCX200/src/fix-trackers/405
-r--r--r-- 3/4           83918 1992-11-17 21:43 ./usr/opt/OSCX200/src/fix-trackers/416
-r--r--r-- 3/4           84371 1992-11-17 21:43 ./usr/opt/OSCX200/src/fix-trackers/415
-r--r--r-- 3/4            2967 1992-11-17 21:42 ./usr/opt/OSCX200/src/fix-trackers/407
-r--r--r-- 3/4            2133 1992-07-31 18:56 ./usr/opt/OSCX200/src/fix-trackers/404
-r--r--r-- 3/4            1346 1992-07-31 18:56 ./usr/opt/OSCX200/src/fix-trackers/403
-r--r--r-- 3/4            4992 1992-07-31 18:56 ./usr/opt/OSCX200/src/fix-trackers/406
-r--r--r-- 3/4           11165 1992-07-31 18:56 ./usr/opt/OSCX200/src/fix-trackers/402
-r--r--r-- 3/4            5588 1992-07-31 18:56 ./usr/opt/OSCX200/src/fix-trackers/401
-r--r--r-- 3/4           13876 1992-07-31 18:56 ./usr/opt/OSCX200/src/fix-trackers/400
-r--r--r-- 3/4            1639 1992-07-31 18:56 ./usr/opt/OSCX200/src/fix-trackers/399
-r--r--r-- 3/4            3563 1992-07-31 18:55 ./usr/opt/OSCX200/src/fix-trackers/398
-r--r--r-- 3/4            1872 1992-07-31 18:55 ./usr/opt/OSCX200/src/fix-trackers/397
-r--r--r-- 3/4            1886 1992-07-31 18:55 ./usr/opt/OSCX200/src/fix-trackers/396
-r--r--r-- 3/4           80858 1992-07-31 18:55 ./usr/opt/OSCX200/src/fix-trackers/395
-r--r--r-- 3/4            4590 1992-07-31 18:55 ./usr/opt/OSCX200/src/fix-trackers/394
-r--r--r-- 3/4            1215 1992-07-31 18:55 ./usr/opt/OSCX200/src/fix-trackers/393
-r--r--r-- 3/4            1585 1992-07-31 18:55 ./usr/opt/OSCX200/src/fix-trackers/392
-r--r--r-- 3/4            1783 1992-07-31 18:55 ./usr/opt/OSCX200/src/fix-trackers/391
-r--r--r-- 3/4            1836 1992-07-31 18:54 ./usr/opt/OSCX200/src/fix-trackers/390
-r--r--r-- 3/4            2727 1992-07-31 18:54 ./usr/opt/OSCX200/src/fix-trackers/389
-r--r--r-- 3/4             711 1992-07-31 18:54 ./usr/opt/OSCX200/src/fix-trackers/388
-r--r--r-- 3/4            9480 1992-07-31 18:54 ./usr/opt/OSCX200/src/fix-trackers/387
-r--r--r-- 3/4            5465 1992-07-31 18:54 ./usr/opt/OSCX200/src/fix-trackers/386
-r--r--r-- 3/4            4825 1992-07-31 18:54 ./usr/opt/OSCX200/src/fix-trackers/385
-r--r--r-- 3/4            3137 1992-07-31 18:54 ./usr/opt/OSCX200/src/fix-trackers/384
-r--r--r-- 3/4            1405 1992-07-31 18:54 ./usr/opt/OSCX200/src/fix-trackers/383
-r--r--r-- 3/4           12239 1992-07-31 18:54 ./usr/opt/OSCX200/src/fix-trackers/382
-r--r--r-- 3/4             849 1992-07-31 18:53 ./usr/opt/OSCX200/src/fix-trackers/381
-r--r--r-- 3/4           48197 1992-07-31 18:53 ./usr/opt/OSCX200/src/fix-trackers/380
-r--r--r-- 3/4            7972 1992-07-31 18:53 ./usr/opt/OSCX200/src/fix-trackers/379
-r--r--r-- 3/4            2205 1992-07-31 18:53 ./usr/opt/OSCX200/src/fix-trackers/378
-r--r--r-- 3/4           79883 1992-07-31 18:53 ./usr/opt/OSCX200/src/fix-trackers/377
-r--r--r-- 3/4            2002 1992-07-31 18:53 ./usr/opt/OSCX200/src/fix-trackers/373
-r--r--r-- 3/4            2630 1992-07-31 18:52 ./usr/opt/OSCX200/src/fix-trackers/371
-r--r--r-- 3/4            2472 1992-07-31 18:52 ./usr/opt/OSCX200/src/fix-trackers/370
-r--r--r-- 3/4            4024 1992-07-31 18:52 ./usr/opt/OSCX200/src/fix-trackers/369
-r--r--r-- 3/4            2456 1992-07-31 18:52 ./usr/opt/OSCX200/src/fix-trackers/368
-r--r--r-- 3/4             927 1992-07-31 18:52 ./usr/opt/OSCX200/src/fix-trackers/367
-r--r--r-- 3/4             852 1992-07-31 18:52 ./usr/opt/OSCX200/src/fix-trackers/363
-r--r--r-- 3/4           47131 1992-07-31 18:53 ./usr/opt/OSCX200/src/fix-trackers/376
-r--r--r-- 3/4           77686 1992-07-31 18:53 ./usr/opt/OSCX200/src/fix-trackers/375
-r--r--r-- 3/4           22153 1992-07-31 18:52 ./usr/opt/OSCX200/src/fix-trackers/372
-r--r--r-- 3/4            1951 1992-07-31 18:52 ./usr/opt/OSCX200/src/fix-trackers/366
-r--r--r-- 3/4           10569 1992-07-31 18:52 ./usr/opt/OSCX200/src/fix-trackers/365
-r--r--r-- 3/4            1676 1992-07-31 18:52 ./usr/opt/OSCX200/src/fix-trackers/364
-r--r--r-- 3/4            5273 1992-07-31 18:52 ./usr/opt/OSCX200/src/fix-trackers/362
-r--r--r-- 3/4            3856 1992-07-31 18:51 ./usr/opt/OSCX200/src/fix-trackers/361
-r--r--r-- 3/4             910 1992-06-08 19:42 ./usr/opt/OSCX200/src/fix-trackers/354
-r--r--r-- 3/4           69193 1992-07-31 18:53 ./usr/opt/OSCX200/src/fix-trackers/374
-r--r--r-- 3/4            3732 1992-06-08 19:49 ./usr/opt/OSCX200/src/fix-trackers/360
-r--r--r-- 3/4            2387 1992-06-08 19:48 ./usr/opt/OSCX200/src/fix-trackers/359
-r--r--r-- 3/4           58077 1992-06-08 19:47 ./usr/opt/OSCX200/src/fix-trackers/358
-r--r--r-- 3/4            8693 1992-06-08 19:45 ./usr/opt/OSCX200/src/fix-trackers/356
-r--r--r-- 3/4            4884 1992-06-08 19:41 ./usr/opt/OSCX200/src/fix-trackers/353
-r--r--r-- 3/4            4351 1992-06-08 19:40 ./usr/opt/OSCX200/src/fix-trackers/352
-r--r--r-- 3/4            2050 1992-06-08 19:39 ./usr/opt/OSCX200/src/fix-trackers/351
-r--r--r-- 3/4            6388 1992-06-08 19:37 ./usr/opt/OSCX200/src/fix-trackers/350
-r--r--r-- 3/4           10662 1992-06-08 19:35 ./usr/opt/OSCX200/src/fix-trackers/348
-r--r--r-- 3/4           49359 1992-06-08 19:46 ./usr/opt/OSCX200/src/fix-trackers/357
-r--r--r-- 3/4           47279 1992-06-08 19:44 ./usr/opt/OSCX200/src/fix-trackers/355
-r--r--r-- 3/4           18183 1992-06-08 19:36 ./usr/opt/OSCX200/src/fix-trackers/349
-r--r--r-- 3/4            2877 1992-06-08 19:34 ./usr/opt/OSCX200/src/fix-trackers/347
-r--r--r-- 3/4           10973 1992-06-08 19:30 ./usr/opt/OSCX200/src/fix-trackers/344
-r--r--r-- 3/4            2481 1992-06-08 19:28 ./usr/opt/OSCX200/src/fix-trackers/342
-r--r--r-- 3/4            2756 1992-06-08 19:27 ./usr/opt/OSCX200/src/fix-trackers/341
-r--r--r-- 3/4            5201 1992-06-08 19:25 ./usr/opt/OSCX200/src/fix-trackers/340
-r--r--r-- 3/4            3528 1992-06-08 19:24 ./usr/opt/OSCX200/src/fix-trackers/339
-r--r--r-- 3/4            7948 1992-06-08 19:23 ./usr/opt/OSCX200/src/fix-trackers/338
-r--r--r-- 3/4            4167 1992-06-08 19:22 ./usr/opt/OSCX200/src/fix-trackers/337
-r--r--r-- 3/4            1053 1992-06-08 19:21 ./usr/opt/OSCX200/src/fix-trackers/336
-r--r--r-- 3/4            1507 1992-06-08 19:20 ./usr/opt/OSCX200/src/fix-trackers/335
-r--r--r-- 3/4            3972 1992-06-08 19:18 ./usr/opt/OSCX200/src/fix-trackers/334
-r--r--r-- 3/4             657 1992-06-08 19:17 ./usr/opt/OSCX200/src/fix-trackers/333
-r--r--r-- 3/4            1378 1992-06-08 19:16 ./usr/opt/OSCX200/src/fix-trackers/332
-r--r--r-- 3/4             626 1992-06-08 19:14 ./usr/opt/OSCX200/src/fix-trackers/330
-r--r--r-- 3/4           70288 1992-06-08 19:32 ./usr/opt/OSCX200/src/fix-trackers/346
-r--r--r-- 3/4           77902 1992-06-08 19:31 ./usr/opt/OSCX200/src/fix-trackers/345
-r--r--r-- 3/4           15242 1992-06-08 19:15 ./usr/opt/OSCX200/src/fix-trackers/331
-r--r--r-- 3/4           11614 1992-06-08 19:13 ./usr/opt/OSCX200/src/fix-trackers/329
-r--r--r-- 3/4           77941 1992-06-08 19:29 ./usr/opt/OSCX200/src/fix-trackers/343
-r--r--r-- 3/4            4598 1992-06-08 19:12 ./usr/opt/OSCX200/src/fix-trackers/328
-r--r--r-- 3/4            2594 1992-06-08 19:11 ./usr/opt/OSCX200/src/fix-trackers/327
-r--r--r-- 3/4            1723 1992-06-08 19:10 ./usr/opt/OSCX200/src/fix-trackers/326
-r--r--r-- 3/4            9717 1992-06-08 19:09 ./usr/opt/OSCX200/src/fix-trackers/325
-r--r--r-- 3/4            4015 1992-06-08 19:08 ./usr/opt/OSCX200/src/fix-trackers/324
-r--r--r-- 3/4            4209 1992-06-08 19:07 ./usr/opt/OSCX200/src/fix-trackers/323
-r--r--r-- 3/4            5381 1992-06-08 19:06 ./usr/opt/OSCX200/src/fix-trackers/322
-r--r--r-- 3/4            1788 1992-06-08 19:05 ./usr/opt/OSCX200/src/fix-trackers/321
-r--r--r-- 3/4            7687 1992-06-08 19:04 ./usr/opt/OSCX200/src/fix-trackers/320
-r--r--r-- 3/4            1664 1992-06-08 19:03 ./usr/opt/OSCX200/src/fix-trackers/319
-r--r--r-- 3/4            1871 1992-06-08 19:02 ./usr/opt/OSCX200/src/fix-trackers/318
-r--r--r-- 3/4            2512 1992-06-08 19:01 ./usr/opt/OSCX200/src/fix-trackers/317
-r--r--r-- 3/4            2589 1992-06-08 18:58 ./usr/opt/OSCX200/src/fix-trackers/314
-r--r--r-- 3/4            5797 1992-06-08 18:57 ./usr/opt/OSCX200/src/fix-trackers/313
-r--r--r-- 3/4           16821 1992-06-08 18:56 ./usr/opt/OSCX200/src/fix-trackers/312
-r--r--r-- 3/4            2878 1992-06-08 18:55 ./usr/opt/OSCX200/src/fix-trackers/311
-r--r--r-- 3/4            1614 1992-06-08 18:53 ./usr/opt/OSCX200/src/fix-trackers/310
-r--r--r-- 3/4            4891 1992-06-08 18:52 ./usr/opt/OSCX200/src/fix-trackers/309
-r--r--r-- 3/4            1917 1992-05-06 22:33 ./usr/opt/OSCX200/src/fix-trackers/308
-r--r--r-- 3/4           43935 1992-06-08 19:00 ./usr/opt/OSCX200/src/fix-trackers/316
-r--r--r-- 3/4           58424 1992-06-08 18:59 ./usr/opt/OSCX200/src/fix-trackers/315
-r--r--r-- 3/4            1840 1992-05-06 22:33 ./usr/opt/OSCX200/src/fix-trackers/307
-r--r--r-- 3/4            1887 1992-05-06 22:33 ./usr/opt/OSCX200/src/fix-trackers/306
-r--r--r-- 3/4            2665 1992-05-06 17:07 ./usr/opt/OSCX200/src/fix-trackers/305
-r--r--r-- 3/4            2974 1992-05-06 17:07 ./usr/opt/OSCX200/src/fix-trackers/304
-r--r--r-- 3/4            1313 1992-05-06 17:07 ./usr/opt/OSCX200/src/fix-trackers/303
-r--r--r-- 3/4           25301 1992-05-06 17:07 ./usr/opt/OSCX200/src/fix-trackers/302
-r--r--r-- 3/4            2153 1992-05-06 17:06 ./usr/opt/OSCX200/src/fix-trackers/301
-r--r--r-- 3/4             663 1992-05-06 17:06 ./usr/opt/OSCX200/src/fix-trackers/300
-r--r--r-- 3/4            4008 1992-05-06 17:06 ./usr/opt/OSCX200/src/fix-trackers/299
-r--r--r-- 3/4            1983 1992-05-06 17:06 ./usr/opt/OSCX200/src/fix-trackers/298
-r--r--r-- 3/4            2018 1992-05-06 17:05 ./usr/opt/OSCX200/src/fix-trackers/297
-r--r--r-- 3/4            2128 1992-05-06 17:05 ./usr/opt/OSCX200/src/fix-trackers/296
-r--r--r-- 3/4            2151 1992-05-06 17:05 ./usr/opt/OSCX200/src/fix-trackers/295
-r--r--r-- 3/4            1993 1992-05-06 17:05 ./usr/opt/OSCX200/src/fix-trackers/294
-r--r--r-- 3/4            8737 1992-05-06 17:04 ./usr/opt/OSCX200/src/fix-trackers/293
-r--r--r-- 3/4            1773 1992-05-06 17:04 ./usr/opt/OSCX200/src/fix-trackers/292
-r--r--r-- 3/4            3538 1992-04-29 05:35 ./usr/opt/OSCX200/src/fix-trackers/291
-r--r--r-- 3/4            1139 1992-04-29 05:34 ./usr/opt/OSCX200/src/fix-trackers/290
-r--r--r-- 3/4            1486 1992-04-29 05:33 ./usr/opt/OSCX200/src/fix-trackers/289
-r--r--r-- 3/4            1388 1992-04-29 05:32 ./usr/opt/OSCX200/src/fix-trackers/288
-r--r--r-- 3/4            8114 1992-04-29 05:31 ./usr/opt/OSCX200/src/fix-trackers/287
-r--r--r-- 3/4            6617 1992-04-29 05:30 ./usr/opt/OSCX200/src/fix-trackers/286
-r--r--r-- 3/4            1265 1992-04-29 05:29 ./usr/opt/OSCX200/src/fix-trackers/285
-r--r--r-- 3/4            2693 1992-04-29 05:28 ./usr/opt/OSCX200/src/fix-trackers/284
-r--r--r-- 3/4            2550 1992-04-29 05:27 ./usr/opt/OSCX200/src/fix-trackers/283
-r--r--r-- 3/4            1972 1992-04-29 05:26 ./usr/opt/OSCX200/src/fix-trackers/282
-r--r--r-- 3/4           14469 1992-04-29 05:25 ./usr/opt/OSCX200/src/fix-trackers/281
-r--r--r-- 3/4           14798 1992-04-29 05:24 ./usr/opt/OSCX200/src/fix-trackers/280
-r--r--r-- 3/4            9582 1992-04-29 05:23 ./usr/opt/OSCX200/src/fix-trackers/279
-r--r--r-- 3/4            4721 1992-04-29 05:22 ./usr/opt/OSCX200/src/fix-trackers/278
-r--r--r-- 3/4            3068 1992-04-29 05:22 ./usr/opt/OSCX200/src/fix-trackers/277
-r--r--r-- 3/4            1239 1992-04-29 05:21 ./usr/opt/OSCX200/src/fix-trackers/276
-r--r--r-- 3/4            2472 1992-04-29 05:20 ./usr/opt/OSCX200/src/fix-trackers/275
-r--r--r-- 3/4            2272 1992-04-29 05:19 ./usr/opt/OSCX200/src/fix-trackers/274
-r--r--r-- 3/4            3465 1992-04-29 05:18 ./usr/opt/OSCX200/src/fix-trackers/273
-r--r--r-- 3/4            3905 1992-04-29 05:17 ./usr/opt/OSCX200/src/fix-trackers/272
-r--r--r-- 3/4            1437 1992-04-29 05:16 ./usr/opt/OSCX200/src/fix-trackers/271
-r--r--r-- 3/4            1623 1992-04-29 05:15 ./usr/opt/OSCX200/src/fix-trackers/270
-r--r--r-- 3/4            1942 1992-04-29 05:14 ./usr/opt/OSCX200/src/fix-trackers/269
-r--r--r-- 3/4            2283 1992-04-29 05:13 ./usr/opt/OSCX200/src/fix-trackers/268
-r--r--r-- 3/4            1432 1992-04-29 05:12 ./usr/opt/OSCX200/src/fix-trackers/267
-r--r--r-- 3/4            1500 1992-04-29 05:11 ./usr/opt/OSCX200/src/fix-trackers/266
-r--r--r-- 3/4            1528 1992-04-29 05:10 ./usr/opt/OSCX200/src/fix-trackers/265
-r--r--r-- 3/4            1428 1992-04-29 05:09 ./usr/opt/OSCX200/src/fix-trackers/264
-r--r--r-- 3/4            1536 1992-04-29 05:08 ./usr/opt/OSCX200/src/fix-trackers/263
-r--r--r-- 3/4             677 1992-04-29 05:07 ./usr/opt/OSCX200/src/fix-trackers/262
-r--r--r-- 3/4             636 1992-04-29 05:06 ./usr/opt/OSCX200/src/fix-trackers/261
-r--r--r-- 3/4            1532 1992-04-29 05:05 ./usr/opt/OSCX200/src/fix-trackers/260
-r--r--r-- 3/4            1782 1992-04-29 05:04 ./usr/opt/OSCX200/src/fix-trackers/259
-r--r--r-- 3/4            1493 1992-04-29 05:02 ./usr/opt/OSCX200/src/fix-trackers/258
-r--r--r-- 3/4           32502 1992-04-29 05:01 ./usr/opt/OSCX200/src/fix-trackers/257
-r--r--r-- 3/4            2833 1992-04-29 05:00 ./usr/opt/OSCX200/src/fix-trackers/256
-r--r--r-- 3/4            2133 1992-04-29 04:56 ./usr/opt/OSCX200/src/fix-trackers/252
-r--r--r-- 3/4            5704 1992-04-29 04:59 ./usr/opt/OSCX200/src/fix-trackers/255
-r--r--r-- 3/4            3803 1992-04-29 04:58 ./usr/opt/OSCX200/src/fix-trackers/254
-r--r--r-- 3/4            5498 1992-04-29 04:57 ./usr/opt/OSCX200/src/fix-trackers/253
-r--r--r-- 3/4            1685 1992-04-29 04:55 ./usr/opt/OSCX200/src/fix-trackers/251
-r--r--r-- 3/4            2774 1992-04-29 04:54 ./usr/opt/OSCX200/src/fix-trackers/250
-r--r--r-- 3/4            1471 1992-04-29 04:53 ./usr/opt/OSCX200/src/fix-trackers/249
-r--r--r-- 3/4            2586 1992-04-29 04:52 ./usr/opt/OSCX200/src/fix-trackers/248
-r--r--r-- 3/4            3076 1992-04-29 04:51 ./usr/opt/OSCX200/src/fix-trackers/247
-r--r--r-- 3/4            1455 1992-04-29 04:50 ./usr/opt/OSCX200/src/fix-trackers/246
-r--r--r-- 3/4            1294 1992-04-29 04:49 ./usr/opt/OSCX200/src/fix-trackers/245
-r--r--r-- 3/4            6258 1992-04-29 04:48 ./usr/opt/OSCX200/src/fix-trackers/244
-r--r--r-- 3/4            2913 1992-04-29 04:47 ./usr/opt/OSCX200/src/fix-trackers/243
-r--r--r-- 3/4            1518 1992-04-29 04:46 ./usr/opt/OSCX200/src/fix-trackers/242
-r--r--r-- 3/4            1153 1992-04-29 04:45 ./usr/opt/OSCX200/src/fix-trackers/241
-r--r--r-- 3/4            3325 1992-04-29 04:44 ./usr/opt/OSCX200/src/fix-trackers/240
-r--r--r-- 3/4             625 1992-04-29 04:44 ./usr/opt/OSCX200/src/fix-trackers/239
-r--r--r-- 3/4            2021 1992-04-29 04:43 ./usr/opt/OSCX200/src/fix-trackers/238
-r--r--r-- 3/4            1423 1992-04-29 04:42 ./usr/opt/OSCX200/src/fix-trackers/237
-r--r--r-- 3/4           20451 1992-04-29 04:41 ./usr/opt/OSCX200/src/fix-trackers/236
-r--r--r-- 3/4             703 1992-04-29 04:40 ./usr/opt/OSCX200/src/fix-trackers/235
-r--r--r-- 3/4           44550 1992-04-29 04:39 ./usr/opt/OSCX200/src/fix-trackers/234
-r--r--r-- 3/4            1987 1992-04-29 04:36 ./usr/opt/OSCX200/src/fix-trackers/231
-r--r--r-- 3/4            4491 1992-04-29 04:35 ./usr/opt/OSCX200/src/fix-trackers/230
-r--r--r-- 3/4            7646 1992-04-29 04:34 ./usr/opt/OSCX200/src/fix-trackers/229
-r--r--r-- 3/4            1712 1992-04-29 04:33 ./usr/opt/OSCX200/src/fix-trackers/228
-r--r--r-- 3/4            1249 1992-04-29 04:32 ./usr/opt/OSCX200/src/fix-trackers/227
-r--r--r-- 3/4           16181 1992-04-29 04:31 ./usr/opt/OSCX200/src/fix-trackers/226
-r--r--r-- 3/4            2358 1992-04-29 04:30 ./usr/opt/OSCX200/src/fix-trackers/225
-r--r--r-- 3/4            1579 1992-04-29 04:29 ./usr/opt/OSCX200/src/fix-trackers/224
-r--r--r-- 3/4            2376 1992-04-29 04:27 ./usr/opt/OSCX200/src/fix-trackers/222
-r--r--r-- 3/4             778 1992-04-29 04:20 ./usr/opt/OSCX200/src/fix-trackers/215
-r--r--r-- 3/4           80744 1992-04-29 04:38 ./usr/opt/OSCX200/src/fix-trackers/233
-r--r--r-- 3/4           56865 1992-04-29 04:37 ./usr/opt/OSCX200/src/fix-trackers/232
-r--r--r-- 3/4           10926 1992-04-29 04:28 ./usr/opt/OSCX200/src/fix-trackers/223
-r--r--r-- 3/4            3280 1992-04-29 04:26 ./usr/opt/OSCX200/src/fix-trackers/221
-r--r--r-- 3/4            3514 1992-04-29 04:25 ./usr/opt/OSCX200/src/fix-trackers/220
-r--r--r-- 3/4            3973 1992-04-29 04:24 ./usr/opt/OSCX200/src/fix-trackers/219
-r--r--r-- 3/4            3234 1992-04-29 04:23 ./usr/opt/OSCX200/src/fix-trackers/218
-r--r--r-- 3/4             938 1992-04-29 04:19 ./usr/opt/OSCX200/src/fix-trackers/214
-r--r--r-- 3/4            1674 1992-04-29 04:18 ./usr/opt/OSCX200/src/fix-trackers/213
-r--r--r-- 3/4            3202 1992-04-29 04:16 ./usr/opt/OSCX200/src/fix-trackers/211
-r--r--r-- 3/4            1330 1992-04-29 04:08 ./usr/opt/OSCX200/src/fix-trackers/203
-r--r--r-- 3/4           15089 1992-04-29 04:22 ./usr/opt/OSCX200/src/fix-trackers/217
-r--r--r-- 3/4           46804 1992-04-29 04:21 ./usr/opt/OSCX200/src/fix-trackers/216
-r--r--r-- 3/4            5682 1992-04-29 04:17 ./usr/opt/OSCX200/src/fix-trackers/212
-r--r--r-- 3/4            2028 1992-04-29 04:15 ./usr/opt/OSCX200/src/fix-trackers/210
-r--r--r-- 3/4            1982 1992-04-29 04:14 ./usr/opt/OSCX200/src/fix-trackers/209
-r--r--r-- 3/4            5493 1992-04-29 04:13 ./usr/opt/OSCX200/src/fix-trackers/208
-r--r--r-- 3/4            5699 1992-04-29 04:12 ./usr/opt/OSCX200/src/fix-trackers/207
-r--r--r-- 3/4           29479 1992-04-29 04:11 ./usr/opt/OSCX200/src/fix-trackers/206
-r--r--r-- 3/4           50395 1992-04-29 04:10 ./usr/opt/OSCX200/src/fix-trackers/205
-r--r--r-- 3/4            5584 1992-04-29 04:09 ./usr/opt/OSCX200/src/fix-trackers/204
-r--r--r-- 3/4             733 1992-04-29 04:07 ./usr/opt/OSCX200/src/fix-trackers/201
-r--r--r-- 3/4            3083 1992-04-29 04:08 ./usr/opt/OSCX200/src/fix-trackers/202
-r--r--r-- 3/4             743 1992-04-29 04:06 ./usr/opt/OSCX200/src/fix-trackers/200
-r--r--r-- 3/4             743 1992-04-29 04:06 ./usr/opt/OSCX200/src/fix-trackers/200
-r--r--r-- 3/4             743 1992-04-29 04:06 ./usr/opt/OSCX200/src/fix-trackers/200
-r--r--r-- 3/4            2214 1992-04-29 04:05 ./usr/opt/OSCX200/src/fix-trackers/199
-r--r--r-- 3/4            8826 1992-04-29 04:04 ./usr/opt/OSCX200/src/fix-trackers/198
-r--r--r-- 3/4            9483 1992-04-29 04:03 ./usr/opt/OSCX200/src/fix-trackers/197
-r--r--r-- 3/4            1766 1992-04-29 04:02 ./usr/opt/OSCX200/src/fix-trackers/196
-r--r--r-- 3/4            2043 1992-04-29 04:01 ./usr/opt/OSCX200/src/fix-trackers/195
-r--r--r-- 3/4             868 1992-04-29 04:00 ./usr/opt/OSCX200/src/fix-trackers/194
-r--r--r-- 3/4            4976 1992-04-29 03:59 ./usr/opt/OSCX200/src/fix-trackers/193
-r--r--r-- 3/4            4882 1992-04-29 03:58 ./usr/opt/OSCX200/src/fix-trackers/192
-r--r--r-- 3/4            2074 1992-04-29 03:57 ./usr/opt/OSCX200/src/fix-trackers/191
-r--r--r-- 3/4             715 1992-04-29 03:56 ./usr/opt/OSCX200/src/fix-trackers/190
-r--r--r-- 3/4            7564 1992-04-29 03:55 ./usr/opt/OSCX200/src/fix-trackers/189
-r--r--r-- 3/4            3780 1992-04-29 03:54 ./usr/opt/OSCX200/src/fix-trackers/188
-r--r--r-- 3/4            5287 1992-04-29 03:53 ./usr/opt/OSCX200/src/fix-trackers/187
-r--r--r-- 3/4            2078 1992-04-29 03:52 ./usr/opt/OSCX200/src/fix-trackers/186
-r--r--r-- 3/4            4294 1992-04-29 03:52 ./usr/opt/OSCX200/src/fix-trackers/185
-r--r--r-- 3/4            3098 1992-04-29 03:51 ./usr/opt/OSCX200/src/fix-trackers/184
-r--r--r-- 3/4            1908 1992-04-29 03:50 ./usr/opt/OSCX200/src/fix-trackers/183
-r--r--r-- 3/4            2009 1992-04-29 03:49 ./usr/opt/OSCX200/src/fix-trackers/182
-r--r--r-- 3/4            4907 1992-04-29 03:48 ./usr/opt/OSCX200/src/fix-trackers/181
-r--r--r-- 3/4            3849 1992-04-29 03:47 ./usr/opt/OSCX200/src/fix-trackers/180
-r--r--r-- 3/4            4508 1992-04-29 03:46 ./usr/opt/OSCX200/src/fix-trackers/179
-r--r--r-- 3/4           41614 1992-04-29 03:45 ./usr/opt/OSCX200/src/fix-trackers/178
-r--r--r-- 3/4           22410 1992-04-29 03:43 ./usr/opt/OSCX200/src/fix-trackers/176
-r--r--r-- 3/4            3311 1992-04-29 03:41 ./usr/opt/OSCX200/src/fix-trackers/174
-r--r--r-- 3/4             975 1992-04-29 03:40 ./usr/opt/OSCX200/src/fix-trackers/173
-r--r--r-- 3/4           29241 1992-04-29 03:44 ./usr/opt/OSCX200/src/fix-trackers/177
-r--r--r-- 3/4           14974 1992-04-29 03:42 ./usr/opt/OSCX200/src/fix-trackers/175
-r--r--r-- 3/4            3639 1992-04-29 03:39 ./usr/opt/OSCX200/src/fix-trackers/172
-r--r--r-- 3/4            1849 1992-04-29 03:38 ./usr/opt/OSCX200/src/fix-trackers/171
-r--r--r-- 3/4            1589 1992-04-29 03:38 ./usr/opt/OSCX200/src/fix-trackers/170
-r--r--r-- 3/4            4548 1992-04-29 03:37 ./usr/opt/OSCX200/src/fix-trackers/169
-r--r--r-- 3/4            2843 1992-04-29 03:36 ./usr/opt/OSCX200/src/fix-trackers/168
-r--r--r-- 3/4             630 1992-04-29 03:35 ./usr/opt/OSCX200/src/fix-trackers/167
-r--r--r-- 3/4           15544 1992-04-29 03:34 ./usr/opt/OSCX200/src/fix-trackers/166
-r--r--r-- 3/4           14370 1992-04-29 03:33 ./usr/opt/OSCX200/src/fix-trackers/165
-r--r--r-- 3/4            1743 1992-04-29 03:32 ./usr/opt/OSCX200/src/fix-trackers/164
-r--r--r-- 3/4            6030 1992-05-07 15:47 ./usr/opt/OSCX200/src/fix-trackers/163A
-r--r--r-- 3/4           21464 1992-05-07 15:49 ./usr/opt/OSCX200/src/fix-trackers/163
-r--r--r-- 3/4            1255 1992-04-29 03:30 ./usr/opt/OSCX200/src/fix-trackers/162
-r--r--r-- 3/4            3977 1992-04-29 03:29 ./usr/opt/OSCX200/src/fix-trackers/161
-r--r--r-- 3/4           12543 1992-04-29 03:28 ./usr/opt/OSCX200/src/fix-trackers/160
-r--r--r-- 3/4            7399 1992-04-29 03:27 ./usr/opt/OSCX200/src/fix-trackers/159
-r--r--r-- 3/4            1938 1992-04-29 03:26 ./usr/opt/OSCX200/src/fix-trackers/158
-r--r--r-- 3/4             779 1992-04-29 03:25 ./usr/opt/OSCX200/src/fix-trackers/157
-r--r--r-- 3/4            1847 1992-04-29 03:24 ./usr/opt/OSCX200/src/fix-trackers/156
-r--r--r-- 3/4            7839 1992-04-29 03:22 ./usr/opt/OSCX200/src/fix-trackers/154
-r--r--r-- 3/4            3097 1992-04-29 03:21 ./usr/opt/OSCX200/src/fix-trackers/153
-r--r--r-- 3/4             936 1992-04-29 03:15 ./usr/opt/OSCX200/src/fix-trackers/147
-r--r--r-- 3/4           57411 1992-04-29 03:23 ./usr/opt/OSCX200/src/fix-trackers/155
-r--r--r-- 3/4            8093 1992-04-29 03:20 ./usr/opt/OSCX200/src/fix-trackers/152
-r--r--r-- 3/4            4670 1992-04-29 03:19 ./usr/opt/OSCX200/src/fix-trackers/151
-r--r--r-- 3/4            2145 1992-04-29 03:18 ./usr/opt/OSCX200/src/fix-trackers/150
-r--r--r-- 3/4            4026 1992-04-29 03:17 ./usr/opt/OSCX200/src/fix-trackers/149
-r--r--r-- 3/4            1378 1992-04-29 03:16 ./usr/opt/OSCX200/src/fix-trackers/148
-r--r--r-- 3/4            3200 1992-04-29 03:14 ./usr/opt/OSCX200/src/fix-trackers/146
-r--r--r-- 3/4             630 1992-04-29 03:13 ./usr/opt/OSCX200/src/fix-trackers/145
-r--r--r-- 3/4            4557 1992-04-29 03:12 ./usr/opt/OSCX200/src/fix-trackers/144
-r--r--r-- 3/4           17796 1992-04-29 03:11 ./usr/opt/OSCX200/src/fix-trackers/143
-r--r--r-- 3/4            3519 1992-04-29 03:10 ./usr/opt/OSCX200/src/fix-trackers/142
-r--r--r-- 3/4            2335 1992-04-29 03:09 ./usr/opt/OSCX200/src/fix-trackers/141
-r--r--r-- 3/4            2382 1992-04-29 03:08 ./usr/opt/OSCX200/src/fix-trackers/140
-r--r--r-- 3/4            1845 1992-04-29 03:07 ./usr/opt/OSCX200/src/fix-trackers/139
-r--r--r-- 3/4            1281 1992-04-29 03:06 ./usr/opt/OSCX200/src/fix-trackers/138
-r--r--r-- 3/4            3201 1992-04-29 03:05 ./usr/opt/OSCX200/src/fix-trackers/137
-r--r--r-- 3/4            2061 1992-04-29 03:04 ./usr/opt/OSCX200/src/fix-trackers/136
-r--r--r-- 3/4            5966 1992-04-29 03:03 ./usr/opt/OSCX200/src/fix-trackers/135
-r--r--r-- 3/4            5508 1992-04-29 03:02 ./usr/opt/OSCX200/src/fix-trackers/134
-r--r--r-- 3/4            5705 1992-04-29 03:01 ./usr/opt/OSCX200/src/fix-trackers/133
-r--r--r-- 3/4             872 1992-04-29 02:58 ./usr/opt/OSCX200/src/fix-trackers/130
-r--r--r-- 3/4            2131 1992-04-29 02:56 ./usr/opt/OSCX200/src/fix-trackers/128
-r--r--r-- 3/4            1005 1992-04-29 02:56 ./usr/opt/OSCX200/src/fix-trackers/127
-r--r--r-- 3/4            2351 1992-04-29 02:55 ./usr/opt/OSCX200/src/fix-trackers/126
-r--r--r-- 3/4            1760 1992-04-29 02:54 ./usr/opt/OSCX200/src/fix-trackers/125
-r--r--r-- 3/4            2084 1992-04-29 02:53 ./usr/opt/OSCX200/src/fix-trackers/124
-r--r--r-- 3/4            1707 1992-04-29 02:52 ./usr/opt/OSCX200/src/fix-trackers/123
-r--r--r-- 3/4            2997 1992-04-29 02:51 ./usr/opt/OSCX200/src/fix-trackers/122
-r--r--r-- 3/4             738 1992-04-29 02:50 ./usr/opt/OSCX200/src/fix-trackers/121
-r--r--r-- 3/4            1616 1992-04-29 02:46 ./usr/opt/OSCX200/src/fix-trackers/116
-r--r--r-- 3/4           61619 1992-04-29 03:00 ./usr/opt/OSCX200/src/fix-trackers/132
-r--r--r-- 3/4           62019 1992-04-29 02:59 ./usr/opt/OSCX200/src/fix-trackers/131
-r--r--r-- 3/4            3213 1992-04-29 02:49 ./usr/opt/OSCX200/src/fix-trackers/120
-r--r--r-- 3/4            6641 1992-04-29 02:48 ./usr/opt/OSCX200/src/fix-trackers/119
-r--r--r-- 3/4            9267 1992-04-29 02:48 ./usr/opt/OSCX200/src/fix-trackers/118
-r--r--r-- 3/4           14131 1992-04-29 02:47 ./usr/opt/OSCX200/src/fix-trackers/117
-r--r--r-- 3/4            1688 1992-04-29 02:45 ./usr/opt/OSCX200/src/fix-trackers/115
-r--r--r-- 3/4            3290 1992-04-29 02:44 ./usr/opt/OSCX200/src/fix-trackers/114
-r--r--r-- 3/4            1646 1992-04-29 02:43 ./usr/opt/OSCX200/src/fix-trackers/113
-r--r--r-- 3/4            3482 1992-04-29 02:42 ./usr/opt/OSCX200/src/fix-trackers/112
-r--r--r-- 3/4            2085 1992-04-29 02:40 ./usr/opt/OSCX200/src/fix-trackers/110
-r--r--r-- 3/4           68870 1992-04-29 02:57 ./usr/opt/OSCX200/src/fix-trackers/129
-r--r--r-- 3/4            3788 1992-04-29 02:41 ./usr/opt/OSCX200/src/fix-trackers/111
-r--r--r-- 3/4            1435 1992-04-29 02:40 ./usr/opt/OSCX200/src/fix-trackers/109
-r--r--r-- 3/4            2693 1992-04-29 02:39 ./usr/opt/OSCX200/src/fix-trackers/108
-r--r--r-- 3/4            1607 1992-04-29 02:38 ./usr/opt/OSCX200/src/fix-trackers/107
-r--r--r-- 3/4            1555 1992-04-29 02:37 ./usr/opt/OSCX200/src/fix-trackers/106
-r--r--r-- 3/4           58625 1992-04-29 02:36 ./usr/opt/OSCX200/src/fix-trackers/105
-r--r--r-- 3/4            2284 1992-04-29 02:35 ./usr/opt/OSCX200/src/fix-trackers/104
-r--r--r-- 3/4            6456 1992-04-29 02:34 ./usr/opt/OSCX200/src/fix-trackers/103
-r--r--r-- 3/4            6216 1992-04-29 02:33 ./usr/opt/OSCX200/src/fix-trackers/102
-r--r--r-- 3/4            5075 1992-04-29 02:32 ./usr/opt/OSCX200/src/fix-trackers/101
-r--r--r-- 3/4            1596 1992-04-29 02:31 ./usr/opt/OSCX200/src/fix-trackers/100
-r--r--r-- 3/4            1830 1992-04-29 02:30 ./usr/opt/OSCX200/src/fix-trackers/099
-r--r--r-- 3/4            1454 1992-04-29 02:29 ./usr/opt/OSCX200/src/fix-trackers/098
-r--r--r-- 3/4            1850 1992-04-29 02:28 ./usr/opt/OSCX200/src/fix-trackers/097
-r--r--r-- 3/4             705 1992-04-29 02:27 ./usr/opt/OSCX200/src/fix-trackers/096
-r--r--r-- 3/4            4300 1992-04-29 02:26 ./usr/opt/OSCX200/src/fix-trackers/095
-r--r--r-- 3/4             652 1992-04-29 02:25 ./usr/opt/OSCX200/src/fix-trackers/094
-r--r--r-- 3/4            2850 1992-04-29 02:24 ./usr/opt/OSCX200/src/fix-trackers/093
-r--r--r-- 3/4            2099 1992-04-29 02:23 ./usr/opt/OSCX200/src/fix-trackers/092
-r--r--r-- 3/4            2172 1992-04-29 02:22 ./usr/opt/OSCX200/src/fix-trackers/091
-r--r--r-- 3/4           30877 1992-04-29 02:22 ./usr/opt/OSCX200/src/fix-trackers/090
-r--r--r-- 3/4           22050 1992-04-29 02:21 ./usr/opt/OSCX200/src/fix-trackers/089
-r--r--r-- 3/4            1692 1992-04-29 02:19 ./usr/opt/OSCX200/src/fix-trackers/088
-r--r--r-- 3/4            9335 1992-04-29 02:18 ./usr/opt/OSCX200/src/fix-trackers/087
-r--r--r-- 3/4            2236 1992-04-29 02:17 ./usr/opt/OSCX200/src/fix-trackers/086
-r--r--r-- 3/4            1442 1992-04-29 02:16 ./usr/opt/OSCX200/src/fix-trackers/085
-r--r--r-- 3/4            2017 1992-04-29 02:15 ./usr/opt/OSCX200/src/fix-trackers/084
-r--r--r-- 3/4            3317 1992-04-29 02:14 ./usr/opt/OSCX200/src/fix-trackers/083
-r--r--r-- 3/4            1544 1992-04-29 02:13 ./usr/opt/OSCX200/src/fix-trackers/082
-r--r--r-- 3/4            2315 1992-04-29 02:12 ./usr/opt/OSCX200/src/fix-trackers/081
-r--r--r-- 3/4            8924 1992-04-29 02:11 ./usr/opt/OSCX200/src/fix-trackers/080
-r--r--r-- 3/4             681 1992-04-29 02:10 ./usr/opt/OSCX200/src/fix-trackers/079
-r--r--r-- 3/4            1654 1992-04-29 02:09 ./usr/opt/OSCX200/src/fix-trackers/078
-r--r--r-- 3/4            2360 1992-04-29 02:08 ./usr/opt/OSCX200/src/fix-trackers/077
-r--r--r-- 3/4            6950 1992-04-29 02:07 ./usr/opt/OSCX200/src/fix-trackers/076
-r--r--r-- 3/4            5930 1992-04-29 02:05 ./usr/opt/OSCX200/src/fix-trackers/075
-r--r--r-- 3/4            3424 1992-04-29 02:04 ./usr/opt/OSCX200/src/fix-trackers/074
-r--r--r-- 3/4            3370 1992-04-29 02:03 ./usr/opt/OSCX200/src/fix-trackers/073
-r--r--r-- 3/4            4199 1992-04-29 02:01 ./usr/opt/OSCX200/src/fix-trackers/072
-r--r--r-- 3/4            1551 1992-04-29 02:00 ./usr/opt/OSCX200/src/fix-trackers/071
-r--r--r-- 3/4            3859 1992-04-29 01:59 ./usr/opt/OSCX200/src/fix-trackers/070
-r--r--r-- 3/4            4389 1992-04-29 01:58 ./usr/opt/OSCX200/src/fix-trackers/069
-r--r--r-- 3/4            5800 1992-04-29 01:57 ./usr/opt/OSCX200/src/fix-trackers/068
-r--r--r-- 3/4            1864 1992-04-29 01:56 ./usr/opt/OSCX200/src/fix-trackers/067
-r--r--r-- 3/4             750 1992-04-29 01:55 ./usr/opt/OSCX200/src/fix-trackers/066
-r--r--r-- 3/4             678 1992-04-29 01:54 ./usr/opt/OSCX200/src/fix-trackers/065
-r--r--r-- 3/4            1188 1992-04-29 01:53 ./usr/opt/OSCX200/src/fix-trackers/064
-r--r--r-- 3/4            2104 1992-04-29 01:50 ./usr/opt/OSCX200/src/fix-trackers/062
-r--r--r-- 3/4           10386 1992-04-29 01:52 ./usr/opt/OSCX200/src/fix-trackers/063
-r--r--r-- 3/4           41472 1992-04-29 01:49 ./usr/opt/OSCX200/src/fix-trackers/061
-r--r--r-- 3/4            2077 1992-04-29 01:48 ./usr/opt/OSCX200/src/fix-trackers/060
-r--r--r-- 3/4            4120 1992-04-29 01:47 ./usr/opt/OSCX200/src/fix-trackers/059
-r--r--r-- 3/4           54584 1992-04-29 01:46 ./usr/opt/OSCX200/src/fix-trackers/058
-r--r--r-- 3/4            1948 1992-04-29 01:43 ./usr/opt/OSCX200/src/fix-trackers/055
-r--r--r-- 3/4            3970 1992-04-29 01:42 ./usr/opt/OSCX200/src/fix-trackers/054
-r--r--r-- 3/4            1313 1992-04-29 01:41 ./usr/opt/OSCX200/src/fix-trackers/053
-r--r--r-- 3/4            2892 1992-04-29 01:40 ./usr/opt/OSCX200/src/fix-trackers/052
-r--r--r-- 3/4            3669 1992-04-29 01:39 ./usr/opt/OSCX200/src/fix-trackers/051
-r--r--r-- 3/4            8543 1992-04-29 01:38 ./usr/opt/OSCX200/src/fix-trackers/050
-r--r--r-- 3/4            4136 1992-04-29 01:37 ./usr/opt/OSCX200/src/fix-trackers/049
-r--r--r-- 3/4            2863 1992-04-29 01:36 ./usr/opt/OSCX200/src/fix-trackers/048
-r--r--r-- 3/4            1872 1992-04-29 01:35 ./usr/opt/OSCX200/src/fix-trackers/047
-r--r--r-- 3/4            4204 1992-04-29 01:34 ./usr/opt/OSCX200/src/fix-trackers/046
-r--r--r-- 3/4            2963 1992-04-29 01:33 ./usr/opt/OSCX200/src/fix-trackers/045
-r--r--r-- 3/4            1041 1992-04-29 01:32 ./usr/opt/OSCX200/src/fix-trackers/044
-r--r--r-- 3/4            1464 1992-04-29 01:31 ./usr/opt/OSCX200/src/fix-trackers/043
-r--r--r-- 3/4            1748 1992-04-29 01:30 ./usr/opt/OSCX200/src/fix-trackers/042
-r--r--r-- 3/4            3322 1992-04-29 01:28 ./usr/opt/OSCX200/src/fix-trackers/041
-r--r--r-- 3/4            1869 1992-04-29 01:26 ./usr/opt/OSCX200/src/fix-trackers/039
-r--r--r-- 3/4           70854 1992-04-29 01:45 ./usr/opt/OSCX200/src/fix-trackers/057
-r--r--r-- 3/4           76989 1992-04-29 01:44 ./usr/opt/OSCX200/src/fix-trackers/056
-r--r--r-- 3/4            8108 1992-04-29 01:27 ./usr/opt/OSCX200/src/fix-trackers/040
-r--r--r-- 3/4            1780 1992-04-29 01:25 ./usr/opt/OSCX200/src/fix-trackers/038
-r--r--r-- 3/4            3622 1992-04-29 01:24 ./usr/opt/OSCX200/src/fix-trackers/037
-r--r--r-- 3/4            1545 1992-04-29 01:23 ./usr/opt/OSCX200/src/fix-trackers/036
-r--r--r-- 3/4            1924 1992-04-29 01:22 ./usr/opt/OSCX200/src/fix-trackers/035
-r--r--r-- 3/4            2262 1992-04-29 01:21 ./usr/opt/OSCX200/src/fix-trackers/034
-r--r--r-- 3/4            3847 1992-04-29 01:20 ./usr/opt/OSCX200/src/fix-trackers/033
-r--r--r-- 3/4            3248 1992-04-29 01:20 ./usr/opt/OSCX200/src/fix-trackers/032
-r--r--r-- 3/4            2648 1992-04-29 01:19 ./usr/opt/OSCX200/src/fix-trackers/031
-r--r--r-- 3/4            2481 1992-04-29 01:18 ./usr/opt/OSCX200/src/fix-trackers/030
-r--r--r-- 3/4            2134 1992-04-29 01:17 ./usr/opt/OSCX200/src/fix-trackers/029
-r--r--r-- 3/4            2036 1992-04-29 01:16 ./usr/opt/OSCX200/src/fix-trackers/028
-r--r--r-- 3/4            1340 1992-04-29 01:15 ./usr/opt/OSCX200/src/fix-trackers/027
-r--r--r-- 3/4            1429 1992-04-29 01:14 ./usr/opt/OSCX200/src/fix-trackers/026
-r--r--r-- 3/4            2622 1992-04-29 01:13 ./usr/opt/OSCX200/src/fix-trackers/025
-r--r--r-- 3/4            3154 1992-04-29 01:13 ./usr/opt/OSCX200/src/fix-trackers/024
-r--r--r-- 3/4            2035 1992-04-29 01:12 ./usr/opt/OSCX200/src/fix-trackers/023
-r--r--r-- 3/4            3460 1992-04-29 01:11 ./usr/opt/OSCX200/src/fix-trackers/022
-r--r--r-- 3/4            5272 1992-04-29 01:10 ./usr/opt/OSCX200/src/fix-trackers/021
-r--r--r-- 3/4           58841 1992-04-29 01:09 ./usr/opt/OSCX200/src/fix-trackers/020
-r--r--r-- 3/4            2497 1992-04-29 01:08 ./usr/opt/OSCX200/src/fix-trackers/019
-r--r--r-- 3/4           13372 1992-04-29 01:07 ./usr/opt/OSCX200/src/fix-trackers/018
-r--r--r-- 3/4            4881 1992-04-29 01:06 ./usr/opt/OSCX200/src/fix-trackers/017
-r--r--r-- 3/4            1951 1992-04-29 01:05 ./usr/opt/OSCX200/src/fix-trackers/016
-r--r--r-- 3/4            1398 1992-04-29 01:04 ./usr/opt/OSCX200/src/fix-trackers/015
-r--r--r-- 3/4            1729 1992-04-29 01:03 ./usr/opt/OSCX200/src/fix-trackers/014
-r--r--r-- 3/4            1633 1992-04-29 01:02 ./usr/opt/OSCX200/src/fix-trackers/013
-r--r--r-- 3/4            2390 1992-04-29 01:01 ./usr/opt/OSCX200/src/fix-trackers/012
-r--r--r-- 3/4           40871 1992-04-29 01:00 ./usr/opt/OSCX200/src/fix-trackers/011
-r--r--r-- 3/4            9340 1992-04-29 00:59 ./usr/opt/OSCX200/src/fix-trackers/010
-r--r--r-- 3/4            1300 1992-04-29 00:58 ./usr/opt/OSCX200/src/fix-trackers/009
-r--r--r-- 3/4            4204 1992-04-29 00:57 ./usr/opt/OSCX200/src/fix-trackers/008
-r--r--r-- 3/4           10265 1992-04-29 00:56 ./usr/opt/OSCX200/src/fix-trackers/007
-r--r--r-- 3/4            1542 1992-04-29 00:55 ./usr/opt/OSCX200/src/fix-trackers/006
-r--r--r-- 3/4            3583 1992-04-29 00:55 ./usr/opt/OSCX200/src/fix-trackers/005
-r--r--r-- 3/4           44403 1992-04-29 00:54 ./usr/opt/OSCX200/src/fix-trackers/004
-r--r--r-- 3/4            1903 1992-04-29 00:52 ./usr/opt/OSCX200/src/fix-trackers/003
-r--r--r-- 3/4           25047 1992-04-29 00:50 ./usr/opt/OSCX200/src/fix-trackers/002
-r--r--r-- 3/4            8333 1992-04-29 00:46 ./usr/opt/OSCX200/src/fix-trackers/001
