-r--r--r-- 3/4            2346 1994-03-02 14:59 ./usr/opt/OSCX200/src/demos/xgc/xgc.man
-r--r--r-- 3/4            3193 1994-03-02 14:59 ./usr/opt/OSCX200/src/demos/xgc/xgc.h
-r--r--r-- 3/4             284 1991-12-15 22:49 ./usr/opt/OSCX200/src/demos/xgc/tile
-r--r--r-- 3/4            7500 1994-03-02 14:59 ./usr/opt/OSCX200/src/demos/xgc/text.c
-r--r--r-- 3/4           14231 1994-03-02 14:59 ./usr/opt/OSCX200/src/demos/xgc/tests.c
-r--r--r-- 3/4            6965 1994-03-02 14:59 ./usr/opt/OSCX200/src/demos/xgc/testfrac.c
-r--r--r-- 3/4            8135 1994-03-02 14:59 ./usr/opt/OSCX200/src/demos/xgc/record.c
-r--r--r-- 3/4            6356 1994-03-02 14:59 ./usr/opt/OSCX200/src/demos/xgc/planemask.c
-r--r--r-- 3/4            5636 1994-03-02 14:59 ./usr/opt/OSCX200/src/demos/xgc/main.h
-r--r--r-- 3/4           17872 1994-03-02 14:59 ./usr/opt/OSCX200/src/demos/xgc/main.c
-r--r--r-- 3/4            4433 1991-12-15 22:49 ./usr/opt/OSCX200/src/demos/xgc/lex.l
-r--r--r-- 3/4           12287 1994-03-02 14:59 ./usr/opt/OSCX200/src/demos/xgc/interpret.c
-r--r--r-- 3/4            2506 1991-12-15 22:49 ./usr/opt/OSCX200/src/demos/xgc/gram.y
-r--r--r-- 3/4            6000 1994-03-02 14:59 ./usr/opt/OSCX200/src/demos/xgc/getfile.c
-r--r--r-- 3/4            6389 1994-03-02 14:59 ./usr/opt/OSCX200/src/demos/xgc/dashlist.c
-r--r--r-- 3/4            3107 1994-03-02 14:59 ./usr/opt/OSCX200/src/demos/xgc/constants.h
-r--r--r-- 3/4            9991 1994-03-02 14:59 ./usr/opt/OSCX200/src/demos/xgc/choice.c
-r--r--r-- 3/4            1443 1994-03-02 14:59 ./usr/opt/OSCX200/src/demos/xgc/Xgc.ad
-r--r--r-- 3/4             997 1991-12-15 22:49 ./usr/opt/OSCX200/src/demos/xgc/Written/Widget
-r--r--r-- 3/4            5892 1991-12-15 22:49 ./usr/opt/OSCX200/src/demos/xgc/Written/Outline
-r--r--r-- 3/4            4179 1991-12-15 22:49 ./usr/opt/OSCX200/src/demos/xgc/Written/Notes2
-r--r--r-- 3/4            5266 1991-12-15 22:49 ./usr/opt/OSCX200/src/demos/xgc/Written/Notes
-r--r--r-- 3/4           10394 1991-12-15 22:49 ./usr/opt/OSCX200/src/demos/xgc/Written/Jim
-r--r--r-- 3/4             280 1991-12-15 22:49 ./usr/opt/OSCX200/src/demos/xgc/Written/Interface
-r--r--r-- 3/4            2870 1991-12-15 22:49 ./usr/opt/OSCX200/src/demos/xgc/Written/FilledRects
-r--r--r-- 3/4            2282 1994-03-02 14:59 ./usr/opt/OSCX200/src/demos/xgc/Imakefile
-r--r--r-- 3/4             465 1991-12-15 22:49 ./usr/opt/OSCX200/src/demos/xgc/Bugs
-r--r--r-- 3/4            3384 1994-03-02 14:59 ./usr/opt/OSCX200/src/demos/xgas/xgas.man
-r--r--r-- 3/4            1883 1991-12-15 22:49 ./usr/opt/OSCX200/src/demos/xgas/xgas.icon
-r--r--r-- 3/4            5334 1994-03-02 14:59 ./usr/opt/OSCX200/src/demos/xgas/xgas.h
-r--r--r-- 3/4            4169 1994-03-02 14:59 ./usr/opt/OSCX200/src/demos/xgas/util.c
-r--r--r-- 3/4            4123 1994-03-02 14:59 ./usr/opt/OSCX200/src/demos/xgas/timestep.c
-r--r--r-- 3/4             193 1991-12-15 22:49 ./usr/opt/OSCX200/src/demos/xgas/quick.n
-r--r--r-- 3/4            1952 1994-03-02 14:59 ./usr/opt/OSCX200/src/demos/xgas/quick.c
-r--r--r-- 3/4            4743 1994-03-02 14:59 ./usr/opt/OSCX200/src/demos/xgas/molecule.c
-r--r--r-- 3/4            4459 1994-03-02 14:59 ./usr/opt/OSCX200/src/demos/xgas/man.c
-r--r--r-- 3/4            9331 1994-03-02 14:59 ./usr/opt/OSCX200/src/demos/xgas/main.c
-r--r--r-- 3/4            4526 1994-03-02 14:59 ./usr/opt/OSCX200/src/demos/xgas/help.c
-r--r--r-- 3/4            8982 1994-03-02 14:59 ./usr/opt/OSCX200/src/demos/xgas/dynamics.c
-r--r--r-- 3/4           11125 1991-12-15 22:49 ./usr/opt/OSCX200/src/demos/xgas/doc.n
-r--r--r-- 3/4           17775 1994-03-02 14:59 ./usr/opt/OSCX200/src/demos/xgas/doc.c
-r--r--r-- 3/4            8028 1994-03-02 14:59 ./usr/opt/OSCX200/src/demos/xgas/chamber.c
-r--r--r-- 3/4            3258 1994-03-02 14:59 ./usr/opt/OSCX200/src/demos/xgas/XGasP.h
-r--r--r-- 3/4            3722 1994-03-02 14:59 ./usr/opt/OSCX200/src/demos/xgas/XGas.h
-r--r--r-- 3/4            4934 1994-03-02 14:59 ./usr/opt/OSCX200/src/demos/xgas/XGas.c
-r--r--r-- 3/4            2268 1994-03-02 14:59 ./usr/opt/OSCX200/src/demos/xgas/XGas.ad
-r--r--r-- 3/4            3170 1994-03-02 14:59 ./usr/opt/OSCX200/src/demos/xgas/Imakefile
-r--r--r-- 3/4            2891 1994-03-02 14:59 ./usr/opt/OSCX200/src/demos/xeyes/xeyes.man
-r--r--r-- 3/4            5517 1994-03-02 14:59 ./usr/opt/OSCX200/src/demos/xeyes/xeyes.c
-r--r--r-- 3/4            2161 1994-03-02 14:59 ./usr/opt/OSCX200/src/demos/xeyes/transform.h
-r--r--r-- 3/4            3607 1994-03-02 14:59 ./usr/opt/OSCX200/src/demos/xeyes/transform.c
-r--r--r-- 3/4            1345 1991-12-15 22:48 ./usr/opt/OSCX200/src/demos/xeyes/eyesmask.bit
-r--r--r-- 3/4            1325 1991-12-15 22:48 ./usr/opt/OSCX200/src/demos/xeyes/eyes.bit
-r--r--r-- 3/4            1801 1994-03-02 14:59 ./usr/opt/OSCX200/src/demos/xeyes/Imakefile
-r--r--r-- 3/4            2840 1994-03-02 14:59 ./usr/opt/OSCX200/src/demos/xeyes/EyesP.h
-r--r--r-- 3/4            2598 1994-03-02 14:59 ./usr/opt/OSCX200/src/demos/xeyes/Eyes.h
-r--r--r-- 3/4           15035 1994-03-02 14:59 ./usr/opt/OSCX200/src/demos/xeyes/Eyes.c
-r--r--r-- 3/4            3134 1994-03-02 14:59 ./usr/opt/OSCX200/src/demos/xev/xev.man
-r--r--r-- 3/4            1622 1994-03-02 14:59 ./usr/opt/OSCX200/src/demos/xev/Imakefile
-r--r--r-- 3/4            3475 1994-03-02 14:59 ./usr/opt/OSCX200/src/demos/xcmstest/xcmstest.man
-r--r--r-- 3/4             109 1991-12-15 22:49 ./usr/opt/OSCX200/src/demos/xcmstest/tc/test2
-r--r--r-- 3/4             913 1991-12-15 22:49 ./usr/opt/OSCX200/src/demos/xcmstest/tc/test1
-r--r--r-- 3/4             605 1991-12-15 22:49 ./usr/opt/OSCX200/src/demos/xcmstest/tc/lookup
-r--r--r-- 3/4           27645 1994-03-02 14:59 ./usr/opt/OSCX200/src/demos/xev/xev.c
-r--r--r-- 3/4              95 1991-12-15 22:49 ./usr/opt/OSCX200/src/demos/xcmstest/tc/gamutquery
-r--r--r-- 3/4              96 1991-12-15 22:49 ./usr/opt/OSCX200/src/demos/xcmstest/tc/gamutcomp
-r--r--r-- 3/4             733 1991-12-15 22:49 ./usr/opt/OSCX200/src/demos/xcmstest/tc/StoreColors2
-r--r--r-- 3/4             491 1991-12-15 22:49 ./usr/opt/OSCX200/src/demos/xcmstest/tc/StoreColors1
-r--r--r-- 3/4             179 1991-12-15 22:49 ./usr/opt/OSCX200/src/demos/xcmstest/tc/AllocNColor
-r--r--r-- 3/4            2357 1991-12-15 22:49 ./usr/opt/OSCX200/src/demos/xcmstest/Xcms.txt
-r--r--r-- 3/4            2053 1994-03-02 14:59 ./usr/opt/OSCX200/src/demos/xcmstest/TestInit.h
-r--r--r-- 3/4            8390 1994-03-02 14:59 ./usr/opt/OSCX200/src/demos/xcmstest/TestInit.c
-r--r--r-- 3/4            1835 1994-03-02 14:59 ./usr/opt/OSCX200/src/demos/xcmstest/TekCMSutil.h
-r--r--r-- 3/4            9946 1994-03-02 14:59 ./usr/opt/OSCX200/src/demos/xcmstest/TekCMSutil.c
-r--r--r-- 3/4            1647 1994-03-02 14:59 ./usr/opt/OSCX200/src/demos/xcmstest/TekCMSglob.h
-r--r--r-- 3/4            4366 1994-03-02 14:59 ./usr/opt/OSCX200/src/demos/xcmstest/TekCMSglob.c
-r--r--r-- 3/4            1677 1994-03-02 14:59 ./usr/opt/OSCX200/src/demos/xcmstest/TekCMS_TCI.h
-r--r--r-- 3/4            8742 1994-03-02 14:59 ./usr/opt/OSCX200/src/demos/xcmstest/TekCMS_TCI.c
-r--r--r-- 3/4            2814 1994-03-02 14:59 ./usr/opt/OSCX200/src/demos/xcmstest/TekCMS_LT.h
-r--r--r-- 3/4           61739 1994-03-02 14:59 ./usr/opt/OSCX200/src/demos/xcmstest/TekCMS_LT.c
-r--r--r-- 3/4            3208 1994-03-02 14:59 ./usr/opt/OSCX200/src/demos/xcmstest/LibTest.h
-r--r--r-- 3/4           12613 1994-03-02 14:59 ./usr/opt/OSCX200/src/demos/xcmstest/LibTest.c
-r--r--r-- 3/4            2541 1994-03-02 14:59 ./usr/opt/OSCX200/src/demos/xcmstest/Imakefile
-r--r--r-- 3/4            2811 1994-03-02 14:59 ./usr/opt/OSCX200/src/demos/xcmstest/CmdTbl.h
-r--r--r-- 3/4            3172 1994-03-02 14:59 ./usr/opt/OSCX200/src/demos/x11perf/x11pcomp.man
-r--r--r-- 3/4             293 1991-12-15 22:48 ./usr/opt/OSCX200/src/demos/puzzle/ac_mask
-r--r--r-- 3/4           21735 1994-03-02 14:59 ./usr/opt/OSCX200/src/demos/x11perf/x11perf.man
-r--r--r-- 3/4            8113 1994-03-02 14:59 ./usr/opt/OSCX200/src/demos/x11perf/x11perf.h
-r--r--r-- 3/4           32188 1994-03-02 14:59 ./usr/opt/OSCX200/src/demos/x11perf/x11perf.c
-r--r--r-- 3/4            2720 1991-12-15 22:49 ./usr/opt/OSCX200/src/demos/x11perf/x11pcomp.cpp
-r--r--r-- 3/4            2101 1994-03-02 14:59 ./usr/opt/OSCX200/src/demos/x11perf/perfratio.sh
-r--r--r-- 3/4            2162 1994-03-02 14:59 ./usr/opt/OSCX200/src/demos/x11perf/perfboth.sh
-r--r--r-- 3/4            1802 1994-03-02 14:59 ./usr/opt/OSCX200/src/demos/x11perf/fillblnk.sh
-r--r--r-- 3/4            8491 1994-03-02 14:59 ./usr/opt/OSCX200/src/demos/x11perf/do_windows.c
-r--r--r-- 3/4            3948 1994-03-02 14:59 ./usr/opt/OSCX200/src/demos/x11perf/do_valgc.c
-r--r--r-- 3/4            7410 1994-03-02 14:59 ./usr/opt/OSCX200/src/demos/x11perf/do_triangles.c
-r--r--r-- 3/4            4232 1994-03-02 14:59 ./usr/opt/OSCX200/src/demos/x11perf/do_traps.c
-r--r--r-- 3/4           12134 1994-03-02 14:59 ./usr/opt/OSCX200/src/demos/x11perf/do_text.c
-r--r--r-- 3/4           36264 1994-03-02 14:59 ./usr/opt/OSCX200/src/demos/x11perf/do_tests.c
-r--r--r-- 3/4            3885 1994-03-02 14:59 ./usr/opt/OSCX200/src/demos/x11perf/do_simple.c
-r--r--r-- 3/4           10157 1994-03-02 14:59 ./usr/opt/OSCX200/src/demos/x11perf/do_segs.c
-r--r--r-- 3/4            4492 1994-03-02 14:59 ./usr/opt/OSCX200/src/demos/x11perf/do_rects.c
-r--r--r-- 3/4            3338 1994-03-02 14:59 ./usr/opt/OSCX200/src/demos/x11perf/do_dots.c
-r--r--r-- 3/4            6900 1994-03-02 14:59 ./usr/opt/OSCX200/src/demos/x11perf/do_movewin.c
-r--r--r-- 3/4            8860 1994-03-02 14:59 ./usr/opt/OSCX200/src/demos/x11perf/do_lines.c
-r--r--r-- 3/4           13545 1994-03-02 14:59 ./usr/opt/OSCX200/src/demos/x11perf/do_copyarea.c
-r--r--r-- 3/4            5130 1994-03-02 14:59 ./usr/opt/OSCX200/src/demos/x11perf/do_complex.c
-r--r--r-- 3/4           13599 1994-03-02 14:59 ./usr/opt/OSCX200/src/demos/x11perf/do_arcs.c
-r--r--r-- 3/4            2711 1994-03-02 14:59 ./usr/opt/OSCX200/src/demos/x11perf/bitmaps.h
-r--r--r-- 3/4           58773 1994-03-02 14:59 ./usr/opt/OSCX200/src/demos/x11perf/bitmaps.c
-r--r--r-- 3/4            2756 1994-03-02 14:59 ./usr/opt/OSCX200/src/demos/x11perf/Imakefile
-r--r--r-- 3/4            2859 1994-03-02 14:59 ./usr/opt/OSCX200/src/demos/puzzle/puzzle.man
-r--r--r-- 3/4           21231 1994-03-02 14:59 ./usr/opt/OSCX200/src/demos/puzzle/puzzle.c
-r--r--r-- 3/4            5907 1994-03-02 14:59 ./usr/opt/OSCX200/src/demos/puzzle/picture.c
-r--r--r-- 3/4             316 1991-12-15 22:48 ./usr/opt/OSCX200/src/demos/puzzle/ac.cursor
-r--r--r-- 3/4            1692 1994-03-02 14:59 ./usr/opt/OSCX200/src/demos/puzzle/Imakefile
-r--r--r-- 3/4            3275 1991-12-15 22:48 ./usr/opt/OSCX200/src/demos/maze/sunlogo.xbm
-r--r--r-- 3/4            3985 1994-03-02 14:59 ./usr/opt/OSCX200/src/demos/maze/maze.man
-r--r--r-- 3/4            2768 1994-03-02 14:59 ./usr/opt/OSCX200/src/demos/maze/getopt.c
-r--r--r-- 3/4            2224 1994-03-02 14:59 ./usr/opt/OSCX200/src/demos/maze/README
-r--r--r-- 3/4            1782 1994-03-02 14:59 ./usr/opt/OSCX200/src/demos/maze/Imakefile
-r--r--r-- 3/4            2213 1994-03-02 14:59 ./usr/opt/OSCX200/src/demos/ico/polyinfo.h
-r--r--r-- 3/4            1509 1994-03-02 14:59 ./usr/opt/OSCX200/src/demos/ico/allobjs.h
-r--r--r-- 3/4           29980 1994-03-02 14:59 ./usr/opt/OSCX200/src/demos/puzzle/main.c
-r--r--r-- 3/4           20033 1994-03-02 14:59 ./usr/opt/OSCX200/src/demos/maze/maze.c
-r--r--r-- 3/4            2528 1994-03-02 14:59 ./usr/opt/OSCX200/src/demos/ico/objpyr.h
-r--r--r-- 3/4            2182 1994-03-02 14:59 ./usr/opt/OSCX200/src/demos/ico/objplane.h
-r--r--r-- 3/4            2113 1994-03-02 14:59 ./usr/opt/OSCX200/src/demos/ico/objocta.h
-r--r--r-- 3/4            2735 1994-03-02 14:59 ./usr/opt/OSCX200/src/demos/ico/objico.h
-r--r--r-- 3/4            2136 1994-03-02 14:59 ./usr/opt/OSCX200/src/demos/ico/objcube.h
-r--r--r-- 3/4            4233 1994-03-02 14:59 ./usr/opt/OSCX200/src/demos/ico/ico.man
-r--r--r-- 3/4           27359 1994-03-02 14:59 ./usr/opt/OSCX200/src/demos/ico/ico.c
-r--r--r-- 3/4            1716 1994-03-02 14:59 ./usr/opt/OSCX200/src/demos/ico/Imakefile
-r--r--r-- 3/4            7682 1994-03-02 14:58 ./usr/opt/OSCX200/src/demos/gpc/traverser.c
-r--r--r-- 3/4           33145 1991-12-15 22:52 ./usr/opt/OSCX200/src/demos/gpc/tests/transp.v12
-r--r--r-- 3/4            5443 1991-12-15 22:52 ./usr/opt/OSCX200/src/demos/gpc/tests/transp.DOC
-r--r--r-- 3/4             180 1991-12-15 22:52 ./usr/opt/OSCX200/src/demos/gpc/tests/transp
-r--r--r-- 3/4            6174 1991-12-15 22:52 ./usr/opt/OSCX200/src/demos/gpc/tests/text.v04
-r--r--r-- 3/4            5877 1991-12-15 22:52 ./usr/opt/OSCX200/src/demos/gpc/tests/text.v03
-r--r--r-- 3/4            6168 1991-12-15 22:52 ./usr/opt/OSCX200/src/demos/gpc/tests/text.v02
-r--r--r-- 3/4             280 1991-12-15 22:52 ./usr/opt/OSCX200/src/demos/gpc/tests/text.d01
-r--r--r-- 3/4            1805 1991-12-15 22:51 ./usr/opt/OSCX200/src/demos/gpc/tests/text.DOC
-r--r--r-- 3/4           33140 1991-12-15 22:52 ./usr/opt/OSCX200/src/demos/gpc/tests/transp.v11
-r--r--r-- 3/4           31993 1991-12-15 22:52 ./usr/opt/OSCX200/src/demos/gpc/tests/transp.v10
-r--r--r-- 3/4           31987 1991-12-15 22:52 ./usr/opt/OSCX200/src/demos/gpc/tests/transp.v09
-r--r--r-- 3/4           31992 1991-12-15 22:52 ./usr/opt/OSCX200/src/demos/gpc/tests/transp.v08
-r--r--r-- 3/4           31986 1991-12-15 22:52 ./usr/opt/OSCX200/src/demos/gpc/tests/transp.v07
-r--r--r-- 3/4            5871 1991-12-15 22:52 ./usr/opt/OSCX200/src/demos/gpc/tests/text.v01
-r--r--r-- 3/4              52 1991-12-15 22:51 ./usr/opt/OSCX200/src/demos/gpc/tests/text
-r--r--r-- 3/4             204 1991-12-15 22:51 ./usr/opt/OSCX200/src/demos/gpc/tests/specular
-r--r--r-- 3/4            1048 1991-12-15 22:51 ./usr/opt/OSCX200/src/demos/gpc/tests/matrix.d01
-r--r--r-- 3/4              15 1991-12-15 22:51 ./usr/opt/OSCX200/src/demos/gpc/tests/matrix
-r--r--r-- 3/4             891 1991-12-15 22:51 ./usr/opt/OSCX200/src/demos/gpc/tests/marker.d01
-r--r--r-- 3/4           31992 1991-12-15 22:52 ./usr/opt/OSCX200/src/demos/gpc/tests/transp.v06
-r--r--r-- 3/4           31986 1991-12-15 22:52 ./usr/opt/OSCX200/src/demos/gpc/tests/transp.v05
-r--r--r-- 3/4           31992 1991-12-15 22:52 ./usr/opt/OSCX200/src/demos/gpc/tests/transp.v04
-r--r--r-- 3/4           31986 1991-12-15 22:52 ./usr/opt/OSCX200/src/demos/gpc/tests/transp.v03
-r--r--r-- 3/4           31993 1991-12-15 22:52 ./usr/opt/OSCX200/src/demos/gpc/tests/transp.v02
-r--r--r-- 3/4            6950 1991-12-15 22:51 ./usr/opt/OSCX200/src/demos/gpc/tests/specular.DOC
-r--r--r-- 3/4            2122 1991-12-15 22:51 ./usr/opt/OSCX200/src/demos/gpc/tests/marker.DOC
-r--r--r-- 3/4              60 1991-12-15 22:51 ./usr/opt/OSCX200/src/demos/gpc/tests/marker
-r--r--r-- 3/4              52 1991-12-15 22:50 ./usr/opt/OSCX200/src/demos/gpc/tests/line
-r--r--r-- 3/4             205 1991-12-15 22:51 ./usr/opt/OSCX200/src/demos/gpc/tests/interior.d29
-r--r--r-- 3/4           31987 1991-12-15 22:52 ./usr/opt/OSCX200/src/demos/gpc/tests/transp.v01
-r--r--r-- 3/4           32858 1991-12-15 22:52 ./usr/opt/OSCX200/src/demos/gpc/tests/specular.v12
-r--r--r-- 3/4           32855 1991-12-15 22:52 ./usr/opt/OSCX200/src/demos/gpc/tests/specular.v11
-r--r--r-- 3/4           31724 1991-12-15 22:52 ./usr/opt/OSCX200/src/demos/gpc/tests/specular.v10
-r--r--r-- 3/4           31718 1991-12-15 22:52 ./usr/opt/OSCX200/src/demos/gpc/tests/specular.v09
-r--r--r-- 3/4            7065 1991-12-15 22:51 ./usr/opt/OSCX200/src/demos/gpc/tests/matrix.DOC
-r--r--r-- 3/4            2869 1991-12-15 22:51 ./usr/opt/OSCX200/src/demos/gpc/tests/line.DOC
-r--r--r-- 3/4             243 1991-12-15 22:51 ./usr/opt/OSCX200/src/demos/gpc/tests/interior.d25
-r--r--r-- 3/4             175 1991-12-15 22:51 ./usr/opt/OSCX200/src/demos/gpc/tests/interior.d21
-r--r--r-- 3/4           31723 1991-12-15 22:52 ./usr/opt/OSCX200/src/demos/gpc/tests/specular.v08
-r--r--r-- 3/4           31717 1991-12-15 22:52 ./usr/opt/OSCX200/src/demos/gpc/tests/specular.v07
-r--r--r-- 3/4           31723 1991-12-15 22:52 ./usr/opt/OSCX200/src/demos/gpc/tests/specular.v06
-r--r--r-- 3/4           31717 1991-12-15 22:52 ./usr/opt/OSCX200/src/demos/gpc/tests/specular.v05
-r--r--r-- 3/4           31723 1991-12-15 22:52 ./usr/opt/OSCX200/src/demos/gpc/tests/specular.v04
-r--r--r-- 3/4           14524 1991-12-15 22:51 ./usr/opt/OSCX200/src/demos/gpc/tests/matrix.v01
-r--r--r-- 3/4             168 1991-12-15 22:51 ./usr/opt/OSCX200/src/demos/gpc/tests/interior.d17
-r--r--r-- 3/4           31717 1991-12-15 22:52 ./usr/opt/OSCX200/src/demos/gpc/tests/specular.v03
-r--r--r-- 3/4           31724 1991-12-15 22:52 ./usr/opt/OSCX200/src/demos/gpc/tests/specular.v02
-r--r--r-- 3/4           31718 1991-12-15 22:52 ./usr/opt/OSCX200/src/demos/gpc/tests/specular.v01
-r--r--r-- 3/4           21279 1991-12-15 22:51 ./usr/opt/OSCX200/src/demos/gpc/tests/marker.v04
-r--r--r-- 3/4           21273 1991-12-15 22:51 ./usr/opt/OSCX200/src/demos/gpc/tests/marker.v03
-r--r--r-- 3/4           21055 1991-12-15 22:51 ./usr/opt/OSCX200/src/demos/gpc/tests/marker.v02
-r--r--r-- 3/4             189 1991-12-15 22:51 ./usr/opt/OSCX200/src/demos/gpc/tests/interior.d13
-r--r--r-- 3/4             176 1991-12-15 22:51 ./usr/opt/OSCX200/src/demos/gpc/tests/interior.d09
-r--r--r-- 3/4             167 1991-12-15 22:51 ./usr/opt/OSCX200/src/demos/gpc/tests/interior.d05
-r--r--r-- 3/4             154 1991-12-15 22:51 ./usr/opt/OSCX200/src/demos/gpc/tests/interior.d01
-r--r--r-- 3/4            5799 1991-12-15 22:51 ./usr/opt/OSCX200/src/demos/gpc/tests/interior.DOC
-r--r--r-- 3/4             544 1991-12-15 22:51 ./usr/opt/OSCX200/src/demos/gpc/tests/interior
-r--r--r-- 3/4             192 1991-12-15 22:50 ./usr/opt/OSCX200/src/demos/gpc/tests/diffuse
-r--r--r-- 3/4              34 1991-12-15 22:50 ./usr/opt/OSCX200/src/demos/gpc/tests/depthcue
-r--r--r-- 3/4             383 1991-12-15 22:50 ./usr/opt/OSCX200/src/demos/gpc/tests/backface.d29
-r--r--r-- 3/4           21049 1991-12-15 22:51 ./usr/opt/OSCX200/src/demos/gpc/tests/marker.v01
-r--r--r-- 3/4           30550 1991-12-15 22:51 ./usr/opt/OSCX200/src/demos/gpc/tests/line.v04
-r--r--r-- 3/4           30544 1991-12-15 22:51 ./usr/opt/OSCX200/src/demos/gpc/tests/line.v03
-r--r--r-- 3/4           30276 1991-12-15 22:51 ./usr/opt/OSCX200/src/demos/gpc/tests/line.v02
-r--r--r-- 3/4           30270 1991-12-15 22:51 ./usr/opt/OSCX200/src/demos/gpc/tests/line.v01
-r--r--r-- 3/4           21990 1991-12-15 22:51 ./usr/opt/OSCX200/src/demos/gpc/tests/line.d03
-r--r--r-- 3/4            3279 1991-12-15 22:51 ./usr/opt/OSCX200/src/demos/gpc/tests/dst.d11
-r--r--r-- 3/4            1956 1991-12-15 22:51 ./usr/opt/OSCX200/src/demos/gpc/tests/depthcue.d01
-r--r--r-- 3/4             366 1991-12-15 22:50 ./usr/opt/OSCX200/src/demos/gpc/tests/backface.d25
-r--r--r-- 3/4             299 1991-12-15 22:50 ./usr/opt/OSCX200/src/demos/gpc/tests/backface.d21
-r--r--r-- 3/4           23558 1991-12-15 22:51 ./usr/opt/OSCX200/src/demos/gpc/tests/line.d01
-r--r--r-- 3/4           26173 1991-12-15 22:51 ./usr/opt/OSCX200/src/demos/gpc/tests/interior.v32
-r--r--r-- 3/4           26167 1991-12-15 22:51 ./usr/opt/OSCX200/src/demos/gpc/tests/interior.v31
-r--r--r-- 3/4           25918 1991-12-15 22:51 ./usr/opt/OSCX200/src/demos/gpc/tests/interior.v30
-r--r--r-- 3/4           25912 1991-12-15 22:51 ./usr/opt/OSCX200/src/demos/gpc/tests/interior.v29
-r--r--r-- 3/4           27073 1991-12-15 22:51 ./usr/opt/OSCX200/src/demos/gpc/tests/interior.v28
-r--r--r-- 3/4            6929 1991-12-15 22:51 ./usr/opt/OSCX200/src/demos/gpc/tests/diffuse.DOC
-r--r--r-- 3/4            4414 1991-12-15 22:51 ./usr/opt/OSCX200/src/demos/gpc/tests/depthcue.v02
-r--r--r-- 3/4            4408 1991-12-15 22:51 ./usr/opt/OSCX200/src/demos/gpc/tests/depthcue.v01
-r--r--r-- 3/4           27067 1991-12-15 22:51 ./usr/opt/OSCX200/src/demos/gpc/tests/interior.v27
-r--r--r-- 3/4           26819 1991-12-15 22:51 ./usr/opt/OSCX200/src/demos/gpc/tests/interior.v26
-r--r--r-- 3/4           26813 1991-12-15 22:51 ./usr/opt/OSCX200/src/demos/gpc/tests/interior.v25
-r--r--r-- 3/4           27072 1991-12-15 22:51 ./usr/opt/OSCX200/src/demos/gpc/tests/interior.v24
-r--r--r-- 3/4           27066 1991-12-15 22:51 ./usr/opt/OSCX200/src/demos/gpc/tests/interior.v23
-r--r--r-- 3/4           26818 1991-12-15 22:51 ./usr/opt/OSCX200/src/demos/gpc/tests/interior.v22
-r--r--r-- 3/4            5556 1991-12-15 22:51 ./usr/opt/OSCX200/src/demos/gpc/tests/depthcue.DOC
-r--r--r-- 3/4             285 1991-12-15 22:50 ./usr/opt/OSCX200/src/demos/gpc/tests/backface.d17
-r--r--r-- 3/4             315 1991-12-15 22:50 ./usr/opt/OSCX200/src/demos/gpc/tests/backface.d13
-r--r--r-- 3/4             265 1991-12-15 22:50 ./usr/opt/OSCX200/src/demos/gpc/tests/backface.d09
-r--r--r-- 3/4             283 1991-12-15 22:50 ./usr/opt/OSCX200/src/demos/gpc/tests/backface.d05
-r--r--r-- 3/4             233 1991-12-15 22:50 ./usr/opt/OSCX200/src/demos/gpc/tests/backface.d01
-r--r--r-- 3/4             498 1991-12-15 22:50 ./usr/opt/OSCX200/src/demos/gpc/tests/ambient.d09
-r--r--r-- 3/4           26812 1991-12-15 22:51 ./usr/opt/OSCX200/src/demos/gpc/tests/interior.v21
-r--r--r-- 3/4           27072 1991-12-15 22:51 ./usr/opt/OSCX200/src/demos/gpc/tests/interior.v20
-r--r--r-- 3/4           27066 1991-12-15 22:51 ./usr/opt/OSCX200/src/demos/gpc/tests/interior.v19
-r--r--r-- 3/4           26818 1991-12-15 22:51 ./usr/opt/OSCX200/src/demos/gpc/tests/interior.v18
-r--r--r-- 3/4           26812 1991-12-15 22:51 ./usr/opt/OSCX200/src/demos/gpc/tests/interior.v17
-r--r--r-- 3/4           27072 1991-12-15 22:51 ./usr/opt/OSCX200/src/demos/gpc/tests/interior.v16
-r--r--r-- 3/4            5722 1991-12-15 22:50 ./usr/opt/OSCX200/src/demos/gpc/tests/backface.DOC
-r--r--r-- 3/4             544 1991-12-15 22:50 ./usr/opt/OSCX200/src/demos/gpc/tests/backface
-r--r--r-- 3/4             591 1991-12-15 22:50 ./usr/opt/OSCX200/src/demos/gpc/tests/ambient.d15
-r--r--r-- 3/4             579 1991-12-15 22:50 ./usr/opt/OSCX200/src/demos/gpc/tests/ambient.d13
-r--r--r-- 3/4             478 1991-12-15 22:50 ./usr/opt/OSCX200/src/demos/gpc/tests/ambient.d05
-r--r--r-- 3/4           27066 1991-12-15 22:51 ./usr/opt/OSCX200/src/demos/gpc/tests/interior.v15
-r--r--r-- 3/4           26818 1991-12-15 22:51 ./usr/opt/OSCX200/src/demos/gpc/tests/interior.v14
-r--r--r-- 3/4           26812 1991-12-15 22:51 ./usr/opt/OSCX200/src/demos/gpc/tests/interior.v13
-r--r--r-- 3/4           27071 1991-12-15 22:51 ./usr/opt/OSCX200/src/demos/gpc/tests/interior.v12
-r--r--r-- 3/4           27065 1991-12-15 22:51 ./usr/opt/OSCX200/src/demos/gpc/tests/interior.v11
-r--r--r-- 3/4           26817 1991-12-15 22:51 ./usr/opt/OSCX200/src/demos/gpc/tests/interior.v10
-r--r--r-- 3/4             512 1991-12-15 22:50 ./usr/opt/OSCX200/src/demos/gpc/tests/ambient.d11
-r--r--r-- 3/4             528 1991-12-15 22:50 ./usr/opt/OSCX200/src/demos/gpc/tests/ambient.d07
-r--r--r-- 3/4             496 1991-12-15 22:50 ./usr/opt/OSCX200/src/demos/gpc/tests/ambient.d03
-r--r--r-- 3/4             446 1991-12-15 22:50 ./usr/opt/OSCX200/src/demos/gpc/tests/ambient.d01
-r--r--r-- 3/4            6142 1991-12-15 22:50 ./usr/opt/OSCX200/src/demos/gpc/tests/ambient.DOC
-r--r--r-- 3/4           26811 1991-12-15 22:51 ./usr/opt/OSCX200/src/demos/gpc/tests/interior.v09
-r--r--r-- 3/4           27073 1991-12-15 22:51 ./usr/opt/OSCX200/src/demos/gpc/tests/interior.v08
-r--r--r-- 3/4           27067 1991-12-15 22:51 ./usr/opt/OSCX200/src/demos/gpc/tests/interior.v07
-r--r--r-- 3/4           26819 1991-12-15 22:51 ./usr/opt/OSCX200/src/demos/gpc/tests/interior.v06
-r--r--r-- 3/4           26813 1991-12-15 22:51 ./usr/opt/OSCX200/src/demos/gpc/tests/interior.v05
-r--r--r-- 3/4           27072 1991-12-15 22:51 ./usr/opt/OSCX200/src/demos/gpc/tests/interior.v04
-r--r--r-- 3/4             256 1991-12-15 22:50 ./usr/opt/OSCX200/src/demos/gpc/tests/ambient
-r--r--r-- 3/4            3136 1994-03-02 14:58 ./usr/opt/OSCX200/src/demos/gpc/stopwatch.h
-r--r--r-- 3/4            3057 1994-03-02 14:58 ./usr/opt/OSCX200/src/demos/gpc/plbpex.man
-r--r--r-- 3/4            1001 1991-12-15 22:50 ./usr/opt/OSCX200/src/demos/gpc/objects/tri.geo
-r--r--r-- 3/4            1206 1991-12-15 22:50 ./usr/opt/OSCX200/src/demos/gpc/objects/simple.vrb
-r--r--r-- 3/4           27066 1991-12-15 22:51 ./usr/opt/OSCX200/src/demos/gpc/tests/interior.v03
-r--r--r-- 3/4           26818 1991-12-15 22:51 ./usr/opt/OSCX200/src/demos/gpc/tests/interior.v02
-r--r--r-- 3/4           26812 1991-12-15 22:51 ./usr/opt/OSCX200/src/demos/gpc/tests/interior.v01
-r--r--r-- 3/4           20932 1991-12-15 22:51 ./usr/opt/OSCX200/src/demos/gpc/tests/dst.d09
-r--r--r-- 3/4           18464 1991-12-15 22:51 ./usr/opt/OSCX200/src/demos/gpc/tests/dst.d07
-r--r--r-- 3/4           34472 1991-12-15 22:51 ./usr/opt/OSCX200/src/demos/gpc/tests/dst.d05
-r--r--r-- 3/4           18007 1991-12-15 22:51 ./usr/opt/OSCX200/src/demos/gpc/tests/backface.v32
-r--r--r-- 3/4           94229 1991-12-15 22:51 ./usr/opt/OSCX200/src/demos/gpc/tests/dst.d03
-r--r--r-- 3/4           56134 1991-12-15 22:51 ./usr/opt/OSCX200/src/demos/gpc/tests/dst.d01
-r--r--r-- 3/4           18001 1991-12-15 22:51 ./usr/opt/OSCX200/src/demos/gpc/tests/backface.v31
-r--r--r-- 3/4            3264 1991-12-15 22:50 ./usr/opt/OSCX200/src/demos/gpc/objects/sub_cube.geo
-r--r--r-- 3/4             904 1991-12-15 22:50 ./usr/opt/OSCX200/src/demos/gpc/objects/qm.geo
-r--r--r-- 3/4             774 1991-12-15 22:50 ./usr/opt/OSCX200/src/demos/gpc/objects/gen.geo
-r--r--r-- 3/4           31432 1991-12-15 22:51 ./usr/opt/OSCX200/src/demos/gpc/tests/diffuse.v12
-r--r--r-- 3/4           31426 1991-12-15 22:51 ./usr/opt/OSCX200/src/demos/gpc/tests/diffuse.v11
-r--r--r-- 3/4           30237 1991-12-15 22:51 ./usr/opt/OSCX200/src/demos/gpc/tests/diffuse.v10
-r--r--r-- 3/4           30231 1991-12-15 22:51 ./usr/opt/OSCX200/src/demos/gpc/tests/diffuse.v09
-r--r--r-- 3/4           30236 1991-12-15 22:51 ./usr/opt/OSCX200/src/demos/gpc/tests/diffuse.v08
-r--r--r-- 3/4           18449 1991-12-15 22:51 ./usr/opt/OSCX200/src/demos/gpc/tests/backface.v30
-r--r--r-- 3/4           30230 1991-12-15 22:51 ./usr/opt/OSCX200/src/demos/gpc/tests/diffuse.v07
-r--r--r-- 3/4           30236 1991-12-15 22:51 ./usr/opt/OSCX200/src/demos/gpc/tests/diffuse.v06
-r--r--r-- 3/4           30230 1991-12-15 22:50 ./usr/opt/OSCX200/src/demos/gpc/tests/diffuse.v05
-r--r--r-- 3/4           30236 1991-12-15 22:51 ./usr/opt/OSCX200/src/demos/gpc/tests/diffuse.v04
-r--r--r-- 3/4           30230 1991-12-15 22:51 ./usr/opt/OSCX200/src/demos/gpc/tests/diffuse.v03
-r--r--r-- 3/4           18443 1991-12-15 22:51 ./usr/opt/OSCX200/src/demos/gpc/tests/backface.v29
-r--r--r-- 3/4            1093 1991-12-15 22:50 ./usr/opt/OSCX200/src/demos/gpc/objects/ncga1.geo
-r--r--r-- 3/4           30237 1991-12-15 22:51 ./usr/opt/OSCX200/src/demos/gpc/tests/diffuse.v02
-r--r--r-- 3/4           30232 1991-12-15 22:51 ./usr/opt/OSCX200/src/demos/gpc/tests/diffuse.v01
-r--r--r-- 3/4           18747 1991-12-15 22:51 ./usr/opt/OSCX200/src/demos/gpc/tests/backface.v28
-r--r--r-- 3/4           18741 1991-12-15 22:50 ./usr/opt/OSCX200/src/demos/gpc/tests/backface.v27
-r--r--r-- 3/4           19190 1991-12-15 22:50 ./usr/opt/OSCX200/src/demos/gpc/tests/backface.v26
-r--r--r-- 3/4           19184 1991-12-15 22:50 ./usr/opt/OSCX200/src/demos/gpc/tests/backface.v25
-r--r--r-- 3/4           18746 1991-12-15 22:50 ./usr/opt/OSCX200/src/demos/gpc/tests/backface.v24
-r--r--r-- 3/4           11137 1994-03-02 14:58 ./usr/opt/OSCX200/src/demos/gpc/stopwatch.c
-r--r--r-- 3/4            2975 1991-12-15 22:50 ./usr/opt/OSCX200/src/demos/gpc/objects/quadric.vrb
-r--r--r-- 3/4            1533 1991-12-15 22:52 ./usr/opt/OSCX200/src/demos/gpc/benchmarks/mm/mm_menu.bif
-r--r--r-- 3/4           18740 1991-12-15 22:50 ./usr/opt/OSCX200/src/demos/gpc/tests/backface.v23
-r--r--r-- 3/4           19189 1991-12-15 22:50 ./usr/opt/OSCX200/src/demos/gpc/tests/backface.v22
-r--r--r-- 3/4           19183 1991-12-15 22:50 ./usr/opt/OSCX200/src/demos/gpc/tests/backface.v21
-r--r--r-- 3/4           18746 1991-12-15 22:50 ./usr/opt/OSCX200/src/demos/gpc/tests/backface.v20
-r--r--r-- 3/4           18740 1991-12-15 22:50 ./usr/opt/OSCX200/src/demos/gpc/tests/backface.v19
-r--r--r-- 3/4           19189 1991-12-15 22:50 ./usr/opt/OSCX200/src/demos/gpc/tests/backface.v18
-r--r--r-- 3/4           19183 1991-12-15 22:50 ./usr/opt/OSCX200/src/demos/gpc/tests/backface.v17
-r--r--r-- 3/4           18746 1991-12-15 22:50 ./usr/opt/OSCX200/src/demos/gpc/tests/backface.v16
-r--r--r-- 3/4           18740 1991-12-15 22:50 ./usr/opt/OSCX200/src/demos/gpc/tests/backface.v15
-r--r--r-- 3/4           19189 1991-12-15 22:50 ./usr/opt/OSCX200/src/demos/gpc/tests/backface.v14
-r--r--r-- 3/4           19183 1991-12-15 22:50 ./usr/opt/OSCX200/src/demos/gpc/tests/backface.v13
-r--r--r-- 3/4           18745 1991-12-15 22:50 ./usr/opt/OSCX200/src/demos/gpc/tests/backface.v12
-r--r--r-- 3/4           18739 1991-12-15 22:50 ./usr/opt/OSCX200/src/demos/gpc/tests/backface.v11
-r--r--r-- 3/4           19188 1991-12-15 22:50 ./usr/opt/OSCX200/src/demos/gpc/tests/backface.v10
-r--r--r-- 3/4           19182 1991-12-15 22:50 ./usr/opt/OSCX200/src/demos/gpc/tests/backface.v09
-r--r--r-- 3/4           18747 1991-12-15 22:50 ./usr/opt/OSCX200/src/demos/gpc/tests/backface.v08
-r--r--r-- 3/4           18741 1991-12-15 22:50 ./usr/opt/OSCX200/src/demos/gpc/tests/backface.v07
-r--r--r-- 3/4           19190 1991-12-15 22:50 ./usr/opt/OSCX200/src/demos/gpc/tests/backface.v06
-r--r--r-- 3/4           19184 1991-12-15 22:50 ./usr/opt/OSCX200/src/demos/gpc/tests/backface.v05
-r--r--r-- 3/4           18746 1991-12-15 22:50 ./usr/opt/OSCX200/src/demos/gpc/tests/backface.v04
-r--r--r-- 3/4           18740 1991-12-15 22:50 ./usr/opt/OSCX200/src/demos/gpc/tests/backface.v03
-r--r--r-- 3/4           19189 1991-12-15 22:50 ./usr/opt/OSCX200/src/demos/gpc/tests/backface.v02
-r--r--r-- 3/4           19183 1991-12-15 22:50 ./usr/opt/OSCX200/src/demos/gpc/tests/backface.v01
-r--r--r-- 3/4           18945 1991-12-15 22:50 ./usr/opt/OSCX200/src/demos/gpc/tests/ambient.v16
-r--r--r-- 3/4           18939 1991-12-15 22:50 ./usr/opt/OSCX200/src/demos/gpc/tests/ambient.v15
-r--r--r-- 3/4           19310 1991-12-15 22:50 ./usr/opt/OSCX200/src/demos/gpc/tests/ambient.v14
-r--r--r-- 3/4           19304 1991-12-15 22:50 ./usr/opt/OSCX200/src/demos/gpc/tests/ambient.v13
-r--r--r-- 3/4           19309 1991-12-15 22:50 ./usr/opt/OSCX200/src/demos/gpc/tests/ambient.v12
-r--r--r-- 3/4           19303 1991-12-15 22:50 ./usr/opt/OSCX200/src/demos/gpc/tests/ambient.v11
-r--r--r-- 3/4           19309 1991-12-15 22:50 ./usr/opt/OSCX200/src/demos/gpc/tests/ambient.v10
-r--r--r-- 3/4           19303 1991-12-15 22:50 ./usr/opt/OSCX200/src/demos/gpc/tests/ambient.v09
-r--r--r-- 3/4           19309 1991-12-15 22:50 ./usr/opt/OSCX200/src/demos/gpc/tests/ambient.v08
-r--r--r-- 3/4           19303 1991-12-15 22:50 ./usr/opt/OSCX200/src/demos/gpc/tests/ambient.v07
-r--r--r-- 3/4           19308 1991-12-15 22:50 ./usr/opt/OSCX200/src/demos/gpc/tests/ambient.v06
-r--r--r-- 3/4           19302 1991-12-15 22:50 ./usr/opt/OSCX200/src/demos/gpc/tests/ambient.v05
-r--r--r-- 3/4           14175 1994-03-02 14:58 ./usr/opt/OSCX200/src/demos/gpc/pixbuf.c
-r--r--r-- 3/4            2785 1991-12-15 22:50 ./usr/opt/OSCX200/src/demos/gpc/objects/plume.geo
-r--r--r-- 3/4           19310 1991-12-15 22:50 ./usr/opt/OSCX200/src/demos/gpc/tests/ambient.v04
-r--r--r-- 3/4           19304 1991-12-15 22:50 ./usr/opt/OSCX200/src/demos/gpc/tests/ambient.v03
-r--r--r-- 3/4           19309 1991-12-15 22:50 ./usr/opt/OSCX200/src/demos/gpc/tests/ambient.v02
-r--r--r-- 3/4           19303 1991-12-15 22:50 ./usr/opt/OSCX200/src/demos/gpc/tests/ambient.v01
-r--r--r-- 3/4            9869 1994-03-02 14:58 ./usr/opt/OSCX200/src/demos/gpc/ph_map.h
-r--r--r-- 3/4           71225 1991-12-15 22:50 ./usr/opt/OSCX200/src/demos/gpc/objects/ram.bif
-r--r--r-- 3/4            3420 1991-12-15 22:50 ./usr/opt/OSCX200/src/demos/gpc/objects/pix.geo
-r--r--r-- 3/4            2059 1991-12-15 22:50 ./usr/opt/OSCX200/src/demos/gpc/objects/mutli.vrb
-r--r--r-- 3/4            3119 1991-12-15 22:50 ./usr/opt/OSCX200/src/demos/gpc/objects/mi24_m.geo
-r--r--r-- 3/4            2650 1991-12-15 22:50 ./usr/opt/OSCX200/src/demos/gpc/objects/mi24.vrb
-r--r--r-- 3/4           99360 1991-12-15 22:50 ./usr/opt/OSCX200/src/demos/gpc/objects/ujoint.bif
-r--r--r-- 3/4           40730 1991-12-15 22:50 ./usr/opt/OSCX200/src/demos/gpc/objects/parab.geo
-r--r--r-- 3/4            2808 1991-12-15 22:50 ./usr/opt/OSCX200/src/demos/gpc/objects/line.vrb
-r--r--r-- 3/4            4266 1991-12-15 22:50 ./usr/opt/OSCX200/src/demos/gpc/objects/hind.geo
-r--r--r-- 3/4            2034 1991-12-15 22:50 ./usr/opt/OSCX200/src/demos/gpc/objects/fourv.vrb
-r--r--r-- 3/4           22285 1991-12-15 22:50 ./usr/opt/OSCX200/src/demos/gpc/objects/fan.bif
-r--r--r-- 3/4           48745 1991-12-15 22:50 ./usr/opt/OSCX200/src/demos/gpc/objects/mi24_2.geo
-r--r--r-- 3/4           43904 1991-12-15 22:50 ./usr/opt/OSCX200/src/demos/gpc/objects/mi24_1.geo
-r--r--r-- 3/4           76644 1991-12-15 22:50 ./usr/opt/OSCX200/src/demos/gpc/objects/map.bif
-r--r--r-- 3/4            2015 1991-12-15 22:50 ./usr/opt/OSCX200/src/demos/gpc/objects/fa_cube.geo
-r--r--r-- 3/4            1668 1991-12-15 22:50 ./usr/opt/OSCX200/src/demos/gpc/objects/cube.geo
-r--r--r-- 3/4            3620 1991-12-15 22:50 ./usr/opt/OSCX200/src/demos/gpc/objects/box.vrb
-r--r--r-- 3/4            4759 1994-03-02 14:57 ./usr/opt/OSCX200/src/demos/gpc/new_ents.h
-r--r--r-- 3/4           74960 1994-03-02 14:57 ./usr/opt/OSCX200/src/demos/gpc/new_ents.c
-r--r--r-- 3/4           23671 1994-03-02 14:57 ./usr/opt/OSCX200/src/demos/gpc/matrix.c
-r--r--r-- 3/4           14430 1994-03-02 14:57 ./usr/opt/OSCX200/src/demos/gpc/maptools.c
-r--r--r-- 3/4            7776 1994-03-02 14:57 ./usr/opt/OSCX200/src/demos/gpc/macfunct.h
-r--r--r-- 3/4           17965 1994-03-02 14:57 ./usr/opt/OSCX200/src/demos/gpc/listbufs.c
-r--r--r-- 3/4            6257 1994-03-02 14:57 ./usr/opt/OSCX200/src/demos/gpc/globals.h
-r--r--r-- 3/4            8491 1994-03-02 14:57 ./usr/opt/OSCX200/src/demos/gpc/fillcont.c
-r--r--r-- 3/4            3942 1994-03-02 14:57 ./usr/opt/OSCX200/src/demos/gpc/dummies.c
-r--r--r-- 3/4            2989 1994-03-02 14:57 ./usr/opt/OSCX200/src/demos/gpc/brf_ents.h
-r--r--r-- 3/4           36043 1994-03-02 14:57 ./usr/opt/OSCX200/src/demos/gpc/init_bench.c
-r--r--r-- 3/4           17434 1994-03-02 14:57 ./usr/opt/OSCX200/src/demos/gpc/gen_ents.c
-r--r--r-- 3/4            8893 1994-03-02 14:57 ./usr/opt/OSCX200/src/demos/gpc/fig_enums.h
-r--r--r-- 3/4           17788 1994-03-02 14:57 ./usr/opt/OSCX200/src/demos/gpc/fakefigs.c
-r--r--r-- 3/4            4736 1994-03-02 14:57 ./usr/opt/OSCX200/src/demos/gpc/doentity.h
-r--r--r-- 3/4           45774 1994-03-02 14:57 ./usr/opt/OSCX200/src/demos/gpc/doentity.c
-r--r--r-- 3/4            3140 1994-03-02 14:57 ./usr/opt/OSCX200/src/demos/gpc/db_tools.h
-r--r--r-- 3/4           28407 1994-03-02 14:57 ./usr/opt/OSCX200/src/demos/gpc/db_tools.c
-r--r--r-- 3/4            6567 1994-03-02 14:57 ./usr/opt/OSCX200/src/demos/gpc/brfexption.h
-r--r--r-- 3/4           10577 1994-03-02 14:57 ./usr/opt/OSCX200/src/demos/gpc/brftypes.h
-r--r--r-- 3/4            6163 1994-03-02 14:57 ./usr/opt/OSCX200/src/demos/gpc/brfexmacro.h
-r--r--r-- 3/4           26400 1994-03-02 14:57 ./usr/opt/OSCX200/src/demos/gpc/brf_trv.c
-r--r--r-- 3/4            4073 1994-03-02 14:57 ./usr/opt/OSCX200/src/demos/gpc/brf_test.c
-r--r--r-- 3/4           17310 1994-03-02 14:57 ./usr/opt/OSCX200/src/demos/gpc/brf_set.h
-r--r--r-- 3/4            9587 1994-03-02 14:57 ./usr/opt/OSCX200/src/demos/gpc/brf_prt.h
-r--r--r-- 3/4           14479 1994-03-02 14:57 ./usr/opt/OSCX200/src/demos/gpc/brf_phead.c
-r--r--r-- 3/4           20668 1994-03-02 14:57 ./usr/opt/OSCX200/src/demos/gpc/brf_except.c
-r--r--r-- 3/4           50668 1994-03-02 14:57 ./usr/opt/OSCX200/src/demos/gpc/brf_ents.c
-r--r--r-- 3/4            6694 1994-03-02 14:57 ./usr/opt/OSCX200/src/demos/gpc/bifparse.h
-r--r--r-- 3/4            2943 1991-12-15 22:53 ./usr/opt/OSCX200/src/demos/gpc/benchmarks/pc_board/pcb_page.bif
-r--r--r-- 3/4           13745 1994-03-02 14:57 ./usr/opt/OSCX200/src/demos/gpc/bldgeneric.c
-r--r--r-- 3/4           22436 1994-03-02 14:57 ./usr/opt/OSCX200/src/demos/gpc/bld_view.c
-r--r--r-- 3/4           16548 1994-03-02 14:57 ./usr/opt/OSCX200/src/demos/gpc/bld_str.c
-r--r--r-- 3/4           50371 1994-03-02 14:57 ./usr/opt/OSCX200/src/demos/gpc/bld_prim.c
-r--r--r-- 3/4           18970 1994-03-02 14:57 ./usr/opt/OSCX200/src/demos/gpc/biftypes.h
-r--r--r-- 3/4           10469 1994-03-02 14:57 ./usr/opt/OSCX200/src/demos/gpc/bifmacro.h
-r--r--r-- 3/4            8867 1994-03-02 14:57 ./usr/opt/OSCX200/src/demos/gpc/bifconfig.c
-r--r--r-- 3/4            7004 1994-03-02 14:57 ./usr/opt/OSCX200/src/demos/gpc/bifbuild.h
-r--r--r-- 3/4            4068 1991-12-15 22:53 ./usr/opt/OSCX200/src/demos/gpc/benchmarks/sys_chassis/sys_chassA.bif
-r--r--r-- 3/4            7770 1991-12-15 22:53 ./usr/opt/OSCX200/src/demos/gpc/benchmarks/sys_chassis/sys_chass.vrb
-r--r--r-- 3/4            4805 1991-12-15 22:53 ./usr/opt/OSCX200/src/demos/gpc/benchmarks/pc_board/pcb_attr.bif
-r--r--r-- 3/4            1589 1991-12-15 22:53 ./usr/opt/OSCX200/src/demos/gpc/benchmarks/pc_board/pcb_27.bif
-r--r--r-- 3/4           63590 1994-03-02 14:57 ./usr/opt/OSCX200/src/demos/gpc/bifparse.yacc
-r--r--r-- 3/4           79527 1994-03-02 14:57 ./usr/opt/OSCX200/src/demos/gpc/bifparse.c
-r--r--r-- 3/4            5220 1991-12-15 22:53 ./usr/opt/OSCX200/src/demos/gpc/benchmarks/pc_board/pcb_26.bif
-r--r--r-- 3/4            5220 1991-12-15 22:53 ./usr/opt/OSCX200/src/demos/gpc/benchmarks/pc_board/pcb_23.bif
-r--r--r-- 3/4           16813 1991-12-15 22:53 ./usr/opt/OSCX200/src/demos/gpc/benchmarks/pc_board/pcb_21.bif
-r--r--r-- 3/4            2086 1991-12-15 22:52 ./usr/opt/OSCX200/src/demos/gpc/benchmarks/c3i/c3i.vrb
-r--r--r-- 3/4           99077 1994-03-02 14:57 ./usr/opt/OSCX200/src/demos/gpc/bifbuild.c
-r--r--r-- 3/4           47833 1994-03-02 14:57 ./usr/opt/OSCX200/src/demos/gpc/bif_lex.c
-r--r--r-- 3/4            5220 1991-12-15 22:53 ./usr/opt/OSCX200/src/demos/gpc/benchmarks/pc_board/pcb_20.bif
-r--r--r-- 3/4           14483 1991-12-15 22:53 ./usr/opt/OSCX200/src/demos/gpc/benchmarks/pc_board/pcb_18.bif
-r--r--r-- 3/4            5220 1991-12-15 22:53 ./usr/opt/OSCX200/src/demos/gpc/benchmarks/pc_board/pcb_17.bif
-r--r--r-- 3/4           64147 1991-12-15 22:53 ./usr/opt/OSCX200/src/demos/gpc/benchmarks/pc_board/pcb_25.bif
-r--r--r-- 3/4           85041 1991-12-15 22:53 ./usr/opt/OSCX200/src/demos/gpc/benchmarks/pc_board/pcb_24.bif
-r--r--r-- 3/4            5140 1991-12-15 22:53 ./usr/opt/OSCX200/src/demos/gpc/benchmarks/pc_board/pcb_15.bif
-r--r--r-- 3/4            5220 1991-12-15 22:53 ./usr/opt/OSCX200/src/demos/gpc/benchmarks/pc_board/pcb_14.bif
-r--r--r-- 3/4            5141 1991-12-15 22:52 ./usr/opt/OSCX200/src/demos/gpc/benchmarks/pc_board/pcb_12.bif
-r--r--r-- 3/4            5220 1991-12-15 22:52 ./usr/opt/OSCX200/src/demos/gpc/benchmarks/pc_board/pcb_11.bif
-r--r--r-- 3/4            1810 1994-03-02 14:56 ./usr/opt/OSCX200/src/demos/Imakefile
-r--r--r-- 3/4           47785 1991-12-15 22:53 ./usr/opt/OSCX200/src/demos/gpc/benchmarks/pc_board/pcb_22.bif
-r--r--r-- 3/4           41010 1991-12-15 22:53 ./usr/opt/OSCX200/src/demos/gpc/benchmarks/pc_board/pcb_19.bif
-r--r--r-- 3/4           85028 1991-12-15 22:53 ./usr/opt/OSCX200/src/demos/gpc/benchmarks/pc_board/pcb_16.bif
-r--r--r-- 3/4           85030 1991-12-15 22:53 ./usr/opt/OSCX200/src/demos/gpc/benchmarks/pc_board/pcb_13.bif
-r--r--r-- 3/4           39467 1991-12-15 22:52 ./usr/opt/OSCX200/src/demos/gpc/benchmarks/pc_board/pcb_10.bif
-r--r--r-- 3/4           14174 1991-12-15 22:52 ./usr/opt/OSCX200/src/demos/gpc/benchmarks/pc_board/pcb_09.bif
-r--r--r-- 3/4            5218 1991-12-15 22:52 ./usr/opt/OSCX200/src/demos/gpc/benchmarks/pc_board/pcb_08.bif
-r--r--r-- 3/4           19864 1991-12-15 22:52 ./usr/opt/OSCX200/src/demos/gpc/benchmarks/pc_board/pcb_06.bif
-r--r--r-- 3/4            5218 1991-12-15 22:52 ./usr/opt/OSCX200/src/demos/gpc/benchmarks/pc_board/pcb_05.bif
-r--r--r-- 3/4            3384 1991-12-15 22:52 ./usr/opt/OSCX200/src/demos/gpc/benchmarks/mm/mm_crambin.vrb
-r--r--r-- 3/4           53305 1991-12-15 22:52 ./usr/opt/OSCX200/src/demos/gpc/benchmarks/pc_board/pcb_07.bif
-r--r--r-- 3/4           82537 1991-12-15 22:52 ./usr/opt/OSCX200/src/demos/gpc/benchmarks/pc_board/pcb_04.bif
-r--r--r-- 3/4            5218 1991-12-15 22:52 ./usr/opt/OSCX200/src/demos/gpc/benchmarks/pc_board/pcb_02.bif
-r--r--r-- 3/4            7397 1991-12-15 22:52 ./usr/opt/OSCX200/src/demos/gpc/benchmarks/pc_board/pc_board.vrb
-r--r--r-- 3/4            7846 1991-12-15 22:52 ./usr/opt/OSCX200/src/demos/gpc/benchmarks/nurb/nurb.vrb
-r--r--r-- 3/4            5843 1991-12-15 22:52 ./usr/opt/OSCX200/src/demos/gpc/benchmarks/cyl_head/cylhdtrunc.bif
-r--r--r-- 3/4            3638 1991-12-15 22:52 ./usr/opt/OSCX200/src/demos/gpc/benchmarks/cyl_head/cyl_head.vrb
-r--r--r-- 3/4            3660 1994-03-02 14:56 ./usr/opt/OSCX200/src/demos/gpc/benchmarks/cyl_head/README
-r--r--r-- 3/4           85039 1991-12-15 22:52 ./usr/opt/OSCX200/src/demos/gpc/benchmarks/pc_board/pcb_03.bif
-r--r--r-- 3/4           49476 1991-12-15 22:52 ./usr/opt/OSCX200/src/demos/gpc/benchmarks/pc_board/pcb_01.bif
-r--r--r-- 3/4           26433 1991-12-15 22:52 ./usr/opt/OSCX200/src/demos/gpc/benchmarks/nurb/nurb_extr.bif
-r--r--r-- 3/4            6575 1994-03-02 14:57 ./usr/opt/OSCX200/src/demos/gpc/README
-r--r--r-- 3/4            3906 1994-03-02 14:57 ./usr/opt/OSCX200/src/demos/gpc/Imakefile
-r--r--r-- 3/4            2323 1994-03-02 14:56 ./usr/opt/OSCX200/src/demos/beach_ball/beach_ball.man
-r--r--r-- 3/4           27123 1991-12-15 22:52 ./usr/opt/OSCX200/src/demos/gpc/benchmarks/mm/mm_vector.bif
-r--r--r-- 3/4           27199 1991-12-15 22:52 ./usr/opt/OSCX200/src/demos/gpc/benchmarks/mm/mm_solid.bif
-r--r--r-- 3/4           69611 1991-12-15 22:52 ./usr/opt/OSCX200/src/demos/gpc/benchmarks/c3i/c3i_map.bif
-r--r--r-- 3/4            7802 1994-03-02 14:56 ./usr/opt/OSCX200/src/demos/beach_ball/spheres.c
-r--r--r-- 3/4            4257 1994-03-02 14:56 ./usr/opt/OSCX200/src/demos/beach_ball/init_win.c
-r--r--r-- 3/4            3397 1994-03-02 14:56 ./usr/opt/OSCX200/src/demos/beach_ball/clock.c
-r--r--r-- 3/4           10446 1994-03-02 14:56 ./usr/opt/OSCX200/src/demos/beach_ball/beach_ball.c
-r--r--r-- 3/4            3064 1994-03-02 14:56 ./usr/opt/OSCX200/src/demos/beach_ball/Imakefile
-r--r--r-- 3/4            4255 1994-03-02 14:56 ./usr/opt/OSCX200/src/demos/auto_box/init_win.c
-r--r--r-- 3/4            2342 1994-03-02 14:56 ./usr/opt/OSCX200/src/demos/auto_box/auto_box.man
-r--r--r-- 3/4            3022 1994-03-02 14:56 ./usr/opt/OSCX200/src/demos/auto_box/Imakefile
-r--r--r-- 3/4           83121 1994-03-02 14:57 ./usr/opt/OSCX200/src/demos/gpc/basestat.c
-r--r--r-- 3/4           19720 1994-03-02 14:56 ./usr/opt/OSCX200/src/demos/auto_box/auto_box.c
-r--r--r-- 3/4          262225 1991-12-15 22:48 ./usr/opt/OSCX200/src/demos/puzzle/mandrill.cm
-r--r--r-- 3/4          923504 1991-12-15 22:53 ./usr/opt/OSCX200/src/demos/gpc/benchmarks/sys_chassis/sys_chass.bif
-r--r--r-- 3/4          966867 1991-12-15 22:52 ./usr/opt/OSCX200/src/demos/gpc/benchmarks/nurb/nurb_comp.bif
-r--r--r-- 3/4          315677 1991-12-15 22:52 ./usr/opt/OSCX200/src/demos/gpc/benchmarks/mm/mm_bstick.bif
-r--r--r-- 3/4         1330638 1991-12-15 22:52 ./usr/opt/OSCX200/src/demos/gpc/benchmarks/cyl_head/cyl_head.bif
-r--r--r-- 3/4          295427 1991-12-15 22:52 ./usr/opt/OSCX200/src/demos/gpc/benchmarks/c3i/c3i_frame.bif
