-r--r--r-- 3/4            1082 1991-12-15 23:05 ./usr/opt/OSCX200/src/doc/util/macros.t
-r--r--r-- 3/4             614 1991-12-15 23:05 ./usr/opt/OSCX200/src/doc/util/indexmacros.t
-r--r--r-- 3/4            2960 1994-03-02 15:04 ./usr/opt/OSCX200/src/doc/util/fixindex.awk
-r--r--r-- 3/4            1914 1994-03-02 15:04 ./usr/opt/OSCX200/src/doc/util/block.awk
-r--r--r-- 3/4            6734 1994-03-02 15:03 ./usr/opt/OSCX200/src/doc/tutorials/visuals/xsud.c
-r--r--r-- 3/4            8140 1994-03-02 15:03 ./usr/opt/OSCX200/src/doc/tutorials/visuals/xsd.c
-r--r--r-- 3/4            1208 1991-12-15 23:04 ./usr/opt/OSCX200/src/doc/tutorials/visuals/vis.refs
-r--r--r-- 3/4           37656 1991-12-15 23:04 ./usr/opt/OSCX200/src/doc/tutorials/visuals/vis.nr
-r--r--r-- 3/4            1713 1994-03-02 15:03 ./usr/opt/OSCX200/src/doc/tutorials/visuals/Imakefile
-r--r--r-- 3/4           13054 1991-12-15 23:04 ./usr/opt/OSCX200/src/doc/tutorials/resources.txt
-r--r--r-- 3/4            8739 1991-12-15 23:05 ./usr/opt/OSCX200/src/doc/tutorials/fmetrics.txt
-r--r--r-- 3/4           20148 1991-12-15 23:04 ./usr/opt/OSCX200/src/doc/tutorials/bugtalk.txt
-r--r--r-- 3/4           11619 1991-12-15 23:05 ./usr/opt/OSCX200/src/doc/tutorials/answers.txt
-r--r--r-- 3/4            1646 1994-03-02 15:03 ./usr/opt/OSCX200/src/doc/tutorials/Imakefile
-r--r--r-- 3/4            2470 1994-03-02 15:03 ./usr/opt/OSCX200/src/doc/tutorials/HelloWorld/xhw3.c
-r--r--r-- 3/4            8728 1994-03-02 15:03 ./usr/opt/OSCX200/src/doc/tutorials/HelloWorld/xhw1.c
-r--r--r-- 3/4            1487 1994-03-02 15:03 ./usr/opt/OSCX200/src/doc/tutorials/HelloWorld/hw1.c
-r--r--r-- 3/4            1466 1994-03-02 15:03 ./usr/opt/OSCX200/src/doc/tutorials/HelloWorld/hw.c
-r--r--r-- 3/4            2232 1994-03-02 15:03 ./usr/opt/OSCX200/src/doc/tutorials/HelloWorld/Imakefile
-r--r--r-- 3/4            5326 1991-12-15 23:05 ./usr/opt/OSCX200/src/doc/fontserver/FSlib.doc
-r--r--r-- 3/4           18455 1994-03-02 15:03 ./usr/opt/OSCX200/src/doc/extensions/xtest1.mm
-r--r--r-- 3/4            2742 1991-12-15 23:04 ./usr/opt/OSCX200/src/doc/extensions/xtest1.info
-r--r--r-- 3/4          125201 1994-03-02 15:04 ./usr/opt/OSCX200/src/doc/tutorials/color.tbl.ms
-r--r--r-- 3/4           44201 1994-03-02 15:03 ./usr/opt/OSCX200/src/doc/tutorials/HelloWorld/xhw.ms
-r--r--r-- 3/4            1909 1994-03-02 15:03 ./usr/opt/OSCX200/src/doc/extensions/xinput/Imakefile
-r--r--r-- 3/4            3985 1994-03-02 15:03 ./usr/opt/OSCX200/src/doc/extensions/PEX/SI/recode.c
-r--r--r-- 3/4          116776 1991-12-15 23:04 ./usr/opt/OSCX200/src/doc/tutorials/FAQ.censored
-r--r--r-- 3/4           43845 1994-03-02 15:03 ./usr/opt/OSCX200/src/doc/fontserver/design.ms
-r--r--r-- 3/4           13405 1994-03-02 15:03 ./usr/opt/OSCX200/src/doc/extensions/mit-shm.ms
-r--r--r-- 3/4             683 1991-12-15 23:00 ./usr/opt/OSCX200/src/doc/Xt/strings.mit
-r--r--r-- 3/4           93279 1994-03-02 15:03 ./usr/opt/OSCX200/src/doc/extensions/xinput/protocol.ms
-r--r--r-- 3/4           41564 1994-03-02 15:03 ./usr/opt/OSCX200/src/doc/extensions/xinput/porting.ms
-r--r--r-- 3/4           38017 1994-03-02 15:03 ./usr/opt/OSCX200/src/doc/extensions/xinput/encoding.ms
-r--r--r-- 3/4            1944 1991-12-15 23:00 ./usr/opt/OSCX200/src/doc/extensions/PEX/SI/PHIGS/man3/p019
-r--r--r-- 3/4          155844 1994-03-02 15:03 ./usr/opt/OSCX200/src/doc/extensions/xinput/library.ms
-r--r--r-- 3/4            4836 1994-03-02 15:03 ./usr/opt/OSCX200/src/doc/extensions/PEX/SI/xref.h
-r--r--r-- 3/4           10456 1994-03-02 15:03 ./usr/opt/OSCX200/src/doc/extensions/PEX/SI/xref.c
-r--r--r-- 3/4            3474 1994-03-02 15:03 ./usr/opt/OSCX200/src/doc/extensions/PEX/SI/exp.tbl
-r--r--r-- 3/4           29084 1994-03-02 15:03 ./usr/opt/OSCX200/src/doc/extensions/shape.ms
-r--r--r-- 3/4           45498 1991-12-15 23:04 ./usr/opt/OSCX200/src/doc/extensions/buffer.text
-r--r--r-- 3/4            5859 1994-03-02 15:03 ./usr/opt/OSCX200/src/doc/extensions/PEX/SI/token.c
-r--r--r-- 3/4            6240 1994-03-02 15:03 ./usr/opt/OSCX200/src/doc/extensions/PEX/SI/sub_refs.c
-r--r--r-- 3/4            4850 1994-03-02 15:03 ./usr/opt/OSCX200/src/doc/extensions/PEX/SI/print_refs.c
-r--r--r-- 3/4            9412 1994-03-02 15:03 ./usr/opt/OSCX200/src/doc/extensions/PEX/SI/print_ind.c
-r--r--r-- 3/4           34419 1991-12-15 23:04 ./usr/opt/OSCX200/src/doc/extensions/PEX/SI/pex.macros
-r--r--r-- 3/4            5938 1994-03-02 15:03 ./usr/opt/OSCX200/src/doc/extensions/PEX/SI/indexer.h
-r--r--r-- 3/4            4916 1994-03-02 15:03 ./usr/opt/OSCX200/src/doc/extensions/PEX/SI/indexer.c
-r--r--r-- 3/4            5005 1994-03-02 15:03 ./usr/opt/OSCX200/src/doc/extensions/PEX/SI/ind_token.c
-r--r--r-- 3/4            3753 1991-12-15 23:04 ./usr/opt/OSCX200/src/doc/extensions/PEX/SI/exp.ref
-r--r--r-- 3/4            2772 1991-12-15 23:04 ./usr/opt/OSCX200/src/doc/extensions/PEX/SI/exp.eqn
-r--r--r-- 3/4            3509 1991-12-15 23:04 ./usr/opt/OSCX200/src/doc/extensions/PEX/SI/exp.acc
-r--r--r-- 3/4            4567 1991-12-15 23:04 ./usr/opt/OSCX200/src/doc/extensions/PEX/SI/ex.toc
-r--r--r-- 3/4            1413 1991-12-15 23:04 ./usr/opt/OSCX200/src/doc/extensions/PEX/Proto/encoding/CHANGES
-r--r--r-- 3/4            4479 1994-03-02 15:03 ./usr/opt/OSCX200/src/doc/extensions/PEX/SI/dump_cw.c
-r--r--r-- 3/4           10154 1994-03-02 15:03 ./usr/opt/OSCX200/src/doc/extensions/PEX/SI/build_ind.c
-r--r--r-- 3/4            4251 1994-03-02 15:03 ./usr/opt/OSCX200/src/doc/extensions/PEX/SI/build_cw.c
-r--r--r-- 3/4           72477 1991-12-15 23:04 ./usr/opt/OSCX200/src/doc/extensions/PEX/SI/User_Guide/user_guide
-r--r--r-- 3/4           36015 1991-12-15 23:04 ./usr/opt/OSCX200/src/doc/extensions/PEX/SI/User_Guide/server_app.ug
-r--r--r-- 3/4            3561 1991-12-15 23:04 ./usr/opt/OSCX200/src/doc/extensions/PEX/SI/User_Guide/cover.ug
-r--r--r-- 3/4           15633 1991-12-15 23:04 ./usr/opt/OSCX200/src/doc/extensions/PEX/SI/User_Guide/archive_app.ug
-r--r--r-- 3/4            4592 1994-03-02 15:03 ./usr/opt/OSCX200/src/doc/extensions/PEX/SI/User_Guide/README
-r--r--r-- 3/4            4050 1994-03-02 15:03 ./usr/opt/OSCX200/src/doc/extensions/PEX/SI/User_Guide/Imakefile
-r--r--r-- 3/4            5149 1991-12-15 23:04 ./usr/opt/OSCX200/src/doc/extensions/PEX/SI/Portg_Guide/intro.pg
-r--r--r-- 3/4            2393 1991-12-15 23:04 ./usr/opt/OSCX200/src/doc/extensions/PEX/SI/Portg_Guide/cover
-r--r--r-- 3/4            4948 1994-03-02 15:03 ./usr/opt/OSCX200/src/doc/extensions/PEX/SI/Portg_Guide/README
-r--r--r-- 3/4              90 1991-12-15 23:00 ./usr/opt/OSCX200/src/doc/Xt/postproc
-r--r--r-- 3/4             125 1991-12-15 23:00 ./usr/opt/OSCX200/src/doc/Xt/intr.idxmac.t
-r--r--r-- 3/4           34500 1991-12-15 23:04 ./usr/opt/OSCX200/src/doc/extensions/PEX/SI/Portg_Guide/trans_rend.pg
-r--r--r-- 3/4           19663 1991-12-15 23:04 ./usr/opt/OSCX200/src/doc/extensions/PEX/SI/Portg_Guide/server.pg
-r--r--r-- 3/4           78407 1991-12-15 23:04 ./usr/opt/OSCX200/src/doc/extensions/PEX/SI/Portg_Guide/resources.pg
-r--r--r-- 3/4           35967 1991-12-15 23:04 ./usr/opt/OSCX200/src/doc/extensions/PEX/SI/Portg_Guide/api.pg
-r--r--r-- 3/4            3988 1994-03-02 15:03 ./usr/opt/OSCX200/src/doc/extensions/PEX/SI/Portg_Guide/Imakefile
-r--r--r-- 3/4              90 1991-12-15 22:58 ./usr/opt/OSCX200/src/doc/Xlib/postproc
-r--r--r-- 3/4            6903 1991-12-15 23:04 ./usr/opt/OSCX200/src/doc/extensions/PEX/SI/PHIGS/phigs.macros
-r--r--r-- 3/4            6528 1991-12-15 23:04 ./usr/opt/OSCX200/src/doc/extensions/PEX/SI/PHIGS/names.make
-r--r--r-- 3/4           19178 1991-12-15 23:04 ./usr/opt/OSCX200/src/doc/extensions/PEX/SI/PHIGS/man7/p410
-r--r--r-- 3/4            9452 1991-12-15 23:04 ./usr/opt/OSCX200/src/doc/extensions/PEX/SI/PHIGS/man7/p409
-r--r--r-- 3/4            3184 1991-12-15 23:04 ./usr/opt/OSCX200/src/doc/extensions/PEX/SI/PHIGS/man7/p408
-r--r--r-- 3/4            8946 1991-12-15 23:04 ./usr/opt/OSCX200/src/doc/extensions/PEX/SI/PHIGS/man7/p407
-r--r--r-- 3/4            2741 1994-03-02 15:03 ./usr/opt/OSCX200/src/doc/extensions/PEX/SI/PHIGS/man7/link_man7.sh
-r--r--r-- 3/4           13380 1991-12-15 23:04 ./usr/opt/OSCX200/src/doc/extensions/PEX/SI/PHIGS/man3/p406
-r--r--r-- 3/4            3033 1991-12-15 23:04 ./usr/opt/OSCX200/src/doc/extensions/PEX/SI/PHIGS/man3/p405
-r--r--r-- 3/4            2537 1991-12-15 23:04 ./usr/opt/OSCX200/src/doc/extensions/PEX/SI/PHIGS/man3/p404
-r--r--r-- 3/4            5204 1991-12-15 23:04 ./usr/opt/OSCX200/src/doc/extensions/PEX/SI/PHIGS/man3/p403
-r--r--r-- 3/4            5793 1991-12-15 23:04 ./usr/opt/OSCX200/src/doc/extensions/PEX/SI/PHIGS/man3/p402
-r--r--r-- 3/4            3509 1991-12-15 23:04 ./usr/opt/OSCX200/src/doc/extensions/PEX/SI/PHIGS/man3/p401
-r--r--r-- 3/4            2858 1991-12-15 23:04 ./usr/opt/OSCX200/src/doc/extensions/PEX/SI/PHIGS/man3/p400
-r--r--r-- 3/4           12551 1991-12-15 23:04 ./usr/opt/OSCX200/src/doc/extensions/PEX/SI/PHIGS/man3/p399
-r--r--r-- 3/4            3597 1991-12-15 23:04 ./usr/opt/OSCX200/src/doc/extensions/PEX/SI/PHIGS/man3/p398
-r--r--r-- 3/4            3455 1991-12-15 23:03 ./usr/opt/OSCX200/src/doc/extensions/PEX/SI/PHIGS/man3/p397
-r--r--r-- 3/4            3314 1991-12-15 23:03 ./usr/opt/OSCX200/src/doc/extensions/PEX/SI/PHIGS/man3/p396
-r--r--r-- 3/4            3161 1991-12-15 23:03 ./usr/opt/OSCX200/src/doc/extensions/PEX/SI/PHIGS/man3/p395
-r--r--r-- 3/4            5847 1991-12-15 23:03 ./usr/opt/OSCX200/src/doc/extensions/PEX/SI/PHIGS/man3/p394
-r--r--r-- 3/4            4987 1991-12-15 23:03 ./usr/opt/OSCX200/src/doc/extensions/PEX/SI/PHIGS/man3/p393
-r--r--r-- 3/4            7330 1991-12-15 23:03 ./usr/opt/OSCX200/src/doc/extensions/PEX/SI/PHIGS/man3/p392
-r--r--r-- 3/4            7058 1991-12-15 23:03 ./usr/opt/OSCX200/src/doc/extensions/PEX/SI/PHIGS/man3/p391
-r--r--r-- 3/4            7365 1991-12-15 23:03 ./usr/opt/OSCX200/src/doc/extensions/PEX/SI/PHIGS/man3/p390
-r--r--r-- 3/4            7071 1991-12-15 23:03 ./usr/opt/OSCX200/src/doc/extensions/PEX/SI/PHIGS/man3/p389
-r--r--r-- 3/4            4871 1991-12-15 23:03 ./usr/opt/OSCX200/src/doc/extensions/PEX/SI/PHIGS/man3/p388
-r--r--r-- 3/4           10360 1991-12-15 23:03 ./usr/opt/OSCX200/src/doc/extensions/PEX/SI/PHIGS/man3/p387
-r--r--r-- 3/4            9071 1991-12-15 23:03 ./usr/opt/OSCX200/src/doc/extensions/PEX/SI/PHIGS/man3/p386
-r--r--r-- 3/4            3950 1991-12-15 23:03 ./usr/opt/OSCX200/src/doc/extensions/PEX/SI/PHIGS/man3/p385
-r--r--r-- 3/4            4387 1991-12-15 23:03 ./usr/opt/OSCX200/src/doc/extensions/PEX/SI/PHIGS/man3/p384
-r--r--r-- 3/4            6931 1991-12-15 23:03 ./usr/opt/OSCX200/src/doc/extensions/PEX/SI/PHIGS/man3/p383
-r--r--r-- 3/4            6953 1991-12-15 23:03 ./usr/opt/OSCX200/src/doc/extensions/PEX/SI/PHIGS/man3/p382
-r--r--r-- 3/4            4879 1991-12-15 23:03 ./usr/opt/OSCX200/src/doc/extensions/PEX/SI/PHIGS/man3/p381
-r--r--r-- 3/4            3965 1991-12-15 23:03 ./usr/opt/OSCX200/src/doc/extensions/PEX/SI/PHIGS/man3/p380
-r--r--r-- 3/4            3763 1991-12-15 23:03 ./usr/opt/OSCX200/src/doc/extensions/PEX/SI/PHIGS/man3/p379
-r--r--r-- 3/4            4360 1991-12-15 23:03 ./usr/opt/OSCX200/src/doc/extensions/PEX/SI/PHIGS/man3/p378
-r--r--r-- 3/4            4053 1991-12-15 23:03 ./usr/opt/OSCX200/src/doc/extensions/PEX/SI/PHIGS/man3/p377
-r--r--r-- 3/4            4021 1991-12-15 23:03 ./usr/opt/OSCX200/src/doc/extensions/PEX/SI/PHIGS/man3/p376
-r--r--r-- 3/4            6950 1991-12-15 23:03 ./usr/opt/OSCX200/src/doc/extensions/PEX/SI/PHIGS/man3/p375
-r--r--r-- 3/4            8483 1991-12-15 23:03 ./usr/opt/OSCX200/src/doc/extensions/PEX/SI/PHIGS/man3/p374
-r--r--r-- 3/4            4385 1991-12-15 23:03 ./usr/opt/OSCX200/src/doc/extensions/PEX/SI/PHIGS/man3/p373
-r--r--r-- 3/4            4345 1991-12-15 23:03 ./usr/opt/OSCX200/src/doc/extensions/PEX/SI/PHIGS/man3/p372
-r--r--r-- 3/4            3016 1991-12-15 23:03 ./usr/opt/OSCX200/src/doc/extensions/PEX/SI/PHIGS/man3/p371
-r--r--r-- 3/4            5547 1991-12-15 23:03 ./usr/opt/OSCX200/src/doc/extensions/PEX/SI/PHIGS/man3/p370
-r--r--r-- 3/4            4663 1991-12-15 23:03 ./usr/opt/OSCX200/src/doc/extensions/PEX/SI/PHIGS/man3/p369
-r--r--r-- 3/4            6414 1991-12-15 23:03 ./usr/opt/OSCX200/src/doc/extensions/PEX/SI/PHIGS/man3/p368
-r--r--r-- 3/4            6176 1991-12-15 23:03 ./usr/opt/OSCX200/src/doc/extensions/PEX/SI/PHIGS/man3/p367
-r--r--r-- 3/4            3815 1991-12-15 23:03 ./usr/opt/OSCX200/src/doc/extensions/PEX/SI/PHIGS/man3/p366
-r--r--r-- 3/4            4116 1991-12-15 23:03 ./usr/opt/OSCX200/src/doc/extensions/PEX/SI/PHIGS/man3/p365
-r--r--r-- 3/4            4121 1991-12-15 23:03 ./usr/opt/OSCX200/src/doc/extensions/PEX/SI/PHIGS/man3/p364
-r--r--r-- 3/4            4286 1991-12-15 23:03 ./usr/opt/OSCX200/src/doc/extensions/PEX/SI/PHIGS/man3/p363
-r--r--r-- 3/4            7752 1991-12-15 23:03 ./usr/opt/OSCX200/src/doc/extensions/PEX/SI/PHIGS/man3/p362
-r--r--r-- 3/4            6545 1991-12-15 23:03 ./usr/opt/OSCX200/src/doc/extensions/PEX/SI/PHIGS/man3/p361
-r--r--r-- 3/4            3622 1991-12-15 23:03 ./usr/opt/OSCX200/src/doc/extensions/PEX/SI/PHIGS/man3/p356
-r--r--r-- 3/4            4258 1991-12-15 23:03 ./usr/opt/OSCX200/src/doc/extensions/PEX/SI/PHIGS/man3/p360
-r--r--r-- 3/4            4411 1991-12-15 23:03 ./usr/opt/OSCX200/src/doc/extensions/PEX/SI/PHIGS/man3/p359
-r--r--r-- 3/4            4443 1991-12-15 23:03 ./usr/opt/OSCX200/src/doc/extensions/PEX/SI/PHIGS/man3/p358
-r--r--r-- 3/4            4319 1991-12-15 23:03 ./usr/opt/OSCX200/src/doc/extensions/PEX/SI/PHIGS/man3/p357
-r--r--r-- 3/4            4946 1991-12-15 23:03 ./usr/opt/OSCX200/src/doc/extensions/PEX/SI/PHIGS/man3/p355
-r--r--r-- 3/4            4038 1991-12-15 23:03 ./usr/opt/OSCX200/src/doc/extensions/PEX/SI/PHIGS/man3/p354
-r--r--r-- 3/4            7639 1991-12-15 23:03 ./usr/opt/OSCX200/src/doc/extensions/PEX/SI/PHIGS/man3/p353
-r--r--r-- 3/4            5389 1991-12-15 23:03 ./usr/opt/OSCX200/src/doc/extensions/PEX/SI/PHIGS/man3/p352
-r--r--r-- 3/4            4792 1991-12-15 23:03 ./usr/opt/OSCX200/src/doc/extensions/PEX/SI/PHIGS/man3/p351
-r--r--r-- 3/4            4388 1991-12-15 23:03 ./usr/opt/OSCX200/src/doc/extensions/PEX/SI/PHIGS/man3/p350
-r--r--r-- 3/4            4087 1991-12-15 23:03 ./usr/opt/OSCX200/src/doc/extensions/PEX/SI/PHIGS/man3/p349
-r--r--r-- 3/4           18233 1991-12-15 23:03 ./usr/opt/OSCX200/src/doc/extensions/PEX/SI/PHIGS/man3/p348
-r--r--r-- 3/4            5914 1991-12-15 23:03 ./usr/opt/OSCX200/src/doc/extensions/PEX/SI/PHIGS/man3/p347
-r--r--r-- 3/4            5874 1991-12-15 23:03 ./usr/opt/OSCX200/src/doc/extensions/PEX/SI/PHIGS/man3/p346
-r--r--r-- 3/4            3216 1991-12-15 23:03 ./usr/opt/OSCX200/src/doc/extensions/PEX/SI/PHIGS/man3/p345
-r--r--r-- 3/4            4167 1991-12-15 23:03 ./usr/opt/OSCX200/src/doc/extensions/PEX/SI/PHIGS/man3/p344
-r--r--r-- 3/4            3919 1991-12-15 23:03 ./usr/opt/OSCX200/src/doc/extensions/PEX/SI/PHIGS/man3/p343
-r--r--r-- 3/4            4440 1991-12-15 23:03 ./usr/opt/OSCX200/src/doc/extensions/PEX/SI/PHIGS/man3/p342
-r--r--r-- 3/4            7104 1991-12-15 23:03 ./usr/opt/OSCX200/src/doc/extensions/PEX/SI/PHIGS/man3/p341
-r--r--r-- 3/4            7204 1991-12-15 23:03 ./usr/opt/OSCX200/src/doc/extensions/PEX/SI/PHIGS/man3/p340
-r--r--r-- 3/4            4053 1991-12-15 23:03 ./usr/opt/OSCX200/src/doc/extensions/PEX/SI/PHIGS/man3/p339
-r--r--r-- 3/4            4057 1991-12-15 23:03 ./usr/opt/OSCX200/src/doc/extensions/PEX/SI/PHIGS/man3/p338
-r--r--r-- 3/4            4744 1991-12-15 23:03 ./usr/opt/OSCX200/src/doc/extensions/PEX/SI/PHIGS/man3/p337
-r--r--r-- 3/4            7470 1991-12-15 23:03 ./usr/opt/OSCX200/src/doc/extensions/PEX/SI/PHIGS/man3/p336
-r--r--r-- 3/4            4589 1991-12-15 23:03 ./usr/opt/OSCX200/src/doc/extensions/PEX/SI/PHIGS/man3/p335
-r--r--r-- 3/4            4813 1991-12-15 23:03 ./usr/opt/OSCX200/src/doc/extensions/PEX/SI/PHIGS/man3/p334
-r--r--r-- 3/4            5234 1991-12-15 23:03 ./usr/opt/OSCX200/src/doc/extensions/PEX/SI/PHIGS/man3/p333
-r--r--r-- 3/4            5462 1991-12-15 23:03 ./usr/opt/OSCX200/src/doc/extensions/PEX/SI/PHIGS/man3/p332
-r--r--r-- 3/4            3151 1991-12-15 23:03 ./usr/opt/OSCX200/src/doc/extensions/PEX/SI/PHIGS/man3/p319
-r--r--r-- 3/4            7851 1991-12-15 23:03 ./usr/opt/OSCX200/src/doc/extensions/PEX/SI/PHIGS/man3/p331
-r--r--r-- 3/4            6949 1991-12-15 23:03 ./usr/opt/OSCX200/src/doc/extensions/PEX/SI/PHIGS/man3/p330
-r--r--r-- 3/4            4707 1991-12-15 23:03 ./usr/opt/OSCX200/src/doc/extensions/PEX/SI/PHIGS/man3/p329
-r--r--r-- 3/4            4395 1991-12-15 23:03 ./usr/opt/OSCX200/src/doc/extensions/PEX/SI/PHIGS/man3/p328
-r--r--r-- 3/4            4307 1991-12-15 23:03 ./usr/opt/OSCX200/src/doc/extensions/PEX/SI/PHIGS/man3/p327
-r--r--r-- 3/4            5381 1991-12-15 23:03 ./usr/opt/OSCX200/src/doc/extensions/PEX/SI/PHIGS/man3/p326
-r--r--r-- 3/4            4639 1991-12-15 23:03 ./usr/opt/OSCX200/src/doc/extensions/PEX/SI/PHIGS/man3/p325
-r--r--r-- 3/4            4739 1991-12-15 23:03 ./usr/opt/OSCX200/src/doc/extensions/PEX/SI/PHIGS/man3/p324
-r--r--r-- 3/4            4710 1991-12-15 23:03 ./usr/opt/OSCX200/src/doc/extensions/PEX/SI/PHIGS/man3/p323
-r--r--r-- 3/4            6055 1991-12-15 23:03 ./usr/opt/OSCX200/src/doc/extensions/PEX/SI/PHIGS/man3/p322
-r--r--r-- 3/4            6039 1991-12-15 23:03 ./usr/opt/OSCX200/src/doc/extensions/PEX/SI/PHIGS/man3/p321
-r--r--r-- 3/4            5362 1991-12-15 23:03 ./usr/opt/OSCX200/src/doc/extensions/PEX/SI/PHIGS/man3/p320
-r--r--r-- 3/4            2843 1991-12-15 23:03 ./usr/opt/OSCX200/src/doc/extensions/PEX/SI/PHIGS/man3/p318
-r--r--r-- 3/4            3287 1991-12-15 23:03 ./usr/opt/OSCX200/src/doc/extensions/PEX/SI/PHIGS/man3/p317
-r--r--r-- 3/4            3104 1991-12-15 23:03 ./usr/opt/OSCX200/src/doc/extensions/PEX/SI/PHIGS/man3/p316
-r--r--r-- 3/4            3358 1991-12-15 23:03 ./usr/opt/OSCX200/src/doc/extensions/PEX/SI/PHIGS/man3/p315
-r--r--r-- 3/4            2934 1991-12-15 23:03 ./usr/opt/OSCX200/src/doc/extensions/PEX/SI/PHIGS/man3/p314
-r--r--r-- 3/4            4631 1991-12-15 23:03 ./usr/opt/OSCX200/src/doc/extensions/PEX/SI/PHIGS/man3/p313
-r--r--r-- 3/4            4730 1991-12-15 23:03 ./usr/opt/OSCX200/src/doc/extensions/PEX/SI/PHIGS/man3/p312
-r--r--r-- 3/4            5607 1991-12-15 23:03 ./usr/opt/OSCX200/src/doc/extensions/PEX/SI/PHIGS/man3/p311
-r--r--r-- 3/4            6335 1991-12-15 23:03 ./usr/opt/OSCX200/src/doc/extensions/PEX/SI/PHIGS/man3/p310
-r--r--r-- 3/4            4047 1991-12-15 23:03 ./usr/opt/OSCX200/src/doc/extensions/PEX/SI/PHIGS/man3/p309
-r--r--r-- 3/4            4217 1991-12-15 23:03 ./usr/opt/OSCX200/src/doc/extensions/PEX/SI/PHIGS/man3/p308
-r--r--r-- 3/4            4322 1991-12-15 23:03 ./usr/opt/OSCX200/src/doc/extensions/PEX/SI/PHIGS/man3/p307
-r--r--r-- 3/4            4339 1991-12-15 23:03 ./usr/opt/OSCX200/src/doc/extensions/PEX/SI/PHIGS/man3/p306
-r--r--r-- 3/4           10998 1991-12-15 23:03 ./usr/opt/OSCX200/src/doc/extensions/PEX/SI/PHIGS/man3/p305
-r--r--r-- 3/4            7748 1991-12-15 23:03 ./usr/opt/OSCX200/src/doc/extensions/PEX/SI/PHIGS/man3/p304
-r--r--r-- 3/4            4798 1991-12-15 23:03 ./usr/opt/OSCX200/src/doc/extensions/PEX/SI/PHIGS/man3/p303
-r--r--r-- 3/4            8763 1991-12-15 23:03 ./usr/opt/OSCX200/src/doc/extensions/PEX/SI/PHIGS/man3/p302
-r--r--r-- 3/4            2860 1991-12-15 23:02 ./usr/opt/OSCX200/src/doc/extensions/PEX/SI/PHIGS/man3/p237
-r--r--r-- 3/4            3828 1991-12-15 23:03 ./usr/opt/OSCX200/src/doc/extensions/PEX/SI/PHIGS/man3/p301
-r--r--r-- 3/4            6627 1991-12-15 23:03 ./usr/opt/OSCX200/src/doc/extensions/PEX/SI/PHIGS/man3/p300
-r--r--r-- 3/4            4353 1991-12-15 23:03 ./usr/opt/OSCX200/src/doc/extensions/PEX/SI/PHIGS/man3/p299
-r--r--r-- 3/4            7568 1991-12-15 23:03 ./usr/opt/OSCX200/src/doc/extensions/PEX/SI/PHIGS/man3/p298
-r--r--r-- 3/4            3451 1991-12-15 23:03 ./usr/opt/OSCX200/src/doc/extensions/PEX/SI/PHIGS/man3/p297
-r--r--r-- 3/4            4366 1991-12-15 23:03 ./usr/opt/OSCX200/src/doc/extensions/PEX/SI/PHIGS/man3/p296
-r--r--r-- 3/4            3653 1991-12-15 23:03 ./usr/opt/OSCX200/src/doc/extensions/PEX/SI/PHIGS/man3/p295
-r--r--r-- 3/4            4295 1991-12-15 23:03 ./usr/opt/OSCX200/src/doc/extensions/PEX/SI/PHIGS/man3/p294
-r--r--r-- 3/4            3555 1991-12-15 23:03 ./usr/opt/OSCX200/src/doc/extensions/PEX/SI/PHIGS/man3/p293
-r--r--r-- 3/4            4262 1991-12-15 23:02 ./usr/opt/OSCX200/src/doc/extensions/PEX/SI/PHIGS/man3/p292
-r--r--r-- 3/4            5871 1991-12-15 23:02 ./usr/opt/OSCX200/src/doc/extensions/PEX/SI/PHIGS/man3/p291
-r--r--r-- 3/4            5334 1991-12-15 23:02 ./usr/opt/OSCX200/src/doc/extensions/PEX/SI/PHIGS/man3/p290
-r--r--r-- 3/4            6522 1991-12-15 23:02 ./usr/opt/OSCX200/src/doc/extensions/PEX/SI/PHIGS/man3/p289
-r--r--r-- 3/4            5304 1991-12-15 23:02 ./usr/opt/OSCX200/src/doc/extensions/PEX/SI/PHIGS/man3/p288
-r--r--r-- 3/4            5197 1991-12-15 23:02 ./usr/opt/OSCX200/src/doc/extensions/PEX/SI/PHIGS/man3/p287
-r--r--r-- 3/4            5037 1991-12-15 23:02 ./usr/opt/OSCX200/src/doc/extensions/PEX/SI/PHIGS/man3/p286
-r--r--r-- 3/4            4351 1991-12-15 23:02 ./usr/opt/OSCX200/src/doc/extensions/PEX/SI/PHIGS/man3/p285
-r--r--r-- 3/4            3969 1991-12-15 23:02 ./usr/opt/OSCX200/src/doc/extensions/PEX/SI/PHIGS/man3/p284
-r--r--r-- 3/4            3791 1991-12-15 23:02 ./usr/opt/OSCX200/src/doc/extensions/PEX/SI/PHIGS/man3/p283
-r--r--r-- 3/4            7418 1991-12-15 23:02 ./usr/opt/OSCX200/src/doc/extensions/PEX/SI/PHIGS/man3/p282
-r--r--r-- 3/4            3379 1991-12-15 23:02 ./usr/opt/OSCX200/src/doc/extensions/PEX/SI/PHIGS/man3/p281
-r--r--r-- 3/4            3540 1991-12-15 23:02 ./usr/opt/OSCX200/src/doc/extensions/PEX/SI/PHIGS/man3/p280
-r--r--r-- 3/4            3410 1991-12-15 23:02 ./usr/opt/OSCX200/src/doc/extensions/PEX/SI/PHIGS/man3/p279
-r--r--r-- 3/4            3667 1991-12-15 23:02 ./usr/opt/OSCX200/src/doc/extensions/PEX/SI/PHIGS/man3/p278
-r--r--r-- 3/4            5551 1991-12-15 23:02 ./usr/opt/OSCX200/src/doc/extensions/PEX/SI/PHIGS/man3/p277
-r--r--r-- 3/4            5435 1991-12-15 23:02 ./usr/opt/OSCX200/src/doc/extensions/PEX/SI/PHIGS/man3/p276
-r--r--r-- 3/4            3808 1991-12-15 23:02 ./usr/opt/OSCX200/src/doc/extensions/PEX/SI/PHIGS/man3/p275
-r--r--r-- 3/4            5739 1991-12-15 23:02 ./usr/opt/OSCX200/src/doc/extensions/PEX/SI/PHIGS/man3/p274
-r--r--r-- 3/4            5017 1991-12-15 23:02 ./usr/opt/OSCX200/src/doc/extensions/PEX/SI/PHIGS/man3/p273
-r--r--r-- 3/4            4905 1991-12-15 23:02 ./usr/opt/OSCX200/src/doc/extensions/PEX/SI/PHIGS/man3/p272
-r--r--r-- 3/4            3920 1991-12-15 23:02 ./usr/opt/OSCX200/src/doc/extensions/PEX/SI/PHIGS/man3/p271
-r--r--r-- 3/4            3201 1991-12-15 23:02 ./usr/opt/OSCX200/src/doc/extensions/PEX/SI/PHIGS/man3/p270
-r--r--r-- 3/4            3201 1991-12-15 23:02 ./usr/opt/OSCX200/src/doc/extensions/PEX/SI/PHIGS/man3/p269
-r--r--r-- 3/4            3201 1991-12-15 23:02 ./usr/opt/OSCX200/src/doc/extensions/PEX/SI/PHIGS/man3/p268
-r--r--r-- 3/4            3160 1991-12-15 23:02 ./usr/opt/OSCX200/src/doc/extensions/PEX/SI/PHIGS/man3/p267
-r--r--r-- 3/4            4679 1991-12-15 23:02 ./usr/opt/OSCX200/src/doc/extensions/PEX/SI/PHIGS/man3/p266
-r--r--r-- 3/4            4852 1991-12-15 23:02 ./usr/opt/OSCX200/src/doc/extensions/PEX/SI/PHIGS/man3/p265
-r--r--r-- 3/4            4309 1991-12-15 23:02 ./usr/opt/OSCX200/src/doc/extensions/PEX/SI/PHIGS/man3/p264
-r--r--r-- 3/4            7415 1991-12-15 23:02 ./usr/opt/OSCX200/src/doc/extensions/PEX/SI/PHIGS/man3/p263
-r--r--r-- 3/4            7357 1991-12-15 23:02 ./usr/opt/OSCX200/src/doc/extensions/PEX/SI/PHIGS/man3/p262
-r--r--r-- 3/4            3715 1991-12-15 23:02 ./usr/opt/OSCX200/src/doc/extensions/PEX/SI/PHIGS/man3/p261
-r--r--r-- 3/4            3336 1991-12-15 23:02 ./usr/opt/OSCX200/src/doc/extensions/PEX/SI/PHIGS/man3/p260
-r--r--r-- 3/4            4538 1991-12-15 23:02 ./usr/opt/OSCX200/src/doc/extensions/PEX/SI/PHIGS/man3/p259
-r--r--r-- 3/4            6364 1991-12-15 23:02 ./usr/opt/OSCX200/src/doc/extensions/PEX/SI/PHIGS/man3/p258
-r--r--r-- 3/4            6195 1991-12-15 23:02 ./usr/opt/OSCX200/src/doc/extensions/PEX/SI/PHIGS/man3/p257
-r--r--r-- 3/4            4608 1991-12-15 23:02 ./usr/opt/OSCX200/src/doc/extensions/PEX/SI/PHIGS/man3/p256
-r--r--r-- 3/4            6122 1991-12-15 23:02 ./usr/opt/OSCX200/src/doc/extensions/PEX/SI/PHIGS/man3/p255
-r--r--r-- 3/4            5742 1991-12-15 23:02 ./usr/opt/OSCX200/src/doc/extensions/PEX/SI/PHIGS/man3/p254
-r--r--r-- 3/4            5547 1991-12-15 23:02 ./usr/opt/OSCX200/src/doc/extensions/PEX/SI/PHIGS/man3/p253
-r--r--r-- 3/4            4631 1991-12-15 23:02 ./usr/opt/OSCX200/src/doc/extensions/PEX/SI/PHIGS/man3/p252
-r--r--r-- 3/4            5368 1991-12-15 23:02 ./usr/opt/OSCX200/src/doc/extensions/PEX/SI/PHIGS/man3/p251
-r--r--r-- 3/4            5920 1991-12-15 23:02 ./usr/opt/OSCX200/src/doc/extensions/PEX/SI/PHIGS/man3/p250
-r--r--r-- 3/4           12003 1991-12-15 23:02 ./usr/opt/OSCX200/src/doc/extensions/PEX/SI/PHIGS/man3/p249
-r--r--r-- 3/4            4997 1991-12-15 23:02 ./usr/opt/OSCX200/src/doc/extensions/PEX/SI/PHIGS/man3/p248
-r--r--r-- 3/4            5081 1991-12-15 23:02 ./usr/opt/OSCX200/src/doc/extensions/PEX/SI/PHIGS/man3/p247
-r--r--r-- 3/4            5017 1991-12-15 23:02 ./usr/opt/OSCX200/src/doc/extensions/PEX/SI/PHIGS/man3/p246
-r--r--r-- 3/4            7988 1991-12-15 23:02 ./usr/opt/OSCX200/src/doc/extensions/PEX/SI/PHIGS/man3/p245
-r--r--r-- 3/4            5267 1991-12-15 23:02 ./usr/opt/OSCX200/src/doc/extensions/PEX/SI/PHIGS/man3/p244
-r--r--r-- 3/4            5228 1991-12-15 23:02 ./usr/opt/OSCX200/src/doc/extensions/PEX/SI/PHIGS/man3/p243
-r--r--r-- 3/4            9638 1991-12-15 23:02 ./usr/opt/OSCX200/src/doc/extensions/PEX/SI/PHIGS/man3/p242
-r--r--r-- 3/4            3812 1991-12-15 23:02 ./usr/opt/OSCX200/src/doc/extensions/PEX/SI/PHIGS/man3/p240
-r--r--r-- 3/4           10046 1991-12-15 23:02 ./usr/opt/OSCX200/src/doc/extensions/PEX/SI/PHIGS/man3/p241
-r--r--r-- 3/4            5103 1991-12-15 23:02 ./usr/opt/OSCX200/src/doc/extensions/PEX/SI/PHIGS/man3/p239
-r--r--r-- 3/4            4353 1991-12-15 23:02 ./usr/opt/OSCX200/src/doc/extensions/PEX/SI/PHIGS/man3/p238
-r--r--r-- 3/4           12053 1991-12-15 23:02 ./usr/opt/OSCX200/src/doc/extensions/PEX/SI/PHIGS/man3/p236
-r--r--r-- 3/4            7122 1991-12-15 23:02 ./usr/opt/OSCX200/src/doc/extensions/PEX/SI/PHIGS/man3/p235
-r--r--r-- 3/4            3844 1991-12-15 23:02 ./usr/opt/OSCX200/src/doc/extensions/PEX/SI/PHIGS/man3/p234
-r--r--r-- 3/4            3567 1991-12-15 23:02 ./usr/opt/OSCX200/src/doc/extensions/PEX/SI/PHIGS/man3/p233
-r--r--r-- 3/4           13558 1991-12-15 23:02 ./usr/opt/OSCX200/src/doc/extensions/PEX/SI/PHIGS/man3/p232
-r--r--r-- 3/4            3867 1991-12-15 23:02 ./usr/opt/OSCX200/src/doc/extensions/PEX/SI/PHIGS/man3/p231
-r--r--r-- 3/4            3837 1991-12-15 23:02 ./usr/opt/OSCX200/src/doc/extensions/PEX/SI/PHIGS/man3/p230
-r--r--r-- 3/4            2638 1991-12-15 23:02 ./usr/opt/OSCX200/src/doc/extensions/PEX/SI/PHIGS/man3/p229
-r--r--r-- 3/4            4279 1991-12-15 23:02 ./usr/opt/OSCX200/src/doc/extensions/PEX/SI/PHIGS/man3/p228
-r--r--r-- 3/4            4010 1991-12-15 23:02 ./usr/opt/OSCX200/src/doc/extensions/PEX/SI/PHIGS/man3/p227
-r--r--r-- 3/4            4413 1991-12-15 23:02 ./usr/opt/OSCX200/src/doc/extensions/PEX/SI/PHIGS/man3/p226
-r--r--r-- 3/4            3646 1991-12-15 23:02 ./usr/opt/OSCX200/src/doc/extensions/PEX/SI/PHIGS/man3/p225
-r--r--r-- 3/4            3396 1991-12-15 23:02 ./usr/opt/OSCX200/src/doc/extensions/PEX/SI/PHIGS/man3/p224
-r--r--r-- 3/4            5292 1991-12-15 23:02 ./usr/opt/OSCX200/src/doc/extensions/PEX/SI/PHIGS/man3/p223
-r--r--r-- 3/4            3333 1991-12-15 23:02 ./usr/opt/OSCX200/src/doc/extensions/PEX/SI/PHIGS/man3/p222
-r--r--r-- 3/4            6693 1991-12-15 23:02 ./usr/opt/OSCX200/src/doc/extensions/PEX/SI/PHIGS/man3/p221
-r--r--r-- 3/4            6487 1991-12-15 23:02 ./usr/opt/OSCX200/src/doc/extensions/PEX/SI/PHIGS/man3/p220
-r--r--r-- 3/4            5789 1991-12-15 23:02 ./usr/opt/OSCX200/src/doc/extensions/PEX/SI/PHIGS/man3/p219
-r--r--r-- 3/4            4960 1991-12-15 23:02 ./usr/opt/OSCX200/src/doc/extensions/PEX/SI/PHIGS/man3/p218
-r--r--r-- 3/4            5401 1991-12-15 23:02 ./usr/opt/OSCX200/src/doc/extensions/PEX/SI/PHIGS/man3/p217
-r--r--r-- 3/4            6633 1991-12-15 23:02 ./usr/opt/OSCX200/src/doc/extensions/PEX/SI/PHIGS/man3/p216
-r--r--r-- 3/4            2755 1991-12-15 23:02 ./usr/opt/OSCX200/src/doc/extensions/PEX/SI/PHIGS/man3/p215
-r--r--r-- 3/4            2702 1991-12-15 23:02 ./usr/opt/OSCX200/src/doc/extensions/PEX/SI/PHIGS/man3/p214
-r--r--r-- 3/4            2481 1991-12-15 23:02 ./usr/opt/OSCX200/src/doc/extensions/PEX/SI/PHIGS/man3/p213
-r--r--r-- 3/4            4192 1991-12-15 23:02 ./usr/opt/OSCX200/src/doc/extensions/PEX/SI/PHIGS/man3/p212
-r--r--r-- 3/4            8048 1991-12-15 23:02 ./usr/opt/OSCX200/src/doc/extensions/PEX/SI/PHIGS/man3/p211
-r--r--r-- 3/4             121 1991-12-15 22:58 ./usr/opt/OSCX200/src/doc/Xlib/indexmacros.t
-r--r--r-- 3/4             121 1991-12-15 22:59 ./usr/opt/OSCX200/src/doc/Xaw/widg.idxmac.t
-r--r--r-- 3/4            7675 1991-12-15 23:02 ./usr/opt/OSCX200/src/doc/extensions/PEX/SI/PHIGS/man3/p210
-r--r--r-- 3/4            6740 1991-12-15 23:02 ./usr/opt/OSCX200/src/doc/extensions/PEX/SI/PHIGS/man3/p209
-r--r--r-- 3/4            6560 1991-12-15 23:02 ./usr/opt/OSCX200/src/doc/extensions/PEX/SI/PHIGS/man3/p208
-r--r--r-- 3/4            4333 1991-12-15 23:02 ./usr/opt/OSCX200/src/doc/extensions/PEX/SI/PHIGS/man3/p207
-r--r--r-- 3/4            4380 1991-12-15 23:02 ./usr/opt/OSCX200/src/doc/extensions/PEX/SI/PHIGS/man3/p206
-r--r--r-- 3/4            5048 1991-12-15 23:02 ./usr/opt/OSCX200/src/doc/extensions/PEX/SI/PHIGS/man3/p205
-r--r--r-- 3/4            5121 1991-12-15 23:02 ./usr/opt/OSCX200/src/doc/extensions/PEX/SI/PHIGS/man3/p204
-r--r--r-- 3/4            4519 1991-12-15 23:02 ./usr/opt/OSCX200/src/doc/extensions/PEX/SI/PHIGS/man3/p203
-r--r--r-- 3/4            4588 1991-12-15 23:02 ./usr/opt/OSCX200/src/doc/extensions/PEX/SI/PHIGS/man3/p202
-r--r--r-- 3/4            4686 1991-12-15 23:02 ./usr/opt/OSCX200/src/doc/extensions/PEX/SI/PHIGS/man3/p201
-r--r--r-- 3/4            4441 1991-12-15 23:02 ./usr/opt/OSCX200/src/doc/extensions/PEX/SI/PHIGS/man3/p200
-r--r--r-- 3/4            4441 1991-12-15 23:02 ./usr/opt/OSCX200/src/doc/extensions/PEX/SI/PHIGS/man3/p200
-r--r--r-- 3/4            4441 1991-12-15 23:02 ./usr/opt/OSCX200/src/doc/extensions/PEX/SI/PHIGS/man3/p200
-r--r--r-- 3/4            4815 1991-12-15 23:02 ./usr/opt/OSCX200/src/doc/extensions/PEX/SI/PHIGS/man3/p199
-r--r--r-- 3/4            4373 1991-12-15 23:02 ./usr/opt/OSCX200/src/doc/extensions/PEX/SI/PHIGS/man3/p198
-r--r--r-- 3/4            6964 1991-12-15 23:02 ./usr/opt/OSCX200/src/doc/extensions/PEX/SI/PHIGS/man3/p197
-r--r--r-- 3/4            5537 1991-12-15 23:02 ./usr/opt/OSCX200/src/doc/extensions/PEX/SI/PHIGS/man3/p196
-r--r--r-- 3/4            6859 1991-12-15 23:02 ./usr/opt/OSCX200/src/doc/extensions/PEX/SI/PHIGS/man3/p195
-r--r--r-- 3/4            8280 1991-12-15 23:02 ./usr/opt/OSCX200/src/doc/extensions/PEX/SI/PHIGS/man3/p194
-r--r--r-- 3/4            4570 1991-12-15 23:02 ./usr/opt/OSCX200/src/doc/extensions/PEX/SI/PHIGS/man3/p193
-r--r--r-- 3/4            5294 1991-12-15 23:02 ./usr/opt/OSCX200/src/doc/extensions/PEX/SI/PHIGS/man3/p192
-r--r--r-- 3/4            4415 1991-12-15 23:02 ./usr/opt/OSCX200/src/doc/extensions/PEX/SI/PHIGS/man3/p191
-r--r--r-- 3/4            5541 1991-12-15 23:02 ./usr/opt/OSCX200/src/doc/extensions/PEX/SI/PHIGS/man3/p190
-r--r--r-- 3/4            5434 1991-12-15 23:02 ./usr/opt/OSCX200/src/doc/extensions/PEX/SI/PHIGS/man3/p189
-r--r--r-- 3/4            8168 1991-12-15 23:02 ./usr/opt/OSCX200/src/doc/extensions/PEX/SI/PHIGS/man3/p188
-r--r--r-- 3/4            4759 1991-12-15 23:02 ./usr/opt/OSCX200/src/doc/extensions/PEX/SI/PHIGS/man3/p187
-r--r--r-- 3/4            5501 1991-12-15 23:02 ./usr/opt/OSCX200/src/doc/extensions/PEX/SI/PHIGS/man3/p186
-r--r--r-- 3/4            5281 1991-12-15 23:02 ./usr/opt/OSCX200/src/doc/extensions/PEX/SI/PHIGS/man3/p185
-r--r--r-- 3/4            4367 1991-12-15 23:01 ./usr/opt/OSCX200/src/doc/extensions/PEX/SI/PHIGS/man3/p177
-r--r--r-- 3/4            4944 1991-12-15 23:01 ./usr/opt/OSCX200/src/doc/extensions/PEX/SI/PHIGS/man3/p184
-r--r--r-- 3/4            5241 1991-12-15 23:01 ./usr/opt/OSCX200/src/doc/extensions/PEX/SI/PHIGS/man3/p183
-r--r--r-- 3/4            5213 1991-12-15 23:01 ./usr/opt/OSCX200/src/doc/extensions/PEX/SI/PHIGS/man3/p182
-r--r--r-- 3/4            5593 1991-12-15 23:01 ./usr/opt/OSCX200/src/doc/extensions/PEX/SI/PHIGS/man3/p181
-r--r--r-- 3/4            4951 1991-12-15 23:01 ./usr/opt/OSCX200/src/doc/extensions/PEX/SI/PHIGS/man3/p180
-r--r--r-- 3/4            8556 1991-12-15 23:01 ./usr/opt/OSCX200/src/doc/extensions/PEX/SI/PHIGS/man3/p179
-r--r--r-- 3/4            8522 1991-12-15 23:01 ./usr/opt/OSCX200/src/doc/extensions/PEX/SI/PHIGS/man3/p178
-r--r--r-- 3/4            5716 1991-12-15 23:01 ./usr/opt/OSCX200/src/doc/extensions/PEX/SI/PHIGS/man3/p176
-r--r--r-- 3/4            5559 1991-12-15 23:01 ./usr/opt/OSCX200/src/doc/extensions/PEX/SI/PHIGS/man3/p175
-r--r--r-- 3/4            2991 1991-12-15 23:01 ./usr/opt/OSCX200/src/doc/extensions/PEX/SI/PHIGS/man3/p174
-r--r--r-- 3/4            6982 1991-12-15 23:01 ./usr/opt/OSCX200/src/doc/extensions/PEX/SI/PHIGS/man3/p173
-r--r--r-- 3/4            6891 1991-12-15 23:01 ./usr/opt/OSCX200/src/doc/extensions/PEX/SI/PHIGS/man3/p172
-r--r--r-- 3/4            2800 1991-12-15 23:01 ./usr/opt/OSCX200/src/doc/extensions/PEX/SI/PHIGS/man3/p171
-r--r--r-- 3/4            3209 1991-12-15 23:01 ./usr/opt/OSCX200/src/doc/extensions/PEX/SI/PHIGS/man3/p170
-r--r--r-- 3/4            3809 1991-12-15 23:01 ./usr/opt/OSCX200/src/doc/extensions/PEX/SI/PHIGS/man3/p169
-r--r--r-- 3/4            4245 1991-12-15 23:01 ./usr/opt/OSCX200/src/doc/extensions/PEX/SI/PHIGS/man3/p168
-r--r--r-- 3/4            3865 1991-12-15 23:01 ./usr/opt/OSCX200/src/doc/extensions/PEX/SI/PHIGS/man3/p167
-r--r--r-- 3/4            6943 1991-12-15 23:01 ./usr/opt/OSCX200/src/doc/extensions/PEX/SI/PHIGS/man3/p166
-r--r--r-- 3/4            6584 1991-12-15 23:01 ./usr/opt/OSCX200/src/doc/extensions/PEX/SI/PHIGS/man3/p165
-r--r--r-- 3/4            4123 1991-12-15 23:01 ./usr/opt/OSCX200/src/doc/extensions/PEX/SI/PHIGS/man3/p164
-r--r--r-- 3/4            4141 1991-12-15 23:01 ./usr/opt/OSCX200/src/doc/extensions/PEX/SI/PHIGS/man3/p163
-r--r--r-- 3/4            4217 1991-12-15 23:01 ./usr/opt/OSCX200/src/doc/extensions/PEX/SI/PHIGS/man3/p162
-r--r--r-- 3/4            4197 1991-12-15 23:01 ./usr/opt/OSCX200/src/doc/extensions/PEX/SI/PHIGS/man3/p161
-r--r--r-- 3/4            4236 1991-12-15 23:01 ./usr/opt/OSCX200/src/doc/extensions/PEX/SI/PHIGS/man3/p160
-r--r--r-- 3/4            5025 1991-12-15 23:01 ./usr/opt/OSCX200/src/doc/extensions/PEX/SI/PHIGS/man3/p159
-r--r--r-- 3/4            4171 1991-12-15 23:01 ./usr/opt/OSCX200/src/doc/extensions/PEX/SI/PHIGS/man3/p158
-r--r--r-- 3/4            4050 1991-12-15 23:01 ./usr/opt/OSCX200/src/doc/extensions/PEX/SI/PHIGS/man3/p157
-r--r--r-- 3/4            4978 1991-12-15 23:01 ./usr/opt/OSCX200/src/doc/extensions/PEX/SI/PHIGS/man3/p156
-r--r--r-- 3/4            5021 1991-12-15 23:01 ./usr/opt/OSCX200/src/doc/extensions/PEX/SI/PHIGS/man3/p155
-r--r--r-- 3/4            4091 1991-12-15 23:01 ./usr/opt/OSCX200/src/doc/extensions/PEX/SI/PHIGS/man3/p154
-r--r--r-- 3/4            3909 1991-12-15 23:01 ./usr/opt/OSCX200/src/doc/extensions/PEX/SI/PHIGS/man3/p143
-r--r--r-- 3/4            5221 1991-12-15 23:01 ./usr/opt/OSCX200/src/doc/extensions/PEX/SI/PHIGS/man3/p153
-r--r--r-- 3/4            5051 1991-12-15 23:01 ./usr/opt/OSCX200/src/doc/extensions/PEX/SI/PHIGS/man3/p152
-r--r--r-- 3/4            4995 1991-12-15 23:01 ./usr/opt/OSCX200/src/doc/extensions/PEX/SI/PHIGS/man3/p151
-r--r--r-- 3/4            7115 1991-12-15 23:01 ./usr/opt/OSCX200/src/doc/extensions/PEX/SI/PHIGS/man3/p150
-r--r--r-- 3/4            6422 1991-12-15 23:01 ./usr/opt/OSCX200/src/doc/extensions/PEX/SI/PHIGS/man3/p149
-r--r--r-- 3/4            4488 1991-12-15 23:01 ./usr/opt/OSCX200/src/doc/extensions/PEX/SI/PHIGS/man3/p148
-r--r--r-- 3/4            8559 1991-12-15 23:01 ./usr/opt/OSCX200/src/doc/extensions/PEX/SI/PHIGS/man3/p147
-r--r--r-- 3/4            5036 1991-12-15 23:01 ./usr/opt/OSCX200/src/doc/extensions/PEX/SI/PHIGS/man3/p146
-r--r--r-- 3/4            6915 1991-12-15 23:01 ./usr/opt/OSCX200/src/doc/extensions/PEX/SI/PHIGS/man3/p145
-r--r--r-- 3/4            4863 1991-12-15 23:01 ./usr/opt/OSCX200/src/doc/extensions/PEX/SI/PHIGS/man3/p144
-r--r--r-- 3/4            5106 1991-12-15 23:01 ./usr/opt/OSCX200/src/doc/extensions/PEX/SI/PHIGS/man3/p142
-r--r--r-- 3/4            3283 1991-12-15 23:01 ./usr/opt/OSCX200/src/doc/extensions/PEX/SI/PHIGS/man3/p141
-r--r--r-- 3/4            5287 1991-12-15 23:01 ./usr/opt/OSCX200/src/doc/extensions/PEX/SI/PHIGS/man3/p140
-r--r--r-- 3/4            4620 1991-12-15 23:01 ./usr/opt/OSCX200/src/doc/extensions/PEX/SI/PHIGS/man3/p139
-r--r--r-- 3/4            4203 1991-12-15 23:01 ./usr/opt/OSCX200/src/doc/extensions/PEX/SI/PHIGS/man3/p138
-r--r--r-- 3/4            4926 1991-12-15 23:01 ./usr/opt/OSCX200/src/doc/extensions/PEX/SI/PHIGS/man3/p137
-r--r--r-- 3/4            4840 1991-12-15 23:01 ./usr/opt/OSCX200/src/doc/extensions/PEX/SI/PHIGS/man3/p136
-r--r--r-- 3/4            2438 1991-12-15 23:01 ./usr/opt/OSCX200/src/doc/extensions/PEX/SI/PHIGS/man3/p135
-r--r--r-- 3/4            5611 1991-12-15 23:01 ./usr/opt/OSCX200/src/doc/extensions/PEX/SI/PHIGS/man3/p134
-r--r--r-- 3/4            2372 1991-12-15 23:01 ./usr/opt/OSCX200/src/doc/extensions/PEX/SI/PHIGS/man3/p133
-r--r--r-- 3/4           40149 1991-12-15 23:01 ./usr/opt/OSCX200/src/doc/extensions/PEX/SI/PHIGS/man3/p132
-r--r--r-- 3/4            2427 1991-12-15 23:01 ./usr/opt/OSCX200/src/doc/extensions/PEX/SI/PHIGS/man3/p131
-r--r--r-- 3/4            5286 1991-12-15 23:01 ./usr/opt/OSCX200/src/doc/extensions/PEX/SI/PHIGS/man3/p130
-r--r--r-- 3/4            4440 1991-12-15 23:01 ./usr/opt/OSCX200/src/doc/extensions/PEX/SI/PHIGS/man3/p129
-r--r--r-- 3/4            4859 1991-12-15 23:01 ./usr/opt/OSCX200/src/doc/extensions/PEX/SI/PHIGS/man3/p128
-r--r--r-- 3/4             395 1991-12-15 22:59 ./usr/opt/OSCX200/src/doc/Xaw/strings.mit
-r--r--r-- 3/4            4328 1991-12-15 23:01 ./usr/opt/OSCX200/src/doc/extensions/PEX/SI/PHIGS/man3/p127
-r--r--r-- 3/4            4332 1991-12-15 23:01 ./usr/opt/OSCX200/src/doc/extensions/PEX/SI/PHIGS/man3/p126
-r--r--r-- 3/4            3909 1991-12-15 23:01 ./usr/opt/OSCX200/src/doc/extensions/PEX/SI/PHIGS/man3/p125
-r--r--r-- 3/4            4639 1991-12-15 23:01 ./usr/opt/OSCX200/src/doc/extensions/PEX/SI/PHIGS/man3/p124
-r--r--r-- 3/4            6764 1991-12-15 23:01 ./usr/opt/OSCX200/src/doc/extensions/PEX/SI/PHIGS/man3/p123
-r--r--r-- 3/4            6912 1991-12-15 23:01 ./usr/opt/OSCX200/src/doc/extensions/PEX/SI/PHIGS/man3/p122
-r--r--r-- 3/4            5099 1991-12-15 23:01 ./usr/opt/OSCX200/src/doc/extensions/PEX/SI/PHIGS/man3/p121
-r--r--r-- 3/4            5989 1991-12-15 23:01 ./usr/opt/OSCX200/src/doc/extensions/PEX/SI/PHIGS/man3/p120
-r--r--r-- 3/4            3621 1991-12-15 23:01 ./usr/opt/OSCX200/src/doc/extensions/PEX/SI/PHIGS/man3/p119
-r--r--r-- 3/4            7106 1991-12-15 23:01 ./usr/opt/OSCX200/src/doc/extensions/PEX/SI/PHIGS/man3/p118
-r--r--r-- 3/4            6866 1991-12-15 23:01 ./usr/opt/OSCX200/src/doc/extensions/PEX/SI/PHIGS/man3/p117
-r--r--r-- 3/4            7456 1991-12-15 23:01 ./usr/opt/OSCX200/src/doc/extensions/PEX/SI/PHIGS/man3/p116
-r--r--r-- 3/4            7108 1991-12-15 23:01 ./usr/opt/OSCX200/src/doc/extensions/PEX/SI/PHIGS/man3/p115
-r--r--r-- 3/4            7025 1991-12-15 23:01 ./usr/opt/OSCX200/src/doc/extensions/PEX/SI/PHIGS/man3/p114
-r--r--r-- 3/4            6770 1991-12-15 23:01 ./usr/opt/OSCX200/src/doc/extensions/PEX/SI/PHIGS/man3/p113
-r--r--r-- 3/4            6659 1991-12-15 23:01 ./usr/opt/OSCX200/src/doc/extensions/PEX/SI/PHIGS/man3/p112
-r--r--r-- 3/4            6460 1991-12-15 23:01 ./usr/opt/OSCX200/src/doc/extensions/PEX/SI/PHIGS/man3/p111
-r--r--r-- 3/4            7394 1991-12-15 23:01 ./usr/opt/OSCX200/src/doc/extensions/PEX/SI/PHIGS/man3/p110
-r--r--r-- 3/4            7177 1991-12-15 23:01 ./usr/opt/OSCX200/src/doc/extensions/PEX/SI/PHIGS/man3/p109
-r--r--r-- 3/4            3880 1991-12-15 23:01 ./usr/opt/OSCX200/src/doc/extensions/PEX/SI/PHIGS/man3/p108
-r--r--r-- 3/4            7416 1991-12-15 23:01 ./usr/opt/OSCX200/src/doc/extensions/PEX/SI/PHIGS/man3/p107
-r--r--r-- 3/4            7150 1991-12-15 23:01 ./usr/opt/OSCX200/src/doc/extensions/PEX/SI/PHIGS/man3/p106
-r--r--r-- 3/4            7348 1991-12-15 23:01 ./usr/opt/OSCX200/src/doc/extensions/PEX/SI/PHIGS/man3/p105
-r--r--r-- 3/4            5149 1991-12-15 23:01 ./usr/opt/OSCX200/src/doc/extensions/PEX/SI/PHIGS/man3/p104
-r--r--r-- 3/4            5546 1991-12-15 23:01 ./usr/opt/OSCX200/src/doc/extensions/PEX/SI/PHIGS/man3/p102
-r--r--r-- 3/4            2878 1991-12-15 23:01 ./usr/opt/OSCX200/src/doc/extensions/PEX/SI/PHIGS/man3/p101
-r--r--r-- 3/4            2385 1991-12-15 23:01 ./usr/opt/OSCX200/src/doc/extensions/PEX/SI/PHIGS/man3/p090
-r--r--r-- 3/4           39728 1991-12-15 23:01 ./usr/opt/OSCX200/src/doc/extensions/PEX/SI/PHIGS/man3/p103
-r--r--r-- 3/4            5292 1991-12-15 23:01 ./usr/opt/OSCX200/src/doc/extensions/PEX/SI/PHIGS/man3/p100
-r--r--r-- 3/4            4398 1991-12-15 23:01 ./usr/opt/OSCX200/src/doc/extensions/PEX/SI/PHIGS/man3/p099
-r--r--r-- 3/4            2801 1991-12-15 23:01 ./usr/opt/OSCX200/src/doc/extensions/PEX/SI/PHIGS/man3/p098
-r--r--r-- 3/4            3922 1991-12-15 23:01 ./usr/opt/OSCX200/src/doc/extensions/PEX/SI/PHIGS/man3/p097
-r--r--r-- 3/4            8839 1991-12-15 23:01 ./usr/opt/OSCX200/src/doc/extensions/PEX/SI/PHIGS/man3/p096
-r--r--r-- 3/4            4443 1991-12-15 23:01 ./usr/opt/OSCX200/src/doc/extensions/PEX/SI/PHIGS/man3/p095
-r--r--r-- 3/4            5566 1991-12-15 23:01 ./usr/opt/OSCX200/src/doc/extensions/PEX/SI/PHIGS/man3/p094
-r--r--r-- 3/4            4220 1991-12-15 23:01 ./usr/opt/OSCX200/src/doc/extensions/PEX/SI/PHIGS/man3/p093
-r--r--r-- 3/4            7570 1991-12-15 23:01 ./usr/opt/OSCX200/src/doc/extensions/PEX/SI/PHIGS/man3/p092
-r--r--r-- 3/4            7460 1991-12-15 23:01 ./usr/opt/OSCX200/src/doc/extensions/PEX/SI/PHIGS/man3/p091
-r--r--r-- 3/4            4054 1991-12-15 23:01 ./usr/opt/OSCX200/src/doc/extensions/PEX/SI/PHIGS/man3/p089
-r--r--r-- 3/4            5443 1991-12-15 23:01 ./usr/opt/OSCX200/src/doc/extensions/PEX/SI/PHIGS/man3/p088
-r--r--r-- 3/4            4314 1991-12-15 23:01 ./usr/opt/OSCX200/src/doc/extensions/PEX/SI/PHIGS/man3/p087
-r--r--r-- 3/4           10956 1991-12-15 23:01 ./usr/opt/OSCX200/src/doc/extensions/PEX/SI/PHIGS/man3/p086
-r--r--r-- 3/4           11411 1991-12-15 23:01 ./usr/opt/OSCX200/src/doc/extensions/PEX/SI/PHIGS/man3/p085
-r--r--r-- 3/4           11477 1991-12-15 23:01 ./usr/opt/OSCX200/src/doc/extensions/PEX/SI/PHIGS/man3/p084
-r--r--r-- 3/4           11500 1991-12-15 23:01 ./usr/opt/OSCX200/src/doc/extensions/PEX/SI/PHIGS/man3/p083
-r--r--r-- 3/4            9671 1991-12-15 23:01 ./usr/opt/OSCX200/src/doc/extensions/PEX/SI/PHIGS/man3/p082
-r--r--r-- 3/4              90 1991-12-15 22:59 ./usr/opt/OSCX200/src/doc/Protocol/postproc
-r--r--r-- 3/4           10111 1991-12-15 23:01 ./usr/opt/OSCX200/src/doc/extensions/PEX/SI/PHIGS/man3/p081
-r--r--r-- 3/4           11072 1991-12-15 23:01 ./usr/opt/OSCX200/src/doc/extensions/PEX/SI/PHIGS/man3/p080
-r--r--r-- 3/4           11215 1991-12-15 23:01 ./usr/opt/OSCX200/src/doc/extensions/PEX/SI/PHIGS/man3/p079
-r--r--r-- 3/4           10231 1991-12-15 23:01 ./usr/opt/OSCX200/src/doc/extensions/PEX/SI/PHIGS/man3/p078
-r--r--r-- 3/4           10305 1991-12-15 23:01 ./usr/opt/OSCX200/src/doc/extensions/PEX/SI/PHIGS/man3/p077
-r--r--r-- 3/4           10000 1991-12-15 23:01 ./usr/opt/OSCX200/src/doc/extensions/PEX/SI/PHIGS/man3/p076
-r--r--r-- 3/4           10445 1991-12-15 23:01 ./usr/opt/OSCX200/src/doc/extensions/PEX/SI/PHIGS/man3/p075
-r--r--r-- 3/4            9836 1991-12-15 23:00 ./usr/opt/OSCX200/src/doc/extensions/PEX/SI/PHIGS/man3/p074
-r--r--r-- 3/4            9809 1991-12-15 23:00 ./usr/opt/OSCX200/src/doc/extensions/PEX/SI/PHIGS/man3/p073
-r--r--r-- 3/4            3197 1991-12-15 23:00 ./usr/opt/OSCX200/src/doc/extensions/PEX/SI/PHIGS/man3/p072
-r--r--r-- 3/4            5091 1991-12-15 23:00 ./usr/opt/OSCX200/src/doc/extensions/PEX/SI/PHIGS/man3/p071
-r--r--r-- 3/4            5170 1991-12-15 23:00 ./usr/opt/OSCX200/src/doc/extensions/PEX/SI/PHIGS/man3/p070
-r--r--r-- 3/4            3468 1991-12-15 23:00 ./usr/opt/OSCX200/src/doc/extensions/PEX/SI/PHIGS/man3/p069
-r--r--r-- 3/4            6873 1991-12-15 23:00 ./usr/opt/OSCX200/src/doc/extensions/PEX/SI/PHIGS/man3/p068
-r--r--r-- 3/4            4342 1991-12-15 23:00 ./usr/opt/OSCX200/src/doc/extensions/PEX/SI/PHIGS/man3/p067
-r--r--r-- 3/4            4394 1991-12-15 23:00 ./usr/opt/OSCX200/src/doc/extensions/PEX/SI/PHIGS/man3/p066
-r--r--r-- 3/4            4277 1991-12-15 23:00 ./usr/opt/OSCX200/src/doc/extensions/PEX/SI/PHIGS/man3/p065
-r--r--r-- 3/4            4022 1991-12-15 23:00 ./usr/opt/OSCX200/src/doc/extensions/PEX/SI/PHIGS/man3/p064
-r--r--r-- 3/4            4806 1991-12-15 23:00 ./usr/opt/OSCX200/src/doc/extensions/PEX/SI/PHIGS/man3/p063
-r--r--r-- 3/4            4099 1991-12-15 23:00 ./usr/opt/OSCX200/src/doc/extensions/PEX/SI/PHIGS/man3/p062
-r--r--r-- 3/4            2819 1991-12-15 23:00 ./usr/opt/OSCX200/src/doc/extensions/PEX/SI/PHIGS/man3/p061
-r--r--r-- 3/4           12375 1991-12-15 23:00 ./usr/opt/OSCX200/src/doc/extensions/PEX/SI/PHIGS/man3/p060
-r--r--r-- 3/4            2361 1991-12-15 23:00 ./usr/opt/OSCX200/src/doc/extensions/PEX/SI/PHIGS/man3/p039
-r--r--r-- 3/4            7725 1991-12-15 23:00 ./usr/opt/OSCX200/src/doc/extensions/PEX/SI/PHIGS/man3/p059
-r--r--r-- 3/4            7852 1991-12-15 23:00 ./usr/opt/OSCX200/src/doc/extensions/PEX/SI/PHIGS/man3/p058
-r--r--r-- 3/4            6018 1991-12-15 23:00 ./usr/opt/OSCX200/src/doc/extensions/PEX/SI/PHIGS/man3/p057
-r--r--r-- 3/4            5813 1991-12-15 23:00 ./usr/opt/OSCX200/src/doc/extensions/PEX/SI/PHIGS/man3/p056
-r--r--r-- 3/4            5677 1991-12-15 23:00 ./usr/opt/OSCX200/src/doc/extensions/PEX/SI/PHIGS/man3/p055
-r--r--r-- 3/4            5340 1991-12-15 23:00 ./usr/opt/OSCX200/src/doc/extensions/PEX/SI/PHIGS/man3/p054
-r--r--r-- 3/4            4681 1991-12-15 23:00 ./usr/opt/OSCX200/src/doc/extensions/PEX/SI/PHIGS/man3/p053
-r--r--r-- 3/4            7716 1991-12-15 23:00 ./usr/opt/OSCX200/src/doc/extensions/PEX/SI/PHIGS/man3/p052
-r--r--r-- 3/4            5935 1991-12-15 23:00 ./usr/opt/OSCX200/src/doc/extensions/PEX/SI/PHIGS/man3/p051
-r--r--r-- 3/4            3187 1991-12-15 23:00 ./usr/opt/OSCX200/src/doc/extensions/PEX/SI/PHIGS/man3/p050
-r--r--r-- 3/4            3280 1991-12-15 23:00 ./usr/opt/OSCX200/src/doc/extensions/PEX/SI/PHIGS/man3/p049
-r--r--r-- 3/4            5086 1991-12-15 23:00 ./usr/opt/OSCX200/src/doc/extensions/PEX/SI/PHIGS/man3/p048
-r--r--r-- 3/4            6303 1991-12-15 23:00 ./usr/opt/OSCX200/src/doc/extensions/PEX/SI/PHIGS/man3/p047
-r--r--r-- 3/4            3945 1991-12-15 23:00 ./usr/opt/OSCX200/src/doc/extensions/PEX/SI/PHIGS/man3/p046
-r--r--r-- 3/4            5233 1991-12-15 23:00 ./usr/opt/OSCX200/src/doc/extensions/PEX/SI/PHIGS/man3/p045
-r--r--r-- 3/4            3722 1991-12-15 23:00 ./usr/opt/OSCX200/src/doc/extensions/PEX/SI/PHIGS/man3/p044
-r--r--r-- 3/4            5406 1991-12-15 23:00 ./usr/opt/OSCX200/src/doc/extensions/PEX/SI/PHIGS/man3/p043
-r--r--r-- 3/4            2835 1991-12-15 23:00 ./usr/opt/OSCX200/src/doc/extensions/PEX/SI/PHIGS/man3/p042
-r--r--r-- 3/4            2902 1991-12-15 23:00 ./usr/opt/OSCX200/src/doc/extensions/PEX/SI/PHIGS/man3/p041
-r--r--r-- 3/4            2811 1991-12-15 23:00 ./usr/opt/OSCX200/src/doc/extensions/PEX/SI/PHIGS/man3/p040
-r--r--r-- 3/4            7827 1991-12-15 23:00 ./usr/opt/OSCX200/src/doc/extensions/PEX/SI/PHIGS/man3/p038
-r--r--r-- 3/4            3131 1991-12-15 23:00 ./usr/opt/OSCX200/src/doc/extensions/PEX/SI/PHIGS/man3/p037
-r--r--r-- 3/4            3254 1991-12-15 23:00 ./usr/opt/OSCX200/src/doc/extensions/PEX/SI/PHIGS/man3/p036
-r--r--r-- 3/4            4822 1991-12-15 23:00 ./usr/opt/OSCX200/src/doc/extensions/PEX/SI/PHIGS/man3/p035
-r--r--r-- 3/4            4019 1991-12-15 23:00 ./usr/opt/OSCX200/src/doc/extensions/PEX/SI/PHIGS/man3/p034
-r--r--r-- 3/4            2487 1991-12-15 23:00 ./usr/opt/OSCX200/src/doc/extensions/PEX/SI/PHIGS/man3/p033
-r--r--r-- 3/4            3366 1991-12-15 23:00 ./usr/opt/OSCX200/src/doc/extensions/PEX/SI/PHIGS/man3/p032
-r--r--r-- 3/4            2928 1991-12-15 23:00 ./usr/opt/OSCX200/src/doc/extensions/PEX/SI/PHIGS/man3/p031
-r--r--r-- 3/4            2563 1991-12-15 23:00 ./usr/opt/OSCX200/src/doc/extensions/PEX/SI/PHIGS/man3/p030
-r--r--r-- 3/4            2388 1991-12-15 23:00 ./usr/opt/OSCX200/src/doc/extensions/PEX/SI/PHIGS/man3/p029
-r--r--r-- 3/4            2587 1991-12-15 23:00 ./usr/opt/OSCX200/src/doc/extensions/PEX/SI/PHIGS/man3/p028
-r--r--r-- 3/4            2830 1991-12-15 23:00 ./usr/opt/OSCX200/src/doc/extensions/PEX/SI/PHIGS/man3/p027
-r--r--r-- 3/4            2884 1991-12-15 23:00 ./usr/opt/OSCX200/src/doc/extensions/PEX/SI/PHIGS/man3/p026
-r--r--r-- 3/4            3095 1991-12-15 23:00 ./usr/opt/OSCX200/src/doc/extensions/PEX/SI/PHIGS/man3/p022
-r--r--r-- 3/4             123 1991-12-15 22:59 ./usr/opt/OSCX200/src/doc/Protocol/indexmacros.t
-r--r--r-- 3/4            8057 1991-12-15 23:00 ./usr/opt/OSCX200/src/doc/extensions/PEX/SI/PHIGS/man3/p025
-r--r--r-- 3/4            5338 1991-12-15 23:00 ./usr/opt/OSCX200/src/doc/extensions/PEX/SI/PHIGS/man3/p024
-r--r--r-- 3/4            5001 1991-12-15 23:00 ./usr/opt/OSCX200/src/doc/extensions/PEX/SI/PHIGS/man3/p023
-r--r--r-- 3/4            3025 1991-12-15 23:00 ./usr/opt/OSCX200/src/doc/extensions/PEX/SI/PHIGS/man3/p021
-r--r--r-- 3/4            3501 1991-12-15 23:00 ./usr/opt/OSCX200/src/doc/extensions/PEX/SI/PHIGS/man3/p020
-r--r--r-- 3/4            2274 1991-12-15 23:00 ./usr/opt/OSCX200/src/doc/extensions/PEX/SI/PHIGS/man3/p018
-r--r--r-- 3/4            2628 1991-12-15 23:00 ./usr/opt/OSCX200/src/doc/extensions/PEX/SI/PHIGS/man3/p017
-r--r--r-- 3/4            4666 1991-12-15 23:00 ./usr/opt/OSCX200/src/doc/extensions/PEX/SI/PHIGS/man3/p016
-r--r--r-- 3/4            5954 1991-12-15 23:00 ./usr/opt/OSCX200/src/doc/extensions/PEX/SI/PHIGS/man3/p015
-r--r--r-- 3/4            5178 1991-12-15 23:00 ./usr/opt/OSCX200/src/doc/extensions/PEX/SI/PHIGS/man3/p014
-r--r--r-- 3/4            6473 1991-12-15 23:00 ./usr/opt/OSCX200/src/doc/extensions/PEX/SI/PHIGS/man3/p013
-r--r--r-- 3/4            6004 1991-12-15 23:00 ./usr/opt/OSCX200/src/doc/extensions/PEX/SI/PHIGS/man3/p012
-r--r--r-- 3/4            5946 1991-12-15 23:00 ./usr/opt/OSCX200/src/doc/extensions/PEX/SI/PHIGS/man3/p011
-r--r--r-- 3/4            4853 1991-12-15 23:00 ./usr/opt/OSCX200/src/doc/extensions/PEX/SI/PHIGS/man3/p010
-r--r--r-- 3/4            4531 1991-12-15 23:00 ./usr/opt/OSCX200/src/doc/extensions/PEX/SI/PHIGS/man3/p009
-r--r--r-- 3/4            5043 1991-12-15 23:00 ./usr/opt/OSCX200/src/doc/extensions/PEX/SI/PHIGS/man3/p008
-r--r--r-- 3/4            4137 1991-12-15 23:00 ./usr/opt/OSCX200/src/doc/extensions/PEX/SI/PHIGS/man3/p007
-r--r--r-- 3/4            4296 1991-12-15 23:00 ./usr/opt/OSCX200/src/doc/extensions/PEX/SI/PHIGS/man3/p006
-r--r--r-- 3/4            3280 1991-12-15 23:00 ./usr/opt/OSCX200/src/doc/extensions/PEX/SI/PHIGS/man3/p005
-r--r--r-- 3/4            2952 1991-12-15 23:00 ./usr/opt/OSCX200/src/doc/extensions/PEX/SI/PHIGS/man3/p004
-r--r--r-- 3/4            7139 1991-12-15 23:00 ./usr/opt/OSCX200/src/doc/extensions/PEX/SI/PHIGS/man3/p003
-r--r--r-- 3/4            6989 1991-12-15 23:00 ./usr/opt/OSCX200/src/doc/extensions/PEX/SI/PHIGS/man3/p002
-r--r--r-- 3/4            5297 1991-12-15 23:00 ./usr/opt/OSCX200/src/doc/extensions/PEX/SI/PHIGS/man3/p001
-r--r--r-- 3/4           18374 1994-03-02 15:01 ./usr/opt/OSCX200/src/doc/extensions/PEX/SI/PHIGS/man3/link_man3.sh
-r--r--r-- 3/4           14461 1994-03-02 15:01 ./usr/opt/OSCX200/src/doc/extensions/PEX/SI/PHIGS/man3/link_c_func.sh
-r--r--r-- 3/4            2553 1991-12-15 23:04 ./usr/opt/OSCX200/src/doc/extensions/PEX/SI/PHIGS/cover.phigs
-r--r--r-- 3/4            4943 1994-03-02 15:03 ./usr/opt/OSCX200/src/doc/extensions/PEX/SI/PHIGS/README
-r--r--r-- 3/4            3423 1994-03-02 15:03 ./usr/opt/OSCX200/src/doc/extensions/PEX/SI/Imakefile
-r--r--r-- 3/4             179 1991-12-15 22:59 ./usr/opt/OSCX200/src/doc/ICCCM/indexmacros.t
-r--r--r-- 3/4           34436 1991-12-15 23:04 ./usr/opt/OSCX200/src/doc/extensions/PEX/SI/PHIGS/index.macros
-r--r--r-- 3/4           58315 1991-12-15 23:00 ./usr/opt/OSCX200/src/doc/extensions/PEX/SI/Arch_Spec/server.irm
-r--r--r-- 3/4           19296 1991-12-15 23:00 ./usr/opt/OSCX200/src/doc/extensions/PEX/SI/Arch_Spec/intro.irm
-r--r--r-- 3/4            2501 1991-12-15 23:00 ./usr/opt/OSCX200/src/doc/extensions/PEX/SI/Arch_Spec/cover.irm
-r--r--r-- 3/4           29487 1991-12-15 23:00 ./usr/opt/OSCX200/src/doc/extensions/PEX/SI/Arch_Spec/api.irm
-r--r--r-- 3/4            3678 1994-03-02 15:01 ./usr/opt/OSCX200/src/doc/extensions/PEX/SI/Arch_Spec/README
-r--r--r-- 3/4            4045 1994-03-02 15:01 ./usr/opt/OSCX200/src/doc/extensions/PEX/SI/Arch_Spec/Imakefile
-r--r--r-- 3/4            3289 1991-12-15 23:04 ./usr/opt/OSCX200/src/doc/extensions/PEX/Proto/protocol/toc.hdr
-r--r--r-- 3/4            3247 1991-12-15 23:04 ./usr/opt/OSCX200/src/doc/extensions/PEX/Proto/protocol/CHANGES
-r--r--r-- 3/4            3289 1991-12-15 23:04 ./usr/opt/OSCX200/src/doc/extensions/PEX/Proto/encoding/toc.hdr
-r--r--r-- 3/4            3588 1994-03-02 15:01 ./usr/opt/OSCX200/src/doc/extensions/PEX/Proto/cover.ms
-r--r--r-- 3/4            1753 1994-03-02 15:03 ./usr/opt/OSCX200/src/doc/extensions/Imakefile
-r--r--r-- 3/4            1476 1991-12-15 22:59 ./usr/opt/OSCX200/src/doc/Xaw/AsciiSink
-r--r--r-- 3/4          114678 1991-12-15 23:04 ./usr/opt/OSCX200/src/doc/extensions/PEX/Proto/encoding/doc
-r--r--r-- 3/4            2143 1994-03-02 15:03 ./usr/opt/OSCX200/src/doc/copyright.h
-r--r--r-- 3/4           24412 1994-03-02 15:01 ./usr/opt/OSCX200/src/doc/config/usenixws/paper.ms
-r--r--r-- 3/4            1658 1994-03-02 15:01 ./usr/opt/OSCX200/src/doc/config/usenixws/Imakefile
-r--r--r-- 3/4            7357 1991-12-15 23:00 ./usr/opt/OSCX200/src/doc/Xt/appE
-r--r--r-- 3/4           10885 1991-12-15 23:00 ./usr/opt/OSCX200/src/doc/Xt/appD
-r--r--r-- 3/4            3384 1991-12-15 23:00 ./usr/opt/OSCX200/src/doc/Xt/appA
-r--r--r-- 3/4            2182 1994-03-02 15:01 ./usr/opt/OSCX200/src/doc/Xt/Imakefile
-r--r--r-- 3/4            1680 1994-03-02 15:01 ./usr/opt/OSCX200/src/doc/Xmu/Imakefile
-r--r--r-- 3/4            1740 1991-12-15 22:58 ./usr/opt/OSCX200/src/doc/Xlib/abstract.t
-r--r--r-- 3/4           27134 1991-12-15 23:00 ./usr/opt/OSCX200/src/doc/Xt/appC
-r--r--r-- 3/4           17596 1991-12-15 23:00 ./usr/opt/OSCX200/src/doc/Xt/appB
-r--r--r-- 3/4            7905 1991-12-15 23:00 ./usr/opt/OSCX200/src/doc/Xt/Xtk.intr.front
-r--r--r-- 3/4           16483 1991-12-15 23:00 ./usr/opt/OSCX200/src/doc/Xt/CH13
-r--r--r-- 3/4           21351 1991-12-15 23:00 ./usr/opt/OSCX200/src/doc/Xt/CH12
-r--r--r-- 3/4           74529 1991-12-15 23:00 ./usr/opt/OSCX200/src/doc/Xt/CH11
-r--r--r-- 3/4            7211 1991-12-15 22:58 ./usr/opt/OSCX200/src/doc/Xlib/credits.t
-r--r--r-- 3/4           44984 1991-12-15 23:00 ./usr/opt/OSCX200/src/doc/Xt/CH10
-r--r--r-- 3/4           88470 1991-12-15 23:00 ./usr/opt/OSCX200/src/doc/Xt/CH09
-r--r--r-- 3/4           11706 1991-12-15 23:00 ./usr/opt/OSCX200/src/doc/Xt/CH08
-r--r--r-- 3/4           29407 1991-12-15 23:00 ./usr/opt/OSCX200/src/doc/Xt/CH06
-r--r--r-- 3/4           64953 1991-12-15 23:00 ./usr/opt/OSCX200/src/doc/Xt/CH07
-r--r--r-- 3/4           20451 1991-12-15 23:00 ./usr/opt/OSCX200/src/doc/Xt/CH05
-r--r--r-- 3/4           26295 1991-12-15 23:00 ./usr/opt/OSCX200/src/doc/Xt/CH04
-r--r--r-- 3/4           23327 1991-12-15 23:00 ./usr/opt/OSCX200/src/doc/Xt/CH03
-r--r--r-- 3/4            2068 1994-03-02 15:01 ./usr/opt/OSCX200/src/doc/Xlib/Imakefile
-r--r--r-- 3/4           16949 1991-12-15 22:58 ./usr/opt/OSCX200/src/doc/Xlib/CH05
-r--r--r-- 3/4            2106 1991-12-15 22:58 ./usr/opt/OSCX200/src/doc/Xlib/AppB
-r--r--r-- 3/4           13704 1991-12-15 22:58 ./usr/opt/OSCX200/src/doc/Xlib/AppA
-r--r--r-- 3/4            1024 1991-12-15 22:58 ./usr/opt/OSCX200/src/doc/I18N/Xsi/Xlc/XlcFunct.doc
-r--r--r-- 3/4           86595 1991-12-15 22:59 ./usr/opt/OSCX200/src/doc/Xt/CH02
-r--r--r-- 3/4           61243 1991-12-15 23:00 ./usr/opt/OSCX200/src/doc/Xt/CH01
-r--r--r-- 3/4           20229 1991-12-15 22:58 ./usr/opt/OSCX200/src/doc/Xlib/CH01
-r--r--r-- 3/4            5199 1991-12-15 22:59 ./usr/opt/OSCX200/src/doc/Xaw/Viewport
-r--r--r-- 3/4           69968 1994-03-02 15:01 ./usr/opt/OSCX200/src/doc/Xmu/Xmu.ms
-r--r--r-- 3/4           40519 1991-12-15 22:58 ./usr/opt/OSCX200/src/doc/Xlib/glossary
-r--r--r-- 3/4           50968 1991-12-15 22:58 ./usr/opt/OSCX200/src/doc/Xlib/CH15
-r--r--r-- 3/4            5065 1991-12-15 22:59 ./usr/opt/OSCX200/src/doc/Xaw/Tree
-r--r--r-- 3/4            2354 1991-12-15 22:59 ./usr/opt/OSCX200/src/doc/Xaw/TextCustom
-r--r--r-- 3/4            2850 1991-12-15 22:59 ./usr/opt/OSCX200/src/doc/Xaw/Text
-r--r--r-- 3/4           66907 1991-12-15 22:58 ./usr/opt/OSCX200/src/doc/Xlib/CH16
-r--r--r-- 3/4           98854 1991-12-15 22:58 ./usr/opt/OSCX200/src/doc/Xlib/CH14
-r--r--r-- 3/4            3437 1991-12-15 22:59 ./usr/opt/OSCX200/src/doc/Xaw/TPage_Credits
-r--r--r-- 3/4            4725 1991-12-15 22:59 ./usr/opt/OSCX200/src/doc/Xaw/StripChart
-r--r--r-- 3/4          130972 1991-12-15 22:58 ./usr/opt/OSCX200/src/doc/Xlib/CH13
-r--r--r-- 3/4           40262 1991-12-15 22:58 ./usr/opt/OSCX200/src/doc/Xlib/CH09
-r--r--r-- 3/4            2029 1991-12-15 22:59 ./usr/opt/OSCX200/src/doc/Xaw/SmeLine
-r--r--r-- 3/4            2074 1991-12-15 22:59 ./usr/opt/OSCX200/src/doc/Xaw/Simple
-r--r--r-- 3/4           82400 1991-12-15 22:58 ./usr/opt/OSCX200/src/doc/Xlib/CH12
-r--r--r-- 3/4           52360 1991-12-15 22:58 ./usr/opt/OSCX200/src/doc/Xlib/CH11
-r--r--r-- 3/4           29368 1991-12-15 22:58 ./usr/opt/OSCX200/src/doc/Xlib/AppD
-r--r--r-- 3/4           10567 1991-12-15 22:59 ./usr/opt/OSCX200/src/doc/Xaw/TextSource
-r--r--r-- 3/4           96645 1991-12-15 22:58 ./usr/opt/OSCX200/src/doc/Xlib/CH10
-r--r--r-- 3/4           63440 1991-12-15 22:58 ./usr/opt/OSCX200/src/doc/Xlib/CH07
-r--r--r-- 3/4           12279 1991-12-15 22:59 ./usr/opt/OSCX200/src/doc/Xaw/Toggle
-r--r--r-- 3/4            3158 1991-12-15 22:59 ./usr/opt/OSCX200/src/doc/Xaw/Sme
-r--r--r-- 3/4          111365 1991-12-15 22:58 ./usr/opt/OSCX200/src/doc/Xlib/CH08
-r--r--r-- 3/4           47335 1991-12-15 22:58 ./usr/opt/OSCX200/src/doc/Xlib/CH04
-r--r--r-- 3/4           13563 1991-12-15 22:59 ./usr/opt/OSCX200/src/doc/Xaw/TextSink
-r--r--r-- 3/4            2683 1991-12-15 22:59 ./usr/opt/OSCX200/src/doc/Xaw/Label
-r--r--r-- 3/4          145358 1991-12-15 22:58 ./usr/opt/OSCX200/src/doc/Xlib/CH06
-r--r--r-- 3/4           24003 1991-12-15 22:59 ./usr/opt/OSCX200/src/doc/Xaw/strings.xaw
-r--r--r-- 3/4            3913 1991-12-15 22:59 ./usr/opt/OSCX200/src/doc/Xaw/SmeBSB
-r--r--r-- 3/4            2112 1991-12-15 22:59 ./usr/opt/OSCX200/src/doc/Xaw/CH3.intro
-r--r--r-- 3/4           89963 1991-12-15 22:58 ./usr/opt/OSCX200/src/doc/Xlib/CH03
-r--r--r-- 3/4           46136 1991-12-15 22:58 ./usr/opt/OSCX200/src/doc/Xlib/CH02
-r--r--r-- 3/4           10519 1991-12-15 22:59 ./usr/opt/OSCX200/src/doc/Xaw/TextFuncs
-r--r--r-- 3/4           18159 1991-12-15 22:59 ./usr/opt/OSCX200/src/doc/Xaw/TextActions
-r--r--r-- 3/4            4928 1991-12-15 22:59 ./usr/opt/OSCX200/src/doc/Xaw/Repeater
-r--r--r-- 3/4            3126 1991-12-15 22:59 ./usr/opt/OSCX200/src/doc/Xaw/Porthole
-r--r--r-- 3/4           59605 1991-12-15 22:58 ./usr/opt/OSCX200/src/doc/Xlib/AppC
-r--r--r-- 3/4           11515 1991-12-15 22:59 ./usr/opt/OSCX200/src/doc/Xaw/Template
-r--r--r-- 3/4           10925 1991-12-15 22:59 ./usr/opt/OSCX200/src/doc/Xaw/SimpleMenu
-r--r--r-- 3/4           13161 1991-12-15 22:59 ./usr/opt/OSCX200/src/doc/Xaw/Scrollbar
-r--r--r-- 3/4            7649 1991-12-15 22:59 ./usr/opt/OSCX200/src/doc/Xaw/Panner
-r--r--r-- 3/4           17157 1991-12-15 22:59 ./usr/opt/OSCX200/src/doc/Xaw/Paned
-r--r--r-- 3/4            6260 1991-12-15 22:59 ./usr/opt/OSCX200/src/doc/Xaw/MenuButton
-r--r--r-- 3/4            9723 1991-12-15 22:59 ./usr/opt/OSCX200/src/doc/Xaw/List
-r--r--r-- 3/4            2780 1994-03-02 15:00 ./usr/opt/OSCX200/src/doc/Xaw/Imakefile
-r--r--r-- 3/4            4061 1991-12-15 22:59 ./usr/opt/OSCX200/src/doc/Xaw/Grip
-r--r--r-- 3/4            5131 1991-12-15 22:59 ./usr/opt/OSCX200/src/doc/Xaw/Form
-r--r--r-- 3/4            8183 1991-12-15 22:59 ./usr/opt/OSCX200/src/doc/Xaw/Dialog
-r--r--r-- 3/4            5807 1991-12-15 22:59 ./usr/opt/OSCX200/src/doc/Xaw/Command
-r--r--r-- 3/4            3685 1991-12-15 22:59 ./usr/opt/OSCX200/src/doc/Xaw/CH7.intro
-r--r--r-- 3/4            3058 1991-12-15 22:59 ./usr/opt/OSCX200/src/doc/Xaw/CH6.intro
-r--r--r-- 3/4           10728 1991-12-15 22:59 ./usr/opt/OSCX200/src/doc/Xaw/CH5.intro
-r--r--r-- 3/4            3307 1991-12-15 22:59 ./usr/opt/OSCX200/src/doc/Xaw/CH4.intro
-r--r--r-- 3/4           35352 1991-12-15 22:59 ./usr/opt/OSCX200/src/doc/Xaw/CH2
-r--r--r-- 3/4           14303 1991-12-15 22:59 ./usr/opt/OSCX200/src/doc/Xaw/CH1
-r--r--r-- 3/4            4269 1991-12-15 22:59 ./usr/opt/OSCX200/src/doc/Xaw/Box
-r--r--r-- 3/4            3948 1991-12-15 22:59 ./usr/opt/OSCX200/src/doc/Xaw/AsciiText
-r--r--r-- 3/4            6647 1991-12-15 22:59 ./usr/opt/OSCX200/src/doc/Xaw/AsciiSource
-r--r--r-- 3/4           66674 1994-03-02 15:00 ./usr/opt/OSCX200/src/doc/XLFD/xlfd.tbl.ms
-r--r--r-- 3/4            1697 1994-03-02 15:00 ./usr/opt/OSCX200/src/doc/XLFD/Imakefile
-r--r--r-- 3/4            1690 1994-03-02 15:00 ./usr/opt/OSCX200/src/doc/XDMCP/Imakefile
-r--r--r-- 3/4            7279 1994-03-02 15:00 ./usr/opt/OSCX200/src/doc/Server/r5.tbl.ms
-r--r--r-- 3/4            1940 1994-03-02 15:00 ./usr/opt/OSCX200/src/doc/Server/Imakefile
-r--r--r-- 3/4            6217 1994-03-02 15:00 ./usr/opt/OSCX200/src/doc/Registry/README
-r--r--r-- 3/4           49835 1994-03-02 15:00 ./usr/opt/OSCX200/src/doc/XDMCP/xdmcp.ms
-r--r--r-- 3/4           77881 1994-03-02 15:00 ./usr/opt/OSCX200/src/doc/Server/strat.ms
-r--r--r-- 3/4           36016 1994-03-02 15:00 ./usr/opt/OSCX200/src/doc/Server/gdz.tbl.ms
-r--r--r-- 3/4            2113 1994-03-02 15:00 ./usr/opt/OSCX200/src/doc/Protocol/Imakefile
-r--r--r-- 3/4            2065 1994-03-02 15:00 ./usr/opt/OSCX200/src/doc/ICCCM/Imakefile
-r--r--r-- 3/4            4587 1991-12-15 22:58 ./usr/opt/OSCX200/src/doc/I18N/Xsi/title.an
-r--r--r-- 3/4           17112 1994-03-02 15:00 ./usr/opt/OSCX200/src/doc/Server/fontlib.ms
-r--r--r-- 3/4           23977 1991-12-15 22:58 ./usr/opt/OSCX200/src/doc/Registry/Xregistry
-r--r--r-- 3/4           27554 1991-12-15 22:59 ./usr/opt/OSCX200/src/doc/Protocol/glossary
-r--r--r-- 3/4           47071 1991-12-15 22:59 ./usr/opt/OSCX200/src/doc/Protocol/X11.keysyms
-r--r--r-- 3/4            2298 1991-12-15 22:58 ./usr/opt/OSCX200/src/doc/I18N/Xsi/nls/LcSyntax.doc
-r--r--r-- 3/4            4225 1994-03-02 15:00 ./usr/opt/OSCX200/src/doc/I18N/Xsi/Xlc/setlocale.3
-r--r--r-- 3/4            8901 1994-03-02 15:00 ./usr/opt/OSCX200/src/doc/I18N/Xsi/Xlc/nls.man
-r--r--r-- 3/4            2086 1994-03-02 15:00 ./usr/opt/OSCX200/src/doc/I18N/Xsi/Xlc/intro.ms
-r--r--r-- 3/4            1751 1991-12-15 22:58 ./usr/opt/OSCX200/src/doc/I18N/Xsi/Xlc/Xlocale.doc
-r--r--r-- 3/4            3455 1994-03-02 15:00 ./usr/opt/OSCX200/src/doc/I18N/Xsi/Xlc/XParseCT.3
-r--r--r-- 3/4            8212 1994-03-02 15:00 ./usr/opt/OSCX200/src/doc/I18N/Xsi/Xlc/XOSLocale.3
-r--r--r-- 3/4            4383 1994-03-02 15:00 ./usr/opt/OSCX200/src/doc/I18N/Xsi/Xlc/XCnvWCToMB.3
-r--r--r-- 3/4            4420 1994-03-02 15:00 ./usr/opt/OSCX200/src/doc/I18N/Xsi/Xlc/XCnvWCToCT.3
-r--r--r-- 3/4            5367 1994-03-02 15:00 ./usr/opt/OSCX200/src/doc/I18N/Xsi/Xlc/XCnvMBToWC.3
-r--r--r-- 3/4            4921 1994-03-02 15:00 ./usr/opt/OSCX200/src/doc/I18N/Xsi/Xlc/XCnvMBToCT.3
-r--r--r-- 3/4          172995 1994-03-02 15:00 ./usr/opt/OSCX200/src/doc/Server/ddx.tbl.ms
-r--r--r-- 3/4            1886 1994-03-02 15:00 ./usr/opt/OSCX200/src/doc/I18N/Xsi/Xlc/README
-r--r--r-- 3/4           68136 1991-12-15 22:59 ./usr/opt/OSCX200/src/doc/Protocol/X11.encoding
-r--r--r-- 3/4            6519 1994-03-02 15:00 ./usr/opt/OSCX200/src/doc/I18N/Xsi/Xlc/XCnvCTToWC.3
-r--r--r-- 3/4            6459 1994-03-02 15:00 ./usr/opt/OSCX200/src/doc/I18N/Xsi/Xlc/XCnvCTToMB.3
-r--r--r-- 3/4            4521 1994-03-02 15:00 ./usr/opt/OSCX200/src/doc/I18N/Xsi/Xlc/WCToMB.man
-r--r--r-- 3/4            4541 1994-03-02 15:00 ./usr/opt/OSCX200/src/doc/I18N/Xsi/Xlc/WCToCT.man
-r--r--r-- 3/4            3366 1994-03-02 15:00 ./usr/opt/OSCX200/src/doc/I18N/Xsi/Xlc/ParseCT.man
-r--r--r-- 3/4            5664 1994-03-02 15:00 ./usr/opt/OSCX200/src/doc/I18N/Xsi/Xlc/MBToWC.man
-r--r--r-- 3/4            5391 1994-03-02 15:00 ./usr/opt/OSCX200/src/doc/I18N/Xsi/Xlc/MBToCT.man
-r--r--r-- 3/4            7583 1994-03-02 15:00 ./usr/opt/OSCX200/src/doc/I18N/Xsi/Xlc/Locale.man
-r--r--r-- 3/4            2100 1994-03-02 15:00 ./usr/opt/OSCX200/src/doc/I18N/Xsi/Xlc/Imakefile
-r--r--r-- 3/4            4442 1994-03-02 15:00 ./usr/opt/OSCX200/src/doc/I18N/Xsi/Xlc/CTWC.man
-r--r--r-- 3/4            2534 1991-12-15 22:58 ./usr/opt/OSCX200/src/doc/I18N/Xsi/Xlc/CTWC.doc
-r--r--r-- 3/4            6508 1994-03-02 15:00 ./usr/opt/OSCX200/src/doc/I18N/Xsi/Xlc/CTToWC.man
-r--r--r-- 3/4            6465 1994-03-02 15:00 ./usr/opt/OSCX200/src/doc/I18N/Xsi/Xlc/CTToMB.man
-r--r--r-- 3/4           14571 1991-12-15 22:58 ./usr/opt/OSCX200/src/doc/I18N/Xsi/Xim/XimProto.doc
-r--r--r-- 3/4            3492 1994-03-02 15:00 ./usr/opt/OSCX200/src/doc/I18N/Xsi/Xim/LocalIM.man
-r--r--r-- 3/4            2112 1994-03-02 15:00 ./usr/opt/OSCX200/src/doc/I18N/Xsi/README
-r--r--r-- 3/4            3831 1994-03-02 15:00 ./usr/opt/OSCX200/src/doc/I18N/Ximp/README
-r--r--r-- 3/4            1706 1994-03-02 15:00 ./usr/opt/OSCX200/src/doc/FSProtocol/Imakefile
-r--r--r-- 3/4            1685 1994-03-02 15:00 ./usr/opt/OSCX200/src/doc/CTEXT/Imakefile
-r--r--r-- 3/4          160141 1994-03-02 15:00 ./usr/opt/OSCX200/src/doc/ICCCM/icccm.ms
-r--r--r-- 3/4            9480 1991-12-15 22:58 ./usr/opt/OSCX200/src/doc/CLX/types.doc
-r--r--r-- 3/4            2463 1994-03-02 14:59 ./usr/opt/OSCX200/src/doc/CLX/README
-r--r--r-- 3/4            1680 1994-03-02 14:59 ./usr/opt/OSCX200/src/doc/BDF/Imakefile
-r--r--r-- 3/4           61213 1991-12-15 22:58 ./usr/opt/OSCX200/src/doc/I18N/Ximp/Ximp3_3.doc
-r--r--r-- 3/4           95235 1994-03-02 15:00 ./usr/opt/OSCX200/src/doc/FSProtocol/protocol.ms
-r--r--r-- 3/4           17932 1994-03-02 15:00 ./usr/opt/OSCX200/src/doc/CTEXT/ctext.tbl.ms
-r--r--r-- 3/4           30842 1991-12-15 22:58 ./usr/opt/OSCX200/src/doc/CLX/s16.doc
-r--r--r-- 3/4           13543 1991-12-15 22:59 ./usr/opt/OSCX200/src/doc/CLX/s15.doc
-r--r--r-- 3/4           57506 1991-12-15 22:59 ./usr/opt/OSCX200/src/doc/CLX/s14.doc
-r--r--r-- 3/4           38706 1991-12-15 22:59 ./usr/opt/OSCX200/src/doc/CLX/s13.doc
-r--r--r-- 3/4           21977 1991-12-15 22:59 ./usr/opt/OSCX200/src/doc/CLX/s10.doc
-r--r--r-- 3/4            9595 1991-12-15 22:58 ./usr/opt/OSCX200/src/doc/CLX/contents.doc
-r--r--r-- 3/4          155567 1991-12-15 22:59 ./usr/opt/OSCX200/src/doc/CLX/s12.doc
-r--r--r-- 3/4            8378 1991-12-15 22:58 ./usr/opt/OSCX200/src/doc/CLX/conditions.doc
-r--r--r-- 3/4            4541 1994-03-02 14:59 ./usr/opt/OSCX200/src/doc/BDF/fig2.ps
-r--r--r-- 3/4            4778 1994-03-02 14:59 ./usr/opt/OSCX200/src/doc/BDF/fig1.ps
-r--r--r-- 3/4           34551 1991-12-15 22:59 ./usr/opt/OSCX200/src/doc/CLX/s11.doc
-r--r--r-- 3/4           44648 1991-12-15 22:59 ./usr/opt/OSCX200/src/doc/CLX/s09.doc
-r--r--r-- 3/4           43975 1991-12-15 22:59 ./usr/opt/OSCX200/src/doc/CLX/s08.doc
-r--r--r-- 3/4           38673 1991-12-15 22:59 ./usr/opt/OSCX200/src/doc/CLX/s07.doc
-r--r--r-- 3/4            9628 1994-03-02 14:59 ./usr/opt/OSCX200/src/doc/BDF/bdf.ms
-r--r--r-- 3/4           53699 1991-12-15 22:59 ./usr/opt/OSCX200/src/doc/CLX/s06.doc
-r--r--r-- 3/4           70079 1991-12-15 22:59 ./usr/opt/OSCX200/src/doc/CLX/s05.doc
-r--r--r-- 3/4           24381 1991-12-15 22:59 ./usr/opt/OSCX200/src/doc/CLX/s03.doc
-r--r--r-- 3/4           23760 1991-12-15 22:59 ./usr/opt/OSCX200/src/doc/CLX/functions.doc
-r--r--r-- 3/4           74045 1991-12-15 22:59 ./usr/opt/OSCX200/src/doc/CLX/s04.doc
-r--r--r-- 3/4           40245 1991-12-15 22:59 ./usr/opt/OSCX200/src/doc/CLX/s02.doc
-r--r--r-- 3/4           39615 1991-12-15 22:59 ./usr/opt/OSCX200/src/doc/CLX/glossary.doc
-r--r--r-- 3/4           92097 1991-12-15 22:58 ./usr/opt/OSCX200/src/doc/CLX/s01.doc
-r--r--r-- 3/4           28540 1991-12-15 22:59 ./usr/opt/OSCX200/src/doc/CLX/general.doc
-r--r--r-- 3/4           36988 1991-12-15 22:58 ./usr/opt/OSCX200/src/doc/CLX/appa.doc
-r--r--r-- 3/4          358718 1991-12-15 23:04 ./usr/opt/OSCX200/src/doc/extensions/PEX/Proto/protocol/doc
-r--r--r-- 3/4          247416 1991-12-15 22:59 ./usr/opt/OSCX200/src/doc/Protocol/X11.protocol
