-r--r--r-- 3/4            6011 1994-03-02 14:56 ./usr/opt/OSCX200/src/config/x386.cf
-r--r--r-- 3/4            3154 1994-03-02 14:56 ./usr/opt/OSCX200/src/config/ultrix.cf
-r--r--r-- 3/4            3793 1994-03-02 14:56 ./usr/opt/OSCX200/src/config/sv4Lib.tmpl
-r--r--r-- 3/4            3591 1994-03-02 14:56 ./usr/opt/OSCX200/src/config/sv4Lib.rules
-r--r--r-- 3/4            3870 1994-03-02 14:56 ./usr/opt/OSCX200/src/config/sunLib.tmpl
-r--r--r-- 3/4            3896 1994-03-02 14:56 ./usr/opt/OSCX200/src/config/sunLib.rules
-r--r--r-- 3/4            3277 1994-03-02 14:56 ./usr/opt/OSCX200/src/config/sun.cf
-r--r--r-- 3/4            2890 1994-03-02 14:56 ./usr/opt/OSCX200/src/config/sony.cf
-r--r--r-- 3/4            2002 1992-06-01 17:20 ./usr/opt/OSCX200/src/config/site.def
-r--r--r-- 3/4            3110 1994-03-02 14:56 ./usr/opt/OSCX200/src/config/sgiLib.rules
-r--r--r-- 3/4            3950 1994-03-02 14:56 ./usr/opt/OSCX200/src/config/sgi.cf
-r--r--r-- 3/4             564 1992-06-01 17:20 ./usr/opt/OSCX200/src/config/rtcchack.bac
-r--r--r-- 3/4            2196 1994-03-02 14:56 ./usr/opt/OSCX200/src/config/pegasus.cf
-r--r--r-- 3/4            2698 1994-03-02 14:56 ./usr/opt/OSCX200/src/config/osfLib.tmpl
-r--r--r-- 3/4            6584 1994-03-02 14:56 ./usr/opt/OSCX200/src/config/osfLib.rules
-rw-r--r-- 3/4            7514 1994-03-02 14:56 ./usr/opt/OSCX200/src/config/osf1.cf
-r--r--r-- 3/4            1405 1994-03-02 14:56 ./usr/opt/OSCX200/src/config/noop.rules
-r--r--r-- 3/4            2851 1994-03-02 14:56 ./usr/opt/OSCX200/src/config/moto.cf
-r--r--r-- 3/4            2423 1994-03-02 14:56 ./usr/opt/OSCX200/src/config/macII.cf
-r--r--r-- 3/4            3596 1994-03-02 14:56 ./usr/opt/OSCX200/src/config/luna.cf
-r--r--r-- 3/4            9231 1994-03-02 14:56 ./usr/opt/OSCX200/src/config/imakemdep.h
-r--r--r-- 3/4            8901 1994-03-02 14:56 ./usr/opt/OSCX200/src/config/imake.man
-r--r--r-- 3/4           20795 1994-03-02 14:56 ./usr/opt/OSCX200/src/config/imake.c
-r--r--r-- 3/4            2956 1994-03-02 14:56 ./usr/opt/OSCX200/src/config/ibmLib.tmpl
-r--r--r-- 3/4            3547 1994-03-02 14:56 ./usr/opt/OSCX200/src/config/ibmLib.rules
-r--r--r-- 3/4            8084 1994-03-02 14:56 ./usr/opt/OSCX200/src/config/ibm.cf
-r--r--r-- 3/4            2479 1994-03-02 14:56 ./usr/opt/OSCX200/src/config/hp.cf
-r--r--r-- 3/4            1726 1994-03-02 14:56 ./usr/opt/OSCX200/src/config/generic.cf
-r--r--r-- 3/4            2397 1994-03-02 14:56 ./usr/opt/OSCX200/src/config/cray.cf
-r--r--r-- 3/4            3988 1994-03-02 14:56 ./usr/opt/OSCX200/src/config/convex.cf
-r--r--r-- 3/4            1964 1994-03-02 14:55 ./usr/opt/OSCX200/src/config/ccimake.c
-r--r--r-- 3/4            2284 1994-03-02 14:55 ./usr/opt/OSCX200/src/config/bsd.cf
-r--r--r-- 3/4            2097 1994-03-02 14:55 ./usr/opt/OSCX200/src/config/att.cf
-r--r--r-- 3/4            2062 1994-03-02 14:55 ./usr/opt/OSCX200/src/config/apollo.cf
-r--r--r-- 3/4            4422 1994-03-02 14:55 ./usr/opt/OSCX200/src/config/Ultrix.cf
-r--r--r-- 3/4            3233 1994-03-02 14:55 ./usr/opt/OSCX200/src/config/Server.tmpl
-r--r--r-- 3/4            3648 1994-03-02 14:55 ./usr/opt/OSCX200/src/config/Server.rules
-r--r--r-- 3/4           13675 1994-03-02 14:55 ./usr/opt/OSCX200/src/config/README
-r--r--r-- 3/4           24029 1994-03-02 14:55 ./usr/opt/OSCX200/src/config/Project.tmpl
-r--r--r-- 3/4            4161 1994-03-02 14:55 ./usr/opt/OSCX200/src/config/Motif.tmpl
-r--r--r-- 3/4           24190 1994-03-02 14:55 ./usr/opt/OSCX200/src/config/Motif.rules
-r--r--r-- 3/4            3834 1994-03-02 14:55 ./usr/opt/OSCX200/src/config/Mips.cf
-r--r--r-- 3/4            2745 1994-03-02 14:55 ./usr/opt/OSCX200/src/config/Makefile.ini
-r--r--r-- 3/4            4600 1994-03-02 14:55 ./usr/opt/OSCX200/src/config/Library.tmpl
-r--r--r-- 3/4            2621 1994-03-02 14:55 ./usr/opt/OSCX200/src/config/Imakefile
-r--r--r-- 3/4           25290 1994-03-02 14:55 ./usr/opt/OSCX200/src/config/Imake.tmpl
-r--r--r-- 3/4           50933 1994-03-02 14:55 ./usr/opt/OSCX200/src/config/Imake.rules
-r--r--r-- 3/4            6638 1994-03-02 14:55 ./usr/opt/OSCX200/src/config/Dec.tmpl
-r--r--r-- 3/4            1927 1994-03-02 14:55 ./usr/opt/OSCX200/src/config/DGUX.cf
-r--r--r-- 3/4            4198 1994-03-02 14:55 ./usr/opt/OSCX200/src/config/Dec.rules
