-r--r--r-- 3/4            1521 1994-03-02 14:46 ./usr/opt/OSCX200/src/Wcl/patchlevel.h
-r--r--r-- 3/4            1938 1994-03-02 14:46 ./usr/opt/OSCX200/src/Wcl/nsb.awk
-r--r--r-- 3/4            2919 1992-08-26 14:37 ./usr/opt/OSCX200/src/Wcl/files
-r--r--r-- 3/4           18751 1994-03-02 14:46 ./usr/opt/OSCX200/src/Wcl/Xp/XpTable.man
-r--r--r-- 3/4            3343 1994-03-02 14:46 ./usr/opt/OSCX200/src/Wcl/Xp/XpAthenaP.h
-r--r--r-- 3/4            3018 1994-03-02 14:46 ./usr/opt/OSCX200/src/Wcl/Xp/XpAthena.h
-r--r--r-- 3/4            4354 1994-03-02 14:46 ./usr/opt/OSCX200/src/Wcl/Xp/Xp.man
-r--r--r-- 3/4            2135 1994-03-02 14:46 ./usr/opt/OSCX200/src/Wcl/Xp/Xp.h
-r--r--r-- 3/4            9161 1994-03-02 14:46 ./usr/opt/OSCX200/src/Wcl/Xp/Xp.c
-r--r--r-- 3/4           16380 1994-03-02 14:46 ./usr/opt/OSCX200/src/Wcl/Xp/TableVec.c
-r--r--r-- 3/4            7906 1994-03-02 14:46 ./usr/opt/OSCX200/src/Wcl/Xp/TableP.h
-r--r--r-- 3/4           11536 1994-03-02 14:46 ./usr/opt/OSCX200/src/Wcl/Xp/TableLoc.c
-r--r--r-- 3/4            5587 1994-03-02 14:46 ./usr/opt/OSCX200/src/Wcl/Xp/Table.h
-r--r--r-- 3/4           40280 1994-03-02 14:46 ./usr/opt/OSCX200/src/Wcl/Xp/Table.c
-r--r--r-- 3/4            2521 1994-03-02 14:46 ./usr/opt/OSCX200/src/Wcl/Xp/Imakefile
-r--r--r-- 3/4             996 1992-08-26 14:37 ./usr/opt/OSCX200/src/Wcl/Xp/COPY
-r--r--r-- 3/4            3079 1994-03-02 14:46 ./usr/opt/OSCX200/src/Wcl/Xop/XopOpenLookP.h
-r--r--r-- 3/4            3023 1994-03-02 14:46 ./usr/opt/OSCX200/src/Wcl/Xop/XopOpenLook.h
-r--r--r-- 3/4            4201 1994-03-02 14:46 ./usr/opt/OSCX200/src/Wcl/Xop/Xop.man
-r--r--r-- 3/4            1705 1994-03-02 14:46 ./usr/opt/OSCX200/src/Wcl/Xop/Xop.h
-r--r--r-- 3/4           15342 1994-03-02 14:46 ./usr/opt/OSCX200/src/Wcl/Xop/Xop.c
-r--r--r-- 3/4            2237 1994-03-02 14:46 ./usr/opt/OSCX200/src/Wcl/Xop/Imakefile
-r--r--r-- 3/4             237 1992-08-26 14:37 ./usr/opt/OSCX200/src/Wcl/NOTES
-r--r--r-- 3/4             999 1992-08-26 14:37 ./usr/opt/OSCX200/src/Wcl/Xop/COPY
-r--r--r-- 3/4           21975 1994-03-02 14:46 ./usr/opt/OSCX200/src/Wcl/Xmp/XmpTable.man
-r--r--r-- 3/4           12525 1994-03-02 14:46 ./usr/opt/OSCX200/src/Wcl/Xmp/XmpRegAll.c
-r--r--r-- 3/4            2742 1994-03-02 14:46 ./usr/opt/OSCX200/src/Wcl/Xmp/XmpP.h
-r--r--r-- 3/4            3598 1994-03-02 14:46 ./usr/opt/OSCX200/src/Wcl/Xmp/XmpMotifP.h
-r--r--r-- 3/4            2771 1994-03-02 14:46 ./usr/opt/OSCX200/src/Wcl/Xmp/XmpMotif.h
-r--r--r-- 3/4            9210 1994-03-02 14:46 ./usr/opt/OSCX200/src/Wcl/Xmp/Xmp.man
-r--r--r-- 3/4            2156 1994-03-02 14:46 ./usr/opt/OSCX200/src/Wcl/Xmp/Xmp.h
-r--r--r-- 3/4           13915 1994-03-02 14:46 ./usr/opt/OSCX200/src/Wcl/Xmp/Xmp.c
-r--r--r-- 3/4           16489 1994-03-02 14:46 ./usr/opt/OSCX200/src/Wcl/Xmp/TableVec.c
-r--r--r-- 3/4            8191 1994-03-02 14:46 ./usr/opt/OSCX200/src/Wcl/Xmp/TableP.h
-r--r--r-- 3/4           11609 1994-03-02 14:46 ./usr/opt/OSCX200/src/Wcl/Xmp/TableLoc.c
-r--r--r-- 3/4            5615 1994-03-02 14:46 ./usr/opt/OSCX200/src/Wcl/Xmp/Table.h
-r--r--r-- 3/4           42419 1994-03-02 14:46 ./usr/opt/OSCX200/src/Wcl/Xmp/Table.c
-r--r--r-- 3/4            2198 1994-03-02 14:46 ./usr/opt/OSCX200/src/Wcl/Xmp/Imakefile
-r--r--r-- 3/4             809 1992-08-26 14:37 ./usr/opt/OSCX200/src/Wcl/Xmp/COPY
-r--r--r-- 3/4            3079 1994-03-02 14:46 ./usr/opt/OSCX200/src/Wcl/Xdxm/XdxmDecP.h
-r--r--r-- 3/4            3023 1994-03-02 14:46 ./usr/opt/OSCX200/src/Wcl/Xdxm/XdxmDec.h
-r--r--r-- 3/4             999 1992-08-26 14:36 ./usr/opt/OSCX200/src/Wcl/Xdxm/COPY
-r--r--r-- 3/4            4201 1994-03-02 14:46 ./usr/opt/OSCX200/src/Wcl/Xdxm/Xdxm.man
-r--r--r-- 3/4            1705 1994-03-02 14:46 ./usr/opt/OSCX200/src/Wcl/Xdxm/Xdxm.h
-r--r--r-- 3/4           15361 1994-03-02 14:46 ./usr/opt/OSCX200/src/Wcl/Xdxm/Xdxm.c
-r--r--r-- 3/4            2236 1994-03-02 14:46 ./usr/opt/OSCX200/src/Wcl/Xdxm/Imakefile
-r--r--r-- 3/4            2191 1994-03-02 14:46 ./usr/opt/OSCX200/src/Wcl/Xcp/XcpCornellP.h
-r--r--r-- 3/4            1883 1994-03-02 14:46 ./usr/opt/OSCX200/src/Wcl/Xcp/XcpCornell.h
-r--r--r-- 3/4            5912 1994-03-02 14:46 ./usr/opt/OSCX200/src/Wcl/Xcp/Xcp.man
-r--r--r-- 3/4            2727 1994-03-02 14:46 ./usr/opt/OSCX200/src/Wcl/Xcp/Xcp.h
-r--r--r-- 3/4            9705 1994-03-02 14:46 ./usr/opt/OSCX200/src/Wcl/Xcp/Xcp.c
-r--r--r-- 3/4            2218 1994-03-02 14:46 ./usr/opt/OSCX200/src/Wcl/Xcp/Imakefile
-r--r--r-- 3/4             904 1992-08-26 14:37 ./usr/opt/OSCX200/src/Wcl/Xcp/COPY
-r--r--r-- 3/4            2512 1992-08-26 14:37 ./usr/opt/OSCX200/src/Wcl/Wcl22.Announce
-r--r--r-- 3/4            1759 1992-08-26 14:37 ./usr/opt/OSCX200/src/Wcl/Wcl21.Announce
-r--r--r-- 3/4            4122 1992-08-26 14:37 ./usr/opt/OSCX200/src/Wcl/Wcl20.Announce
-r--r--r-- 3/4            6341 1994-03-02 14:46 ./usr/opt/OSCX200/src/Wcl/WcLib.tmpl
-r--r--r-- 3/4            3374 1994-03-02 14:46 ./usr/opt/OSCX200/src/Wcl/WcClient.tmpl
-r--r--r-- 3/4            6283 1994-03-02 14:46 ./usr/opt/OSCX200/src/Wcl/Wc/XtName.c
-r--r--r-- 3/4            2185 1994-03-02 14:46 ./usr/opt/OSCX200/src/Wcl/Wc/XtMacros.c
-r--r--r-- 3/4            4509 1994-03-02 14:46 ./usr/opt/OSCX200/src/Wcl/Wc/Xt4GetResL.c
-r--r--r-- 3/4           57821 1994-03-02 14:46 ./usr/opt/OSCX200/src/Wcl/Wc/Wcl.man
-r--r--r-- 3/4            7207 1994-03-02 14:46 ./usr/opt/OSCX200/src/Wcl/Wc/WcWarn.c
-r--r--r-- 3/4            5772 1994-03-02 14:46 ./usr/opt/OSCX200/src/Wcl/Wc/WcRegXt.c
-r--r--r-- 3/4            9205 1994-03-02 14:46 ./usr/opt/OSCX200/src/Wcl/Wc/MapAg.h
-r--r--r-- 3/4           23837 1994-03-02 14:46 ./usr/opt/OSCX200/src/Wcl/Wc/WcTemplate.c
-r--r--r-- 3/4           23071 1994-03-02 14:46 ./usr/opt/OSCX200/src/Wcl/Wc/WcSetValue.c
-r--r--r-- 3/4            9685 1994-03-02 14:46 ./usr/opt/OSCX200/src/Wcl/Wc/WcReg.c
-r--r--r-- 3/4           21531 1994-03-02 14:46 ./usr/opt/OSCX200/src/Wcl/Wc/WcName.c
-r--r--r-- 3/4           14417 1994-03-02 14:46 ./usr/opt/OSCX200/src/Wcl/Wc/WcLoadRes.c
-r--r--r-- 3/4           13868 1994-03-02 14:46 ./usr/opt/OSCX200/src/Wcl/Wc/WcLateBind.c
-r--r--r-- 3/4            9410 1994-03-02 14:46 ./usr/opt/OSCX200/src/Wcl/Wc/WcInvoke.c
-r--r--r-- 3/4           13621 1994-03-02 14:46 ./usr/opt/OSCX200/src/Wcl/Wc/WcCreateP.h
-r--r--r-- 3/4           24895 1994-03-02 14:46 ./usr/opt/OSCX200/src/Wcl/Wc/WcCreate.c
-r--r--r-- 3/4           13901 1994-03-02 14:46 ./usr/opt/OSCX200/src/Wcl/Wc/MapAg.c
-r--r--r-- 3/4             658 1992-08-26 14:36 ./usr/opt/OSCX200/src/Wcl/Mri/TableSimple
-r--r--r-- 3/4           49658 1994-03-02 14:46 ./usr/opt/OSCX200/src/Wcl/Wc/WcCreate.h
-r--r--r-- 3/4           22439 1994-03-02 14:46 ./usr/opt/OSCX200/src/Wcl/Wc/WcConvert.c
-r--r--r-- 3/4           43017 1994-03-02 14:46 ./usr/opt/OSCX200/src/Wcl/Wc/WcActCB.c
-r--r--r-- 3/4            3591 1994-03-02 14:46 ./usr/opt/OSCX200/src/Wcl/Wc/Imakefile
-r--r--r-- 3/4            1280 1992-08-26 14:36 ./usr/opt/OSCX200/src/Wcl/Wc/COPY_X
-r--r--r-- 3/4            1121 1992-08-26 14:36 ./usr/opt/OSCX200/src/Wcl/Wc/COPY
-r--r--r-- 3/4           14095 1994-03-02 14:46 ./usr/opt/OSCX200/src/Wcl/Wc.tmpl
-r--r--r-- 3/4            4251 1992-08-26 14:36 ./usr/opt/OSCX200/src/Wcl/VMSWcl.com
-r--r--r-- 3/4            1474 1994-03-02 14:46 ./usr/opt/OSCX200/src/Wcl/Stuff/Stuff.h
-r--r--r-- 3/4            2079 1994-03-02 14:46 ./usr/opt/OSCX200/src/Wcl/Stuff/Stuff.c
-r--r--r-- 3/4           19218 1994-03-02 14:46 ./usr/opt/OSCX200/src/Wcl/Stuff/Makefile.bak
-r--r--r-- 3/4            5116 1994-03-02 14:46 ./usr/opt/OSCX200/src/Wcl/Stuff/Imakefile
-r--r--r-- 3/4             322 1992-08-26 14:36 ./usr/opt/OSCX200/src/Wcl/Mri/TableScroll
-r--r--r-- 3/4            6135 1992-08-26 14:36 ./usr/opt/OSCX200/src/Wcl/README_BUILD
-r--r--r-- 3/4           17861 1992-08-26 14:36 ./usr/opt/OSCX200/src/Wcl/README20
-r--r--r-- 3/4           12057 1992-08-26 14:36 ./usr/opt/OSCX200/src/Wcl/README
-r--r--r-- 3/4            3438 1994-03-02 14:46 ./usr/opt/OSCX200/src/Wcl/Ori/TextF.ad
-r--r--r-- 3/4            3282 1994-03-02 14:46 ./usr/opt/OSCX200/src/Wcl/Ori/TableTextF.ad
-r--r--r-- 3/4            3899 1994-03-02 14:46 ./usr/opt/OSCX200/src/Wcl/Ori/SWin.ad
-r--r--r-- 3/4            4555 1994-03-02 14:46 ./usr/opt/OSCX200/src/Wcl/Ori/SText.ad
-r--r--r-- 3/4            3587 1994-03-02 14:46 ./usr/opt/OSCX200/src/Wcl/Ori/SLists.ad
-r--r--r-- 3/4            2418 1994-03-02 14:46 ./usr/opt/OSCX200/src/Wcl/Ori/Ori.man
-r--r--r-- 3/4            4044 1994-03-02 14:46 ./usr/opt/OSCX200/src/Wcl/Ori/Ori.c
-r--r--r-- 3/4            1911 1994-03-02 14:46 ./usr/opt/OSCX200/src/Wcl/Ori/ORi.ad
-r--r--r-- 3/4            2637 1994-03-02 14:46 ./usr/opt/OSCX200/src/Wcl/Ori/Notice.ad
-r--r--r-- 3/4            4073 1994-03-02 14:46 ./usr/opt/OSCX200/src/Wcl/Ori/Menu.ad
-r--r--r-- 3/4            3328 1994-03-02 14:46 ./usr/opt/OSCX200/src/Wcl/Ori/MButton.ad
-r--r--r-- 3/4            2352 1994-03-02 14:46 ./usr/opt/OSCX200/src/Wcl/Ori/MButtSimp.ad
-r--r--r-- 3/4            2361 1994-03-02 14:46 ./usr/opt/OSCX200/src/Wcl/Ori/Imakefile
-r--r--r-- 3/4            1846 1994-03-02 14:46 ./usr/opt/OSCX200/src/Wcl/Ori/Hello.ad
-r--r--r-- 3/4            2188 1994-03-02 14:46 ./usr/opt/OSCX200/src/Wcl/Ori/Goodbye.ad
-r--r--r-- 3/4            4227 1994-03-02 14:46 ./usr/opt/OSCX200/src/Wcl/Ori/Gauge.ad
-r--r--r-- 3/4            3069 1994-03-02 14:46 ./usr/opt/OSCX200/src/Wcl/Ori/Foot.ad
-r--r--r-- 3/4            3394 1994-03-02 14:46 ./usr/opt/OSCX200/src/Wcl/Ori/DemoAll.ad
-r--r--r-- 3/4            3583 1994-03-02 14:46 ./usr/opt/OSCX200/src/Wcl/Ori/Checks.ad
-r--r--r-- 3/4            4463 1994-03-02 14:46 ./usr/opt/OSCX200/src/Wcl/Ori/Abbrev.ad
-r--r--r-- 3/4            2051 1994-03-02 14:46 ./usr/opt/OSCX200/src/Wcl/Mri/WcSetVal.ad
-r--r--r-- 3/4            1636 1994-03-02 14:46 ./usr/opt/OSCX200/src/Wcl/Mri/WcRem.ad
-r--r--r-- 3/4            2210 1994-03-02 14:46 ./usr/opt/OSCX200/src/Wcl/Mri/WcMethods.ad
-r--r--r-- 3/4            1963 1994-03-02 14:46 ./usr/opt/OSCX200/src/Wcl/Mri/WcLo.ad
-r--r--r-- 3/4           21769 1994-03-02 14:46 ./usr/opt/OSCX200/src/Wcl/Mri/WcAll.ad
-r--r--r-- 3/4            1552 1994-03-02 14:46 ./usr/opt/OSCX200/src/Wcl/Mri/Wc2.ad
-r--r--r-- 3/4            3923 1994-03-02 14:46 ./usr/opt/OSCX200/src/Wcl/Mri/Wc.ad
-r--r--r-- 3/4            4768 1994-03-02 14:46 ./usr/opt/OSCX200/src/Wcl/Mri/Traversal.ad
-r--r--r-- 3/4           12082 1994-03-02 14:46 ./usr/opt/OSCX200/src/Wcl/Mri/Test.c
-r--r--r-- 3/4            1500 1994-03-02 14:46 ./usr/opt/OSCX200/src/Wcl/Mri/RcResFile.ad
-r--r--r-- 3/4            2885 1992-08-26 14:36 ./usr/opt/OSCX200/src/Wcl/Mri/TableDyn
-r--r--r-- 3/4            3850 1994-03-02 14:46 ./usr/opt/OSCX200/src/Wcl/Mri/TableDialog.ad
-r--r--r-- 3/4            1640 1994-03-02 14:46 ./usr/opt/OSCX200/src/Wcl/Mri/TEST.ad
-r--r--r-- 3/4            4031 1994-03-02 14:46 ./usr/opt/OSCX200/src/Wcl/Mri/SetVal.ad
-r--r--r-- 3/4            4209 1994-03-02 14:46 ./usr/opt/OSCX200/src/Wcl/Mri/Popup.ad
-r--r--r-- 3/4           14282 1994-03-02 14:46 ./usr/opt/OSCX200/src/Wcl/Mri/Periodic.ad
-r--r--r-- 3/4           14712 1994-03-02 14:46 ./usr/opt/OSCX200/src/Wcl/Mri/PerTem.ad
-r--r--r-- 3/4            1771 1994-03-02 14:46 ./usr/opt/OSCX200/src/Wcl/Mri/PT_DisplayB.ad
-r--r--r-- 3/4            2813 1994-03-02 14:46 ./usr/opt/OSCX200/src/Wcl/Mri/PT_ColumnLa.ad
-r--r--r-- 3/4            4637 1994-03-02 14:46 ./usr/opt/OSCX200/src/Wcl/Mri/OptMenu.ad
-r--r--r-- 3/4            2312 1994-03-02 14:46 ./usr/opt/OSCX200/src/Wcl/Mri/Mri.man
-r--r--r-- 3/4            4971 1994-03-02 14:46 ./usr/opt/OSCX200/src/Wcl/Mri/Mri.c
-r--r--r-- 3/4            2159 1994-03-02 14:46 ./usr/opt/OSCX200/src/Wcl/Mri/Modal.ad
-r--r--r-- 3/4           10544 1994-03-02 14:46 ./usr/opt/OSCX200/src/Wcl/Mri/Menubar.ad
-r--r--r-- 3/4            2169 1994-03-02 14:46 ./usr/opt/OSCX200/src/Wcl/Mri/MRi.ad
-r--r--r-- 3/4            3198 1994-03-02 14:46 ./usr/opt/OSCX200/src/Wcl/Mri/ListTable.ad
-r--r--r-- 3/4            2553 1994-03-02 14:46 ./usr/opt/OSCX200/src/Wcl/Mri/ListRC.ad
-r--r--r-- 3/4            5993 1994-03-02 14:46 ./usr/opt/OSCX200/src/Wcl/Mri/Imakefile
-r--r--r-- 3/4            1754 1994-03-02 14:46 ./usr/opt/OSCX200/src/Wcl/Mri/Hello.ad
-r--r--r-- 3/4            4756 1994-03-02 14:46 ./usr/opt/OSCX200/src/Wcl/Mri/Goodbye.ad
-r--r--r-- 3/4            2299 1994-03-02 14:46 ./usr/opt/OSCX200/src/Wcl/Mri/Form.ad
-r--r--r-- 3/4            1911 1994-03-02 14:46 ./usr/opt/OSCX200/src/Wcl/Mri/FSB.ad
-r--r--r-- 3/4            5607 1994-03-02 14:46 ./usr/opt/OSCX200/src/Wcl/Mri/Dialogs.ad
-r--r--r-- 3/4            3262 1994-03-02 14:46 ./usr/opt/OSCX200/src/Wcl/Mri/DemoAll.ad
-r--r--r-- 3/4            1784 1994-03-02 14:46 ./usr/opt/OSCX200/src/Wcl/Mri/DecToHex.ad
-r--r--r-- 3/4            1628 1994-03-02 14:46 ./usr/opt/OSCX200/src/Wcl/Mri/AppShells.ad
-r--r--r-- 3/4            3425 1994-03-02 14:46 ./usr/opt/OSCX200/src/Wcl/Imakefile
-r--r--r-- 3/4            2536 1994-03-02 14:46 ./usr/opt/OSCX200/src/Wcl/Cri/shad.ad
-r--r--r-- 3/4           11845 1994-03-02 14:46 ./usr/opt/OSCX200/src/Wcl/Cri/manip.ad
-r--r--r-- 3/4            3593 1994-03-02 14:46 ./usr/opt/OSCX200/src/Wcl/Cri/deck1.ad
-r--r--r-- 3/4            3978 1994-03-02 14:46 ./usr/opt/OSCX200/src/Wcl/Cri/bwmenu.ad
-r--r--r-- 3/4            3046 1994-03-02 14:46 ./usr/opt/OSCX200/src/Wcl/Cri/bmgr1.ad
-r--r--r-- 3/4            4656 1994-03-02 14:46 ./usr/opt/OSCX200/src/Wcl/Cri/bmgr.ad
-r--r--r-- 3/4            2329 1994-03-02 14:46 ./usr/opt/OSCX200/src/Wcl/Cri/Imakefile
-r--r--r-- 3/4            1804 1994-03-02 14:46 ./usr/opt/OSCX200/src/Wcl/Cri/Hello.ad
-r--r--r-- 3/4            1911 1994-03-02 14:46 ./usr/opt/OSCX200/src/Wcl/Cri/CRi.ad
-r--r--r-- 3/4            2465 1994-03-02 14:46 ./usr/opt/OSCX200/src/Wcl/Cri/DemoAll.ad
-r--r--r-- 3/4            2504 1994-03-02 14:46 ./usr/opt/OSCX200/src/Wcl/Cri/Cri.man
-r--r--r-- 3/4            4020 1994-03-02 14:46 ./usr/opt/OSCX200/src/Wcl/Cri/Cri.c
-r--r--r-- 3/4            1814 1994-03-02 14:46 ./usr/opt/OSCX200/src/Wcl/Ari/Text.ad
-r--r--r-- 3/4            2580 1994-03-02 14:45 ./usr/opt/OSCX200/src/Wcl/Ari/Scrollbar.ad
-r--r--r-- 3/4            2131 1994-03-02 14:45 ./usr/opt/OSCX200/src/Wcl/Ari/Popup.ad
-r--r--r-- 3/4            1968 1994-03-02 14:45 ./usr/opt/OSCX200/src/Wcl/Ari/Paned.ad
-r--r--r-- 3/4            5432 1994-03-02 14:45 ./usr/opt/OSCX200/src/Wcl/Ari/MultiWin.ad
-r--r--r-- 3/4            2034 1994-03-02 14:45 ./usr/opt/OSCX200/src/Wcl/Ari/Menu.ad
-r--r--r-- 3/4            4654 1994-03-02 14:45 ./usr/opt/OSCX200/src/Wcl/Ari/Imakefile
-r--r--r-- 3/4            1704 1994-03-02 14:45 ./usr/opt/OSCX200/src/Wcl/Ari/Hello.ad
-r--r--r-- 3/4            2702 1994-03-02 14:45 ./usr/opt/OSCX200/src/Wcl/Ari/Form.ad
-r--r--r-- 3/4            1729 1994-03-02 14:45 ./usr/opt/OSCX200/src/Wcl/Ari/Dialog.ad
-r--r--r-- 3/4            2784 1994-03-02 14:45 ./usr/opt/OSCX200/src/Wcl/Ari/DemoAll.ad
-r--r--r-- 3/4            1794 1994-03-02 14:45 ./usr/opt/OSCX200/src/Wcl/Ari/ClkLogo.ad
-r--r--r-- 3/4            2745 1994-03-02 14:45 ./usr/opt/OSCX200/src/Wcl/Ari/Box.ad
-r--r--r-- 3/4            2380 1994-03-02 14:45 ./usr/opt/OSCX200/src/Wcl/Ari/Ari.man
-r--r--r-- 3/4            3986 1994-03-02 14:45 ./usr/opt/OSCX200/src/Wcl/Ari/Ari.c
-r--r--r-- 3/4            1911 1994-03-02 14:45 ./usr/opt/OSCX200/src/Wcl/Ari/ARi.ad
-r--r--r-- 3/4            3732 1994-03-02 14:46 ./usr/opt/OSCX200/src/Wcl/AppDef.rules
