-r--r--r-- 3/4            8818 1991-12-15 22:45 ./usr/opt/OSCX200/src/lib/nls/Xsi/zh_TW.big5
-r--r--r-- 3/4            3554 1991-12-15 22:45 ./usr/opt/OSCX200/src/lib/nls/Xsi/zh_CN.ugb
-r--r--r-- 3/4            2700 1991-12-15 22:45 ./usr/opt/OSCX200/src/lib/nls/Xsi/wr_WR.ct
-r--r--r-- 3/4            1871 1991-12-15 22:45 ./usr/opt/OSCX200/src/lib/nls/Xsi/nls.dir
-r--r--r-- 3/4             507 1993-12-17 22:02 ./usr/opt/OSCX200/src/lib/nls/Xsi/nls.alias
-r--r--r-- 3/4            3220 1991-12-15 22:45 ./usr/opt/OSCX200/src/lib/nls/Xsi/lt_LN.bit8
-r--r--r-- 3/4            2036 1991-12-15 22:45 ./usr/opt/OSCX200/src/lib/nls/Xsi/lt_LN.bit7
-r--r--r-- 3/4            4693 1992-03-26 17:22 ./usr/opt/OSCX200/src/lib/nls/Xsi/local_im_tbl/lt_LN.bit8
-r--r--r-- 3/4            5081 1992-03-26 17:22 ./usr/opt/OSCX200/src/lib/nls/Xsi/local_im_tbl/lt_LN.bit7
-r--r--r-- 3/4            1674 1994-03-02 15:30 ./usr/opt/OSCX200/src/lib/nls/Xsi/local_im_tbl/Imakefile
-r--r--r-- 3/4            3304 1991-12-15 22:45 ./usr/opt/OSCX200/src/lib/nls/Xsi/ko_KR.euc
-r--r--r-- 3/4            3795 1992-03-26 17:22 ./usr/opt/OSCX200/src/lib/nls/Xsi/ja_JP.ujis
-r--r--r-- 3/4            2465 1991-12-15 22:45 ./usr/opt/OSCX200/src/lib/nls/Xsi/ja_JP.pjis
-r--r--r-- 3/4            5767 1991-12-15 22:45 ./usr/opt/OSCX200/src/lib/nls/Xsi/ja_JP.mscode
-r--r--r-- 3/4            2355 1991-12-15 22:45 ./usr/opt/OSCX200/src/lib/nls/Xsi/ja_JP.jis8
-r--r--r-- 3/4            2239 1991-12-15 22:45 ./usr/opt/OSCX200/src/lib/nls/Xsi/ja_JP.jis7
-r--r--r-- 3/4            3040 1994-03-02 15:30 ./usr/opt/OSCX200/src/lib/nls/Xsi/README
-r--r--r-- 3/4            1946 1994-03-02 15:30 ./usr/opt/OSCX200/src/lib/nls/Xsi/Imakefile
-r--r--r-- 3/4            3098 1991-12-15 22:45 ./usr/opt/OSCX200/src/lib/nls/Xsi/C
-r--r--r-- 3/4            1591 1994-03-02 15:30 ./usr/opt/OSCX200/src/lib/nls/Ximp/ja_JP.SJIS/Imakefile
-r--r--r-- 3/4             419 1991-12-15 22:45 ./usr/opt/OSCX200/src/lib/nls/Ximp/ja_JP.SJIS/Codeset
-r--r--r-- 3/4            1722 1994-03-02 15:30 ./usr/opt/OSCX200/src/lib/nls/Ximp/ja_JP.EUC/Imakefile
-r--r--r-- 3/4             418 1991-12-15 22:45 ./usr/opt/OSCX200/src/lib/nls/Ximp/ja_JP.EUC/Codeset
-r--r--r-- 3/4            1665 1994-03-02 15:30 ./usr/opt/OSCX200/src/lib/nls/Ximp/Imakefile
-r--r--r-- 3/4            1582 1994-03-02 15:30 ./usr/opt/OSCX200/src/lib/nls/Ximp/C/Imakefile
-r--r--r-- 3/4              95 1991-12-15 22:45 ./usr/opt/OSCX200/src/lib/nls/Ximp/C/Codeset
-r--r--r-- 3/4            1916 1994-03-02 15:30 ./usr/opt/OSCX200/src/lib/nls/Imakefile
-r--r--r-- 3/4            3404 1991-12-15 22:38 ./usr/opt/OSCX200/src/lib/Xt/util/string.list
-r--r--r-- 3/4            5928 1994-03-02 15:30 ./usr/opt/OSCX200/src/lib/Xt/util/makestrs.c
-r--r--r-- 3/4            2032 1994-03-02 15:30 ./usr/opt/OSCX200/src/lib/Xt/util/Imakefile
-r--r--r-- 3/4            6664 1994-03-02 15:30 ./usr/opt/OSCX200/src/lib/Xt/sharedlib.c
-r--r--r-- 3/4            4010 1994-03-02 15:30 ./usr/opt/OSCX200/src/lib/Xt/fd.h
-r--r--r-- 3/4           22439 1993-10-29 19:16 ./usr/opt/OSCX200/src/lib/Xt/decw_xtlibshrr5_alpha.opt
-r--r--r-- 3/4            3565 1993-10-29 19:16 ./usr/opt/OSCX200/src/lib/Xt/decw_xtlibshrr5.opt
-r--r--r-- 3/4            5728 1994-03-02 15:30 ./usr/opt/OSCX200/src/lib/Xt/Xtos.h
-r--r--r-- 3/4           17505 1993-10-29 19:16 ./usr/opt/OSCX200/src/lib/Xt/XtTransfervector.mar
-r--r--r-- 3/4            1927 1993-10-29 19:16 ./usr/opt/OSCX200/src/lib/Xt/XtTransfer.mar
-r--r--r-- 3/4            4305 1994-03-02 15:30 ./usr/opt/OSCX200/src/lib/Xt/VendorP.h
-r--r--r-- 3/4            5224 1994-03-02 15:30 ./usr/opt/OSCX200/src/lib/Xt/XUICompat.h
-r--r--r-- 3/4            3491 1994-03-02 15:30 ./usr/opt/OSCX200/src/lib/Xt/Vendor.h
-r--r--r-- 3/4            5472 1994-03-02 15:30 ./usr/opt/OSCX200/src/lib/Xt/Vendor.c
-r--r--r-- 3/4            3289 1994-03-02 15:30 ./usr/opt/OSCX200/src/lib/Xt/VarargsI.h
-r--r--r-- 3/4           16015 1994-03-02 15:30 ./usr/opt/OSCX200/src/lib/Xt/Varargs.c
-r--r--r-- 3/4            9819 1994-03-02 15:30 ./usr/opt/OSCX200/src/lib/Xt/VarGet.c
-r--r--r-- 3/4           11323 1994-03-02 15:30 ./usr/opt/OSCX200/src/lib/Xt/VarCreate.c
-r--r--r-- 3/4           18305 1994-03-02 15:30 ./usr/opt/OSCX200/src/lib/Xt/TranslateI.h
-r--r--r-- 3/4           64536 1994-03-02 15:30 ./usr/opt/OSCX200/src/lib/Xt/TMstate.c
-r--r--r-- 3/4           24982 1994-03-02 15:30 ./usr/opt/OSCX200/src/lib/Xt/TMprint.c
-r--r--r-- 3/4            5398 1994-03-02 15:30 ./usr/opt/OSCX200/src/lib/Xt/Setdechints.c
-r--r--r-- 3/4           59742 1994-03-02 15:30 ./usr/opt/OSCX200/src/lib/Xt/TMparse.c
-r--r--r-- 3/4           25301 1994-03-02 15:30 ./usr/opt/OSCX200/src/lib/Xt/TMkey.c
-r--r--r-- 3/4           10149 1994-03-02 15:30 ./usr/opt/OSCX200/src/lib/Xt/TMgrab.c
-r--r--r-- 3/4           27002 1994-03-02 15:30 ./usr/opt/OSCX200/src/lib/Xt/TMaction.c
-r--r--r-- 3/4           24582 1994-03-02 15:30 ./usr/opt/OSCX200/src/lib/Xt/StringDefs.h
-r--r--r-- 3/4           12963 1994-03-02 15:30 ./usr/opt/OSCX200/src/lib/Xt/StringDefs.c
-r--r--r-- 3/4           11211 1994-03-02 15:30 ./usr/opt/OSCX200/src/lib/Xt/StringConverters.c
-r--r--r-- 3/4            1488 1994-03-02 15:27 ./usr/opt/OSCX200/src/lib/X/Ximp/README
-r--r--r-- 3/4           10717 1994-03-02 15:30 ./usr/opt/OSCX200/src/lib/Xt/ShellP.h
-r--r--r-- 3/4           12964 1994-03-02 15:30 ./usr/opt/OSCX200/src/lib/Xt/Shell.h
-r--r--r-- 3/4           93777 1994-03-02 15:30 ./usr/opt/OSCX200/src/lib/Xt/Shell.c
-r--r--r-- 3/4            5264 1994-03-02 15:30 ./usr/opt/OSCX200/src/lib/Xt/SetWMCW.c
-r--r--r-- 3/4           13002 1994-03-02 15:30 ./usr/opt/OSCX200/src/lib/Xt/SetValues.c
-r--r--r-- 3/4            4587 1994-03-02 15:30 ./usr/opt/OSCX200/src/lib/Xt/SetSens.c
-r--r--r-- 3/4            5889 1994-03-02 15:30 ./usr/opt/OSCX200/src/lib/Xt/SelectionI.h
-r--r--r-- 3/4            3810 1994-03-02 15:30 ./usr/opt/OSCX200/src/lib/Xt/ResourceI.h
-r--r--r-- 3/4            7140 1994-03-02 15:30 ./usr/opt/OSCX200/src/lib/Xt/RectObjP.h
-r--r--r-- 3/4            3150 1994-03-02 15:30 ./usr/opt/OSCX200/src/lib/Xt/RectObj.h
-r--r--r-- 3/4            7155 1994-03-02 15:30 ./usr/opt/OSCX200/src/lib/Xt/RectObj.c
-r--r--r-- 3/4            1862 1994-03-02 15:30 ./usr/opt/OSCX200/src/lib/Xmu/README
-r--r--r-- 3/4           51837 1994-03-02 15:30 ./usr/opt/OSCX200/src/lib/Xt/Selection.c
-r--r--r-- 3/4           38367 1994-03-02 15:30 ./usr/opt/OSCX200/src/lib/Xt/Resources.c
-r--r--r-- 3/4            3493 1994-03-02 15:30 ./usr/opt/OSCX200/src/lib/Xt/PopupCB.c
-r--r--r-- 3/4            5995 1994-03-02 15:30 ./usr/opt/OSCX200/src/lib/Xt/Popup.c
-r--r--r-- 3/4            4115 1994-03-02 15:30 ./usr/opt/OSCX200/src/lib/Xt/Pointer.c
-r--r--r-- 3/4           30169 1994-03-02 15:30 ./usr/opt/OSCX200/src/lib/Xt/PassivGrab.c
-r--r--r-- 3/4            6448 1994-03-02 15:30 ./usr/opt/OSCX200/src/lib/Xt/PassivGraI.h
-r--r--r-- 3/4            7263 1994-03-02 15:30 ./usr/opt/OSCX200/src/lib/Xt/ObjectP.h
-r--r--r-- 3/4            3148 1994-03-02 15:30 ./usr/opt/OSCX200/src/lib/Xt/Object.h
-r--r--r-- 3/4            8187 1994-03-02 15:30 ./usr/opt/OSCX200/src/lib/Xt/Object.c
-r--r--r-- 3/4            9895 1994-03-02 15:30 ./usr/opt/OSCX200/src/lib/Xt/Manage.c
-r--r--r-- 3/4           33942 1994-03-02 15:30 ./usr/opt/OSCX200/src/lib/Xt/NextEvent.c
-r--r--r-- 3/4           22107 1994-03-02 15:30 ./usr/opt/OSCX200/src/lib/Xt/Keyboard.c
-r--r--r-- 3/4            9664 1994-03-02 15:30 ./usr/opt/OSCX200/src/lib/Xt/IntrinsicP.h
-r--r--r-- 3/4            7840 1994-03-02 15:30 ./usr/opt/OSCX200/src/lib/Xt/IntrinsicI.h
-r--r--r-- 3/4           66110 1994-03-02 15:30 ./usr/opt/OSCX200/src/lib/Xt/Intrinsic.h
-r--r--r-- 3/4           31333 1994-03-02 15:30 ./usr/opt/OSCX200/src/lib/Xt/Intrinsic.c
-r--r--r-- 3/4            1294 1991-12-15 22:39 ./usr/opt/OSCX200/src/lib/CLX/demo/bezier.l
-r--r--r-- 3/4           44344 1994-03-02 15:30 ./usr/opt/OSCX200/src/lib/Xt/Initialize.c
-r--r--r-- 3/4           12272 1994-03-02 15:30 ./usr/opt/OSCX200/src/lib/Xt/InitialI.h
-r--r--r-- 3/4            6911 1994-03-02 15:30 ./usr/opt/OSCX200/src/lib/Xt/Imakefile
-r--r--r-- 3/4            2427 1994-03-02 15:30 ./usr/opt/OSCX200/src/lib/Xt/I18nConverter.h
-r--r--r-- 3/4           69399 1994-03-02 15:30 ./usr/opt/OSCX200/src/lib/Xt/I18N_EN.c
-r--r--r-- 3/4            9147 1994-03-02 15:30 ./usr/opt/OSCX200/src/lib/Xt/I18N.h
-r--r--r-- 3/4            7344 1994-03-02 15:30 ./usr/opt/OSCX200/src/lib/Xt/Getdechints.c
-r--r--r-- 3/4            8575 1994-03-02 15:30 ./usr/opt/OSCX200/src/lib/Xt/GetValues.c
-r--r--r-- 3/4            6190 1994-03-02 15:30 ./usr/opt/OSCX200/src/lib/Xt/GetResList.c
-r--r--r-- 3/4            3527 1994-03-02 15:30 ./usr/opt/OSCX200/src/lib/Xt/GetActKey.c
-r--r--r-- 3/4           36594 1994-03-02 15:30 ./usr/opt/OSCX200/src/lib/Xt/I18N.c
-r--r--r-- 3/4           17592 1994-03-02 15:30 ./usr/opt/OSCX200/src/lib/Xt/Geometry.c
-r--r--r-- 3/4           10486 1994-03-02 15:30 ./usr/opt/OSCX200/src/lib/Xt/GCManager.c
-r--r--r-- 3/4            4580 1994-03-02 15:30 ./usr/opt/OSCX200/src/lib/Xt/Functions.c
-r--r--r-- 3/4            6553 1994-03-02 15:30 ./usr/opt/OSCX200/src/lib/Xt/EventUtil.c
-r--r--r-- 3/4            4339 1994-03-02 15:30 ./usr/opt/OSCX200/src/lib/Xt/EventI.h
-r--r--r-- 3/4           39066 1994-03-02 15:30 ./usr/opt/OSCX200/src/lib/Xt/Event.c
-r--r--r-- 3/4           16097 1994-03-02 15:30 ./usr/opt/OSCX200/src/lib/Xt/Error.c
-r--r--r-- 3/4           18363 1994-03-02 15:30 ./usr/opt/OSCX200/src/lib/Xt/Display.c
-r--r--r-- 3/4            9826 1994-03-02 15:30 ./usr/opt/OSCX200/src/lib/Xt/Destroy.c
-r--r--r-- 3/4            3109 1994-03-02 15:30 ./usr/opt/OSCX200/src/lib/Xt/DECwI18n.h
-r--r--r-- 3/4            2098 1994-03-02 15:30 ./usr/opt/OSCX200/src/lib/Xmu/WhitePoint.h
-r--r--r-- 3/4            6762 1994-03-02 15:30 ./usr/opt/OSCX200/src/lib/Xt/Descripu.h
-r--r--r-- 3/4           12253 1994-03-02 15:30 ./usr/opt/OSCX200/src/lib/Xt/DEChack.c
-r--r--r-- 3/4            4346 1994-03-02 15:30 ./usr/opt/OSCX200/src/lib/Xt/DECWmHintsP.h
-r--r--r-- 3/4            4753 1994-03-02 15:30 ./usr/opt/OSCX200/src/lib/Xt/DECWmHints.h
-r--r--r-- 3/4           20925 1994-03-02 15:30 ./usr/opt/OSCX200/src/lib/Xt/Create.c
-r--r--r-- 3/4            9164 1994-03-02 15:30 ./usr/opt/OSCX200/src/lib/Xt/CoreP.h
-r--r--r-- 3/4            3193 1994-03-02 15:30 ./usr/opt/OSCX200/src/lib/Xt/Core.h
-r--r--r-- 3/4           14489 1994-03-02 15:30 ./usr/opt/OSCX200/src/lib/Xt/Core.c
-r--r--r-- 3/4           62140 1994-03-02 15:30 ./usr/opt/OSCX200/src/lib/Xt/Converters.c
-r--r--r-- 3/4            3932 1994-03-02 15:30 ./usr/opt/OSCX200/src/lib/Xt/ConvertI.h
-r--r--r-- 3/4            3160 1994-03-02 15:30 ./usr/opt/OSCX200/src/lib/Xt/Constraint.h
-r--r--r-- 3/4            5053 1994-03-02 15:30 ./usr/opt/OSCX200/src/lib/Xt/Constraint.c
-r--r--r-- 3/4            4592 1994-03-02 15:30 ./usr/opt/OSCX200/src/lib/Xt/ConstrainP.h
-r--r--r-- 3/4            5201 1994-03-02 15:30 ./usr/opt/OSCX200/src/lib/Xt/CompositeP.h
-r--r--r-- 3/4            3676 1994-03-02 15:30 ./usr/opt/OSCX200/src/lib/Xt/Composite.h
-r--r--r-- 3/4            1564 1994-03-02 15:30 ./usr/opt/OSCX200/src/lib/Xmu/Editres.h
-r--r--r-- 3/4           30647 1994-03-02 15:30 ./usr/opt/OSCX200/src/lib/Xt/Convert.c
-r--r--r-- 3/4            8253 1994-03-02 15:30 ./usr/opt/OSCX200/src/lib/Xt/Composite.c
-r--r--r-- 3/4            3022 1994-03-02 15:30 ./usr/opt/OSCX200/src/lib/Xt/ClickTime.c
-r--r--r-- 3/4            4395 1994-03-02 15:30 ./usr/opt/OSCX200/src/lib/Xt/CallbackI.h
-r--r--r-- 3/4           16275 1994-03-02 15:30 ./usr/opt/OSCX200/src/lib/Xt/Callback.c
-r--r--r-- 3/4            3286 1994-03-02 15:30 ./usr/opt/OSCX200/src/lib/Xt/ArgList.c
-r--r--r-- 3/4           11677 1994-03-02 15:30 ./usr/opt/OSCX200/src/lib/Xt/Alloc.c
-r--r--r-- 3/4            4197 1994-03-02 15:30 ./usr/opt/OSCX200/src/lib/Xt/ActionHook.c
-r--r--r-- 3/4            4534 1994-03-02 15:30 ./usr/opt/OSCX200/src/lib/Xsi/Imakefile
-r--r--r-- 3/4            3129 1994-03-02 15:30 ./usr/opt/OSCX200/src/lib/Xmu/sharedlib.c
-r--r--r-- 3/4            2981 1994-03-02 15:30 ./usr/opt/OSCX200/src/lib/Xmu/Xmu.h
-r--r--r-- 3/4            7343 1994-03-02 15:30 ./usr/opt/OSCX200/src/lib/Xmu/Xct.h
-r--r--r-- 3/4           18287 1994-03-02 15:30 ./usr/opt/OSCX200/src/lib/Xmu/Xct.c
-r--r--r-- 3/4            2898 1994-03-02 15:30 ./usr/opt/OSCX200/src/lib/Xmu/WinUtil.h
-r--r--r-- 3/4            4739 1994-03-02 15:30 ./usr/opt/OSCX200/src/lib/Xmu/WidgetNode.h
-r--r--r-- 3/4            9377 1994-03-02 15:30 ./usr/opt/OSCX200/src/lib/Xmu/WidgetNode.c
-r--r--r-- 3/4            7322 1994-03-02 15:30 ./usr/opt/OSCX200/src/lib/Xmu/VisCmap.c
-r--r--r-- 3/4            3219 1994-03-02 15:30 ./usr/opt/OSCX200/src/lib/Xmu/UpdMapHint.c
-r--r--r-- 3/4            2867 1994-03-02 15:30 ./usr/opt/OSCX200/src/lib/Xmu/SysUtil.h
-r--r--r-- 3/4            7344 1994-03-02 15:30 ./usr/opt/OSCX200/src/lib/Xmu/StrToWidg.c
-r--r--r-- 3/4            3997 1994-03-02 15:30 ./usr/opt/OSCX200/src/lib/Xmu/StrToShap.c
-r--r--r-- 3/4            1641 1994-03-02 15:29 ./usr/opt/OSCX200/src/lib/Xdmcp/Wrap.h
-r--r--r-- 3/4            3247 1994-03-02 15:30 ./usr/opt/OSCX200/src/lib/Xmu/StrToOrnt.c
-r--r--r-- 3/4            3354 1994-03-02 15:30 ./usr/opt/OSCX200/src/lib/Xmu/StrToLong.c
-r--r--r-- 3/4            3289 1994-03-02 15:30 ./usr/opt/OSCX200/src/lib/Xmu/StrToJust.c
-r--r--r-- 3/4            4640 1994-03-02 15:30 ./usr/opt/OSCX200/src/lib/Xmu/StrToGrav.c
-r--r--r-- 3/4           10338 1994-03-02 15:30 ./usr/opt/OSCX200/src/lib/Xmu/StrToCurs.c
-r--r--r-- 3/4            5523 1994-03-02 15:30 ./usr/opt/OSCX200/src/lib/Xmu/StrToBmap.c
-r--r--r-- 3/4            3916 1994-03-02 15:30 ./usr/opt/OSCX200/src/lib/Xmu/StrToBS.c
-r--r--r-- 3/4            2814 1994-03-02 15:30 ./usr/opt/OSCX200/src/lib/Xmu/StdSel.h
-r--r--r-- 3/4            3936 1994-03-02 15:30 ./usr/opt/OSCX200/src/lib/Xmu/StdCmap.h
-r--r--r-- 3/4            8625 1994-03-02 15:30 ./usr/opt/OSCX200/src/lib/Xmu/StdCmap.c
-r--r--r-- 3/4            6730 1994-03-02 15:30 ./usr/opt/OSCX200/src/lib/Xmu/ShapeWidg.c
-r--r--r-- 3/4            3204 1994-03-02 15:30 ./usr/opt/OSCX200/src/lib/Xmu/ScrOfWin.c
-r--r--r-- 3/4            9368 1994-03-02 15:30 ./usr/opt/OSCX200/src/lib/Xmu/RdBitF.c
-r--r--r-- 3/4            3041 1994-03-02 15:30 ./usr/opt/OSCX200/src/lib/Xmu/Misc.h
-r--r--r-- 3/4            4663 1994-03-02 15:30 ./usr/opt/OSCX200/src/lib/Xmu/Lower.c
-r--r--r-- 3/4           11528 1994-03-02 15:30 ./usr/opt/OSCX200/src/lib/Xmu/LookupCmap.c
-r--r--r-- 3/4           12241 1994-03-02 15:30 ./usr/opt/OSCX200/src/lib/Xmu/Lookup.c
-r--r--r-- 3/4            8411 1994-03-02 15:30 ./usr/opt/OSCX200/src/lib/Xmu/LocBitmap.c
-r--r--r-- 3/4            2856 1994-03-02 15:30 ./usr/opt/OSCX200/src/lib/Xmu/Initer.h
-r--r--r-- 3/4            4241 1994-03-02 15:30 ./usr/opt/OSCX200/src/lib/Xmu/Initer.c
-r--r--r-- 3/4            5669 1994-03-02 15:30 ./usr/opt/OSCX200/src/lib/Xmu/Imakefile
-r--r--r-- 3/4            4996 1994-03-02 15:30 ./usr/opt/OSCX200/src/lib/Xmu/GrayPixmap.c
-r--r--r-- 3/4            3310 1994-03-02 15:30 ./usr/opt/OSCX200/src/lib/Xmu/GetHost.c
-r--r--r-- 3/4            2704 1994-03-02 15:30 ./usr/opt/OSCX200/src/lib/Xmu/FToCback.c
-r--r--r-- 3/4            2764 1994-03-02 15:30 ./usr/opt/OSCX200/src/lib/Xmu/Error.h
-r--r--r-- 3/4            8888 1994-03-02 15:30 ./usr/opt/OSCX200/src/lib/Xmu/EditresP.h
-r--r--r-- 3/4            5289 1994-03-02 15:30 ./usr/opt/OSCX200/src/lib/Xmu/Drawing.h
-r--r--r-- 3/4            5267 1994-03-02 15:30 ./usr/opt/OSCX200/src/lib/Xmu/DrawLogo.c
-r--r--r-- 3/4           57912 1994-03-02 15:30 ./usr/opt/OSCX200/src/lib/Xmu/EditresCom.c
-r--r--r-- 3/4            4522 1994-03-02 15:30 ./usr/opt/OSCX200/src/lib/Xmu/DrRndRect.c
-r--r--r-- 3/4            4119 1994-03-02 15:30 ./usr/opt/OSCX200/src/lib/Xmu/Distinct.c
-r--r--r-- 3/4            6193 1994-03-02 15:30 ./usr/opt/OSCX200/src/lib/Xmu/DisplayQue.h
-r--r--r-- 3/4            6347 1994-03-02 15:30 ./usr/opt/OSCX200/src/lib/Xmu/DisplayQue.c
-r--r--r-- 3/4            3772 1994-03-02 15:30 ./usr/opt/OSCX200/src/lib/Xmu/DelCmap.c
-r--r--r-- 3/4            6593 1994-03-02 15:30 ./usr/opt/OSCX200/src/lib/Xmu/DefErrMsg.c
-r--r--r-- 3/4            9116 1994-03-02 15:30 ./usr/opt/OSCX200/src/lib/Xmu/CvtStdSel.c
-r--r--r-- 3/4            3177 1994-03-02 15:30 ./usr/opt/OSCX200/src/lib/Xmu/CvtCache.h
-r--r--r-- 3/4            4458 1994-03-02 15:30 ./usr/opt/OSCX200/src/lib/Xmu/CvtCache.c
-r--r--r-- 3/4            5898 1994-03-02 15:30 ./usr/opt/OSCX200/src/lib/Xmu/CursorName.c
-r--r--r-- 3/4            2592 1994-03-02 15:30 ./usr/opt/OSCX200/src/lib/Xmu/CurUtil.h
-r--r--r-- 3/4            3787 1994-03-02 15:30 ./usr/opt/OSCX200/src/lib/Xmu/CrPixFBit.c
-r--r--r-- 3/4           17936 1994-03-02 15:30 ./usr/opt/OSCX200/src/lib/Xmu/CrCmap.c
-r--r--r-- 3/4            8095 1994-03-02 15:30 ./usr/opt/OSCX200/src/lib/Xmu/Converters.h
-r--r--r-- 3/4           10334 1994-03-02 15:30 ./usr/opt/OSCX200/src/lib/Xmu/CmapAlloc.c
-r--r--r-- 3/4            3177 1994-03-02 15:30 ./usr/opt/OSCX200/src/lib/Xmu/CloseHook.h
-r--r--r-- 3/4            3624 1994-03-02 15:30 ./usr/opt/OSCX200/src/lib/Xmu/ClientWin.c
-r--r--r-- 3/4            9655 1994-03-02 15:30 ./usr/opt/OSCX200/src/lib/Xmu/CloseHook.c
-r--r--r-- 3/4            2894 1994-03-02 15:30 ./usr/opt/OSCX200/src/lib/Xmu/CharSet.h
-r--r--r-- 3/4            4790 1994-03-02 15:30 ./usr/opt/OSCX200/src/lib/Xmu/Atoms.h
-r--r--r-- 3/4            5996 1994-03-02 15:29 ./usr/opt/OSCX200/src/lib/Xmu/Atoms.c
-r--r--r-- 3/4            7252 1994-03-02 15:29 ./usr/opt/OSCX200/src/lib/Xmu/AllCmap.c
-r--r--r-- 3/4            4284 1994-03-02 15:29 ./usr/opt/OSCX200/src/lib/Ximp/Imakefile
-r--r--r-- 3/4            5367 1994-03-02 15:29 ./usr/opt/OSCX200/src/lib/Xdmcp/Xdmcp.h
-r--r--r-- 3/4            4624 1994-03-02 15:29 ./usr/opt/OSCX200/src/lib/Xdmcp/Wrap.c
-r--r--r-- 3/4            3357 1994-03-02 15:29 ./usr/opt/OSCX200/src/lib/Xdmcp/Whead.c
-r--r--r-- 3/4            2964 1994-03-02 15:29 ./usr/opt/OSCX200/src/lib/Xdmcp/WC8.c
-r--r--r-- 3/4            3129 1994-03-02 15:29 ./usr/opt/OSCX200/src/lib/Xdmcp/WC32.c
-r--r--r-- 3/4            2985 1994-03-02 15:29 ./usr/opt/OSCX200/src/lib/Xdmcp/WC16.c
-r--r--r-- 3/4            3064 1994-03-02 15:29 ./usr/opt/OSCX200/src/lib/Xdmcp/WAofA8.c
-r--r--r-- 3/4            3051 1994-03-02 15:29 ./usr/opt/OSCX200/src/lib/Xdmcp/WA8.c
-r--r--r-- 3/4            3054 1994-03-02 15:29 ./usr/opt/OSCX200/src/lib/Xdmcp/WA32.c
-r--r--r-- 3/4            3054 1994-03-02 15:29 ./usr/opt/OSCX200/src/lib/Xdmcp/WA16.c
-r--r--r-- 3/4            4221 1994-03-02 15:29 ./usr/opt/OSCX200/src/lib/Xdmcp/Unwrap.c
-r--r--r-- 3/4            3054 1994-03-02 15:29 ./usr/opt/OSCX200/src/lib/Xdmcp/RaAoA8.c
-r--r--r-- 3/4            3034 1994-03-02 15:29 ./usr/opt/OSCX200/src/lib/Xdmcp/RaA8.c
-r--r--r-- 3/4            3040 1994-03-02 15:29 ./usr/opt/OSCX200/src/lib/Xdmcp/RaA32.c
-r--r--r-- 3/4            3040 1994-03-02 15:29 ./usr/opt/OSCX200/src/lib/Xdmcp/RaA16.c
-r--r--r-- 3/4            2857 1994-03-02 15:29 ./usr/opt/OSCX200/src/lib/Xdmcp/RR.c
-r--r--r-- 3/4            3032 1994-03-02 15:29 ./usr/opt/OSCX200/src/lib/Xdmcp/RHead.c
-r--r--r-- 3/4            2972 1994-03-02 15:29 ./usr/opt/OSCX200/src/lib/Xdmcp/RC8.c
-r--r--r-- 3/4            3209 1994-03-02 15:29 ./usr/opt/OSCX200/src/lib/Xdmcp/RC32.c
-r--r--r-- 3/4            3047 1994-03-02 15:29 ./usr/opt/OSCX200/src/lib/Xdmcp/RC16.c
-r--r--r-- 3/4            3286 1994-03-02 15:29 ./usr/opt/OSCX200/src/lib/Xdmcp/RAofA8.c
-r--r--r-- 3/4            3272 1994-03-02 15:29 ./usr/opt/OSCX200/src/lib/Xdmcp/RA8.c
-r--r--r-- 3/4            3277 1994-03-02 15:29 ./usr/opt/OSCX200/src/lib/Xdmcp/RA32.c
-r--r--r-- 3/4            3277 1994-03-02 15:29 ./usr/opt/OSCX200/src/lib/Xdmcp/RA16.c
-r--r--r-- 3/4            2892 1994-03-02 15:29 ./usr/opt/OSCX200/src/lib/Xdmcp/IncKey.c
-r--r--r-- 3/4            3729 1994-03-02 15:29 ./usr/opt/OSCX200/src/lib/Xdmcp/Imakefile
-r--r--r-- 3/4            3320 1994-03-02 15:29 ./usr/opt/OSCX200/src/lib/Xdmcp/GenKey.c
-r--r--r-- 3/4            3478 1994-03-02 15:29 ./usr/opt/OSCX200/src/lib/Xdmcp/Flush.c
-r--r--r-- 3/4            3955 1994-03-02 15:29 ./usr/opt/OSCX200/src/lib/Xdmcp/Fill.c
-r--r--r-- 3/4            2892 1994-03-02 15:29 ./usr/opt/OSCX200/src/lib/Xdmcp/DecKey.c
-r--r--r-- 3/4            2989 1994-03-02 15:29 ./usr/opt/OSCX200/src/lib/Xdmcp/DAofA8.c
-r--r--r-- 3/4            2876 1994-03-02 15:29 ./usr/opt/OSCX200/src/lib/Xdmcp/DA8.c
-r--r--r-- 3/4            2879 1994-03-02 15:29 ./usr/opt/OSCX200/src/lib/Xdmcp/DA32.c
-r--r--r-- 3/4            2879 1994-03-02 15:29 ./usr/opt/OSCX200/src/lib/Xdmcp/DA16.c
-r--r--r-- 3/4            2914 1994-03-02 15:29 ./usr/opt/OSCX200/src/lib/Xdmcp/CmpKey.c
-r--r--r-- 3/4            3045 1994-03-02 15:29 ./usr/opt/OSCX200/src/lib/Xdmcp/CA8.c
-r--r--r-- 3/4            3029 1994-03-02 15:29 ./usr/opt/OSCX200/src/lib/Xdmcp/AofA8.c
-r--r--r-- 3/4            3172 1994-03-02 15:29 ./usr/opt/OSCX200/src/lib/Xdmcp/Alloc.c
-r--r--r-- 3/4            3016 1994-03-02 15:29 ./usr/opt/OSCX200/src/lib/Xdmcp/AA8.c
-r--r--r-- 3/4            3022 1994-03-02 15:29 ./usr/opt/OSCX200/src/lib/Xdmcp/AA32.c
-r--r--r-- 3/4            3022 1994-03-02 15:29 ./usr/opt/OSCX200/src/lib/Xdmcp/AA16.c
-r--r--r-- 3/4            3015 1994-03-02 15:29 ./usr/opt/OSCX200/src/lib/Xdmcp/A8Eq.c
-r--r--r-- 3/4            6907 1994-03-02 15:29 ./usr/opt/OSCX200/src/lib/Xaw/sharedlib.c
-r--r--r-- 3/4            2307 1994-03-02 15:29 ./usr/opt/OSCX200/src/lib/Xaw/genlist.sh
-r--r--r-- 3/4            2758 1994-03-02 15:29 ./usr/opt/OSCX200/src/lib/Xaw/XawInit.h
-r--r--r-- 3/4            3240 1994-03-02 15:29 ./usr/opt/OSCX200/src/lib/Xaw/XawInit.c
-r--r--r-- 3/4            4359 1994-03-02 15:29 ./usr/opt/OSCX200/src/lib/Xaw/ViewportP.h
-r--r--r-- 3/4            4515 1994-03-02 15:29 ./usr/opt/OSCX200/src/lib/Xaw/Viewport.h
-r--r--r-- 3/4           33596 1994-03-02 15:29 ./usr/opt/OSCX200/src/lib/Xaw/Viewport.c
-r--r--r-- 3/4            6317 1994-03-02 15:29 ./usr/opt/OSCX200/src/lib/Xaw/Vendor.c
-r--r--r-- 3/4            4858 1994-03-02 15:29 ./usr/opt/OSCX200/src/lib/Xaw/TreeP.h
-r--r--r-- 3/4            5029 1994-03-02 15:29 ./usr/opt/OSCX200/src/lib/Xaw/Tree.h
-r--r--r-- 3/4           29370 1994-03-02 15:29 ./usr/opt/OSCX200/src/lib/Xaw/Tree.c
-r--r--r-- 3/4            4492 1994-03-02 15:29 ./usr/opt/OSCX200/src/lib/Xaw/ToggleP.h
-r--r--r-- 3/4            6873 1994-03-02 15:29 ./usr/opt/OSCX200/src/lib/Xaw/Toggle.h
-r--r--r-- 3/4           18577 1994-03-02 15:29 ./usr/opt/OSCX200/src/lib/Xaw/Toggle.c
-r--r--r-- 3/4            3801 1994-03-02 15:29 ./usr/opt/OSCX200/src/lib/Xaw/TextTr.c
-r--r--r-- 3/4            3331 1994-03-02 15:29 ./usr/opt/OSCX200/src/lib/Xaw/TemplateP.h
-r--r--r-- 3/4            4940 1994-03-02 15:29 ./usr/opt/OSCX200/src/lib/Xaw/TextSrcP.h
-r--r--r-- 3/4            8059 1994-03-02 15:29 ./usr/opt/OSCX200/src/lib/Xaw/TextSrc.h
-r--r--r-- 3/4           17056 1994-03-02 15:29 ./usr/opt/OSCX200/src/lib/Xaw/TextSrc.c
-r--r--r-- 3/4            5605 1994-03-02 15:29 ./usr/opt/OSCX200/src/lib/Xaw/TextSinkP.h
-r--r--r-- 3/4           10090 1994-03-02 15:29 ./usr/opt/OSCX200/src/lib/Xaw/TextSink.h
-r--r--r-- 3/4           25115 1994-03-02 15:29 ./usr/opt/OSCX200/src/lib/Xaw/TextSink.c
-r--r--r-- 3/4           43494 1994-03-02 15:29 ./usr/opt/OSCX200/src/lib/Xaw/TextPop.c
-r--r--r-- 3/4            9199 1994-03-02 15:29 ./usr/opt/OSCX200/src/lib/Xaw/TextP.h
-r--r--r-- 3/4           39379 1994-03-02 15:29 ./usr/opt/OSCX200/src/lib/Xaw/TextAction.c
-r--r--r-- 3/4            8529 1994-03-02 15:29 ./usr/opt/OSCX200/src/lib/Xaw/Text.h
-r--r--r-- 3/4           96312 1994-03-02 15:29 ./usr/opt/OSCX200/src/lib/Xaw/Text.c
-r--r--r-- 3/4            3800 1994-03-02 15:29 ./usr/opt/OSCX200/src/lib/Xaw/Template.h
-r--r--r-- 3/4            4595 1994-03-02 15:29 ./usr/opt/OSCX200/src/lib/Xaw/Template.c
-r--r--r-- 3/4            4959 1994-03-02 15:29 ./usr/opt/OSCX200/src/lib/Xaw/StripChart.h
-r--r--r-- 3/4           16117 1994-03-02 15:29 ./usr/opt/OSCX200/src/lib/Xaw/StripChart.c
-r--r--r-- 3/4            4319 1994-03-02 15:29 ./usr/opt/OSCX200/src/lib/Xaw/StripCharP.h
-r--r--r-- 3/4            4509 1994-03-02 15:29 ./usr/opt/OSCX200/src/lib/Xaw/SmeP.h
-r--r--r-- 3/4            4342 1994-03-02 15:29 ./usr/opt/OSCX200/src/lib/Xaw/SmeLineP.h
-r--r--r-- 3/4            3862 1994-03-02 15:29 ./usr/opt/OSCX200/src/lib/Xaw/SmeLine.h
-r--r--r-- 3/4            9989 1994-03-02 15:29 ./usr/opt/OSCX200/src/lib/Xaw/SmeLine.c
-r--r--r-- 3/4            5012 1994-03-02 15:29 ./usr/opt/OSCX200/src/lib/Xaw/SmeBSBP.h
-r--r--r-- 3/4            4658 1994-03-02 15:29 ./usr/opt/OSCX200/src/lib/Xaw/SmeBSB.h
-r--r--r-- 3/4            3656 1994-03-02 15:29 ./usr/opt/OSCX200/src/lib/Xaw/Sme.h
-r--r--r-- 3/4           20288 1994-03-02 15:29 ./usr/opt/OSCX200/src/lib/Xaw/SmeBSB.c
-r--r--r-- 3/4            8278 1994-03-02 15:29 ./usr/opt/OSCX200/src/lib/Xaw/Sme.c
-r--r--r-- 3/4            3454 1994-03-02 15:29 ./usr/opt/OSCX200/src/lib/Xaw/SimpleP.h
-r--r--r-- 3/4            6416 1994-03-02 15:29 ./usr/opt/OSCX200/src/lib/Xaw/SimpleMenu.h
-r--r--r-- 3/4           36715 1994-03-02 15:29 ./usr/opt/OSCX200/src/lib/Xaw/SimpleMenu.c
-r--r--r-- 3/4            4912 1994-03-02 15:29 ./usr/opt/OSCX200/src/lib/Xaw/SimpleMenP.h
-r--r--r-- 3/4            4029 1994-03-02 15:29 ./usr/opt/OSCX200/src/lib/Xaw/Simple.h
-r--r--r-- 3/4            9886 1994-03-02 15:29 ./usr/opt/OSCX200/src/lib/Xaw/Simple.c
-r--r--r-- 3/4            4528 1994-03-02 15:29 ./usr/opt/OSCX200/src/lib/Xaw/ScrollbarP.h
-r--r--r-- 3/4            5716 1994-03-02 15:29 ./usr/opt/OSCX200/src/lib/Xaw/Scrollbar.h
-r--r--r-- 3/4           22766 1994-03-02 15:29 ./usr/opt/OSCX200/src/lib/Xaw/Scrollbar.c
-r--r--r-- 3/4            3617 1994-03-02 15:29 ./usr/opt/OSCX200/src/lib/Xaw/Reports.h
-r--r--r-- 3/4            4183 1994-03-02 15:29 ./usr/opt/OSCX200/src/lib/Xaw/RepeaterP.h
-r--r--r-- 3/4            4096 1994-03-02 15:29 ./usr/opt/OSCX200/src/lib/Xaw/Repeater.h
-r--r--r-- 3/4           10467 1994-03-02 15:29 ./usr/opt/OSCX200/src/lib/Xaw/Repeater.c
-r--r--r-- 3/4            3458 1994-03-02 15:29 ./usr/opt/OSCX200/src/lib/Xaw/PortholeP.h
-r--r--r-- 3/4            3697 1994-03-02 15:29 ./usr/opt/OSCX200/src/lib/Xaw/Porthole.h
-r--r--r-- 3/4            5545 1994-03-02 15:29 ./usr/opt/OSCX200/src/lib/Xaw/PannerP.h
-r--r--r-- 3/4           12858 1994-03-02 15:29 ./usr/opt/OSCX200/src/lib/Xaw/Porthole.c
-r--r--r-- 3/4            5270 1994-03-02 15:29 ./usr/opt/OSCX200/src/lib/Xaw/Panner.h
-r--r--r-- 3/4           31177 1994-03-02 15:29 ./usr/opt/OSCX200/src/lib/Xaw/Panner.c
-r--r--r-- 3/4            7973 1994-03-02 15:29 ./usr/opt/OSCX200/src/lib/Xaw/PanedP.h
-r--r--r-- 3/4            9156 1994-03-02 15:29 ./usr/opt/OSCX200/src/lib/Xaw/Paned.h
-r--r--r-- 3/4           56016 1994-03-02 15:29 ./usr/opt/OSCX200/src/lib/Xaw/Paned.c
-r--r--r-- 3/4            4605 1994-03-02 15:29 ./usr/opt/OSCX200/src/lib/Xaw/MenuButton.h
-r--r--r-- 3/4            8098 1994-03-02 15:29 ./usr/opt/OSCX200/src/lib/Xaw/MenuButton.c
-r--r--r-- 3/4            4363 1994-03-02 15:29 ./usr/opt/OSCX200/src/lib/Xaw/MenuButtoP.h
-r--r--r-- 3/4            4025 1994-03-02 15:29 ./usr/opt/OSCX200/src/lib/Xaw/MailboxP.h
-r--r--r-- 3/4            3267 1994-03-02 15:29 ./usr/opt/OSCX200/src/lib/Xaw/Mailbox.h
-r--r--r-- 3/4           19597 1994-03-02 15:29 ./usr/opt/OSCX200/src/lib/Xaw/Mailbox.c
-r--r--r-- 3/4            2520 1994-03-02 15:29 ./usr/opt/OSCX200/src/lib/Xaw/Cardinals.h
-r--r--r-- 3/4            2712 1994-03-02 15:29 ./usr/opt/OSCX200/src/lib/Xaw/LogoP.h
-r--r--r-- 3/4            2988 1994-03-02 15:29 ./usr/opt/OSCX200/src/lib/Xaw/Logo.h
-r--r--r-- 3/4            9488 1994-03-02 15:29 ./usr/opt/OSCX200/src/lib/Xaw/Logo.c
-r--r--r-- 3/4            5098 1994-03-02 15:29 ./usr/opt/OSCX200/src/lib/Xaw/ListP.h
-r--r--r-- 3/4            8925 1994-03-02 15:29 ./usr/opt/OSCX200/src/lib/Xaw/List.h
-r--r--r-- 3/4           30864 1994-03-02 15:29 ./usr/opt/OSCX200/src/lib/Xaw/List.c
-r--r--r-- 3/4            4437 1994-03-02 15:29 ./usr/opt/OSCX200/src/lib/Xaw/LabelP.h
-r--r--r-- 3/4            4894 1994-03-02 15:29 ./usr/opt/OSCX200/src/lib/Xaw/Label.h
-r--r--r-- 3/4           19472 1994-03-02 15:29 ./usr/opt/OSCX200/src/lib/Xaw/Label.c
-r--r--r-- 3/4            5056 1994-03-02 15:29 ./usr/opt/OSCX200/src/lib/Xaw/Imakefile
-r--r--r-- 3/4            3854 1994-03-02 15:29 ./usr/opt/OSCX200/src/lib/Xaw/GripP.h
-r--r--r-- 3/4            4321 1994-03-02 15:29 ./usr/opt/OSCX200/src/lib/Xaw/Grip.h
-r--r--r-- 3/4            5762 1994-03-02 15:29 ./usr/opt/OSCX200/src/lib/Xaw/Grip.c
-r--r--r-- 3/4            5525 1994-03-02 15:29 ./usr/opt/OSCX200/src/lib/Xaw/FormP.h
-r--r--r-- 3/4            5868 1994-03-02 15:29 ./usr/opt/OSCX200/src/lib/Xaw/Form.h
-r--r--r-- 3/4           26581 1994-03-02 15:29 ./usr/opt/OSCX200/src/lib/Xaw/Form.c
-r--r--r-- 3/4            3928 1994-03-02 15:29 ./usr/opt/OSCX200/src/lib/Xaw/DialogP.h
-r--r--r-- 3/4            4192 1994-03-02 15:29 ./usr/opt/OSCX200/src/lib/Xaw/Dialog.h
-r--r--r-- 3/4            4715 1994-03-02 15:29 ./usr/opt/OSCX200/src/lib/Xaw/CommandP.h
-r--r--r-- 3/4            4482 1994-03-02 15:29 ./usr/opt/OSCX200/src/lib/Xaw/ClockP.h
-r--r--r-- 3/4           15044 1994-03-02 15:29 ./usr/opt/OSCX200/src/lib/Xaw/Dialog.c
-r--r--r-- 3/4            5297 1994-03-02 15:29 ./usr/opt/OSCX200/src/lib/Xaw/Command.h
-r--r--r-- 3/4           17315 1994-03-02 15:29 ./usr/opt/OSCX200/src/lib/Xaw/Command.c
-r--r--r-- 3/4            4329 1994-03-02 15:29 ./usr/opt/OSCX200/src/lib/Xaw/Clock.h
-r--r--r-- 3/4           26780 1994-03-02 15:29 ./usr/opt/OSCX200/src/lib/Xaw/Clock.c
-r--r--r-- 3/4            4227 1991-12-15 22:37 ./usr/opt/OSCX200/src/lib/Xaw/CHANGES
-r--r--r-- 3/4            4006 1994-03-02 15:29 ./usr/opt/OSCX200/src/lib/Xaw/BoxP.h
-r--r--r-- 3/4            3848 1994-03-02 15:29 ./usr/opt/OSCX200/src/lib/Xaw/Box.h
-r--r--r-- 3/4           19705 1994-03-02 15:29 ./usr/opt/OSCX200/src/lib/Xaw/Box.c
-r--r--r-- 3/4            5458 1994-03-02 15:29 ./usr/opt/OSCX200/src/lib/Xaw/AsciiTextP.h
-r--r--r-- 3/4            5626 1994-03-02 15:29 ./usr/opt/OSCX200/src/lib/Xaw/AsciiText.h
-r--r--r-- 3/4            9857 1994-03-02 15:29 ./usr/opt/OSCX200/src/lib/Xaw/AsciiText.c
-r--r--r-- 3/4            5933 1994-03-02 15:29 ./usr/opt/OSCX200/src/lib/Xaw/AsciiSrcP.h
-r--r--r-- 3/4            5406 1994-03-02 15:29 ./usr/opt/OSCX200/src/lib/Xaw/AsciiSrc.h
-r--r--r-- 3/4            4270 1994-03-02 15:29 ./usr/opt/OSCX200/src/lib/Xaw/AsciiSinkP.h
-r--r--r-- 3/4            3692 1994-03-02 15:29 ./usr/opt/OSCX200/src/lib/Xaw/AsciiSink.h
-r--r--r-- 3/4           18235 1994-03-02 15:29 ./usr/opt/OSCX200/src/lib/Xaw/AsciiSink.c
-r--r--r-- 3/4            2837 1994-03-02 15:29 ./usr/opt/OSCX200/src/lib/Xaw/AllWidgets.h
-r--r--r-- 3/4            1624 1994-03-02 15:29 ./usr/opt/OSCX200/src/lib/X/util/mkks.sh
-r--r--r-- 3/4           37188 1994-03-02 15:29 ./usr/opt/OSCX200/src/lib/Xaw/AsciiSrc.c
-r--r--r-- 3/4            4985 1994-03-02 15:29 ./usr/opt/OSCX200/src/lib/Xaw/AllWidgets.c
-r--r--r-- 3/4            4675 1994-03-02 15:29 ./usr/opt/OSCX200/src/lib/Xau/Xauth.h
-r--r--r-- 3/4            4575 1994-03-02 15:29 ./usr/opt/OSCX200/src/lib/Xau/Xau.man
-r--r--r-- 3/4           10349 1994-03-02 15:29 ./usr/opt/OSCX200/src/lib/Xau/README
-r--r--r-- 3/4            2698 1994-03-02 15:29 ./usr/opt/OSCX200/src/lib/Xau/Imakefile
-r--r--r-- 3/4            2227 1994-03-02 15:29 ./usr/opt/OSCX200/src/lib/Xau/Autest.c
-r--r--r-- 3/4            3357 1994-03-02 15:29 ./usr/opt/OSCX200/src/lib/Xau/AuWrite.c
-r--r--r-- 3/4            2930 1994-03-02 15:29 ./usr/opt/OSCX200/src/lib/Xau/AuUnlock.c
-r--r--r-- 3/4            4124 1994-03-02 15:29 ./usr/opt/OSCX200/src/lib/Xau/AuRead.c
-r--r--r-- 3/4            3820 1994-03-02 15:29 ./usr/opt/OSCX200/src/lib/Xau/AuLock.c
-r--r--r-- 3/4            5001 1994-03-02 15:29 ./usr/opt/OSCX200/src/lib/Xau/AuGetBest.c
-r--r--r-- 3/4            4595 1994-03-02 15:29 ./usr/opt/OSCX200/src/lib/Xau/AuGetAddr.c
-r--r--r-- 3/4            2848 1994-03-02 15:29 ./usr/opt/OSCX200/src/lib/Xau/AuFileName.c
-r--r--r-- 3/4            2568 1994-03-02 15:29 ./usr/opt/OSCX200/src/lib/Xau/AuDispose.c
-r--r--r-- 3/4            7021 1994-03-02 15:29 ./usr/opt/OSCX200/src/lib/X/util/makekeys.c
-r--r--r-- 3/4            9621 1994-03-02 15:29 ./usr/opt/OSCX200/src/lib/X/smtXlibint.h
-r--r--r-- 3/4            6302 1994-03-02 15:29 ./usr/opt/OSCX200/src/lib/X/region.h
-r--r--r-- 3/4           11359 1994-03-02 15:29 ./usr/opt/OSCX200/src/lib/X/poly.h
-r--r--r-- 3/4           20315 1994-03-02 15:29 ./usr/opt/OSCX200/src/lib/X/nameserver.c
-r--r--r-- 3/4            7074 1994-03-02 15:29 ./usr/opt/OSCX200/src/lib/X/globals.c
-r--r--r-- 3/4            4051 1994-03-02 15:29 ./usr/opt/OSCX200/src/lib/X/evtomask.c
-r--r--r-- 3/4           21187 1994-03-02 15:29 ./usr/opt/OSCX200/src/lib/X/nameaddr.c
-r--r--r-- 3/4           20828 1994-03-02 15:29 ./usr/opt/OSCX200/src/lib/X/iso_compose.h
-r--r--r-- 3/4            2655 1994-03-02 15:29 ./usr/opt/OSCX200/src/lib/X/decwcursor.h
-r--r--r-- 3/4            3358 1994-03-02 15:29 ./usr/opt/OSCX200/src/lib/X/cursorfont.h
-r--r--r-- 3/4            5717 1994-03-02 15:29 ./usr/opt/OSCX200/src/lib/X/XwcWrap.c
-r--r--r-- 3/4           16352 1994-03-02 15:29 ./usr/opt/OSCX200/src/lib/X/XvendorWrap.c
-r--r--r-- 3/4           21959 1994-03-02 15:29 ./usr/opt/OSCX200/src/lib/X/Xutil.h
-r--r--r-- 3/4            7022 1994-03-02 15:29 ./usr/opt/OSCX200/src/lib/X/Xstreams.h
-r--r--r-- 3/4           32771 1994-03-02 15:29 ./usr/opt/OSCX200/src/lib/X/Xstreams.c
-r--r--r-- 3/4            4732 1994-03-02 15:28 ./usr/opt/OSCX200/src/lib/X/Xsi/wcharint.h
-r--r--r-- 3/4            7719 1994-03-02 15:28 ./usr/opt/OSCX200/src/lib/X/Xsi/XwcTextPrp.c
-r--r--r-- 3/4            4213 1994-03-02 15:28 ./usr/opt/OSCX200/src/lib/X/Xsi/XwcTextPer.c
-r--r--r-- 3/4            4448 1994-03-02 15:28 ./usr/opt/OSCX200/src/lib/X/Xsi/XwcTextExt.c
-r--r--r-- 3/4            6345 1994-03-02 15:28 ./usr/opt/OSCX200/src/lib/X/Xsi/XwcText.c
-r--r--r-- 3/4            6190 1994-03-02 15:28 ./usr/opt/OSCX200/src/lib/X/Xsi/XwcPrpText.c
-r--r--r-- 3/4            6526 1994-03-02 15:28 ./usr/opt/OSCX200/src/lib/X/Xsi/XwcDeGlyph.c
-r--r--r-- 3/4            6457 1994-03-02 15:28 ./usr/opt/OSCX200/src/lib/X/Xsi/XmbTextPrp.c
-r--r--r-- 3/4            3885 1994-03-02 15:28 ./usr/opt/OSCX200/src/lib/X/Xsi/XmbTextPer.c
-r--r--r-- 3/4            4925 1994-03-02 15:28 ./usr/opt/OSCX200/src/lib/X/Xsi/XmbTextExt.c
-r--r--r-- 3/4            5441 1994-03-02 15:28 ./usr/opt/OSCX200/src/lib/X/Xsi/XmbText.c
-r--r--r-- 3/4            5194 1994-03-02 15:28 ./usr/opt/OSCX200/src/lib/X/Xsi/XmbPrpText.c
-r--r--r-- 3/4            6569 1994-03-02 15:28 ./usr/opt/OSCX200/src/lib/X/Xsi/XmbDeGlyph.c
-r--r--r-- 3/4           12545 1994-03-02 15:28 ./usr/opt/OSCX200/src/lib/X/Xsi/Xlocaleint.h
-r--r--r-- 3/4           26506 1994-03-02 15:28 ./usr/opt/OSCX200/src/lib/X/Xsi/XlcLoad.c
-r--r--r-- 3/4            4058 1994-03-02 15:28 ./usr/opt/OSCX200/src/lib/X/Xsi/XlcDefLd.c
-r--r--r-- 3/4           12886 1994-03-02 15:28 ./usr/opt/OSCX200/src/lib/X/Xsi/XlcAccess.c
-r--r--r-- 3/4           11661 1994-03-02 15:28 ./usr/opt/OSCX200/src/lib/X/Xsi/Xi18nint.h
-r--r--r-- 3/4            7711 1994-03-02 15:28 ./usr/opt/OSCX200/src/lib/X/Xsi/XParseCT.c
-r--r--r-- 3/4           12014 1994-03-02 15:28 ./usr/opt/OSCX200/src/lib/X/Xsi/XOpenIM.c
-r--r--r-- 3/4           34099 1994-03-02 15:28 ./usr/opt/OSCX200/src/lib/X/Xsi/XLocalIM.c
-r--r--r-- 3/4            4386 1994-03-02 15:27 ./usr/opt/OSCX200/src/lib/X/Xsi/XIMlibint.h
-r--r--r-- 3/4           24925 1994-03-02 15:28 ./usr/opt/OSCX200/src/lib/X/Xsi/XInitCT.c
-r--r--r-- 3/4            8267 1994-03-02 15:27 ./usr/opt/OSCX200/src/lib/X/Xsi/XIMproto.h
-r--r--r-- 3/4            7497 1994-03-02 15:27 ./usr/opt/OSCX200/src/lib/X/Xsi/XIMQueue.c
-r--r--r-- 3/4            5278 1994-03-02 15:27 ./usr/opt/OSCX200/src/lib/X/Xsi/XIMProto.c
-r--r--r-- 3/4           10278 1994-03-02 15:27 ./usr/opt/OSCX200/src/lib/X/Xsi/XIMKeyBind.c
-r--r--r-- 3/4           12502 1994-03-02 15:27 ./usr/opt/OSCX200/src/lib/X/Xsi/XICSetVal.c
-r--r--r-- 3/4           10358 1994-03-02 15:27 ./usr/opt/OSCX200/src/lib/X/Xsi/XICGetVal.c
-r--r--r-- 3/4            4610 1994-03-02 15:27 ./usr/opt/OSCX200/src/lib/X/Xsi/XICFocus.c
-r--r--r-- 3/4            6901 1994-03-02 15:27 ./usr/opt/OSCX200/src/lib/X/Xsi/XGetIMVal.c
-r--r--r-- 3/4           17583 1994-03-02 15:27 ./usr/opt/OSCX200/src/lib/X/Xsi/XCrIC.c
-r--r--r-- 3/4           28961 1994-03-02 15:27 ./usr/opt/OSCX200/src/lib/X/Xsi/XCrFntSet.c
-r--r--r-- 3/4            6805 1994-03-02 15:27 ./usr/opt/OSCX200/src/lib/X/Xsi/XConnIM.c
-r--r--r-- 3/4           12507 1994-03-02 15:27 ./usr/opt/OSCX200/src/lib/X/Xsi/XCnvWCToMB.c
-r--r--r-- 3/4            6232 1994-03-02 15:27 ./usr/opt/OSCX200/src/lib/X/Xsi/XCnvToStr.c
-r--r--r-- 3/4            2877 1994-03-02 15:29 ./usr/opt/OSCX200/src/lib/X/XrmI.h
-r--r--r-- 3/4           20270 1994-03-02 15:27 ./usr/opt/OSCX200/src/lib/X/Xsi/XCnvMBToCT.c
-r--r--r-- 3/4           16912 1994-03-02 15:27 ./usr/opt/OSCX200/src/lib/X/Xsi/XCnvCTToWC.c
-r--r--r-- 3/4            8669 1994-03-02 15:27 ./usr/opt/OSCX200/src/lib/X/Xsi/TextPerBd.c
-r--r--r-- 3/4            6786 1994-03-02 15:27 ./usr/opt/OSCX200/src/lib/X/Xsi/TextExtBd.c
-r--r--r-- 3/4            5085 1994-03-02 15:27 ./usr/opt/OSCX200/src/lib/X/Xsi/TextEscBd.c
-r--r--r-- 3/4            5391 1994-03-02 15:27 ./usr/opt/OSCX200/src/lib/X/Xsi/TextBody.c
-r--r--r-- 3/4           14072 1994-03-02 15:27 ./usr/opt/OSCX200/src/lib/X/Xsi/ProtoFlt.c
-r--r--r-- 3/4           66765 1994-03-02 15:29 ./usr/opt/OSCX200/src/lib/X/Xrm.c
-r--r--r-- 3/4           12192 1994-03-02 15:29 ./usr/opt/OSCX200/src/lib/X/Xresource.h
-r--r--r-- 3/4            7129 1994-03-02 15:29 ./usr/opt/OSCX200/src/lib/X/XmbWrap.c
-r--r--r-- 3/4            3847 1994-03-02 15:29 ./usr/opt/OSCX200/src/lib/X/XmbWMProps.c
-r--r--r-- 3/4            2077 1994-03-02 15:29 ./usr/opt/OSCX200/src/lib/X/Xlocale.h
-r--r--r-- 3/4            8789 1994-03-02 15:29 ./usr/opt/OSCX200/src/lib/X/Xlibnet.h
-r--r--r-- 3/4           21121 1994-03-02 15:29 ./usr/opt/OSCX200/src/lib/X/Xlibint.h
-r--r--r-- 3/4           57809 1994-03-02 15:29 ./usr/opt/OSCX200/src/lib/X/XlibInt.c
-r--r--r-- 3/4            4524 1994-03-02 15:29 ./usr/opt/OSCX200/src/lib/X/XlibAsync.c
-r--r--r-- 3/4           15102 1994-03-02 15:29 ./usr/opt/OSCX200/src/lib/X/Xlcint.h
-r--r--r-- 3/4            6183 1994-03-02 15:29 ./usr/opt/OSCX200/src/lib/X/XlcWrap.c
-r--r--r-- 3/4           37118 1994-03-02 15:27 ./usr/opt/OSCX200/src/lib/X/Ximp/Ximplc.h
-r--r--r-- 3/4            9674 1994-03-02 15:27 ./usr/opt/OSCX200/src/lib/X/Ximp/Ximpint.c
-r--r--r-- 3/4            6642 1994-03-02 15:27 ./usr/opt/OSCX200/src/lib/X/Ximp/XimpXConv.c
-r--r--r-- 3/4            3887 1994-03-02 15:29 ./usr/opt/OSCX200/src/lib/X/XcmsStCol.c
-r--r--r-- 3/4          104342 1994-03-02 15:29 ./usr/opt/OSCX200/src/lib/X/Xlib.h
-r--r--r-- 3/4            5376 1994-03-02 15:27 ./usr/opt/OSCX200/src/lib/X/Ximp/XimpWTxtPr.c
-r--r--r-- 3/4            6178 1994-03-02 15:27 ./usr/opt/OSCX200/src/lib/X/Ximp/XimpWPrTxt.c
-r--r--r-- 3/4            5023 1994-03-02 15:27 ./usr/opt/OSCX200/src/lib/X/Ximp/XimpWPer.c
-r--r--r-- 3/4            4869 1994-03-02 15:27 ./usr/opt/OSCX200/src/lib/X/Ximp/XimpWExt.c
-r--r--r-- 3/4            4780 1994-03-02 15:27 ./usr/opt/OSCX200/src/lib/X/Ximp/XimpWEsc.c
-r--r--r-- 3/4            5738 1994-03-02 15:27 ./usr/opt/OSCX200/src/lib/X/Ximp/XimpWDrS.c
-r--r--r-- 3/4           13267 1994-03-02 15:27 ./usr/opt/OSCX200/src/lib/X/Ximp/XimpWCT.c
-r--r--r-- 3/4            6215 1994-03-02 15:27 ./usr/opt/OSCX200/src/lib/X/Ximp/XimpTxtPr.c
-r--r--r-- 3/4            8154 1994-03-02 15:27 ./usr/opt/OSCX200/src/lib/X/Ximp/XimpTxtPer.c
-r--r--r-- 3/4            5887 1994-03-02 15:27 ./usr/opt/OSCX200/src/lib/X/Ximp/XimpTxtEsc.c
-r--r--r-- 3/4            7264 1994-03-02 15:27 ./usr/opt/OSCX200/src/lib/X/Ximp/XimpTxtExt.c
-r--r--r-- 3/4           10982 1994-03-02 15:27 ./usr/opt/OSCX200/src/lib/X/Ximp/XimpSJIS.c
-r--r--r-- 3/4           20010 1994-03-02 15:27 ./usr/opt/OSCX200/src/lib/X/Ximp/XimpRm.c
-r--r--r-- 3/4            5815 1994-03-02 15:27 ./usr/opt/OSCX200/src/lib/X/Ximp/XimpPrTxt.c
-r--r--r-- 3/4           11930 1994-03-02 15:27 ./usr/opt/OSCX200/src/lib/X/Ximp/XimpParser.c
-r--r--r-- 3/4            5340 1994-03-02 15:27 ./usr/opt/OSCX200/src/lib/X/Ximp/XimpMTxtPr.c
-r--r--r-- 3/4            5904 1994-03-02 15:27 ./usr/opt/OSCX200/src/lib/X/Ximp/XimpMPrTxt.c
-r--r--r-- 3/4            5021 1994-03-02 15:27 ./usr/opt/OSCX200/src/lib/X/Ximp/XimpMPer.c
-r--r--r-- 3/4            4866 1994-03-02 15:27 ./usr/opt/OSCX200/src/lib/X/Ximp/XimpMExt.c
-r--r--r-- 3/4            4777 1994-03-02 15:27 ./usr/opt/OSCX200/src/lib/X/Ximp/XimpMEsc.c
-r--r--r-- 3/4            5731 1994-03-02 15:27 ./usr/opt/OSCX200/src/lib/X/Ximp/XimpMDrS.c
-r--r--r-- 3/4           12606 1994-03-02 15:27 ./usr/opt/OSCX200/src/lib/X/Ximp/XimpMCT.c
-r--r--r-- 3/4           38777 1994-03-02 15:27 ./usr/opt/OSCX200/src/lib/X/Ximp/XimpLocal.c
-r--r--r-- 3/4           11711 1994-03-02 15:27 ./usr/opt/OSCX200/src/lib/X/Ximp/XimpLCd.c
-r--r--r-- 3/4            7061 1994-03-02 15:27 ./usr/opt/OSCX200/src/lib/X/Ximp/XimpEUC.c
-r--r--r-- 3/4            6053 1994-03-02 15:27 ./usr/opt/OSCX200/src/lib/X/Ximp/XimpDrStr.c
-r--r--r-- 3/4           43290 1994-03-02 15:27 ./usr/opt/OSCX200/src/lib/X/Ximp/XimpLkup.c
-r--r--r-- 3/4           18840 1994-03-02 15:27 ./usr/opt/OSCX200/src/lib/X/Ximp/XimpLCUtil.c
-r--r--r-- 3/4           25771 1994-03-02 15:27 ./usr/opt/OSCX200/src/lib/X/Ximp/XimpIM.c
-r--r--r-- 3/4           26687 1994-03-02 15:27 ./usr/opt/OSCX200/src/lib/X/Ximp/XimpICS.c
-r--r--r-- 3/4           25072 1994-03-02 15:27 ./usr/opt/OSCX200/src/lib/X/Ximp/XimpICG.c
-r--r--r-- 3/4           16061 1994-03-02 15:27 ./usr/opt/OSCX200/src/lib/X/Ximp/XimpIC.c
-r--r--r-- 3/4           10252 1994-03-02 15:27 ./usr/opt/OSCX200/src/lib/X/Ximp/XimpConv.c
-r--r--r-- 3/4            4571 1994-03-02 15:29 ./usr/opt/OSCX200/src/lib/X/XcmsStCols.c
-r--r--r-- 3/4           38646 1994-03-02 15:27 ./usr/opt/OSCX200/src/lib/X/Ximp/XimpExten.c
-r--r--r-- 3/4           17821 1994-03-02 15:27 ./usr/opt/OSCX200/src/lib/X/Ximp/XimpDefCnv.c
-r--r--r-- 3/4           18052 1994-03-02 15:27 ./usr/opt/OSCX200/src/lib/X/Ximp/XimpCrFS.c
-r--r--r-- 3/4           23912 1994-03-02 15:27 ./usr/opt/OSCX200/src/lib/X/Ximp/XimpCallbk.c
-r--r--r-- 3/4            7675 1994-03-02 15:27 ./usr/opt/OSCX200/src/lib/X/Ximp/XimpCT.c
-r--r--r-- 3/4           20210 1994-03-02 15:27 ./usr/opt/OSCX200/src/lib/X/Ximp/XIMProto.h
-r--r--r-- 3/4            8778 1994-03-02 15:29 ./usr/opt/OSCX200/src/lib/X/Xcmsint.h
-r--r--r-- 3/4            7408 1994-03-02 15:29 ./usr/opt/OSCX200/src/lib/X/XcmsXRGB.c
-r--r--r-- 3/4           16490 1994-03-02 15:29 ./usr/opt/OSCX200/src/lib/X/XcmsTrig.c
-r--r--r-- 3/4            6992 1994-03-02 15:29 ./usr/opt/OSCX200/src/lib/X/XcmsSetGet.c
-r--r--r-- 3/4            3898 1994-03-02 15:28 ./usr/opt/OSCX200/src/lib/X/XcmsQuCols.c
-r--r--r-- 3/4            4886 1994-03-02 15:29 ./usr/opt/OSCX200/src/lib/X/XcmsSetCCC.c
-r--r--r-- 3/4            3844 1994-03-02 15:28 ./usr/opt/OSCX200/src/lib/X/XcmsQuCol.c
-r--r--r-- 3/4            3862 1994-03-02 15:28 ./usr/opt/OSCX200/src/lib/X/XcmsQWhite.c
-r--r--r-- 3/4            3887 1994-03-02 15:28 ./usr/opt/OSCX200/src/lib/X/XcmsQRed.c
-r--r--r-- 3/4            3896 1994-03-02 15:28 ./usr/opt/OSCX200/src/lib/X/XcmsQGreen.c
-r--r--r-- 3/4            3891 1994-03-02 15:28 ./usr/opt/OSCX200/src/lib/X/XcmsQBlue.c
-r--r--r-- 3/4            3862 1994-03-02 15:28 ./usr/opt/OSCX200/src/lib/X/XcmsQBlack.c
-r--r--r-- 3/4            5634 1994-03-02 15:28 ./usr/opt/OSCX200/src/lib/X/XcmsProp.c
-r--r--r-- 3/4            4303 1994-03-02 15:28 ./usr/opt/OSCX200/src/lib/X/XcmsPrOfId.c
-r--r--r-- 3/4            4521 1994-03-02 15:28 ./usr/opt/OSCX200/src/lib/X/XcmsOfCCC.c
-r--r--r-- 3/4            4670 1994-03-02 15:28 ./usr/opt/OSCX200/src/lib/X/XcmsMath.c
-r--r--r-- 3/4            7421 1994-03-02 15:28 ./usr/opt/OSCX200/src/lib/X/XcmsLkCol.c
-r--r--r-- 3/4           47940 1994-03-02 15:28 ./usr/opt/OSCX200/src/lib/X/XcmsLRGB.c
-r--r--r-- 3/4           10875 1994-03-02 15:28 ./usr/opt/OSCX200/src/lib/X/XcmsInt.c
-r--r--r-- 3/4            4539 1994-03-02 15:28 ./usr/opt/OSCX200/src/lib/X/XcmsIdOfPr.c
-r--r--r-- 3/4            6441 1994-03-02 15:28 ./usr/opt/OSCX200/src/lib/X/XcmsGlobls.c
-r--r--r-- 3/4           28577 1994-03-02 15:28 ./usr/opt/OSCX200/src/lib/X/XcmsCvCols.c
-r--r--r-- 3/4            5603 1994-03-02 15:28 ./usr/opt/OSCX200/src/lib/X/XcmsCvColW.c
-r--r--r-- 3/4            3689 1994-03-02 15:28 ./usr/opt/OSCX200/src/lib/X/XcmsAllCol.c
-r--r--r-- 3/4           26289 1994-03-02 15:28 ./usr/opt/OSCX200/src/lib/X/XcmsColNm.c
-r--r--r-- 3/4           13551 1994-03-02 15:28 ./usr/opt/OSCX200/src/lib/X/XcmsCmap.c
-r--r--r-- 3/4            8388 1994-03-02 15:28 ./usr/opt/OSCX200/src/lib/X/XcmsCCC.c
-r--r--r-- 3/4            7451 1994-03-02 15:28 ./usr/opt/OSCX200/src/lib/X/XcmsAlNCol.c
-r--r--r-- 3/4            6137 1994-03-02 15:28 ./usr/opt/OSCX200/src/lib/X/XcmsAddSF.c
-r--r--r-- 3/4            6289 1994-03-02 15:28 ./usr/opt/OSCX200/src/lib/X/XcmsAddDIC.c
-r--r--r-- 3/4            2357 1991-12-15 22:43 ./usr/opt/OSCX200/src/lib/X/Xcms.txt
-r--r--r-- 3/4           24033 1994-03-02 15:28 ./usr/opt/OSCX200/src/lib/X/Xcms.h
-r--r--r-- 3/4            5582 1994-03-02 15:28 ./usr/opt/OSCX200/src/lib/X/Xatomtype.h
-r--r--r-- 3/4            4928 1994-03-02 15:28 ./usr/opt/OSCX200/src/lib/X/XWrBitF.c
-r--r--r-- 3/4            5089 1994-03-02 15:28 ./usr/opt/OSCX200/src/lib/X/XWindow.c
-r--r--r-- 3/4            3750 1994-03-02 15:28 ./usr/opt/OSCX200/src/lib/X/XWinEvent.c
-r--r--r-- 3/4            2768 1994-03-02 15:28 ./usr/opt/OSCX200/src/lib/X/XWarpPtr.c
-r--r--r-- 3/4            8178 1994-03-02 15:28 ./usr/opt/OSCX200/src/lib/X/XVisUtil.c
-r--r--r-- 3/4            2377 1994-03-02 15:28 ./usr/opt/OSCX200/src/lib/X/XUnmapWin.c
-r--r--r-- 3/4            2375 1994-03-02 15:28 ./usr/opt/OSCX200/src/lib/X/XUnmapSubs.c
-r--r--r-- 3/4            2384 1994-03-02 15:28 ./usr/opt/OSCX200/src/lib/X/XUnldFont.c
-r--r--r-- 3/4            2385 1994-03-02 15:28 ./usr/opt/OSCX200/src/lib/X/XUninsCmap.c
-r--r--r-- 3/4            2356 1994-03-02 15:28 ./usr/opt/OSCX200/src/lib/X/XUngrabSvr.c
-r--r--r-- 3/4            2373 1994-03-02 15:28 ./usr/opt/OSCX200/src/lib/X/XUngrabPtr.c
-r--r--r-- 3/4            2533 1994-03-02 15:28 ./usr/opt/OSCX200/src/lib/X/XUngrabKey.c
-r--r--r-- 3/4            2385 1994-03-02 15:28 ./usr/opt/OSCX200/src/lib/X/XUngrabKbd.c
-r--r--r-- 3/4            2564 1994-03-02 15:28 ./usr/opt/OSCX200/src/lib/X/XUngrabBut.c
-r--r--r-- 3/4            2563 1994-03-02 15:28 ./usr/opt/OSCX200/src/lib/X/XUndefCurs.c
-r--r--r-- 3/4            2957 1994-03-02 15:28 ./usr/opt/OSCX200/src/lib/X/XTrCoords.c
-r--r--r-- 3/4            5925 1994-03-02 15:28 ./usr/opt/OSCX200/src/lib/X/XTextExt16.c
-r--r--r-- 3/4            6742 1994-03-02 15:28 ./usr/opt/OSCX200/src/lib/X/XTextExt.c
-r--r--r-- 3/4            5230 1994-03-02 15:28 ./usr/opt/OSCX200/src/lib/X/XText16.c
-r--r--r-- 3/4            4991 1994-03-02 15:28 ./usr/opt/OSCX200/src/lib/X/XText.c
-r--r--r-- 3/4            2784 1994-03-02 15:28 ./usr/opt/OSCX200/src/lib/X/XSynchro.c
-r--r--r-- 3/4            2758 1994-03-02 15:28 ./usr/opt/OSCX200/src/lib/X/XSync.c
-r--r--r-- 3/4            4584 1994-03-02 15:28 ./usr/opt/OSCX200/src/lib/X/XStrKeysym.c
-r--r--r-- 3/4            2913 1994-03-02 15:28 ./usr/opt/OSCX200/src/lib/X/XStName.c
-r--r--r-- 3/4            3719 1994-03-02 15:28 ./usr/opt/OSCX200/src/lib/X/XStNColor.c
-r--r--r-- 3/4            2926 1994-03-02 15:28 ./usr/opt/OSCX200/src/lib/X/XStColors.c
-r--r--r-- 3/4            3032 1994-03-02 15:28 ./usr/opt/OSCX200/src/lib/X/XStColor.c
-r--r--r-- 3/4            4155 1994-03-02 15:28 ./usr/opt/OSCX200/src/lib/X/XStBytes.c
-r--r--r-- 3/4            2459 1994-03-02 15:28 ./usr/opt/OSCX200/src/lib/X/XSetTile.c
-r--r--r-- 3/4            2528 1994-03-02 15:28 ./usr/opt/OSCX200/src/lib/X/XSetTSOrig.c
-r--r--r-- 3/4            2477 1994-03-02 15:28 ./usr/opt/OSCX200/src/lib/X/XSetStip.c
-r--r--r-- 3/4            2848 1994-03-02 15:28 ./usr/opt/OSCX200/src/lib/X/XSetState.c
-r--r--r-- 3/4            3791 1994-03-02 15:28 ./usr/opt/OSCX200/src/lib/X/XSetStCmap.c
-r--r--r-- 3/4            2586 1994-03-02 15:28 ./usr/opt/OSCX200/src/lib/X/XSetSSaver.c
-r--r--r-- 3/4            2507 1994-03-02 15:28 ./usr/opt/OSCX200/src/lib/X/XSetSOwner.c
-r--r--r-- 3/4            3637 1994-03-02 15:28 ./usr/opt/OSCX200/src/lib/X/XSetPntMap.c
-r--r--r-- 3/4            2457 1994-03-02 15:28 ./usr/opt/OSCX200/src/lib/X/XSetPMask.c
-r--r--r-- 3/4            5106 1994-03-02 15:28 ./usr/opt/OSCX200/src/lib/X/XSetLocale.c
-r--r--r-- 3/4            2855 1994-03-02 15:28 ./usr/opt/OSCX200/src/lib/X/XSetLStyle.c
-r--r--r-- 3/4            2517 1994-03-02 15:28 ./usr/opt/OSCX200/src/lib/X/XSetIFocus.c
-r--r--r-- 3/4            9170 1994-03-02 15:28 ./usr/opt/OSCX200/src/lib/X/XSetHints.c
-r--r--r-- 3/4            2422 1994-03-02 15:28 ./usr/opt/OSCX200/src/lib/X/XSetFunc.c
-r--r--r-- 3/4            2461 1994-03-02 15:28 ./usr/opt/OSCX200/src/lib/X/XSetFore.c
-r--r--r-- 3/4            2424 1994-03-02 15:28 ./usr/opt/OSCX200/src/lib/X/XSetFont.c
-r--r--r-- 3/4            2904 1994-03-02 15:28 ./usr/opt/OSCX200/src/lib/X/XSetFPath.c
-r--r--r-- 3/4            2823 1994-03-02 15:28 ./usr/opt/OSCX200/src/lib/X/XSetDashes.c
-r--r--r-- 3/4            2577 1994-03-02 15:28 ./usr/opt/OSCX200/src/lib/X/XSetClOrig.c
-r--r--r-- 3/4            2492 1994-03-02 15:28 ./usr/opt/OSCX200/src/lib/X/XSetClMask.c
-r--r--r-- 3/4            3379 1994-03-02 15:28 ./usr/opt/OSCX200/src/lib/X/XSetCRects.c
-r--r--r-- 3/4            2461 1994-03-02 15:28 ./usr/opt/OSCX200/src/lib/X/XSetBack.c
-r--r--r-- 3/4            3186 1994-03-02 15:28 ./usr/opt/OSCX200/src/lib/X/XSendEvent.c
-r--r--r-- 3/4            2547 1994-03-02 15:28 ./usr/opt/OSCX200/src/lib/X/XSelInput.c
-r--r--r-- 3/4            2826 1994-03-02 15:28 ./usr/opt/OSCX200/src/lib/X/XScrResStr.c
-r--r--r-- 3/4            2991 1994-03-02 15:28 ./usr/opt/OSCX200/src/lib/X/XRotProp.c
-r--r--r-- 3/4            2933 1994-03-02 15:28 ./usr/opt/OSCX200/src/lib/X/XRestackWs.c
-r--r--r-- 3/4            2477 1994-03-02 15:28 ./usr/opt/OSCX200/src/lib/X/XRepWindow.c
-r--r--r-- 3/4            5256 1994-03-02 15:28 ./usr/opt/OSCX200/src/lib/X/XRegstFlt.c
-r--r--r-- 3/4            3321 1994-03-02 15:28 ./usr/opt/OSCX200/src/lib/X/XReconfWin.c
-r--r--r-- 3/4            2708 1994-03-02 15:28 ./usr/opt/OSCX200/src/lib/X/XRecolorC.c
-r--r--r-- 3/4            2559 1994-03-02 15:28 ./usr/opt/OSCX200/src/lib/X/XRaiseWin.c
-r--r--r-- 3/4            3504 1994-03-02 15:28 ./usr/opt/OSCX200/src/lib/X/XQuTree.c
-r--r--r-- 3/4           44647 1994-03-02 15:28 ./usr/opt/OSCX200/src/lib/X/XRegion.c
-r--r--r-- 3/4            8587 1994-03-02 15:28 ./usr/opt/OSCX200/src/lib/X/XRdBitF.c
-r--r--r-- 3/4            2859 1994-03-02 15:28 ./usr/opt/OSCX200/src/lib/X/XQuTileShp.c
-r--r--r-- 3/4            3990 1994-03-02 15:28 ./usr/opt/OSCX200/src/lib/X/XQuTextExt.c
-r--r--r-- 3/4            4037 1994-03-02 15:28 ./usr/opt/OSCX200/src/lib/X/XQuTextE16.c
-r--r--r-- 3/4            2863 1994-03-02 15:28 ./usr/opt/OSCX200/src/lib/X/XQuStipShp.c
-r--r--r-- 3/4            2939 1994-03-02 15:28 ./usr/opt/OSCX200/src/lib/X/XQuPntr.c
-r--r--r-- 3/4            2644 1994-03-02 15:28 ./usr/opt/OSCX200/src/lib/X/XQuKeybd.c
-r--r--r-- 3/4            3645 1994-03-02 15:28 ./usr/opt/OSCX200/src/lib/X/XQuExt.c
-r--r--r-- 3/4            2856 1994-03-02 15:28 ./usr/opt/OSCX200/src/lib/X/XQuCurShp.c
-r--r--r-- 3/4            3253 1994-03-02 15:28 ./usr/opt/OSCX200/src/lib/X/XQuColors.c
-r--r--r-- 3/4            2918 1994-03-02 15:28 ./usr/opt/OSCX200/src/lib/X/XQuColor.c
-r--r--r-- 3/4            2878 1994-03-02 15:28 ./usr/opt/OSCX200/src/lib/X/XQuBest.c
-r--r--r-- 3/4           31944 1994-03-02 15:28 ./usr/opt/OSCX200/src/lib/X/XPutImage.c
-r--r--r-- 3/4            2754 1994-03-02 15:28 ./usr/opt/OSCX200/src/lib/X/XPutBEvent.c
-r--r--r-- 3/4            7454 1994-03-02 15:28 ./usr/opt/OSCX200/src/lib/X/XPolyTxt16.c
-r--r--r-- 3/4            7207 1994-03-02 15:28 ./usr/opt/OSCX200/src/lib/X/XPolyTxt.c
-r--r--r-- 3/4           18529 1994-03-02 15:28 ./usr/opt/OSCX200/src/lib/X/XPolyReg.c
-r--r--r-- 3/4            2566 1994-03-02 15:28 ./usr/opt/OSCX200/src/lib/X/XPmapBord.c
-r--r--r-- 3/4            2570 1994-03-02 15:28 ./usr/opt/OSCX200/src/lib/X/XPmapBgnd.c
-r--r--r-- 3/4            2759 1994-03-02 15:28 ./usr/opt/OSCX200/src/lib/X/XPending.c
-r--r--r-- 3/4            2984 1994-03-02 15:28 ./usr/opt/OSCX200/src/lib/X/XPeekIfEv.c
-r--r--r-- 3/4            2568 1994-03-02 15:28 ./usr/opt/OSCX200/src/lib/X/XPeekEvent.c
-r--r--r-- 3/4            5666 1994-03-02 15:28 ./usr/opt/OSCX200/src/lib/X/XParseGeom.c
-r--r--r-- 3/4            4412 1994-03-02 15:28 ./usr/opt/OSCX200/src/lib/X/XParseCol.c
-r--r--r-- 3/4           19771 1994-03-02 15:28 ./usr/opt/OSCX200/src/lib/X/XOpenDis.c
-r--r--r-- 3/4            2720 1994-03-02 15:28 ./usr/opt/OSCX200/src/lib/X/XNextEvent.c
-r--r--r-- 3/4            2792 1994-03-02 15:28 ./usr/opt/OSCX200/src/lib/X/XMoveWin.c
-r--r--r-- 3/4            6416 1994-03-02 15:28 ./usr/opt/OSCX200/src/lib/X/XModMap.c
-r--r--r-- 3/4            2743 1994-03-02 15:28 ./usr/opt/OSCX200/src/lib/X/XMisc.c
-r--r--r-- 3/4            3621 1994-03-02 15:28 ./usr/opt/OSCX200/src/lib/X/XMaskEvent.c
-r--r--r-- 3/4            2354 1994-03-02 15:28 ./usr/opt/OSCX200/src/lib/X/XMapWindow.c
-r--r--r-- 3/4            2377 1994-03-02 15:28 ./usr/opt/OSCX200/src/lib/X/XMapSubs.c
-r--r--r-- 3/4            2620 1994-03-02 15:28 ./usr/opt/OSCX200/src/lib/X/XMapRaised.c
-r--r--r-- 3/4            7886 1994-03-02 15:28 ./usr/opt/OSCX200/src/lib/X/XMacros.c
-r--r--r-- 3/4            2535 1994-03-02 15:28 ./usr/opt/OSCX200/src/lib/X/XLowerWin.c
-r--r--r-- 3/4            3909 1994-03-02 15:28 ./usr/opt/OSCX200/src/lib/X/XLookupCol.c
-r--r--r-- 3/4            2766 1994-03-02 15:28 ./usr/opt/OSCX200/src/lib/X/XLoadFont.c
-r--r--r-- 3/4            3644 1994-03-02 15:28 ./usr/opt/OSCX200/src/lib/X/XListExt.c
-r--r--r-- 3/4            3699 1994-03-02 15:28 ./usr/opt/OSCX200/src/lib/X/XLiProps.c
-r--r--r-- 3/4            3265 1994-03-02 15:28 ./usr/opt/OSCX200/src/lib/X/XLiICmaps.c
-r--r--r-- 3/4            3678 1994-03-02 15:28 ./usr/opt/OSCX200/src/lib/X/XLiHosts.c
-r--r--r-- 3/4            2368 1994-03-02 15:28 ./usr/opt/OSCX200/src/lib/X/XKillCl.c
-r--r--r-- 3/4            4128 1994-03-02 15:28 ./usr/opt/OSCX200/src/lib/X/XKeysymStr.c
-r--r--r-- 3/4            3156 1993-07-30 17:31 ./usr/opt/OSCX200/src/lib/X/XKeysymDB
-r--r--r-- 3/4           31654 1994-03-02 15:28 ./usr/opt/OSCX200/src/lib/X/XKeyBind.c
-r--r--r-- 3/4            4833 1994-03-02 15:28 ./usr/opt/OSCX200/src/lib/X/XIntAtom.c
-r--r--r-- 3/4            2379 1994-03-02 15:28 ./usr/opt/OSCX200/src/lib/X/XInsCmap.c
-r--r--r-- 3/4            3983 1994-03-02 15:28 ./usr/opt/OSCX200/src/lib/X/XImText16.c
-r--r--r-- 3/4            3840 1994-03-02 15:28 ./usr/opt/OSCX200/src/lib/X/XImText.c
-r--r--r-- 3/4            1570 1991-12-15 22:39 ./usr/opt/OSCX200/src/lib/CLX/provide.l
-r--r--r-- 3/4           14937 1994-03-02 15:28 ./usr/opt/OSCX200/src/lib/X/XInitExt.c
-r--r--r-- 3/4           28297 1994-03-02 15:28 ./usr/opt/OSCX200/src/lib/X/XImUtil.c
-r--r--r-- 3/4            3163 1994-03-02 15:28 ./usr/opt/OSCX200/src/lib/X/XIfEvent.c
-r--r--r-- 3/4            5185 1994-03-02 15:28 ./usr/opt/OSCX200/src/lib/X/XIMWrap.c
-r--r--r-- 3/4           10476 1994-03-02 15:28 ./usr/opt/OSCX200/src/lib/X/XICWrap.c
-r--r--r-- 3/4            3548 1994-03-02 15:28 ./usr/opt/OSCX200/src/lib/X/XHost.c
-r--r--r-- 3/4            2329 1994-03-02 15:28 ./usr/opt/OSCX200/src/lib/X/XGrServer.c
-r--r--r-- 3/4            3115 1994-03-02 15:28 ./usr/opt/OSCX200/src/lib/X/XGrPointer.c
-r--r--r-- 3/4            2888 1994-03-02 15:28 ./usr/opt/OSCX200/src/lib/X/XGrKeybd.c
-r--r--r-- 3/4            2737 1994-03-02 15:28 ./usr/opt/OSCX200/src/lib/X/XGrKey.c
-r--r--r-- 3/4            2959 1994-03-02 15:28 ./usr/opt/OSCX200/src/lib/X/XGrButton.c
-r--r--r-- 3/4            4045 1994-03-02 15:28 ./usr/opt/OSCX200/src/lib/X/XGetWAttrs.c
-r--r--r-- 3/4            4273 1994-03-02 15:28 ./usr/opt/OSCX200/src/lib/X/XGetStCmap.c
-r--r--r-- 3/4            2783 1994-03-02 15:28 ./usr/opt/OSCX200/src/lib/X/XGetSSaver.c
-r--r--r-- 3/4            2552 1994-03-02 15:28 ./usr/opt/OSCX200/src/lib/X/XGetSOwner.c
-r--r--r-- 3/4            5521 1994-03-02 15:28 ./usr/opt/OSCX200/src/lib/X/XGetProp.c
-r--r--r-- 3/4            4632 1994-03-02 15:28 ./usr/opt/OSCX200/src/lib/X/XGetPntMap.c
-r--r--r-- 3/4            2713 1994-03-02 15:28 ./usr/opt/OSCX200/src/lib/X/XGetPCnt.c
-r--r--r-- 3/4            3440 1994-03-02 15:28 ./usr/opt/OSCX200/src/lib/X/XGetMoEv.c
-r--r--r-- 3/4            2946 1994-03-02 15:28 ./usr/opt/OSCX200/src/lib/X/XGetKCnt.c
-r--r--r-- 3/4            4567 1994-03-02 15:28 ./usr/opt/OSCX200/src/lib/X/XGetImage.c
-r--r--r-- 3/4            2573 1994-03-02 15:28 ./usr/opt/OSCX200/src/lib/X/XGetIFocus.c
-r--r--r-- 3/4           10678 1994-03-02 15:28 ./usr/opt/OSCX200/src/lib/X/XGetHints.c
-r--r--r-- 3/4            2774 1994-03-02 15:28 ./usr/opt/OSCX200/src/lib/X/XGetHColor.c
-r--r--r-- 3/4            2921 1994-03-02 15:28 ./usr/opt/OSCX200/src/lib/X/XGetGeom.c
-r--r--r-- 3/4            2712 1994-03-02 15:28 ./usr/opt/OSCX200/src/lib/X/XGetFProp.c
-r--r--r-- 3/4            3502 1994-03-02 15:28 ./usr/opt/OSCX200/src/lib/X/XGetFPath.c
-r--r--r-- 3/4            5895 1994-03-02 15:28 ./usr/opt/OSCX200/src/lib/X/XGetDflt.c
-r--r--r-- 3/4            4302 1994-03-02 15:28 ./usr/opt/OSCX200/src/lib/X/XGetColor.c
-r--r--r-- 3/4            2810 1994-03-02 15:28 ./usr/opt/OSCX200/src/lib/X/XGetAtomNm.c
-r--r--r-- 3/4            4810 1994-03-02 15:28 ./usr/opt/OSCX200/src/lib/X/XGeom.c
-r--r--r-- 3/4            3625 1994-03-02 15:28 ./usr/opt/OSCX200/src/lib/X/XGCMisc.c
-r--r--r-- 3/4            2389 1994-03-02 15:28 ./usr/opt/OSCX200/src/lib/X/XFreePix.c
-r--r--r-- 3/4            2645 1994-03-02 15:28 ./usr/opt/OSCX200/src/lib/X/XFreeGC.c
-r--r--r-- 3/4            2478 1994-03-02 15:28 ./usr/opt/OSCX200/src/lib/X/XFreeEData.c
-r--r--r-- 3/4            2382 1994-03-02 15:28 ./usr/opt/OSCX200/src/lib/X/XFreeCurs.c
-r--r--r-- 3/4            2990 1994-03-02 15:28 ./usr/opt/OSCX200/src/lib/X/XFreeCols.c
-r--r--r-- 3/4            2447 1994-03-02 15:28 ./usr/opt/OSCX200/src/lib/X/XFreeCmap.c
-r--r--r-- 3/4            4285 1994-03-02 15:28 ./usr/opt/OSCX200/src/lib/X/XFontNames.c
-r--r--r-- 3/4            8807 1994-03-02 15:28 ./usr/opt/OSCX200/src/lib/X/XFontInfo.c
-r--r--r-- 3/4            9090 1994-03-02 15:28 ./usr/opt/OSCX200/src/lib/X/XFont.c
-r--r--r-- 3/4            2392 1994-03-02 15:28 ./usr/opt/OSCX200/src/lib/X/XFlush.c
-r--r--r-- 3/4            3794 1994-03-02 15:28 ./usr/opt/OSCX200/src/lib/X/XFilterEv.c
-r--r--r-- 3/4            2873 1994-03-02 15:28 ./usr/opt/OSCX200/src/lib/X/XFillRects.c
-r--r--r-- 3/4            3721 1994-03-02 15:28 ./usr/opt/OSCX200/src/lib/X/XFillRect.c
-r--r--r-- 3/4            2891 1994-03-02 15:28 ./usr/opt/OSCX200/src/lib/X/XFillPoly.c
-r--r--r-- 3/4            2873 1994-03-02 15:28 ./usr/opt/OSCX200/src/lib/X/XFillArcs.c
-r--r--r-- 3/4            3704 1994-03-02 15:28 ./usr/opt/OSCX200/src/lib/X/XFillArc.c
-r--r--r-- 3/4            3789 1994-03-02 15:28 ./usr/opt/OSCX200/src/lib/X/XFetchName.c
-r--r--r-- 3/4            6756 1994-03-02 15:28 ./usr/opt/OSCX200/src/lib/X/XFSWrap.c
-r--r--r-- 3/4            2619 1994-03-02 15:28 ./usr/opt/OSCX200/src/lib/X/XFSSaver.c
-r--r--r-- 3/4           14834 1994-03-02 15:28 ./usr/opt/OSCX200/src/lib/X/XEvToWire.c
-r--r--r-- 3/4           14323 1993-07-12 15:54 ./usr/opt/OSCX200/src/lib/X/XErrorDB
-r--r--r-- 3/4            3291 1994-03-02 15:28 ./usr/opt/OSCX200/src/lib/X/XErrHndlr.c
-r--r--r-- 3/4            5844 1994-03-02 15:28 ./usr/opt/OSCX200/src/lib/X/XErrDes.c
-r--r--r-- 3/4            2874 1994-03-02 15:28 ./usr/opt/OSCX200/src/lib/X/XDrSegs.c
-r--r--r-- 3/4            2838 1994-03-02 15:28 ./usr/opt/OSCX200/src/lib/X/XDrRects.c
-r--r--r-- 3/4            3850 1994-03-02 15:28 ./usr/opt/OSCX200/src/lib/X/XDrRect.c
-r--r--r-- 3/4            3347 1994-03-02 15:28 ./usr/opt/OSCX200/src/lib/X/XDrPoints.c
-r--r--r-- 3/4            3611 1994-03-02 15:28 ./usr/opt/OSCX200/src/lib/X/XDrPoint.c
-r--r--r-- 3/4            2865 1994-03-02 15:28 ./usr/opt/OSCX200/src/lib/X/XDrLines.c
-r--r--r-- 3/4            3764 1994-03-02 15:28 ./usr/opt/OSCX200/src/lib/X/XDrLine.c
-r--r--r-- 3/4            2750 1994-03-02 15:28 ./usr/opt/OSCX200/src/lib/X/XDrArcs.c
-r--r--r-- 3/4            3426 1994-03-02 15:28 ./usr/opt/OSCX200/src/lib/X/XDrArc.c
-r--r--r-- 3/4            2367 1994-03-02 15:28 ./usr/opt/OSCX200/src/lib/X/XDestWind.c
-r--r--r-- 3/4            3042 1994-03-02 15:28 ./usr/opt/OSCX200/src/lib/X/XDisName.c
-r--r--r-- 3/4            2380 1994-03-02 15:28 ./usr/opt/OSCX200/src/lib/X/XDestSubs.c
-r--r--r-- 3/4            2457 1994-03-02 15:28 ./usr/opt/OSCX200/src/lib/X/XDelProp.c
-r--r--r-- 3/4            2554 1994-03-02 15:28 ./usr/opt/OSCX200/src/lib/X/XDefCursor.c
-r--r--r-- 3/4            2880 1994-03-02 15:28 ./usr/opt/OSCX200/src/lib/X/XCursor.c
-r--r--r-- 3/4            3305 1994-03-02 15:28 ./usr/opt/OSCX200/src/lib/X/XCrWindow.c
-r--r--r-- 3/4            2608 1994-03-02 15:28 ./usr/opt/OSCX200/src/lib/X/XCrPixmap.c
-r--r--r-- 3/4            3758 1994-03-02 15:28 ./usr/opt/OSCX200/src/lib/X/XCrPFBData.c
-r--r--r-- 3/4            3001 1994-03-02 15:28 ./usr/opt/OSCX200/src/lib/X/XCrGlCur.c
-r--r--r-- 3/4           12065 1994-03-02 15:28 ./usr/opt/OSCX200/src/lib/X/XCrGC.c
-r--r--r-- 3/4            2886 1994-03-02 15:28 ./usr/opt/OSCX200/src/lib/X/XCrCursor.c
-r--r--r-- 3/4            2684 1994-03-02 15:28 ./usr/opt/OSCX200/src/lib/X/XCrCmap.c
-r--r--r-- 3/4            3651 1994-03-02 15:28 ./usr/opt/OSCX200/src/lib/X/XCrBFData.c
-r--r--r-- 3/4            2901 1994-03-02 15:28 ./usr/opt/OSCX200/src/lib/X/XCopyPlane.c
-r--r--r-- 3/4            5006 1994-03-02 15:27 ./usr/opt/OSCX200/src/lib/X/XCopyGC.c
-r--r--r-- 3/4            2561 1994-03-02 15:27 ./usr/opt/OSCX200/src/lib/X/XCopyCmap.c
-r--r--r-- 3/4            2818 1994-03-02 15:27 ./usr/opt/OSCX200/src/lib/X/XCopyArea.c
-r--r--r-- 3/4            2615 1994-03-02 15:27 ./usr/opt/OSCX200/src/lib/X/XConvSel.c
-r--r--r-- 3/4           32992 1994-03-02 15:27 ./usr/opt/OSCX200/src/lib/X/XConnDis.c
-r--r--r-- 3/4            3049 1994-03-02 15:27 ./usr/opt/OSCX200/src/lib/X/XConfWind.c
-r--r--r-- 3/4            2596 1994-03-02 15:27 ./usr/opt/OSCX200/src/lib/X/XClearArea.c
-r--r--r-- 3/4            2520 1994-03-02 15:27 ./usr/opt/OSCX200/src/lib/X/XClear.c
-r--r--r-- 3/4            3247 1994-03-02 15:27 ./usr/opt/OSCX200/src/lib/X/XClDisplay.c
-r--r--r-- 3/4            2440 1994-03-02 15:27 ./usr/opt/OSCX200/src/lib/X/XCirWinUp.c
-r--r--r-- 3/4            2442 1994-03-02 15:27 ./usr/opt/OSCX200/src/lib/X/XCirWinDn.c
-r--r--r-- 3/4            2464 1994-03-02 15:27 ./usr/opt/OSCX200/src/lib/X/XCirWin.c
-r--r--r-- 3/4            3957 1994-03-02 15:27 ./usr/opt/OSCX200/src/lib/X/XChkWinEv.c
-r--r--r-- 3/4            3468 1994-03-02 15:27 ./usr/opt/OSCX200/src/lib/X/XChkTypWEv.c
-r--r--r-- 3/4            3369 1994-03-02 15:27 ./usr/opt/OSCX200/src/lib/X/XChkTypEv.c
-r--r--r-- 3/4            3867 1994-03-02 15:27 ./usr/opt/OSCX200/src/lib/X/XChkMaskEv.c
-r--r--r-- 3/4            3531 1994-03-02 15:27 ./usr/opt/OSCX200/src/lib/X/XChkIfEv.c
-r--r--r-- 3/4            2972 1994-03-02 15:27 ./usr/opt/OSCX200/src/lib/X/XChWindow.c
-r--r--r-- 3/4            2911 1994-03-02 15:27 ./usr/opt/OSCX200/src/lib/X/XChWAttrs.c
-r--r--r-- 3/4            2666 1994-03-02 15:27 ./usr/opt/OSCX200/src/lib/X/XChSaveSet.c
-r--r--r-- 3/4            4421 1994-03-02 15:27 ./usr/opt/OSCX200/src/lib/X/XChProp.c
-r--r--r-- 3/4            2694 1994-03-02 15:27 ./usr/opt/OSCX200/src/lib/X/XChPntCon.c
-r--r--r-- 3/4            2410 1994-03-02 15:27 ./usr/opt/OSCX200/src/lib/X/XChClMode.c
-r--r--r-- 3/4            3443 1994-03-02 15:27 ./usr/opt/OSCX200/src/lib/X/XChKeyCon.c
-r--r--r-- 3/4            2599 1994-03-02 15:27 ./usr/opt/OSCX200/src/lib/X/XChGC.c
-r--r--r-- 3/4            2565 1994-03-02 15:27 ./usr/opt/OSCX200/src/lib/X/XChCmap.c
-r--r--r-- 3/4            2546 1994-03-02 15:27 ./usr/opt/OSCX200/src/lib/X/XChActPGb.c
-r--r--r-- 3/4            2615 1994-03-02 15:27 ./usr/opt/OSCX200/src/lib/X/XChAccCon.c
-r--r--r-- 3/4            2562 1994-03-02 15:27 ./usr/opt/OSCX200/src/lib/X/XBorder.c
-r--r--r-- 3/4            2378 1994-03-02 15:27 ./usr/opt/OSCX200/src/lib/X/XBell.c
-r--r--r-- 3/4            2576 1994-03-02 15:27 ./usr/opt/OSCX200/src/lib/X/XBdrWidth.c
-r--r--r-- 3/4            2565 1994-03-02 15:27 ./usr/opt/OSCX200/src/lib/X/XBackgnd.c
-r--r--r-- 3/4            2525 1994-03-02 15:27 ./usr/opt/OSCX200/src/lib/X/XAutoRep.c
-r--r--r-- 3/4            2436 1994-03-02 15:27 ./usr/opt/OSCX200/src/lib/X/XAllowEv.c
-r--r--r-- 3/4            3414 1994-03-02 15:27 ./usr/opt/OSCX200/src/lib/X/XAllPlanes.c
-r--r--r-- 3/4            3449 1994-03-02 15:27 ./usr/opt/OSCX200/src/lib/X/XAllCells.c
-r--r--r-- 3/4            3328 1994-03-02 15:27 ./usr/opt/OSCX200/src/lib/X/Withdraw.c
-r--r--r-- 3/4            8160 1994-03-02 15:27 ./usr/opt/OSCX200/src/lib/X/WMGeom.c
-r--r--r-- 3/4            3751 1994-03-02 15:27 ./usr/opt/OSCX200/src/lib/X/UNDEFINED.c
-r--r--r-- 3/4            4061 1994-03-02 15:27 ./usr/opt/OSCX200/src/lib/X/TextToStr.c
-r--r--r-- 3/4            5491 1994-03-02 15:27 ./usr/opt/OSCX200/src/lib/X/TekHVCWpAj.c
-r--r--r-- 3/4            6729 1994-03-02 15:27 ./usr/opt/OSCX200/src/lib/X/TekHVCMxVs.c
-r--r--r-- 3/4            8655 1994-03-02 15:27 ./usr/opt/OSCX200/src/lib/X/TekHVCMxVC.c
-r--r--r-- 3/4            9702 1994-03-02 15:27 ./usr/opt/OSCX200/src/lib/X/TekHVCMxV.c
-r--r--r-- 3/4            9330 1994-03-02 15:27 ./usr/opt/OSCX200/src/lib/X/TekHVCMxC.c
-r--r--r-- 3/4            6866 1994-03-02 15:27 ./usr/opt/OSCX200/src/lib/X/TekHVCMnV.c
-r--r--r-- 3/4           10403 1994-03-02 15:27 ./usr/opt/OSCX200/src/lib/X/TekHVCGcVC.c
-r--r--r-- 3/4            8582 1994-03-02 15:27 ./usr/opt/OSCX200/src/lib/X/TekHVCGcV.c
-r--r--r-- 3/4            6340 1994-03-02 15:27 ./usr/opt/OSCX200/src/lib/X/TekHVCGcC.c
-r--r--r-- 3/4           16920 1994-03-02 15:27 ./usr/opt/OSCX200/src/lib/X/TekHVC.c
-r--r--r-- 3/4            3655 1994-03-02 15:27 ./usr/opt/OSCX200/src/lib/X/StrToText.c
-r--r--r-- 3/4            3182 1994-03-02 15:27 ./usr/opt/OSCX200/src/lib/X/SetWMProto.c
-r--r--r-- 3/4            3201 1994-03-02 15:27 ./usr/opt/OSCX200/src/lib/X/SetWMCMapW.c
-r--r--r-- 3/4            5265 1994-03-02 15:27 ./usr/opt/OSCX200/src/lib/X/SetWMProps.c
-r--r--r-- 3/4            3461 1994-03-02 15:27 ./usr/opt/OSCX200/src/lib/X/SetTxtProp.c
-r--r--r-- 3/4            4141 1994-03-02 15:27 ./usr/opt/OSCX200/src/lib/X/SetRGBCMap.c
-r--r--r-- 3/4            4334 1994-03-02 15:27 ./usr/opt/OSCX200/src/lib/X/SetNrmHint.c
-r--r--r-- 3/4            5822 1994-03-02 15:27 ./usr/opt/OSCX200/src/lib/X/ReconfWM.c
-r--r--r-- 3/4           10901 1994-03-02 15:27 ./usr/opt/OSCX200/src/lib/X/Quarks.c
-r--r--r-- 3/4            2968 1994-03-02 15:27 ./usr/opt/OSCX200/src/lib/X/PropAlloc.c
-r--r--r-- 3/4            2914 1994-03-02 15:27 ./usr/opt/OSCX200/src/lib/X/PixFormats.c
-r--r--r-- 3/4            7868 1994-03-02 15:27 ./usr/opt/OSCX200/src/lib/X/ParseCmd.c
-r--r--r-- 3/4            3450 1994-03-02 15:27 ./usr/opt/OSCX200/src/lib/X/MuteKeysym.h
-r--r--r-- 3/4           23448 1994-03-02 15:27 ./usr/opt/OSCX200/src/lib/X/Imakefile
-r--r--r-- 3/4            3431 1994-03-02 15:27 ./usr/opt/OSCX200/src/lib/X/Iconify.c
-r--r--r-- 3/4            3539 1994-03-02 15:27 ./usr/opt/OSCX200/src/lib/X/GetWMProto.c
-r--r--r-- 3/4            3578 1994-03-02 15:27 ./usr/opt/OSCX200/src/lib/X/GetWMCMapW.c
-r--r--r-- 3/4            3980 1994-03-02 15:27 ./usr/opt/OSCX200/src/lib/X/GetTxtProp.c
-r--r--r-- 3/4            5174 1994-03-02 15:27 ./usr/opt/OSCX200/src/lib/X/GetRGBCMap.c
-r--r--r-- 3/4            5135 1994-03-02 15:27 ./usr/opt/OSCX200/src/lib/X/GetNrmHint.c
-r--r--r-- 3/4            4823 1994-03-02 15:27 ./usr/opt/OSCX200/src/lib/X/GetGCVals.c
-r--r--r-- 3/4            2818 1994-03-02 15:27 ./usr/opt/OSCX200/src/lib/X/Depths.c
-r--r--r-- 3/4            8452 1994-03-02 15:27 ./usr/opt/OSCX200/src/lib/X/Context.c
-r--r--r-- 3/4           10820 1994-03-02 15:27 ./usr/opt/OSCX200/src/lib/X/CIExyY.c
-r--r--r-- 3/4           11486 1994-03-02 15:27 ./usr/opt/OSCX200/src/lib/X/CIEuvY.c
-r--r--r-- 3/4            6068 1994-03-02 15:27 ./usr/opt/OSCX200/src/lib/X/CIEXYZ.c
-r--r--r-- 3/4            4555 1994-03-02 15:27 ./usr/opt/OSCX200/src/lib/X/CIELuvWpAj.c
-r--r--r-- 3/4            8059 1994-03-02 15:27 ./usr/opt/OSCX200/src/lib/X/CIELuvMxLC.c
-r--r--r-- 3/4            2112 1994-03-02 15:29 ./usr/opt/OSCX200/src/lib/Imakefile
-r--r--r-- 3/4            8246 1994-03-02 15:27 ./usr/opt/OSCX200/src/lib/X/CIELuvMxL.c
-r--r--r-- 3/4            8015 1994-03-02 15:27 ./usr/opt/OSCX200/src/lib/X/CIELuvMxC.c
-r--r--r-- 3/4            8270 1994-03-02 15:27 ./usr/opt/OSCX200/src/lib/X/CIELuvMnL.c
-r--r--r-- 3/4            9016 1994-03-02 15:27 ./usr/opt/OSCX200/src/lib/X/CIELuvGcLC.c
-r--r--r-- 3/4            7284 1994-03-02 15:27 ./usr/opt/OSCX200/src/lib/X/CIELuvGcL.c
-r--r--r-- 3/4            5263 1994-03-02 15:27 ./usr/opt/OSCX200/src/lib/X/CIELuvGcC.c
-r--r--r-- 3/4           11007 1994-03-02 15:27 ./usr/opt/OSCX200/src/lib/X/CIELuv.c
-r--r--r-- 3/4            4371 1994-03-02 15:27 ./usr/opt/OSCX200/src/lib/X/CIELabWpAj.c
-r--r--r-- 3/4            8055 1994-03-02 15:27 ./usr/opt/OSCX200/src/lib/X/CIELabMxLC.c
-r--r--r-- 3/4            8234 1994-03-02 15:27 ./usr/opt/OSCX200/src/lib/X/CIELabMxL.c
-r--r--r-- 3/4            7949 1994-03-02 15:27 ./usr/opt/OSCX200/src/lib/X/CIELabMxC.c
-r--r--r-- 3/4            8270 1994-03-02 15:27 ./usr/opt/OSCX200/src/lib/X/CIELabMnL.c
-r--r--r-- 3/4            9024 1994-03-02 15:27 ./usr/opt/OSCX200/src/lib/X/CIELabGcLC.c
-r--r--r-- 3/4            7284 1994-03-02 15:27 ./usr/opt/OSCX200/src/lib/X/CIELabGcL.c
-r--r--r-- 3/4            5263 1994-03-02 15:27 ./usr/opt/OSCX200/src/lib/X/CIELabGcC.c
-r--r--r-- 3/4           11745 1994-03-02 15:27 ./usr/opt/OSCX200/src/lib/X/CIELab.c
-r--r--r-- 3/4           23679 1991-12-15 22:39 ./usr/opt/OSCX200/src/lib/CLX/translate.l
-r--r--r-- 3/4            2373 1991-12-15 22:39 ./usr/opt/OSCX200/src/lib/CLX/test/trapezoid.l
-r--r--r-- 3/4            5106 1991-12-15 22:39 ./usr/opt/OSCX200/src/lib/CLX/test/image.l
-r--r--r-- 3/4            2768 1991-12-15 22:39 ./usr/opt/OSCX200/src/lib/CLX/generalock.l
-r--r--r-- 3/4           44241 1991-12-15 22:39 ./usr/opt/OSCX200/src/lib/CLX/text.l
-r--r--r-- 3/4            5775 1994-03-02 15:27 ./usr/opt/OSCX200/src/lib/CLX/socket.c
-r--r--r-- 3/4            4502 1991-12-15 22:39 ./usr/opt/OSCX200/src/lib/CLX/sockcl.l
-r--r--r-- 3/4           25971 1991-12-15 22:39 ./usr/opt/OSCX200/src/lib/CLX/resource.l
-r--r--r-- 3/4           54928 1991-12-15 22:39 ./usr/opt/OSCX200/src/lib/CLX/requests.l
-r--r--r-- 3/4           21404 1991-12-15 22:39 ./usr/opt/OSCX200/src/lib/CLX/package.l
-r--r--r-- 3/4            4719 1994-03-02 15:27 ./usr/opt/OSCX200/src/lib/CLX/ms-patch.uu
-r--r--r-- 3/4            3251 1994-03-02 15:27 ./usr/opt/OSCX200/src/lib/CLX/excldep.c
-r--r--r-- 3/4            2111 1991-12-15 22:39 ./usr/opt/OSCX200/src/lib/CLX/exclREADME
-r--r--r-- 3/4            2077 1991-12-15 22:39 ./usr/opt/OSCX200/src/lib/CLX/demo/zoid.l
-r--r--r-- 3/4           32835 1991-12-15 22:39 ./usr/opt/OSCX200/src/lib/CLX/manager.l
-r--r--r-- 3/4           40276 1991-12-15 22:39 ./usr/opt/OSCX200/src/lib/CLX/macros.l
-r--r--r-- 3/4           16048 1991-12-15 22:39 ./usr/opt/OSCX200/src/lib/CLX/keysyms.l
-r--r--r-- 3/4           73908 1991-12-15 22:39 ./usr/opt/OSCX200/src/lib/CLX/input.l
-r--r--r-- 3/4            7537 1991-12-15 22:39 ./usr/opt/OSCX200/src/lib/CLX/exclcmac.l
-r--r--r-- 3/4            2457 1991-12-15 22:39 ./usr/opt/OSCX200/src/lib/CLX/demo/hello.l
-r--r--r-- 3/4          102356 1991-12-15 22:39 ./usr/opt/OSCX200/src/lib/CLX/image.l
-r--r--r-- 3/4           16784 1991-12-15 22:39 ./usr/opt/OSCX200/src/lib/CLX/graphics.l
-r--r--r-- 3/4           41093 1991-12-15 22:39 ./usr/opt/OSCX200/src/lib/CLX/gcontext.l
-r--r--r-- 3/4           12547 1991-12-15 22:39 ./usr/opt/OSCX200/src/lib/CLX/fonts.l
-r--r--r-- 3/4            1657 1994-03-02 15:27 ./usr/opt/OSCX200/src/lib/Berk/Imakefile
-r--r--r-- 3/4           14622 1991-12-15 22:39 ./usr/opt/OSCX200/src/lib/CLX/excldep.l
-r--r--r-- 3/4            5220 1991-12-15 22:39 ./usr/opt/OSCX200/src/lib/CLX/exclMakefile
-r--r--r-- 3/4          139807 1991-12-15 22:39 ./usr/opt/OSCX200/src/lib/CLX/doc.l
-r--r--r-- 3/4           12203 1991-12-15 22:39 ./usr/opt/OSCX200/src/lib/CLX/demo/menu.l
-r--r--r-- 3/4            2161 1991-12-15 22:39 ./usr/opt/OSCX200/src/lib/CLX/debug/debug.l
-r--r--r-- 3/4           21125 1991-12-15 22:39 ./usr/opt/OSCX200/src/lib/CLX/display.l
-r--r--r-- 3/4          112142 1991-12-15 22:40 ./usr/opt/OSCX200/src/lib/CLX/dependent.l
-r--r--r-- 3/4           22044 1991-12-15 22:39 ./usr/opt/OSCX200/src/lib/CLX/depdefs.l
-r--r--r-- 3/4            2793 1991-12-15 22:39 ./usr/opt/OSCX200/src/lib/CLX/demo/beziertest.l
-r--r--r-- 3/4            2939 1994-03-02 15:27 ./usr/opt/OSCX200/src/lib/CLX/demo/README
-r--r--r-- 3/4            5160 1991-12-15 22:39 ./usr/opt/OSCX200/src/lib/CLX/debug/util.l
-r--r--r-- 3/4            3217 1994-03-02 15:27 ./usr/opt/OSCX200/src/lib/CLX/README
-r--r--r-- 3/4           17551 1991-12-15 22:40 ./usr/opt/OSCX200/src/lib/CLX/defsystem.l
-r--r--r-- 3/4           16255 1991-12-15 22:39 ./usr/opt/OSCX200/src/lib/CLX/debug/trace.l
-r--r--r-- 3/4            9848 1991-12-15 22:39 ./usr/opt/OSCX200/src/lib/CLX/debug/keytrans.l
-r--r--r-- 3/4            7166 1991-12-15 22:39 ./usr/opt/OSCX200/src/lib/CLX/debug/event-test.l
-r--r--r-- 3/4           25097 1991-12-15 22:39 ./usr/opt/OSCX200/src/lib/CLX/debug/describe.l
-r--r--r-- 3/4           34161 1991-12-15 22:39 ./usr/opt/OSCX200/src/lib/CLX/clx.l
-r--r--r-- 3/4            7175 1991-12-15 22:39 ./usr/opt/OSCX200/src/lib/CLX/bufmac.l
-r--r--r-- 3/4           23790 1991-12-15 22:39 ./usr/opt/OSCX200/src/lib/CLX/attributes.l
-r--r--r-- 3/4           13201 1991-12-15 22:40 ./usr/opt/OSCX200/src/lib/CLX/CHANGES
-r--r--r-- 3/4            5690 1994-03-02 15:27 ./usr/opt/OSCX200/src/lib/Berk/Berklib.c
-r--r--r-- 3/4           65111 1991-12-15 22:39 ./usr/opt/OSCX200/src/lib/CLX/buffer.l
