-r--r--r-- 3/4            3239 1994-03-02 16:03 ./usr/opt/OSCX200/src/util/scripts/xon.sh
-r--r--r-- 3/4            3694 1994-03-02 16:03 ./usr/opt/OSCX200/src/util/scripts/xon.man
-r--r--r-- 3/4            3021 1994-03-02 16:03 ./usr/opt/OSCX200/src/util/scripts/xmkmf.man
-r--r--r-- 3/4            1365 1993-04-13 21:48 ./usr/opt/OSCX200/src/util/scripts/xmkmf.cpp
-r--r--r-- 3/4            1734 1994-03-02 16:03 ./usr/opt/OSCX200/src/util/scripts/x11mf.sh
-r--r--r-- 3/4            2667 1994-03-02 16:03 ./usr/opt/OSCX200/src/util/scripts/syminst.sh
-r--r--r-- 3/4            2290 1994-03-02 16:03 ./usr/opt/OSCX200/src/util/scripts/mkdirhier.sh
-r--r--r-- 3/4            1776 1994-03-02 16:03 ./usr/opt/OSCX200/src/util/scripts/mkdirhier.man
-r--r--r-- 3/4            2689 1991-12-15 22:47 ./usr/opt/OSCX200/src/util/scripts/mergelib.cpp
-r--r--r-- 3/4            3845 1991-12-15 22:47 ./usr/opt/OSCX200/src/util/scripts/mdepend.cpp
-r--r--r-- 3/4            2055 1994-03-02 16:03 ./usr/opt/OSCX200/src/util/scripts/lninst.sh
-r--r--r-- 3/4            2919 1994-03-02 16:03 ./usr/opt/OSCX200/src/util/scripts/lndir.sh
-r--r--r-- 3/4            3276 1994-03-02 16:03 ./usr/opt/OSCX200/src/util/scripts/lndir.man
-r--r--r-- 3/4            3262 1994-03-02 16:03 ./usr/opt/OSCX200/src/util/scripts/install.sh
-r--r--r-- 3/4            2307 1994-03-02 16:03 ./usr/opt/OSCX200/src/util/scripts/fontprop.sh
-r--r--r-- 3/4            2729 1994-03-02 16:03 ./usr/opt/OSCX200/src/util/scripts/fontname.sh
-r--r--r-- 3/4            1488 1994-03-02 16:03 ./usr/opt/OSCX200/src/util/scripts/crayar.sh
-r--r--r-- 3/4            1892 1994-03-02 16:03 ./usr/opt/OSCX200/src/util/scripts/checkSysV.sh
-r--r--r-- 3/4            3297 1994-03-02 16:03 ./usr/opt/OSCX200/src/util/scripts/bsdinst.sh
-r--r--r-- 3/4            2518 1994-03-02 16:03 ./usr/opt/OSCX200/src/util/scripts/Imakefile
-r--r--r-- 3/4            6446 1994-03-02 16:03 ./usr/opt/OSCX200/src/util/progs/lndir.c
-r--r--r-- 3/4           45468 1991-12-15 22:48 ./usr/opt/OSCX200/src/util/progs/lndir
-r--r--r-- 3/4            1523 1994-03-02 16:03 ./usr/opt/OSCX200/src/util/patch/version.h
-r--r--r-- 3/4            1827 1994-03-02 16:03 ./usr/opt/OSCX200/src/util/patch/version.c
-r--r--r-- 3/4            3313 1994-03-02 16:03 ./usr/opt/OSCX200/src/util/patch/util.h
-r--r--r-- 3/4            8753 1994-03-02 16:03 ./usr/opt/OSCX200/src/util/patch/util.c
-r--r--r-- 3/4            2041 1994-03-02 16:03 ./usr/opt/OSCX200/src/util/patch/pch.h
-r--r--r-- 3/4           29111 1994-03-02 16:03 ./usr/opt/OSCX200/src/util/patch/pch.c
-r--r--r-- 3/4            1427 1994-03-02 16:03 ./usr/opt/OSCX200/src/util/patch/patchlevel.h
-r--r--r-- 3/4             238 1991-12-15 22:48 ./usr/opt/OSCX200/src/util/patch/myread
-r--r--r-- 3/4            1815 1994-03-02 16:03 ./usr/opt/OSCX200/src/util/patch/inp.h
-r--r--r-- 3/4               8 1991-12-15 22:48 ./usr/opt/OSCX200/src/util/compress/USERMEM
-r--r--r-- 3/4           15051 1994-03-02 16:03 ./usr/opt/OSCX200/src/util/patch/patch.man
-r--r--r-- 3/4           19054 1993-08-03 00:17 ./usr/opt/OSCX200/src/util/patch/patch.c
-r--r--r-- 3/4           13667 1994-03-02 16:03 ./usr/opt/OSCX200/src/util/patch/malloc.c
-r--r--r-- 3/4            9367 1994-03-02 16:03 ./usr/opt/OSCX200/src/util/patch/inp.c
-r--r--r-- 3/4             654 1991-12-15 22:48 ./usr/opt/OSCX200/src/util/patch/filexp
-r--r--r-- 3/4            4619 1991-12-15 22:48 ./usr/opt/OSCX200/src/util/patch/config.h.SH
-r--r--r-- 3/4             657 1991-12-15 22:48 ./usr/opt/OSCX200/src/util/patch/config.H
-r--r--r-- 3/4            5109 1994-03-02 16:03 ./usr/opt/OSCX200/src/util/patch/common.h
-r--r--r-- 3/4            4352 1994-03-02 16:03 ./usr/opt/OSCX200/src/util/patch/README
-r--r--r-- 3/4            3291 1994-03-02 16:03 ./usr/opt/OSCX200/src/util/patch/Makefile.SH
-r--r--r-- 3/4            1242 1991-12-15 22:48 ./usr/opt/OSCX200/src/util/patch/MANIFEST
-r--r--r-- 3/4            1578 1994-03-02 16:03 ./usr/opt/OSCX200/src/util/patch/INTERN.h
-r--r--r-- 3/4            1580 1994-03-02 16:03 ./usr/opt/OSCX200/src/util/patch/EXTERN.h
-r--r--r-- 3/4           30943 1991-12-15 22:48 ./usr/opt/OSCX200/src/util/patch/Configure
-r--r--r-- 3/4            1639 1994-03-02 16:03 ./usr/opt/OSCX200/src/util/misc/rt.stdarg.h
-r--r--r-- 3/4            2082 1994-03-02 16:03 ./usr/opt/OSCX200/src/util/misc/dlsym.c
-r--r--r-- 3/4            3093 1994-03-02 16:03 ./usr/opt/OSCX200/src/util/makedepend_local/Imakefile
-r--r--r-- 3/4            3722 1994-03-02 16:03 ./usr/opt/OSCX200/src/util/makedepend/pr.c
-r--r--r-- 3/4           11493 1994-03-02 16:03 ./usr/opt/OSCX200/src/util/makedepend/parse.c
-r--r--r-- 3/4            8253 1994-03-02 16:03 ./usr/opt/OSCX200/src/util/makedepend/mkdepend.man
-r--r--r-- 3/4           12664 1994-03-02 16:03 ./usr/opt/OSCX200/src/util/makedepend/main.c
-r--r--r-- 3/4            4231 1994-03-02 16:03 ./usr/opt/OSCX200/src/util/makedepend/def.h
-r--r--r-- 3/4            7066 1994-03-02 16:03 ./usr/opt/OSCX200/src/util/makedepend/include.c
-r--r--r-- 3/4            3072 1994-03-02 16:03 ./usr/opt/OSCX200/src/util/makedepend/cppsetup.c
-r--r--r-- 3/4            1400 1991-12-15 22:48 ./usr/opt/OSCX200/src/util/makedepend/cpp.ed
-r--r--r-- 3/4            3036 1994-03-02 16:03 ./usr/opt/OSCX200/src/util/makedepend/Imakefile
-r--r--r-- 3/4            2559 1994-03-02 16:03 ./usr/opt/OSCX200/src/util/loadables/ExternList.sh
-r--r--r-- 3/4            4158 1994-03-02 16:03 ./usr/opt/OSCX200/src/util/compress/usermem.sh
-r--r--r-- 3/4           37520 1994-03-02 16:03 ./usr/opt/OSCX200/src/util/compress/compress.c
-r--r--r-- 3/4            7535 1994-03-02 16:03 ./usr/opt/OSCX200/src/util/compress/compress.1
-r--r--r-- 3/4           12637 1994-03-02 16:03 ./usr/opt/OSCX200/src/util/compress/README
-r--r--r-- 3/4            1426 1994-03-02 16:03 ./usr/opt/OSCX200/src/util/checkfn/find.sh
-r--r--r-- 3/4            6633 1994-03-02 16:03 ./usr/opt/OSCX200/src/util/checkfn/checkfn.c
-r--r--r-- 3/4            1694 1994-03-02 16:03 ./usr/opt/OSCX200/src/util/checkfn/Imakefile
-r--r--r-- 3/4            1906 1991-12-15 22:48 ./usr/opt/OSCX200/src/util/att-nameserver/xdaemon.rc
-r--r--r-- 3/4           13108 1994-03-02 16:03 ./usr/opt/OSCX200/src/util/att-nameserver/xdaemon.c
-r--r--r-- 3/4           11151 1994-03-02 16:03 ./usr/opt/OSCX200/src/util/att-nameserver/starserver.c
-r--r--r-- 3/4            8225 1994-03-02 16:03 ./usr/opt/OSCX200/src/util/att-nameserver/osdep.h
-r--r--r-- 3/4           15226 1994-03-02 16:03 ./usr/opt/OSCX200/src/util/att-nameserver/itserver.c
-r--r--r-- 3/4            3812 1994-03-02 16:03 ./usr/opt/OSCX200/src/util/att-nameserver/Imakefile
-r--r--r-- 3/4            8978 1994-03-02 16:03 ./usr/opt/OSCX200/src/util/PEX/todis6.sed
-r--r--r-- 3/4            7472 1994-03-02 16:03 ./usr/opt/OSCX200/src/util/PEX/todis5.sed
-r--r--r-- 3/4            1857 1994-03-02 16:03 ./usr/opt/OSCX200/src/util/PEX/todis.sh
-r--r--r-- 3/4            1958 1994-03-02 16:03 ./usr/opt/OSCX200/src/util/Imakefile
-r--r--r-- 3/4            4782 1994-03-02 16:03 ./usr/opt/OSCX200/src/util/PEX/todis4.sed
-r--r--r-- 3/4            7076 1994-03-02 16:03 ./usr/opt/OSCX200/src/util/PEX/todis3.sed
-r--r--r-- 3/4            5705 1994-03-02 16:03 ./usr/opt/OSCX200/src/util/PEX/todis2.sed
-r--r--r-- 3/4            8398 1994-03-02 16:03 ./usr/opt/OSCX200/src/util/PEX/todis1.sed
-r--r--r-- 3/4           10108 1994-03-02 16:03 ./usr/opt/OSCX200/src/util/PEX/README
